2017-10-25 07:53:38 INFO  TestBase:189 - chrome browser
2017-10-25 07:53:38 INFO  TestBase:261 - creating object of chromeand URL of: http://demo.ripl.sourcepros.com/
2017-10-25 07:53:38 INFO  TestBase:178 - open url succssfully
2017-10-25 07:53:38 INFO  TestBase:180 - http://demo.ripl.sourcepros.com/
2017-10-25 07:53:38 INFO  TestBase:335 - excel path:D:\Java_Project\UIAutomation\resources\excel\TestData.xlsx
2017-10-25 07:53:38 INFO  VerifiyLoginWithDifferentRecords:59 - **********starting test**********
2017-10-25 07:53:39 INFO  VerifiyLoginWithDifferentRecords:63 - try to login with username:yogeshsolanki@rangam.com and passwordrangam@123
2017-10-25 07:53:39 INFO  LoginPage:49 - [[ChromeDriver: chrome on XP (cb874304db7874cced60baf5168d4e6d)] -> xpath: //input[@id='UserName']]
2017-10-25 07:53:39 INFO  LoginPage:57 - [[ChromeDriver: chrome on XP (cb874304db7874cced60baf5168d4e6d)] -> xpath: //input[@id='Password']]
2017-10-25 07:53:43 INFO  LoginPage:63 - jsb:SignIn button clicked[[ChromeDriver: chrome on XP (cb874304db7874cced60baf5168d4e6d)] -> xpath: //input[@id='btnsubmit']]
2017-10-25 07:53:43 INFO  LoginPage:65 - welcomestring:[[ChromeDriver: chrome on XP (cb874304db7874cced60baf5168d4e6d)] -> xpath: //*[@id='userProfile']/div[4]/a/span[1]]
2017-10-25 07:53:43 INFO  TestBase:299 - element is present:[[ChromeDriver: chrome on XP (cb874304db7874cced60baf5168d4e6d)] -> xpath: //*[@id='userProfile']/div[4]/a/span[1]]
2017-10-25 07:53:43 INFO  VerifiyLoginWithDifferentRecords:67 - LoginSuccessStatus:true
2017-10-25 07:53:43 INFO  LoginPage:99 - [[ChromeDriver: chrome on XP (cb874304db7874cced60baf5168d4e6d)] -> xpath: //a[contains(text(),'Logout')]]
2017-10-25 07:53:43 INFO  LoginPage:100 - Logout
2017-10-25 07:53:43 INFO  LoginPage:108 - Login button display:[[ChromeDriver: chrome on XP (cb874304db7874cced60baf5168d4e6d)] -> xpath: /html/body/div[1]/a/img]
2017-10-25 07:53:43 INFO  TestBase:299 - element is present:[[ChromeDriver: chrome on XP (cb874304db7874cced60baf5168d4e6d)] -> xpath: /html/body/div[1]/a/img]
2017-10-25 07:53:43 INFO  VerifiyLoginWithDifferentRecords:75 - Login functionality working fine
2017-10-25 07:53:43 INFO  VerifiyLoginWithDifferentRecords:76 - **********finish test************
2017-10-25 07:53:44 INFO  TestBase:26 - D:\Java_Project\UIAutomation\Output\SUCCESS_verifiyLoginWithDifferentRecords_25_10_2017_07_53_43.png
2017-10-25 07:53:44 INFO  TestBase:35 - image pathD:\Java_Project\UIAutomation\Output\SUCCESS_verifiyLoginWithDifferentRecords_25_10_2017_07_53_43.png
2017-10-25 07:53:44 INFO  TestBase:36 - Take screenshot completed
2017-10-25 07:53:44 INFO  VerifiyLoginWithDifferentRecords:59 - **********starting test**********
2017-10-25 07:53:44 INFO  VerifiyLoginWithDifferentRecords:63 - try to login with username:xyz@rangam.com and passwordwtc@2017
2017-10-25 07:53:44 INFO  LoginPage:49 - [[ChromeDriver: chrome on XP (cb874304db7874cced60baf5168d4e6d)] -> xpath: //input[@id='UserName']]
2017-10-25 07:53:44 INFO  LoginPage:57 - [[ChromeDriver: chrome on XP (cb874304db7874cced60baf5168d4e6d)] -> xpath: //input[@id='Password']]
2017-10-25 07:53:44 INFO  LoginPage:63 - jsb:SignIn button clicked[[ChromeDriver: chrome on XP (cb874304db7874cced60baf5168d4e6d)] -> xpath: //input[@id='btnsubmit']]
2017-10-25 07:53:44 INFO  LoginPage:65 - welcomestring:Proxy element for: DefaultElementLocator 'By.xpath: //*[@id='userProfile']/div[4]/a/span[1]'
2017-10-25 07:53:59 INFO  TestBase:26 - D:\Java_Project\UIAutomation\Output\FAILURE_verifiyLoginWithDifferentRecords_25_10_2017_07_53_59.png
2017-10-25 07:53:59 INFO  TestBase:35 - image pathD:\Java_Project\UIAutomation\Output\FAILURE_verifiyLoginWithDifferentRecords_25_10_2017_07_53_59.png
2017-10-25 07:53:59 INFO  TestBase:36 - Take screenshot completed
2017-10-25 07:53:59 INFO  VerifiyLoginWithDifferentRecords:46 - verifiyLoginWithDifferentRecords method skipped
2017-10-25 07:54:00 INFO  TestBase:26 - D:\Java_Project\UIAutomation\Output\SKIPPED_verifiyLoginWithDifferentRecords_25_10_2017_07_53_59.png
2017-10-25 07:54:00 INFO  TestBase:35 - image pathD:\Java_Project\UIAutomation\Output\SKIPPED_verifiyLoginWithDifferentRecords_25_10_2017_07_53_59.png
2017-10-25 07:54:00 INFO  TestBase:36 - Take screenshot completed
2017-10-25 07:54:00 INFO  VerifiyLoginWithDifferentRecords:46 - verifiyLoginWithDifferentRecords method skipped
2017-10-25 07:54:00 INFO  TestBase:26 - D:\Java_Project\UIAutomation\Output\SKIPPED_verifiyLoginWithDifferentRecords_25_10_2017_07_54_00.png
2017-10-25 07:54:00 INFO  TestBase:35 - image pathD:\Java_Project\UIAutomation\Output\SKIPPED_verifiyLoginWithDifferentRecords_25_10_2017_07_54_00.png
2017-10-25 07:54:00 INFO  TestBase:36 - Take screenshot completed
2017-10-25 07:54:00 INFO  VerifiyLoginWithDifferentRecords:46 - verifiyLoginWithDifferentRecords method skipped
2017-10-25 07:54:01 INFO  TestBase:26 - D:\Java_Project\UIAutomation\Output\SKIPPED_verifiyLoginWithDifferentRecords_25_10_2017_07_54_00.png
2017-10-25 07:54:01 INFO  TestBase:35 - image pathD:\Java_Project\UIAutomation\Output\SKIPPED_verifiyLoginWithDifferentRecords_25_10_2017_07_54_00.png
2017-10-25 07:54:01 INFO  TestBase:36 - Take screenshot completed
2017-10-25 07:54:01 INFO  VerifiyLoginWithDifferentRecords:46 - verifiyLoginWithDifferentRecords method skipped
2017-10-25 07:54:01 INFO  TestBase:26 - D:\Java_Project\UIAutomation\Output\SKIPPED_verifiyLoginWithDifferentRecords_25_10_2017_07_54_01.png
2017-10-25 07:54:01 INFO  TestBase:35 - image pathD:\Java_Project\UIAutomation\Output\SKIPPED_verifiyLoginWithDifferentRecords_25_10_2017_07_54_01.png
2017-10-25 07:54:01 INFO  TestBase:36 - Take screenshot completed
2017-10-25 07:54:01 INFO  VerifiyLoginWithDifferentRecords:46 - verifiyLoginWithDifferentRecords method skipped
2017-10-25 07:54:01 INFO  TestBase:26 - D:\Java_Project\UIAutomation\Output\SKIPPED_verifiyLoginWithDifferentRecords_25_10_2017_07_54_01.png
2017-10-25 07:54:01 INFO  TestBase:35 - image pathD:\Java_Project\UIAutomation\Output\SKIPPED_verifiyLoginWithDifferentRecords_25_10_2017_07_54_01.png
2017-10-25 07:54:01 INFO  TestBase:36 - Take screenshot completed
2017-10-25 07:54:03 INFO  Listener:126 - mail moniter method called
2017-10-25 07:54:03 INFO  TestBase:428 - **********AfterSuite Close Browser**********
2017-11-12 23:28:02 INFO  TestBase:189 - chrome browser
2017-11-12 23:28:02 INFO  TestBase:261 - creating object of chromeand URL of: http://demo.ripl.sourcepros.com/
2017-11-12 23:28:02 INFO  TestBase:178 - open url succssfully
2017-11-12 23:28:02 INFO  TestBase:180 - http://demo.ripl.sourcepros.com/
2017-11-12 23:28:02 INFO  TestBase:335 - excel path:D:\Java_Project\UIAutomation\resources\excel\TestData.xlsx
2017-11-12 23:28:03 INFO  VerifiyLoginWithDifferentRecords:59 - **********starting test**********
2017-11-12 23:28:03 INFO  VerifiyLoginWithDifferentRecords:63 - try to login with username:yogeshsolanki@rangam.com and passwordrangam@123
2017-11-12 23:28:04 INFO  LoginPage:49 - [[ChromeDriver: chrome on XP (90674ccadd236d6eda67e2279595b934)] -> xpath: //input[@id='UserName']]
2017-11-12 23:28:04 INFO  LoginPage:57 - [[ChromeDriver: chrome on XP (90674ccadd236d6eda67e2279595b934)] -> xpath: //input[@id='Password']]
2017-11-12 23:28:08 INFO  LoginPage:63 - jsb:SignIn button clicked[[ChromeDriver: chrome on XP (90674ccadd236d6eda67e2279595b934)] -> xpath: //input[@id='btnsubmit']]
2017-11-12 23:28:08 INFO  LoginPage:65 - welcomestring:[[ChromeDriver: chrome on XP (90674ccadd236d6eda67e2279595b934)] -> xpath: //*[@id='userProfile']/div[4]/a/span[1]]
2017-11-12 23:28:08 INFO  TestBase:299 - element is present:[[ChromeDriver: chrome on XP (90674ccadd236d6eda67e2279595b934)] -> xpath: //*[@id='userProfile']/div[4]/a/span[1]]
2017-11-12 23:28:08 INFO  VerifiyLoginWithDifferentRecords:67 - LoginSuccessStatus:true
2017-11-12 23:28:08 INFO  LoginPage:99 - [[ChromeDriver: chrome on XP (90674ccadd236d6eda67e2279595b934)] -> xpath: //a[contains(text(),'Logout')]]
2017-11-12 23:28:08 INFO  LoginPage:100 - Logout
2017-11-12 23:28:08 INFO  LoginPage:108 - Login button display:[[ChromeDriver: chrome on XP (90674ccadd236d6eda67e2279595b934)] -> xpath: /html/body/div[1]/a/img]
2017-11-12 23:28:08 INFO  TestBase:299 - element is present:[[ChromeDriver: chrome on XP (90674ccadd236d6eda67e2279595b934)] -> xpath: /html/body/div[1]/a/img]
2017-11-12 23:28:08 INFO  VerifiyLoginWithDifferentRecords:75 - Login functionality working fine
2017-11-12 23:28:08 INFO  VerifiyLoginWithDifferentRecords:76 - **********finish test************
2017-11-12 23:28:09 INFO  TestBase:26 - D:\Java_Project\UIAutomation\Output\SUCCESS_verifiyLoginWithDifferentRecords_12_11_2017_11_28_08.png
2017-11-12 23:28:09 INFO  TestBase:35 - image pathD:\Java_Project\UIAutomation\Output\SUCCESS_verifiyLoginWithDifferentRecords_12_11_2017_11_28_08.png
2017-11-12 23:28:09 INFO  TestBase:36 - Take screenshot completed
2017-11-12 23:28:09 INFO  VerifiyLoginWithDifferentRecords:59 - **********starting test**********
2017-11-12 23:28:09 INFO  VerifiyLoginWithDifferentRecords:63 - try to login with username:xyz@rangam.com and passwordwtc@2017
2017-11-12 23:28:09 INFO  LoginPage:49 - [[ChromeDriver: chrome on XP (90674ccadd236d6eda67e2279595b934)] -> xpath: //input[@id='UserName']]
2017-11-12 23:28:09 INFO  LoginPage:57 - [[ChromeDriver: chrome on XP (90674ccadd236d6eda67e2279595b934)] -> xpath: //input[@id='Password']]
2017-11-12 23:28:09 INFO  LoginPage:63 - jsb:SignIn button clicked[[ChromeDriver: chrome on XP (90674ccadd236d6eda67e2279595b934)] -> xpath: //input[@id='btnsubmit']]
2017-11-12 23:28:10 INFO  LoginPage:65 - welcomestring:Proxy element for: DefaultElementLocator 'By.xpath: //*[@id='userProfile']/div[4]/a/span[1]'
2017-11-12 23:28:24 INFO  TestBase:26 - D:\Java_Project\UIAutomation\Output\FAILURE_verifiyLoginWithDifferentRecords_12_11_2017_11_28_24.png
2017-11-12 23:28:24 INFO  TestBase:35 - image pathD:\Java_Project\UIAutomation\Output\FAILURE_verifiyLoginWithDifferentRecords_12_11_2017_11_28_24.png
2017-11-12 23:28:24 INFO  TestBase:36 - Take screenshot completed
2017-11-12 23:28:25 INFO  VerifiyLoginWithDifferentRecords:46 - verifiyLoginWithDifferentRecords method skipped
2017-11-12 23:28:25 INFO  TestBase:26 - D:\Java_Project\UIAutomation\Output\SKIPPED_verifiyLoginWithDifferentRecords_12_11_2017_11_28_25.png
2017-11-12 23:28:25 INFO  TestBase:35 - image pathD:\Java_Project\UIAutomation\Output\SKIPPED_verifiyLoginWithDifferentRecords_12_11_2017_11_28_25.png
2017-11-12 23:28:25 INFO  TestBase:36 - Take screenshot completed
2017-11-12 23:28:25 INFO  VerifiyLoginWithDifferentRecords:46 - verifiyLoginWithDifferentRecords method skipped
2017-11-12 23:28:25 INFO  TestBase:26 - D:\Java_Project\UIAutomation\Output\SKIPPED_verifiyLoginWithDifferentRecords_12_11_2017_11_28_25.png
2017-11-12 23:28:25 INFO  TestBase:35 - image pathD:\Java_Project\UIAutomation\Output\SKIPPED_verifiyLoginWithDifferentRecords_12_11_2017_11_28_25.png
2017-11-12 23:28:25 INFO  TestBase:36 - Take screenshot completed
2017-11-12 23:28:25 INFO  VerifiyLoginWithDifferentRecords:46 - verifiyLoginWithDifferentRecords method skipped
2017-11-12 23:28:26 INFO  TestBase:26 - D:\Java_Project\UIAutomation\Output\SKIPPED_verifiyLoginWithDifferentRecords_12_11_2017_11_28_25.png
2017-11-12 23:28:26 INFO  TestBase:35 - image pathD:\Java_Project\UIAutomation\Output\SKIPPED_verifiyLoginWithDifferentRecords_12_11_2017_11_28_25.png
2017-11-12 23:28:26 INFO  TestBase:36 - Take screenshot completed
2017-11-12 23:28:26 INFO  VerifiyLoginWithDifferentRecords:46 - verifiyLoginWithDifferentRecords method skipped
2017-11-12 23:28:26 INFO  TestBase:26 - D:\Java_Project\UIAutomation\Output\SKIPPED_verifiyLoginWithDifferentRecords_12_11_2017_11_28_26.png
2017-11-12 23:28:26 INFO  TestBase:35 - image pathD:\Java_Project\UIAutomation\Output\SKIPPED_verifiyLoginWithDifferentRecords_12_11_2017_11_28_26.png
2017-11-12 23:28:26 INFO  TestBase:36 - Take screenshot completed
2017-11-12 23:28:26 INFO  VerifiyLoginWithDifferentRecords:46 - verifiyLoginWithDifferentRecords method skipped
2017-11-12 23:28:27 INFO  TestBase:26 - D:\Java_Project\UIAutomation\Output\SKIPPED_verifiyLoginWithDifferentRecords_12_11_2017_11_28_26.png
2017-11-12 23:28:27 INFO  TestBase:35 - image pathD:\Java_Project\UIAutomation\Output\SKIPPED_verifiyLoginWithDifferentRecords_12_11_2017_11_28_26.png
2017-11-12 23:28:27 INFO  TestBase:36 - Take screenshot completed
2017-11-12 23:28:28 INFO  Listener:126 - mail moniter method called
2017-11-12 23:28:28 INFO  TestBase:427 - **********AfterSuite Close Browser**********
2017-11-13 06:54:58 INFO  TestBase:189 - chrome browser
2017-11-13 06:54:58 INFO  TestBase:261 - creating object of chromeand URL of: http://demo.ripl.sourcepros.com/
2017-11-13 06:54:58 INFO  TestBase:178 - open url succssfully
2017-11-13 06:54:58 INFO  TestBase:180 - http://demo.ripl.sourcepros.com/
2017-11-13 06:54:58 INFO  TestBase:335 - excel path:D:\Java_Project\UIAutomation\resources\excel\TestData.xlsx
2017-11-13 06:54:59 INFO  NewRequirementTest:47 - verifiy Login With Different Records method skipped
2017-11-13 06:54:59 INFO  NewRequirementTest:56 - **********starting login test**********
2017-11-13 06:59:19 INFO  LoginPage:49 - [[ChromeDriver: chrome on XP (762c01f7570456a99cd5ec583f040dd4)] -> xpath: //input[@id='UserName']]
2017-11-13 07:02:20 INFO  LoginPage:57 - [[ChromeDriver: chrome on XP (762c01f7570456a99cd5ec583f040dd4)] -> xpath: //input[@id='Password']]
2017-11-13 07:05:32 INFO  LoginPage:63 - jsb:SignIn button clicked[[ChromeDriver: chrome on XP (762c01f7570456a99cd5ec583f040dd4)] -> xpath: //input[@id='btnsubmit']]
2017-11-13 07:05:33 INFO  LoginPage:65 - welcomestring:[[ChromeDriver: chrome on XP (762c01f7570456a99cd5ec583f040dd4)] -> xpath: //*[@id='userProfile']/div[4]/a/span[1]]
2017-11-13 07:05:36 INFO  TestBase:299 - element is present:[[ChromeDriver: chrome on XP (762c01f7570456a99cd5ec583f040dd4)] -> xpath: //*[@id='userProfile']/div[4]/a/span[1]]
2017-11-13 07:05:44 INFO  NewRequirementTest:64 - Enter username and password
2017-11-13 07:12:35 INFO  TestBase:189 - chrome browser
2017-11-13 07:12:35 INFO  TestBase:261 - creating object of chromeand URL of: http://demo.sourcepros.com/
2017-11-13 07:12:35 INFO  TestBase:178 - open url succssfully
2017-11-13 07:12:35 INFO  TestBase:180 - http://demo.sourcepros.com/
2017-11-13 07:12:35 INFO  TestBase:335 - excel path:D:\Java_Project\UIAutomation\resources\excel\TestData.xlsx
2017-11-13 07:12:36 INFO  NewRequirementTest:47 - verifiy Login With Different Records method skipped
2017-11-13 07:12:36 INFO  NewRequirementTest:56 - **********starting login test**********
2017-11-13 07:12:36 INFO  LoginPage:49 - [[ChromeDriver: chrome on XP (1d70d1a0ea0953f2528374fcb8028fb2)] -> xpath: //input[@id='UserName']]
2017-11-13 07:12:36 INFO  LoginPage:57 - [[ChromeDriver: chrome on XP (1d70d1a0ea0953f2528374fcb8028fb2)] -> xpath: //input[@id='Password']]
2017-11-13 07:12:37 INFO  LoginPage:63 - jsb:SignIn button clicked[[ChromeDriver: chrome on XP (1d70d1a0ea0953f2528374fcb8028fb2)] -> xpath: //input[@id='btnsubmit']]
2017-11-13 07:12:37 INFO  LoginPage:65 - welcomestring:Proxy element for: DefaultElementLocator 'By.xpath: //*[@id='userProfile']/div[4]/a/span[1]'
2017-11-13 07:13:57 INFO  NewRequirementTest:69 - chrome not reachable
  (Session info: chrome=61.0.3163.100)
  (Driver info: chromedriver=2.29.461591 (62ebf098771772160f391d75e589dc567915b233),platform=Windows NT 6.1.7601 SP1 x86_64) (WARNING: The server did not provide any stacktrace information)
Command duration or timeout: 0 milliseconds
Build info: version: '3.5.3', revision: 'a88d25fe6b', time: '2017-08-29T12:42:44.417Z'
System info: host: 'RIPLBRD50', ip: '192.168.1.169', os.name: 'Windows 7', os.arch: 'amd64', os.version: '6.1', java.version: '1.8.0_111'
Driver info: org.openqa.selenium.chrome.ChromeDriver
Capabilities [{applicationCacheEnabled=false, rotatable=false, mobileEmulationEnabled=false, networkConnectionEnabled=false, chrome={chromedriverVersion=2.29.461591 (62ebf098771772160f391d75e589dc567915b233), userDataDir=C:\Users\YOGESH~1\AppData\Local\Temp\scoped_dir7224_24769}, takesHeapSnapshot=true, pageLoadStrategy=normal, unhandledPromptBehavior=, databaseEnabled=false, handlesAlerts=true, hasTouchScreen=false, version=61.0.3163.100, platform=XP, browserConnectionEnabled=false, nativeEvents=true, acceptSslCerts=true, locationContextEnabled=true, webStorageEnabled=true, browserName=chrome, takesScreenshot=true, javascriptEnabled=true, platformName=XP, cssSelectorsEnabled=true, unexpectedAlertBehaviour=}]
Session ID: 1d70d1a0ea0953f2528374fcb8028fb2
*** Element info: {Using=xpath, value=//*[@id='userProfile']/div[4]/a/span[1]}
2017-11-13 07:14:01 INFO  ElementLoad:95 - chrome not reachable
  (Session info: chrome=61.0.3163.100)
  (Driver info: chromedriver=2.29.461591 (62ebf098771772160f391d75e589dc567915b233),platform=Windows NT 6.1.7601 SP1 x86_64) (WARNING: The server did not provide any stacktrace information)
Command duration or timeout: 0 milliseconds
Build info: version: '3.5.3', revision: 'a88d25fe6b', time: '2017-08-29T12:42:44.417Z'
System info: host: 'RIPLBRD50', ip: '192.168.1.169', os.name: 'Windows 7', os.arch: 'amd64', os.version: '6.1', java.version: '1.8.0_111'
Driver info: org.openqa.selenium.chrome.ChromeDriver
Capabilities [{applicationCacheEnabled=false, rotatable=false, mobileEmulationEnabled=false, networkConnectionEnabled=false, chrome={chromedriverVersion=2.29.461591 (62ebf098771772160f391d75e589dc567915b233), userDataDir=C:\Users\YOGESH~1\AppData\Local\Temp\scoped_dir7224_24769}, takesHeapSnapshot=true, pageLoadStrategy=normal, unhandledPromptBehavior=, databaseEnabled=false, handlesAlerts=true, hasTouchScreen=false, version=61.0.3163.100, platform=XP, browserConnectionEnabled=false, nativeEvents=true, acceptSslCerts=true, locationContextEnabled=true, webStorageEnabled=true, browserName=chrome, takesScreenshot=true, javascriptEnabled=true, platformName=XP, cssSelectorsEnabled=true, unexpectedAlertBehaviour=}]
Session ID: 1d70d1a0ea0953f2528374fcb8028fb2
*** Element info: {Using=xpath, value=//*[@id="header"]/div/div/ul/li/a}
2017-11-13 07:14:05 INFO  ElementLoad:95 - chrome not reachable
  (Session info: chrome=61.0.3163.100)
  (Driver info: chromedriver=2.29.461591 (62ebf098771772160f391d75e589dc567915b233),platform=Windows NT 6.1.7601 SP1 x86_64) (WARNING: The server did not provide any stacktrace information)
Command duration or timeout: 0 milliseconds
Build info: version: '3.5.3', revision: 'a88d25fe6b', time: '2017-08-29T12:42:44.417Z'
System info: host: 'RIPLBRD50', ip: '192.168.1.169', os.name: 'Windows 7', os.arch: 'amd64', os.version: '6.1', java.version: '1.8.0_111'
Driver info: org.openqa.selenium.chrome.ChromeDriver
Capabilities [{applicationCacheEnabled=false, rotatable=false, mobileEmulationEnabled=false, networkConnectionEnabled=false, chrome={chromedriverVersion=2.29.461591 (62ebf098771772160f391d75e589dc567915b233), userDataDir=C:\Users\YOGESH~1\AppData\Local\Temp\scoped_dir7224_24769}, takesHeapSnapshot=true, pageLoadStrategy=normal, unhandledPromptBehavior=, databaseEnabled=false, handlesAlerts=true, hasTouchScreen=false, version=61.0.3163.100, platform=XP, browserConnectionEnabled=false, nativeEvents=true, acceptSslCerts=true, locationContextEnabled=true, webStorageEnabled=true, browserName=chrome, takesScreenshot=true, javascriptEnabled=true, platformName=XP, cssSelectorsEnabled=true, unexpectedAlertBehaviour=}]
Session ID: 1d70d1a0ea0953f2528374fcb8028fb2
*** Element info: {Using=xpath, value=//*[@id="header"]/div/div/ul/li/ul/li/a}
2017-11-13 07:14:05 INFO  TestBase:335 - excel path:D:\Java_Project\UIAutomation\resources\excel\TestData.xlsx
2017-11-13 07:14:09 INFO  ElementLoad:47 - chrome not reachable
  (Session info: chrome=61.0.3163.100)
  (Driver info: chromedriver=2.29.461591 (62ebf098771772160f391d75e589dc567915b233),platform=Windows NT 6.1.7601 SP1 x86_64) (WARNING: The server did not provide any stacktrace information)
Command duration or timeout: 0 milliseconds
Build info: version: '3.5.3', revision: 'a88d25fe6b', time: '2017-08-29T12:42:44.417Z'
System info: host: 'RIPLBRD50', ip: '192.168.1.169', os.name: 'Windows 7', os.arch: 'amd64', os.version: '6.1', java.version: '1.8.0_111'
Driver info: org.openqa.selenium.chrome.ChromeDriver
Capabilities [{applicationCacheEnabled=false, rotatable=false, mobileEmulationEnabled=false, networkConnectionEnabled=false, chrome={chromedriverVersion=2.29.461591 (62ebf098771772160f391d75e589dc567915b233), userDataDir=C:\Users\YOGESH~1\AppData\Local\Temp\scoped_dir7224_24769}, takesHeapSnapshot=true, pageLoadStrategy=normal, unhandledPromptBehavior=, databaseEnabled=false, handlesAlerts=true, hasTouchScreen=false, version=61.0.3163.100, platform=XP, browserConnectionEnabled=false, nativeEvents=true, acceptSslCerts=true, locationContextEnabled=true, webStorageEnabled=true, browserName=chrome, takesScreenshot=true, javascriptEnabled=true, platformName=XP, cssSelectorsEnabled=true, unexpectedAlertBehaviour=}]
Session ID: 1d70d1a0ea0953f2528374fcb8028fb2
*** Element info: {Using=xpath, value=//INPUT[@id='ClientJobCode']}
2017-11-13 07:14:09 INFO  NewRequirement:149 - 
2017-11-13 07:14:13 INFO  ElementLoad:47 - chrome not reachable
  (Session info: chrome=61.0.3163.100)
  (Driver info: chromedriver=2.29.461591 (62ebf098771772160f391d75e589dc567915b233),platform=Windows NT 6.1.7601 SP1 x86_64) (WARNING: The server did not provide any stacktrace information)
Command duration or timeout: 0 milliseconds
Build info: version: '3.5.3', revision: 'a88d25fe6b', time: '2017-08-29T12:42:44.417Z'
System info: host: 'RIPLBRD50', ip: '192.168.1.169', os.name: 'Windows 7', os.arch: 'amd64', os.version: '6.1', java.version: '1.8.0_111'
Driver info: org.openqa.selenium.chrome.ChromeDriver
Capabilities [{applicationCacheEnabled=false, rotatable=false, mobileEmulationEnabled=false, networkConnectionEnabled=false, chrome={chromedriverVersion=2.29.461591 (62ebf098771772160f391d75e589dc567915b233), userDataDir=C:\Users\YOGESH~1\AppData\Local\Temp\scoped_dir7224_24769}, takesHeapSnapshot=true, pageLoadStrategy=normal, unhandledPromptBehavior=, databaseEnabled=false, handlesAlerts=true, hasTouchScreen=false, version=61.0.3163.100, platform=XP, browserConnectionEnabled=false, nativeEvents=true, acceptSslCerts=true, locationContextEnabled=true, webStorageEnabled=true, browserName=chrome, takesScreenshot=true, javascriptEnabled=true, platformName=XP, cssSelectorsEnabled=true, unexpectedAlertBehaviour=}]
Session ID: 1d70d1a0ea0953f2528374fcb8028fb2
*** Element info: {Using=xpath, value=//INPUT[@id='Address1']}
2017-11-13 07:14:13 INFO  NewRequirement:280 - 
2017-11-13 07:14:17 INFO  ElementLoad:47 - chrome not reachable
  (Session info: chrome=61.0.3163.100)
  (Driver info: chromedriver=2.29.461591 (62ebf098771772160f391d75e589dc567915b233),platform=Windows NT 6.1.7601 SP1 x86_64) (WARNING: The server did not provide any stacktrace information)
Command duration or timeout: 0 milliseconds
Build info: version: '3.5.3', revision: 'a88d25fe6b', time: '2017-08-29T12:42:44.417Z'
System info: host: 'RIPLBRD50', ip: '192.168.1.169', os.name: 'Windows 7', os.arch: 'amd64', os.version: '6.1', java.version: '1.8.0_111'
Driver info: org.openqa.selenium.chrome.ChromeDriver
Capabilities [{applicationCacheEnabled=false, rotatable=false, mobileEmulationEnabled=false, networkConnectionEnabled=false, chrome={chromedriverVersion=2.29.461591 (62ebf098771772160f391d75e589dc567915b233), userDataDir=C:\Users\YOGESH~1\AppData\Local\Temp\scoped_dir7224_24769}, takesHeapSnapshot=true, pageLoadStrategy=normal, unhandledPromptBehavior=, databaseEnabled=false, handlesAlerts=true, hasTouchScreen=false, version=61.0.3163.100, platform=XP, browserConnectionEnabled=false, nativeEvents=true, acceptSslCerts=true, locationContextEnabled=true, webStorageEnabled=true, browserName=chrome, takesScreenshot=true, javascriptEnabled=true, platformName=XP, cssSelectorsEnabled=true, unexpectedAlertBehaviour=}]
Session ID: 1d70d1a0ea0953f2528374fcb8028fb2
*** Element info: {Using=xpath, value=//select[@id='drpsReqManager']}
2017-11-13 07:14:17 INFO  NewRequirement:296 - 
2017-11-13 07:14:21 INFO  ElementLoad:47 - chrome not reachable
  (Session info: chrome=61.0.3163.100)
  (Driver info: chromedriver=2.29.461591 (62ebf098771772160f391d75e589dc567915b233),platform=Windows NT 6.1.7601 SP1 x86_64) (WARNING: The server did not provide any stacktrace information)
Command duration or timeout: 0 milliseconds
Build info: version: '3.5.3', revision: 'a88d25fe6b', time: '2017-08-29T12:42:44.417Z'
System info: host: 'RIPLBRD50', ip: '192.168.1.169', os.name: 'Windows 7', os.arch: 'amd64', os.version: '6.1', java.version: '1.8.0_111'
Driver info: org.openqa.selenium.chrome.ChromeDriver
Capabilities [{applicationCacheEnabled=false, rotatable=false, mobileEmulationEnabled=false, networkConnectionEnabled=false, chrome={chromedriverVersion=2.29.461591 (62ebf098771772160f391d75e589dc567915b233), userDataDir=C:\Users\YOGESH~1\AppData\Local\Temp\scoped_dir7224_24769}, takesHeapSnapshot=true, pageLoadStrategy=normal, unhandledPromptBehavior=, databaseEnabled=false, handlesAlerts=true, hasTouchScreen=false, version=61.0.3163.100, platform=XP, browserConnectionEnabled=false, nativeEvents=true, acceptSslCerts=true, locationContextEnabled=true, webStorageEnabled=true, browserName=chrome, takesScreenshot=true, javascriptEnabled=true, platformName=XP, cssSelectorsEnabled=true, unexpectedAlertBehaviour=}]
Session ID: 1d70d1a0ea0953f2528374fcb8028fb2
*** Element info: {Using=xpath, value=//INPUT[@id='IsRCApproved']}
2017-11-13 07:14:21 INFO  NewRequirement:334 - 
2017-11-13 07:14:25 INFO  ElementLoad:47 - chrome not reachable
  (Session info: chrome=61.0.3163.100)
  (Driver info: chromedriver=2.29.461591 (62ebf098771772160f391d75e589dc567915b233),platform=Windows NT 6.1.7601 SP1 x86_64) (WARNING: The server did not provide any stacktrace information)
Command duration or timeout: 0 milliseconds
Build info: version: '3.5.3', revision: 'a88d25fe6b', time: '2017-08-29T12:42:44.417Z'
System info: host: 'RIPLBRD50', ip: '192.168.1.169', os.name: 'Windows 7', os.arch: 'amd64', os.version: '6.1', java.version: '1.8.0_111'
Driver info: org.openqa.selenium.chrome.ChromeDriver
Capabilities [{applicationCacheEnabled=false, rotatable=false, mobileEmulationEnabled=false, networkConnectionEnabled=false, chrome={chromedriverVersion=2.29.461591 (62ebf098771772160f391d75e589dc567915b233), userDataDir=C:\Users\YOGESH~1\AppData\Local\Temp\scoped_dir7224_24769}, takesHeapSnapshot=true, pageLoadStrategy=normal, unhandledPromptBehavior=, databaseEnabled=false, handlesAlerts=true, hasTouchScreen=false, version=61.0.3163.100, platform=XP, browserConnectionEnabled=false, nativeEvents=true, acceptSslCerts=true, locationContextEnabled=true, webStorageEnabled=true, browserName=chrome, takesScreenshot=true, javascriptEnabled=true, platformName=XP, cssSelectorsEnabled=true, unexpectedAlertBehaviour=}]
Session ID: 1d70d1a0ea0953f2528374fcb8028fb2
*** Element info: {Using=xpath, value=//select[@id='drpcategory']}
2017-11-13 07:14:25 INFO  NewRequirement:401 - 
2017-11-13 07:14:29 INFO  ElementLoad:47 - chrome not reachable
  (Session info: chrome=61.0.3163.100)
  (Driver info: chromedriver=2.29.461591 (62ebf098771772160f391d75e589dc567915b233),platform=Windows NT 6.1.7601 SP1 x86_64) (WARNING: The server did not provide any stacktrace information)
Command duration or timeout: 0 milliseconds
Build info: version: '3.5.3', revision: 'a88d25fe6b', time: '2017-08-29T12:42:44.417Z'
System info: host: 'RIPLBRD50', ip: '192.168.1.169', os.name: 'Windows 7', os.arch: 'amd64', os.version: '6.1', java.version: '1.8.0_111'
Driver info: org.openqa.selenium.chrome.ChromeDriver
Capabilities [{applicationCacheEnabled=false, rotatable=false, mobileEmulationEnabled=false, networkConnectionEnabled=false, chrome={chromedriverVersion=2.29.461591 (62ebf098771772160f391d75e589dc567915b233), userDataDir=C:\Users\YOGESH~1\AppData\Local\Temp\scoped_dir7224_24769}, takesHeapSnapshot=true, pageLoadStrategy=normal, unhandledPromptBehavior=, databaseEnabled=false, handlesAlerts=true, hasTouchScreen=false, version=61.0.3163.100, platform=XP, browserConnectionEnabled=false, nativeEvents=true, acceptSslCerts=true, locationContextEnabled=true, webStorageEnabled=true, browserName=chrome, takesScreenshot=true, javascriptEnabled=true, platformName=XP, cssSelectorsEnabled=true, unexpectedAlertBehaviour=}]
Session ID: 1d70d1a0ea0953f2528374fcb8028fb2
*** Element info: {Using=id, value=RequirementJobDescription_ifr}
2017-11-13 07:14:29 INFO  NewRequirement:463 - null value in entry: id=null
2017-11-13 07:14:33 INFO  ElementLoad:47 - chrome not reachable
  (Session info: chrome=61.0.3163.100)
  (Driver info: chromedriver=2.29.461591 (62ebf098771772160f391d75e589dc567915b233),platform=Windows NT 6.1.7601 SP1 x86_64) (WARNING: The server did not provide any stacktrace information)
Command duration or timeout: 0 milliseconds
Build info: version: '3.5.3', revision: 'a88d25fe6b', time: '2017-08-29T12:42:44.417Z'
System info: host: 'RIPLBRD50', ip: '192.168.1.169', os.name: 'Windows 7', os.arch: 'amd64', os.version: '6.1', java.version: '1.8.0_111'
Driver info: org.openqa.selenium.chrome.ChromeDriver
Capabilities [{applicationCacheEnabled=false, rotatable=false, mobileEmulationEnabled=false, networkConnectionEnabled=false, chrome={chromedriverVersion=2.29.461591 (62ebf098771772160f391d75e589dc567915b233), userDataDir=C:\Users\YOGESH~1\AppData\Local\Temp\scoped_dir7224_24769}, takesHeapSnapshot=true, pageLoadStrategy=normal, unhandledPromptBehavior=, databaseEnabled=false, handlesAlerts=true, hasTouchScreen=false, version=61.0.3163.100, platform=XP, browserConnectionEnabled=false, nativeEvents=true, acceptSslCerts=true, locationContextEnabled=true, webStorageEnabled=true, browserName=chrome, takesScreenshot=true, javascriptEnabled=true, platformName=XP, cssSelectorsEnabled=true, unexpectedAlertBehaviour=}]
Session ID: 1d70d1a0ea0953f2528374fcb8028fb2
*** Element info: {Using=xpath, value=//INPUT[@id='MandatorySkill1']}
2017-11-13 07:14:33 INFO  NewRequirement:433 - 
2017-11-13 07:14:33 INFO  NewRequirementTest:100 - RegisterDetailsTestData skipped methods
2017-11-13 07:14:33 INFO  NewRequirementTest:100 - RegisterDetailsTestData skipped methods
2017-11-13 07:14:33 INFO  NewRequirementTest:100 - RegisterDetailsTestData skipped methods
2017-11-13 07:14:33 INFO  NewRequirementTest:100 - RegisterDetailsTestData skipped methods
2017-11-13 07:14:33 INFO  NewRequirementTest:100 - RegisterDetailsTestData skipped methods
2017-11-13 07:14:33 INFO  NewRequirementTest:100 - RegisterDetailsTestData skipped methods
2017-11-13 07:14:33 INFO  NewRequirementTest:100 - RegisterDetailsTestData skipped methods
2017-11-13 07:14:33 INFO  NewRequirementTest:100 - RegisterDetailsTestData skipped methods
2017-11-13 07:14:33 INFO  NewRequirementTest:100 - RegisterDetailsTestData skipped methods
2017-11-13 07:14:37 INFO  NewRequirementTest:165 - chrome not reachable
  (Session info: chrome=61.0.3163.100)
  (Driver info: chromedriver=2.29.461591 (62ebf098771772160f391d75e589dc567915b233),platform=Windows NT 6.1.7601 SP1 x86_64) (WARNING: The server did not provide any stacktrace information)
Command duration or timeout: 0 milliseconds
Build info: version: '3.5.3', revision: 'a88d25fe6b', time: '2017-08-29T12:42:44.417Z'
System info: host: 'RIPLBRD50', ip: '192.168.1.169', os.name: 'Windows 7', os.arch: 'amd64', os.version: '6.1', java.version: '1.8.0_111'
Driver info: org.openqa.selenium.chrome.ChromeDriver
Capabilities [{applicationCacheEnabled=false, rotatable=false, mobileEmulationEnabled=false, networkConnectionEnabled=false, chrome={chromedriverVersion=2.29.461591 (62ebf098771772160f391d75e589dc567915b233), userDataDir=C:\Users\YOGESH~1\AppData\Local\Temp\scoped_dir7224_24769}, takesHeapSnapshot=true, pageLoadStrategy=normal, unhandledPromptBehavior=, databaseEnabled=false, handlesAlerts=true, hasTouchScreen=false, version=61.0.3163.100, platform=XP, browserConnectionEnabled=false, nativeEvents=true, acceptSslCerts=true, locationContextEnabled=true, webStorageEnabled=true, browserName=chrome, takesScreenshot=true, javascriptEnabled=true, platformName=XP, cssSelectorsEnabled=true, unexpectedAlertBehaviour=}]
Session ID: 1d70d1a0ea0953f2528374fcb8028fb2
*** Element info: {Using=xpath, value=//*[@id='userProfile']/div[3]/div[1]/span/a[2]}
2017-11-13 07:14:37 INFO  TestBase:427 - **********AfterSuite Close Browser**********
2017-11-13 07:16:06 INFO  TestBase:189 - chrome browser
2017-11-13 07:16:06 INFO  TestBase:261 - creating object of chromeand URL of: http://demo.sourcepros.com/
2017-11-13 07:16:06 INFO  TestBase:178 - open url succssfully
2017-11-13 07:16:06 INFO  TestBase:180 - http://demo.sourcepros.com/
2017-11-13 07:16:06 INFO  TestBase:335 - excel path:D:\Java_Project\UIAutomation\resources\excel\TestData.xlsx
2017-11-13 07:16:07 INFO  NewRequirementTest:56 - **********starting login test**********
2017-11-13 07:16:07 INFO  LoginPage:49 - [[ChromeDriver: chrome on XP (b5d0dd72f208a789a30230bc534542f3)] -> xpath: //input[@id='UserName']]
2017-11-13 07:16:07 INFO  LoginPage:57 - [[ChromeDriver: chrome on XP (b5d0dd72f208a789a30230bc534542f3)] -> xpath: //input[@id='Password']]
2017-11-13 07:16:12 INFO  LoginPage:63 - jsb:SignIn button clicked[[ChromeDriver: chrome on XP (b5d0dd72f208a789a30230bc534542f3)] -> xpath: //input[@id='btnsubmit']]
2017-11-13 07:16:12 INFO  LoginPage:65 - welcomestring:[[ChromeDriver: chrome on XP (b5d0dd72f208a789a30230bc534542f3)] -> xpath: //*[@id='userProfile']/div[4]/a/span[1]]
2017-11-13 07:16:12 INFO  TestBase:299 - element is present:[[ChromeDriver: chrome on XP (b5d0dd72f208a789a30230bc534542f3)] -> xpath: //*[@id='userProfile']/div[4]/a/span[1]]
2017-11-13 07:16:12 INFO  NewRequirementTest:64 - Enter username and password
2017-11-13 07:16:12 INFO  NewRequirementTest:47 - verifiy Login With Different Records method skipped
2017-11-13 07:16:12 INFO  ElementLoad:88 - [[[ChromeDriver: chrome on XP (b5d0dd72f208a789a30230bc534542f3)] -> xpath: //*[@id="header"]/div/div/ul/li/a], [[ChromeDriver: chrome on XP (b5d0dd72f208a789a30230bc534542f3)] -> xpath: //*[@id="header"]/div/div/ul/li/a], [[ChromeDriver: chrome on XP (b5d0dd72f208a789a30230bc534542f3)] -> xpath: //*[@id="header"]/div/div/ul/li/a], [[ChromeDriver: chrome on XP (b5d0dd72f208a789a30230bc534542f3)] -> xpath: //*[@id="header"]/div/div/ul/li/a], [[ChromeDriver: chrome on XP (b5d0dd72f208a789a30230bc534542f3)] -> xpath: //*[@id="header"]/div/div/ul/li/a], [[ChromeDriver: chrome on XP (b5d0dd72f208a789a30230bc534542f3)] -> xpath: //*[@id="header"]/div/div/ul/li/a], [[ChromeDriver: chrome on XP (b5d0dd72f208a789a30230bc534542f3)] -> xpath: //*[@id="header"]/div/div/ul/li/a], [[ChromeDriver: chrome on XP (b5d0dd72f208a789a30230bc534542f3)] -> xpath: //*[@id="header"]/div/div/ul/li/a], [[ChromeDriver: chrome on XP (b5d0dd72f208a789a30230bc534542f3)] -> xpath: //*[@id="header"]/div/div/ul/li/a], [[ChromeDriver: chrome on XP (b5d0dd72f208a789a30230bc534542f3)] -> xpath: //*[@id="header"]/div/div/ul/li/a], [[ChromeDriver: chrome on XP (b5d0dd72f208a789a30230bc534542f3)] -> xpath: //*[@id="header"]/div/div/ul/li/a], [[ChromeDriver: chrome on XP (b5d0dd72f208a789a30230bc534542f3)] -> xpath: //*[@id="header"]/div/div/ul/li/a], [[ChromeDriver: chrome on XP (b5d0dd72f208a789a30230bc534542f3)] -> xpath: //*[@id="header"]/div/div/ul/li/a], [[ChromeDriver: chrome on XP (b5d0dd72f208a789a30230bc534542f3)] -> xpath: //*[@id="header"]/div/div/ul/li/a], [[ChromeDriver: chrome on XP (b5d0dd72f208a789a30230bc534542f3)] -> xpath: //*[@id="header"]/div/div/ul/li/a], [[ChromeDriver: chrome on XP (b5d0dd72f208a789a30230bc534542f3)] -> xpath: //*[@id="header"]/div/div/ul/li/a], [[ChromeDriver: chrome on XP (b5d0dd72f208a789a30230bc534542f3)] -> xpath: //*[@id="header"]/div/div/ul/li/a]]
2017-11-13 07:16:12 INFO  ElementLoad:88 - [[[ChromeDriver: chrome on XP (b5d0dd72f208a789a30230bc534542f3)] -> xpath: //*[@id="header"]/div/div/ul/li/ul/li/a], [[ChromeDriver: chrome on XP (b5d0dd72f208a789a30230bc534542f3)] -> xpath: //*[@id="header"]/div/div/ul/li/ul/li/a], [[ChromeDriver: chrome on XP (b5d0dd72f208a789a30230bc534542f3)] -> xpath: //*[@id="header"]/div/div/ul/li/ul/li/a], [[ChromeDriver: chrome on XP (b5d0dd72f208a789a30230bc534542f3)] -> xpath: //*[@id="header"]/div/div/ul/li/ul/li/a], [[ChromeDriver: chrome on XP (b5d0dd72f208a789a30230bc534542f3)] -> xpath: //*[@id="header"]/div/div/ul/li/ul/li/a], [[ChromeDriver: chrome on XP (b5d0dd72f208a789a30230bc534542f3)] -> xpath: //*[@id="header"]/div/div/ul/li/ul/li/a], [[ChromeDriver: chrome on XP (b5d0dd72f208a789a30230bc534542f3)] -> xpath: //*[@id="header"]/div/div/ul/li/ul/li/a], [[ChromeDriver: chrome on XP (b5d0dd72f208a789a30230bc534542f3)] -> xpath: //*[@id="header"]/div/div/ul/li/ul/li/a], [[ChromeDriver: chrome on XP (b5d0dd72f208a789a30230bc534542f3)] -> xpath: //*[@id="header"]/div/div/ul/li/ul/li/a], [[ChromeDriver: chrome on XP (b5d0dd72f208a789a30230bc534542f3)] -> xpath: //*[@id="header"]/div/div/ul/li/ul/li/a], [[ChromeDriver: chrome on XP (b5d0dd72f208a789a30230bc534542f3)] -> xpath: //*[@id="header"]/div/div/ul/li/ul/li/a], [[ChromeDriver: chrome on XP (b5d0dd72f208a789a30230bc534542f3)] -> xpath: //*[@id="header"]/div/div/ul/li/ul/li/a], [[ChromeDriver: chrome on XP (b5d0dd72f208a789a30230bc534542f3)] -> xpath: //*[@id="header"]/div/div/ul/li/ul/li/a], [[ChromeDriver: chrome on XP (b5d0dd72f208a789a30230bc534542f3)] -> xpath: //*[@id="header"]/div/div/ul/li/ul/li/a], [[ChromeDriver: chrome on XP (b5d0dd72f208a789a30230bc534542f3)] -> xpath: //*[@id="header"]/div/div/ul/li/ul/li/a], [[ChromeDriver: chrome on XP (b5d0dd72f208a789a30230bc534542f3)] -> xpath: //*[@id="header"]/div/div/ul/li/ul/li/a], [[ChromeDriver: chrome on XP (b5d0dd72f208a789a30230bc534542f3)] -> xpath: //*[@id="header"]/div/div/ul/li/ul/li/a], [[ChromeDriver: chrome on XP (b5d0dd72f208a789a30230bc534542f3)] -> xpath: //*[@id="header"]/div/div/ul/li/ul/li/a], [[ChromeDriver: chrome on XP (b5d0dd72f208a789a30230bc534542f3)] -> xpath: //*[@id="header"]/div/div/ul/li/ul/li/a], [[ChromeDriver: chrome on XP (b5d0dd72f208a789a30230bc534542f3)] -> xpath: //*[@id="header"]/div/div/ul/li/ul/li/a], [[ChromeDriver: chrome on XP (b5d0dd72f208a789a30230bc534542f3)] -> xpath: //*[@id="header"]/div/div/ul/li/ul/li/a], [[ChromeDriver: chrome on XP (b5d0dd72f208a789a30230bc534542f3)] -> xpath: //*[@id="header"]/div/div/ul/li/ul/li/a], [[ChromeDriver: chrome on XP (b5d0dd72f208a789a30230bc534542f3)] -> xpath: //*[@id="header"]/div/div/ul/li/ul/li/a], [[ChromeDriver: chrome on XP (b5d0dd72f208a789a30230bc534542f3)] -> xpath: //*[@id="header"]/div/div/ul/li/ul/li/a], [[ChromeDriver: chrome on XP (b5d0dd72f208a789a30230bc534542f3)] -> xpath: //*[@id="header"]/div/div/ul/li/ul/li/a], [[ChromeDriver: chrome on XP (b5d0dd72f208a789a30230bc534542f3)] -> xpath: //*[@id="header"]/div/div/ul/li/ul/li/a], [[ChromeDriver: chrome on XP (b5d0dd72f208a789a30230bc534542f3)] -> xpath: //*[@id="header"]/div/div/ul/li/ul/li/a], [[ChromeDriver: chrome on XP (b5d0dd72f208a789a30230bc534542f3)] -> xpath: //*[@id="header"]/div/div/ul/li/ul/li/a], [[ChromeDriver: chrome on XP (b5d0dd72f208a789a30230bc534542f3)] -> xpath: //*[@id="header"]/div/div/ul/li/ul/li/a], [[ChromeDriver: chrome on XP (b5d0dd72f208a789a30230bc534542f3)] -> xpath: //*[@id="header"]/div/div/ul/li/ul/li/a], [[ChromeDriver: chrome on XP (b5d0dd72f208a789a30230bc534542f3)] -> xpath: //*[@id="header"]/div/div/ul/li/ul/li/a], [[ChromeDriver: chrome on XP (b5d0dd72f208a789a30230bc534542f3)] -> xpath: //*[@id="header"]/div/div/ul/li/ul/li/a], [[ChromeDriver: chrome on XP (b5d0dd72f208a789a30230bc534542f3)] -> xpath: //*[@id="header"]/div/div/ul/li/ul/li/a], [[ChromeDriver: chrome on XP (b5d0dd72f208a789a30230bc534542f3)] -> xpath: //*[@id="header"]/div/div/ul/li/ul/li/a], [[ChromeDriver: chrome on XP (b5d0dd72f208a789a30230bc534542f3)] -> xpath: //*[@id="header"]/div/div/ul/li/ul/li/a], [[ChromeDriver: chrome on XP (b5d0dd72f208a789a30230bc534542f3)] -> xpath: //*[@id="header"]/div/div/ul/li/ul/li/a], [[ChromeDriver: chrome on XP (b5d0dd72f208a789a30230bc534542f3)] -> xpath: //*[@id="header"]/div/div/ul/li/ul/li/a], [[ChromeDriver: chrome on XP (b5d0dd72f208a789a30230bc534542f3)] -> xpath: //*[@id="header"]/div/div/ul/li/ul/li/a], [[ChromeDriver: chrome on XP (b5d0dd72f208a789a30230bc534542f3)] -> xpath: //*[@id="header"]/div/div/ul/li/ul/li/a], [[ChromeDriver: chrome on XP (b5d0dd72f208a789a30230bc534542f3)] -> xpath: //*[@id="header"]/div/div/ul/li/ul/li/a], [[ChromeDriver: chrome on XP (b5d0dd72f208a789a30230bc534542f3)] -> xpath: //*[@id="header"]/div/div/ul/li/ul/li/a], [[ChromeDriver: chrome on XP (b5d0dd72f208a789a30230bc534542f3)] -> xpath: //*[@id="header"]/div/div/ul/li/ul/li/a]]
2017-11-13 07:16:12 INFO  HomePage:105 - AllHeaderMenuslinks:17
2017-11-13 07:16:12 INFO  HomePage:120 - subElement:
2017-11-13 07:16:12 INFO  HomePage:120 - subElement:
2017-11-13 07:16:12 INFO  HomePage:120 - subElement:
2017-11-13 07:16:13 INFO  HomePage:120 - subElement:
2017-11-13 07:16:13 INFO  HomePage:120 - subElement:
2017-11-13 07:16:13 INFO  HomePage:120 - subElement:
2017-11-13 07:16:13 INFO  HomePage:120 - subElement:
2017-11-13 07:16:13 INFO  HomePage:120 - subElement:Requirement List
2017-11-13 07:16:13 INFO  HomePage:120 - subElement:New Requirement
2017-11-13 07:16:15 INFO  TestBase:335 - excel path:D:\Java_Project\UIAutomation\resources\excel\TestData.xlsx
2017-11-13 07:16:15 INFO  NewRequirement:101 - job code entered in textbox
2017-11-13 07:16:15 INFO  NewRequirement:149 - no such element: Unable to locate element: {"method":"xpath","selector":".//*[@id='tabReqDetails']/div/div[1]/div[2]/div[2]/div/a"}
  (Session info: chrome=61.0.3163.100)
  (Driver info: chromedriver=2.29.461591 (62ebf098771772160f391d75e589dc567915b233),platform=Windows NT 6.1.7601 SP1 x86_64) (WARNING: The server did not provide any stacktrace information)
Command duration or timeout: 0 milliseconds
For documentation on this error, please visit: http://seleniumhq.org/exceptions/no_such_element.html
Build info: version: '3.5.3', revision: 'a88d25fe6b', time: '2017-08-29T12:42:44.417Z'
System info: host: 'RIPLBRD50', ip: '192.168.1.169', os.name: 'Windows 7', os.arch: 'amd64', os.version: '6.1', java.version: '1.8.0_111'
Driver info: org.openqa.selenium.chrome.ChromeDriver
Capabilities [{applicationCacheEnabled=false, rotatable=false, mobileEmulationEnabled=false, networkConnectionEnabled=false, chrome={chromedriverVersion=2.29.461591 (62ebf098771772160f391d75e589dc567915b233), userDataDir=C:\Users\YOGESH~1\AppData\Local\Temp\scoped_dir6396_855}, takesHeapSnapshot=true, pageLoadStrategy=normal, unhandledPromptBehavior=, databaseEnabled=false, handlesAlerts=true, hasTouchScreen=false, version=61.0.3163.100, platform=XP, browserConnectionEnabled=false, nativeEvents=true, acceptSslCerts=true, locationContextEnabled=true, webStorageEnabled=true, browserName=chrome, takesScreenshot=true, javascriptEnabled=true, platformName=XP, cssSelectorsEnabled=true, unexpectedAlertBehaviour=}]
Session ID: b5d0dd72f208a789a30230bc534542f3
*** Element info: {Using=xpath, value=.//*[@id='tabReqDetails']/div/div[1]/div[2]/div[2]/div/a}
2017-11-13 07:16:15 INFO  NewRequirement:239 - Entered Addressline1 in textbox
2017-11-13 07:16:15 INFO  ElementLoad:47 - no such element: Unable to locate element: {"method":"xpath","selector":"//select[@id='drpState']"}
  (Session info: chrome=61.0.3163.100)
  (Driver info: chromedriver=2.29.461591 (62ebf098771772160f391d75e589dc567915b233),platform=Windows NT 6.1.7601 SP1 x86_64) (WARNING: The server did not provide any stacktrace information)
Command duration or timeout: 0 milliseconds
For documentation on this error, please visit: http://seleniumhq.org/exceptions/no_such_element.html
Build info: version: '3.5.3', revision: 'a88d25fe6b', time: '2017-08-29T12:42:44.417Z'
System info: host: 'RIPLBRD50', ip: '192.168.1.169', os.name: 'Windows 7', os.arch: 'amd64', os.version: '6.1', java.version: '1.8.0_111'
Driver info: org.openqa.selenium.chrome.ChromeDriver
Capabilities [{applicationCacheEnabled=false, rotatable=false, mobileEmulationEnabled=false, networkConnectionEnabled=false, chrome={chromedriverVersion=2.29.461591 (62ebf098771772160f391d75e589dc567915b233), userDataDir=C:\Users\YOGESH~1\AppData\Local\Temp\scoped_dir6396_855}, takesHeapSnapshot=true, pageLoadStrategy=normal, unhandledPromptBehavior=, databaseEnabled=false, handlesAlerts=true, hasTouchScreen=false, version=61.0.3163.100, platform=XP, browserConnectionEnabled=false, nativeEvents=true, acceptSslCerts=true, locationContextEnabled=true, webStorageEnabled=true, browserName=chrome, takesScreenshot=true, javascriptEnabled=true, platformName=XP, cssSelectorsEnabled=true, unexpectedAlertBehaviour=}]
Session ID: b5d0dd72f208a789a30230bc534542f3
*** Element info: {Using=xpath, value=//select[@id='drpState']}
2017-11-13 07:16:15 INFO  NewRequirement:280 - 
2017-11-13 07:16:15 INFO  ElementLoad:47 - no such element: Unable to locate element: {"method":"xpath","selector":"//select[@id='drpsReqManager']"}
  (Session info: chrome=61.0.3163.100)
  (Driver info: chromedriver=2.29.461591 (62ebf098771772160f391d75e589dc567915b233),platform=Windows NT 6.1.7601 SP1 x86_64) (WARNING: The server did not provide any stacktrace information)
Command duration or timeout: 0 milliseconds
For documentation on this error, please visit: http://seleniumhq.org/exceptions/no_such_element.html
Build info: version: '3.5.3', revision: 'a88d25fe6b', time: '2017-08-29T12:42:44.417Z'
System info: host: 'RIPLBRD50', ip: '192.168.1.169', os.name: 'Windows 7', os.arch: 'amd64', os.version: '6.1', java.version: '1.8.0_111'
Driver info: org.openqa.selenium.chrome.ChromeDriver
Capabilities [{applicationCacheEnabled=false, rotatable=false, mobileEmulationEnabled=false, networkConnectionEnabled=false, chrome={chromedriverVersion=2.29.461591 (62ebf098771772160f391d75e589dc567915b233), userDataDir=C:\Users\YOGESH~1\AppData\Local\Temp\scoped_dir6396_855}, takesHeapSnapshot=true, pageLoadStrategy=normal, unhandledPromptBehavior=, databaseEnabled=false, handlesAlerts=true, hasTouchScreen=false, version=61.0.3163.100, platform=XP, browserConnectionEnabled=false, nativeEvents=true, acceptSslCerts=true, locationContextEnabled=true, webStorageEnabled=true, browserName=chrome, takesScreenshot=true, javascriptEnabled=true, platformName=XP, cssSelectorsEnabled=true, unexpectedAlertBehaviour=}]
Session ID: b5d0dd72f208a789a30230bc534542f3
*** Element info: {Using=xpath, value=//select[@id='drpsReqManager']}
2017-11-13 07:16:15 INFO  NewRequirement:296 - 
2017-11-13 07:17:15 INFO  NewRequirement:334 - Expected condition failed: waiting for visibility of [[ChromeDriver: chrome on XP (b5d0dd72f208a789a30230bc534542f3)] -> xpath: //INPUT[@id='IsRCApproved']] (tried for 60 second(s) with 500 MILLISECONDS interval)
Build info: version: '3.5.3', revision: 'a88d25fe6b', time: '2017-08-29T12:42:44.417Z'
System info: host: 'RIPLBRD50', ip: '192.168.1.169', os.name: 'Windows 7', os.arch: 'amd64', os.version: '6.1', java.version: '1.8.0_111'
Driver info: org.openqa.selenium.chrome.ChromeDriver
Capabilities [{applicationCacheEnabled=false, rotatable=false, mobileEmulationEnabled=false, networkConnectionEnabled=false, chrome={chromedriverVersion=2.29.461591 (62ebf098771772160f391d75e589dc567915b233), userDataDir=C:\Users\YOGESH~1\AppData\Local\Temp\scoped_dir6396_855}, takesHeapSnapshot=true, pageLoadStrategy=normal, unhandledPromptBehavior=, databaseEnabled=false, handlesAlerts=true, hasTouchScreen=false, version=61.0.3163.100, platform=XP, browserConnectionEnabled=false, nativeEvents=true, acceptSslCerts=true, locationContextEnabled=true, webStorageEnabled=true, browserName=chrome, takesScreenshot=true, javascriptEnabled=true, platformName=XP, cssSelectorsEnabled=true, unexpectedAlertBehaviour=}]
Session ID: b5d0dd72f208a789a30230bc534542f3
2017-11-13 07:17:16 INFO  NewRequirement:347 - select Category status:Admin
2017-11-13 07:17:16 INFO  NewRequirement:363 - select Client in textbox:
2017-11-13 07:17:17 INFO  NewRequirement:368 - Entered ClientBillRate in textbox:10
2017-11-13 07:17:17 INFO  NewRequirement:372 - Entered CandidatePayRate in textbox:10
2017-11-13 07:17:17 INFO  NewRequirement:377 - Entered RateType in textbox:Monthly
2017-11-13 07:17:17 INFO  NewRequirement:383 - VMSManager click on it
2017-11-13 07:17:17 INFO  NewRequirement:390 - vms:-- Select --
2017-11-13 07:17:17 INFO  NewRequirement:449 - cleared in textbox
2017-11-13 07:17:18 INFO  NewRequirement:455 - Entered JobDescription in textbox
2017-11-13 07:17:18 INFO  NewRequirement:458 - Return to main frame
2017-11-13 07:17:18 INFO  NewRequirement:414 - Entered MandatorySkill1 in textbox
2017-11-13 07:17:18 INFO  NewRequirement:418 - Entered MandatorySkill2 in textbox
2017-11-13 07:17:18 INFO  NewRequirement:422 - Entered MandatorySkill3 in textbox
2017-11-13 07:17:19 INFO  NewRequirement:426 - Entered MandatorySkill4 in textbox
2017-11-13 07:17:19 INFO  NewRequirement:430 - Entered SubjectLine in textbox
2017-11-13 07:17:19 INFO  NewRequirementTest:100 - RegisterDetailsTestData skipped methods
2017-11-13 07:17:19 INFO  NewRequirementTest:100 - RegisterDetailsTestData skipped methods
2017-11-13 07:17:19 INFO  NewRequirementTest:100 - RegisterDetailsTestData skipped methods
2017-11-13 07:17:19 INFO  NewRequirementTest:100 - RegisterDetailsTestData skipped methods
2017-11-13 07:17:19 INFO  NewRequirementTest:100 - RegisterDetailsTestData skipped methods
2017-11-13 07:17:19 INFO  NewRequirementTest:100 - RegisterDetailsTestData skipped methods
2017-11-13 07:17:19 INFO  NewRequirementTest:100 - RegisterDetailsTestData skipped methods
2017-11-13 07:17:19 INFO  NewRequirementTest:100 - RegisterDetailsTestData skipped methods
2017-11-13 07:17:19 INFO  NewRequirementTest:100 - RegisterDetailsTestData skipped methods
2017-11-13 07:17:19 INFO  NewRequirementTest:165 - unknown error: Element is not clickable at point (1767, -778)
  (Session info: chrome=61.0.3163.100)
  (Driver info: chromedriver=2.29.461591 (62ebf098771772160f391d75e589dc567915b233),platform=Windows NT 6.1.7601 SP1 x86_64) (WARNING: The server did not provide any stacktrace information)
Command duration or timeout: 0 milliseconds
Build info: version: '3.5.3', revision: 'a88d25fe6b', time: '2017-08-29T12:42:44.417Z'
System info: host: 'RIPLBRD50', ip: '192.168.1.169', os.name: 'Windows 7', os.arch: 'amd64', os.version: '6.1', java.version: '1.8.0_111'
Driver info: org.openqa.selenium.chrome.ChromeDriver
Capabilities [{applicationCacheEnabled=false, rotatable=false, mobileEmulationEnabled=false, networkConnectionEnabled=false, chrome={chromedriverVersion=2.29.461591 (62ebf098771772160f391d75e589dc567915b233), userDataDir=C:\Users\YOGESH~1\AppData\Local\Temp\scoped_dir6396_855}, takesHeapSnapshot=true, pageLoadStrategy=normal, unhandledPromptBehavior=, databaseEnabled=false, handlesAlerts=true, hasTouchScreen=false, version=61.0.3163.100, platform=XP, browserConnectionEnabled=false, nativeEvents=true, acceptSslCerts=true, locationContextEnabled=true, webStorageEnabled=true, browserName=chrome, takesScreenshot=true, javascriptEnabled=true, platformName=XP, cssSelectorsEnabled=true, unexpectedAlertBehaviour=}]
Session ID: b5d0dd72f208a789a30230bc534542f3
2017-11-13 07:17:19 INFO  TestBase:427 - **********AfterSuite Close Browser**********
2017-11-15 04:17:04 INFO  TestBase:189 - chrome browser
2017-11-15 04:17:04 INFO  TestBase:261 - creating object of chromeand URL of: http://demo.sourcepros.com/
2017-11-15 04:17:04 INFO  TestBase:178 - open url succssfully
2017-11-15 04:17:04 INFO  TestBase:180 - http://demo.sourcepros.com/
2017-11-15 04:17:04 INFO  TestBase:335 - excel path:D:\Java_Project\UIAutomation\resources\excel\TestData.xlsx
2017-11-15 04:17:04 INFO  VerifiyLoginWithDifferentRecords:59 - **********starting test**********
2017-11-15 04:17:04 INFO  VerifiyLoginWithDifferentRecords:63 - try to login with username:yogeshsolanki@rangam.com and passwordrangam@123
2017-11-15 04:17:05 INFO  LoginPage:49 - [[ChromeDriver: chrome on XP (dbf690d36e12385e9851551aaba6d48b)] -> xpath: //input[@id='UserName']]
2017-11-15 04:17:05 INFO  LoginPage:57 - [[ChromeDriver: chrome on XP (dbf690d36e12385e9851551aaba6d48b)] -> xpath: //input[@id='Password']]
2017-11-15 04:17:05 INFO  LoginPage:63 - jsb:SignIn button clicked[[ChromeDriver: chrome on XP (dbf690d36e12385e9851551aaba6d48b)] -> xpath: //input[@id='btnsubmit']]
2017-11-15 04:17:05 INFO  LoginPage:65 - welcomestring:Proxy element for: DefaultElementLocator 'By.xpath: //*[@id='userProfile']/div[4]/a/span[1]'
2017-11-15 04:17:20 INFO  TestBase:26 - D:\Java_Project\UIAutomation\Output\FAILURE_verifiyLoginWithDifferentRecords_15_11_2017_04_17_19.png
2017-11-15 04:17:20 INFO  TestBase:35 - image pathD:\Java_Project\UIAutomation\Output\FAILURE_verifiyLoginWithDifferentRecords_15_11_2017_04_17_19.png
2017-11-15 04:17:20 INFO  TestBase:36 - Take screenshot completed
2017-11-15 04:17:20 INFO  VerifiyLoginWithDifferentRecords:59 - **********starting test**********
2017-11-15 04:17:20 INFO  VerifiyLoginWithDifferentRecords:63 - try to login with username:xyz@rangam.com and passwordwtc@2017
2017-11-15 04:17:21 INFO  LoginPage:49 - [[ChromeDriver: chrome on XP (dbf690d36e12385e9851551aaba6d48b)] -> xpath: //input[@id='UserName']]
2017-11-15 04:17:21 INFO  LoginPage:57 - [[ChromeDriver: chrome on XP (dbf690d36e12385e9851551aaba6d48b)] -> xpath: //input[@id='Password']]
2017-11-15 04:17:21 INFO  LoginPage:63 - jsb:SignIn button clicked[[ChromeDriver: chrome on XP (dbf690d36e12385e9851551aaba6d48b)] -> xpath: //input[@id='btnsubmit']]
2017-11-15 04:17:21 INFO  LoginPage:65 - welcomestring:Proxy element for: DefaultElementLocator 'By.xpath: //*[@id='userProfile']/div[4]/a/span[1]'
2017-11-15 04:17:36 INFO  TestBase:26 - D:\Java_Project\UIAutomation\Output\FAILURE_verifiyLoginWithDifferentRecords_15_11_2017_04_17_35.png
2017-11-15 04:17:36 INFO  TestBase:35 - image pathD:\Java_Project\UIAutomation\Output\FAILURE_verifiyLoginWithDifferentRecords_15_11_2017_04_17_35.png
2017-11-15 04:17:36 INFO  TestBase:36 - Take screenshot completed
2017-11-15 04:17:36 INFO  VerifiyLoginWithDifferentRecords:46 - verifiyLoginWithDifferentRecords method skipped
2017-11-15 04:17:37 INFO  TestBase:26 - D:\Java_Project\UIAutomation\Output\SKIPPED_verifiyLoginWithDifferentRecords_15_11_2017_04_17_36.png
2017-11-15 04:17:37 INFO  TestBase:35 - image pathD:\Java_Project\UIAutomation\Output\SKIPPED_verifiyLoginWithDifferentRecords_15_11_2017_04_17_36.png
2017-11-15 04:17:37 INFO  TestBase:36 - Take screenshot completed
2017-11-15 04:17:37 INFO  VerifiyLoginWithDifferentRecords:46 - verifiyLoginWithDifferentRecords method skipped
2017-11-15 04:17:37 INFO  TestBase:26 - D:\Java_Project\UIAutomation\Output\SKIPPED_verifiyLoginWithDifferentRecords_15_11_2017_04_17_37.png
2017-11-15 04:17:37 INFO  TestBase:35 - image pathD:\Java_Project\UIAutomation\Output\SKIPPED_verifiyLoginWithDifferentRecords_15_11_2017_04_17_37.png
2017-11-15 04:17:37 INFO  TestBase:36 - Take screenshot completed
2017-11-15 04:17:37 INFO  VerifiyLoginWithDifferentRecords:46 - verifiyLoginWithDifferentRecords method skipped
2017-11-15 04:17:37 INFO  TestBase:26 - D:\Java_Project\UIAutomation\Output\SKIPPED_verifiyLoginWithDifferentRecords_15_11_2017_04_17_37.png
2017-11-15 04:17:37 INFO  TestBase:35 - image pathD:\Java_Project\UIAutomation\Output\SKIPPED_verifiyLoginWithDifferentRecords_15_11_2017_04_17_37.png
2017-11-15 04:17:37 INFO  TestBase:36 - Take screenshot completed
2017-11-15 04:17:38 INFO  VerifiyLoginWithDifferentRecords:46 - verifiyLoginWithDifferentRecords method skipped
2017-11-15 04:17:38 INFO  TestBase:26 - D:\Java_Project\UIAutomation\Output\SKIPPED_verifiyLoginWithDifferentRecords_15_11_2017_04_17_38.png
2017-11-15 04:17:38 INFO  TestBase:35 - image pathD:\Java_Project\UIAutomation\Output\SKIPPED_verifiyLoginWithDifferentRecords_15_11_2017_04_17_38.png
2017-11-15 04:17:38 INFO  TestBase:36 - Take screenshot completed
2017-11-15 04:17:38 INFO  VerifiyLoginWithDifferentRecords:46 - verifiyLoginWithDifferentRecords method skipped
2017-11-15 04:17:38 INFO  TestBase:26 - D:\Java_Project\UIAutomation\Output\SKIPPED_verifiyLoginWithDifferentRecords_15_11_2017_04_17_38.png
2017-11-15 04:17:38 INFO  TestBase:35 - image pathD:\Java_Project\UIAutomation\Output\SKIPPED_verifiyLoginWithDifferentRecords_15_11_2017_04_17_38.png
2017-11-15 04:17:38 INFO  TestBase:36 - Take screenshot completed
2017-11-15 04:17:40 INFO  Listener:126 - mail moniter method called
2017-11-15 04:17:40 INFO  TestBase:427 - **********AfterSuite Close Browser**********
2017-11-15 04:17:45 INFO  TestBase:189 - chrome browser
2017-11-15 04:17:45 INFO  TestBase:261 - creating object of chromeand URL of: http://demo.sourcepros.com/
2017-11-15 04:17:45 INFO  TestBase:178 - open url succssfully
2017-11-15 04:17:45 INFO  TestBase:180 - http://demo.sourcepros.com/
2017-11-15 04:17:45 INFO  TestBase:335 - excel path:D:\Java_Project\UIAutomation\resources\excel\TestData.xlsx
2017-11-15 04:17:45 INFO  NewRequirementTest:56 - **********starting login test**********
2017-11-15 04:17:45 INFO  LoginPage:49 - [[ChromeDriver: chrome on XP (d8b491262c67190c091a265809981ffd)] -> xpath: //input[@id='UserName']]
2017-11-15 04:17:45 INFO  LoginPage:57 - [[ChromeDriver: chrome on XP (d8b491262c67190c091a265809981ffd)] -> xpath: //input[@id='Password']]
2017-11-15 04:17:53 INFO  LoginPage:63 - jsb:SignIn button clicked[[ChromeDriver: chrome on XP (d8b491262c67190c091a265809981ffd)] -> xpath: //input[@id='btnsubmit']]
2017-11-15 04:17:53 INFO  LoginPage:65 - welcomestring:[[ChromeDriver: chrome on XP (d8b491262c67190c091a265809981ffd)] -> xpath: //*[@id='userProfile']/div[4]/a/span[1]]
2017-11-15 04:17:53 INFO  TestBase:299 - element is present:[[ChromeDriver: chrome on XP (d8b491262c67190c091a265809981ffd)] -> xpath: //*[@id='userProfile']/div[4]/a/span[1]]
2017-11-15 04:17:53 INFO  NewRequirementTest:64 - Enter username and password
2017-11-15 04:17:54 INFO  TestBase:26 - D:\Java_Project\UIAutomation\Output\SUCCESS_login_15_11_2017_04_17_53.png
2017-11-15 04:17:54 INFO  TestBase:35 - image pathD:\Java_Project\UIAutomation\Output\SUCCESS_login_15_11_2017_04_17_53.png
2017-11-15 04:17:54 INFO  TestBase:36 - Take screenshot completed
2017-11-15 04:17:54 INFO  NewRequirementTest:47 - verifiy Login With Different Records method skipped
2017-11-15 04:17:54 INFO  TestBase:26 - D:\Java_Project\UIAutomation\Output\SKIPPED_login_15_11_2017_04_17_54.png
2017-11-15 04:17:54 INFO  TestBase:35 - image pathD:\Java_Project\UIAutomation\Output\SKIPPED_login_15_11_2017_04_17_54.png
2017-11-15 04:17:54 INFO  TestBase:36 - Take screenshot completed
2017-11-15 04:17:54 INFO  ElementLoad:88 - [[[ChromeDriver: chrome on XP (d8b491262c67190c091a265809981ffd)] -> xpath: //*[@id="header"]/div/div/ul/li/a], [[ChromeDriver: chrome on XP (d8b491262c67190c091a265809981ffd)] -> xpath: //*[@id="header"]/div/div/ul/li/a], [[ChromeDriver: chrome on XP (d8b491262c67190c091a265809981ffd)] -> xpath: //*[@id="header"]/div/div/ul/li/a], [[ChromeDriver: chrome on XP (d8b491262c67190c091a265809981ffd)] -> xpath: //*[@id="header"]/div/div/ul/li/a], [[ChromeDriver: chrome on XP (d8b491262c67190c091a265809981ffd)] -> xpath: //*[@id="header"]/div/div/ul/li/a], [[ChromeDriver: chrome on XP (d8b491262c67190c091a265809981ffd)] -> xpath: //*[@id="header"]/div/div/ul/li/a], [[ChromeDriver: chrome on XP (d8b491262c67190c091a265809981ffd)] -> xpath: //*[@id="header"]/div/div/ul/li/a], [[ChromeDriver: chrome on XP (d8b491262c67190c091a265809981ffd)] -> xpath: //*[@id="header"]/div/div/ul/li/a], [[ChromeDriver: chrome on XP (d8b491262c67190c091a265809981ffd)] -> xpath: //*[@id="header"]/div/div/ul/li/a], [[ChromeDriver: chrome on XP (d8b491262c67190c091a265809981ffd)] -> xpath: //*[@id="header"]/div/div/ul/li/a], [[ChromeDriver: chrome on XP (d8b491262c67190c091a265809981ffd)] -> xpath: //*[@id="header"]/div/div/ul/li/a], [[ChromeDriver: chrome on XP (d8b491262c67190c091a265809981ffd)] -> xpath: //*[@id="header"]/div/div/ul/li/a], [[ChromeDriver: chrome on XP (d8b491262c67190c091a265809981ffd)] -> xpath: //*[@id="header"]/div/div/ul/li/a], [[ChromeDriver: chrome on XP (d8b491262c67190c091a265809981ffd)] -> xpath: //*[@id="header"]/div/div/ul/li/a], [[ChromeDriver: chrome on XP (d8b491262c67190c091a265809981ffd)] -> xpath: //*[@id="header"]/div/div/ul/li/a], [[ChromeDriver: chrome on XP (d8b491262c67190c091a265809981ffd)] -> xpath: //*[@id="header"]/div/div/ul/li/a], [[ChromeDriver: chrome on XP (d8b491262c67190c091a265809981ffd)] -> xpath: //*[@id="header"]/div/div/ul/li/a]]
2017-11-15 04:17:54 INFO  ElementLoad:88 - [[[ChromeDriver: chrome on XP (d8b491262c67190c091a265809981ffd)] -> xpath: //*[@id="header"]/div/div/ul/li/ul/li/a], [[ChromeDriver: chrome on XP (d8b491262c67190c091a265809981ffd)] -> xpath: //*[@id="header"]/div/div/ul/li/ul/li/a], [[ChromeDriver: chrome on XP (d8b491262c67190c091a265809981ffd)] -> xpath: //*[@id="header"]/div/div/ul/li/ul/li/a], [[ChromeDriver: chrome on XP (d8b491262c67190c091a265809981ffd)] -> xpath: //*[@id="header"]/div/div/ul/li/ul/li/a], [[ChromeDriver: chrome on XP (d8b491262c67190c091a265809981ffd)] -> xpath: //*[@id="header"]/div/div/ul/li/ul/li/a], [[ChromeDriver: chrome on XP (d8b491262c67190c091a265809981ffd)] -> xpath: //*[@id="header"]/div/div/ul/li/ul/li/a], [[ChromeDriver: chrome on XP (d8b491262c67190c091a265809981ffd)] -> xpath: //*[@id="header"]/div/div/ul/li/ul/li/a], [[ChromeDriver: chrome on XP (d8b491262c67190c091a265809981ffd)] -> xpath: //*[@id="header"]/div/div/ul/li/ul/li/a], [[ChromeDriver: chrome on XP (d8b491262c67190c091a265809981ffd)] -> xpath: //*[@id="header"]/div/div/ul/li/ul/li/a], [[ChromeDriver: chrome on XP (d8b491262c67190c091a265809981ffd)] -> xpath: //*[@id="header"]/div/div/ul/li/ul/li/a], [[ChromeDriver: chrome on XP (d8b491262c67190c091a265809981ffd)] -> xpath: //*[@id="header"]/div/div/ul/li/ul/li/a], [[ChromeDriver: chrome on XP (d8b491262c67190c091a265809981ffd)] -> xpath: //*[@id="header"]/div/div/ul/li/ul/li/a], [[ChromeDriver: chrome on XP (d8b491262c67190c091a265809981ffd)] -> xpath: //*[@id="header"]/div/div/ul/li/ul/li/a], [[ChromeDriver: chrome on XP (d8b491262c67190c091a265809981ffd)] -> xpath: //*[@id="header"]/div/div/ul/li/ul/li/a], [[ChromeDriver: chrome on XP (d8b491262c67190c091a265809981ffd)] -> xpath: //*[@id="header"]/div/div/ul/li/ul/li/a], [[ChromeDriver: chrome on XP (d8b491262c67190c091a265809981ffd)] -> xpath: //*[@id="header"]/div/div/ul/li/ul/li/a], [[ChromeDriver: chrome on XP (d8b491262c67190c091a265809981ffd)] -> xpath: //*[@id="header"]/div/div/ul/li/ul/li/a], [[ChromeDriver: chrome on XP (d8b491262c67190c091a265809981ffd)] -> xpath: //*[@id="header"]/div/div/ul/li/ul/li/a], [[ChromeDriver: chrome on XP (d8b491262c67190c091a265809981ffd)] -> xpath: //*[@id="header"]/div/div/ul/li/ul/li/a], [[ChromeDriver: chrome on XP (d8b491262c67190c091a265809981ffd)] -> xpath: //*[@id="header"]/div/div/ul/li/ul/li/a], [[ChromeDriver: chrome on XP (d8b491262c67190c091a265809981ffd)] -> xpath: //*[@id="header"]/div/div/ul/li/ul/li/a], [[ChromeDriver: chrome on XP (d8b491262c67190c091a265809981ffd)] -> xpath: //*[@id="header"]/div/div/ul/li/ul/li/a], [[ChromeDriver: chrome on XP (d8b491262c67190c091a265809981ffd)] -> xpath: //*[@id="header"]/div/div/ul/li/ul/li/a], [[ChromeDriver: chrome on XP (d8b491262c67190c091a265809981ffd)] -> xpath: //*[@id="header"]/div/div/ul/li/ul/li/a], [[ChromeDriver: chrome on XP (d8b491262c67190c091a265809981ffd)] -> xpath: //*[@id="header"]/div/div/ul/li/ul/li/a], [[ChromeDriver: chrome on XP (d8b491262c67190c091a265809981ffd)] -> xpath: //*[@id="header"]/div/div/ul/li/ul/li/a], [[ChromeDriver: chrome on XP (d8b491262c67190c091a265809981ffd)] -> xpath: //*[@id="header"]/div/div/ul/li/ul/li/a], [[ChromeDriver: chrome on XP (d8b491262c67190c091a265809981ffd)] -> xpath: //*[@id="header"]/div/div/ul/li/ul/li/a], [[ChromeDriver: chrome on XP (d8b491262c67190c091a265809981ffd)] -> xpath: //*[@id="header"]/div/div/ul/li/ul/li/a], [[ChromeDriver: chrome on XP (d8b491262c67190c091a265809981ffd)] -> xpath: //*[@id="header"]/div/div/ul/li/ul/li/a], [[ChromeDriver: chrome on XP (d8b491262c67190c091a265809981ffd)] -> xpath: //*[@id="header"]/div/div/ul/li/ul/li/a], [[ChromeDriver: chrome on XP (d8b491262c67190c091a265809981ffd)] -> xpath: //*[@id="header"]/div/div/ul/li/ul/li/a], [[ChromeDriver: chrome on XP (d8b491262c67190c091a265809981ffd)] -> xpath: //*[@id="header"]/div/div/ul/li/ul/li/a], [[ChromeDriver: chrome on XP (d8b491262c67190c091a265809981ffd)] -> xpath: //*[@id="header"]/div/div/ul/li/ul/li/a], [[ChromeDriver: chrome on XP (d8b491262c67190c091a265809981ffd)] -> xpath: //*[@id="header"]/div/div/ul/li/ul/li/a], [[ChromeDriver: chrome on XP (d8b491262c67190c091a265809981ffd)] -> xpath: //*[@id="header"]/div/div/ul/li/ul/li/a], [[ChromeDriver: chrome on XP (d8b491262c67190c091a265809981ffd)] -> xpath: //*[@id="header"]/div/div/ul/li/ul/li/a], [[ChromeDriver: chrome on XP (d8b491262c67190c091a265809981ffd)] -> xpath: //*[@id="header"]/div/div/ul/li/ul/li/a], [[ChromeDriver: chrome on XP (d8b491262c67190c091a265809981ffd)] -> xpath: //*[@id="header"]/div/div/ul/li/ul/li/a], [[ChromeDriver: chrome on XP (d8b491262c67190c091a265809981ffd)] -> xpath: //*[@id="header"]/div/div/ul/li/ul/li/a], [[ChromeDriver: chrome on XP (d8b491262c67190c091a265809981ffd)] -> xpath: //*[@id="header"]/div/div/ul/li/ul/li/a], [[ChromeDriver: chrome on XP (d8b491262c67190c091a265809981ffd)] -> xpath: //*[@id="header"]/div/div/ul/li/ul/li/a]]
2017-11-15 04:17:54 INFO  HomePage:105 - AllHeaderMenuslinks:17
2017-11-15 04:17:54 INFO  HomePage:120 - subElement:
2017-11-15 04:17:54 INFO  HomePage:120 - subElement:
2017-11-15 04:17:54 INFO  HomePage:120 - subElement:
2017-11-15 04:17:55 INFO  HomePage:120 - subElement:
2017-11-15 04:17:55 INFO  HomePage:120 - subElement:
2017-11-15 04:17:55 INFO  HomePage:120 - subElement:
2017-11-15 04:17:55 INFO  HomePage:120 - subElement:
2017-11-15 04:17:55 INFO  HomePage:120 - subElement:Requirement List
2017-11-15 04:17:55 INFO  HomePage:120 - subElement:New Requirement
2017-11-15 04:17:57 INFO  TestBase:26 - D:\Java_Project\UIAutomation\Output\SUCCESS_SelectHeader_15_11_2017_04_17_57.png
2017-11-15 04:17:57 INFO  TestBase:35 - image pathD:\Java_Project\UIAutomation\Output\SUCCESS_SelectHeader_15_11_2017_04_17_57.png
2017-11-15 04:17:57 INFO  TestBase:36 - Take screenshot completed
2017-11-15 04:17:57 INFO  TestBase:335 - excel path:D:\Java_Project\UIAutomation\resources\excel\TestData.xlsx
2017-11-15 04:17:57 INFO  NewRequirement:101 - job code entered in textbox
2017-11-15 04:17:57 INFO  NewRequirement:149 - no such element: Unable to locate element: {"method":"xpath","selector":".//*[@id='tabReqDetails']/div/div[1]/div[2]/div[2]/div/a"}
  (Session info: chrome=61.0.3163.100)
  (Driver info: chromedriver=2.29.461591 (62ebf098771772160f391d75e589dc567915b233),platform=Windows NT 6.1.7601 SP1 x86_64) (WARNING: The server did not provide any stacktrace information)
Command duration or timeout: 0 milliseconds
For documentation on this error, please visit: http://seleniumhq.org/exceptions/no_such_element.html
Build info: version: '3.5.3', revision: 'a88d25fe6b', time: '2017-08-29T12:42:44.417Z'
System info: host: 'RIPLBRD50', ip: '192.168.1.169', os.name: 'Windows 7', os.arch: 'amd64', os.version: '6.1', java.version: '1.8.0_111'
Driver info: org.openqa.selenium.chrome.ChromeDriver
Capabilities [{applicationCacheEnabled=false, rotatable=false, mobileEmulationEnabled=false, networkConnectionEnabled=false, chrome={chromedriverVersion=2.29.461591 (62ebf098771772160f391d75e589dc567915b233), userDataDir=C:\Users\YOGESH~1\AppData\Local\Temp\scoped_dir7748_20002}, takesHeapSnapshot=true, pageLoadStrategy=normal, unhandledPromptBehavior=, databaseEnabled=false, handlesAlerts=true, hasTouchScreen=false, version=61.0.3163.100, platform=XP, browserConnectionEnabled=false, nativeEvents=true, acceptSslCerts=true, locationContextEnabled=true, webStorageEnabled=true, browserName=chrome, takesScreenshot=true, javascriptEnabled=true, platformName=XP, cssSelectorsEnabled=true, unexpectedAlertBehaviour=}]
Session ID: d8b491262c67190c091a265809981ffd
*** Element info: {Using=xpath, value=.//*[@id='tabReqDetails']/div/div[1]/div[2]/div[2]/div/a}
2017-11-15 04:17:58 INFO  NewRequirement:239 - Entered Addressline1 in textbox
2017-11-15 04:17:58 INFO  ElementLoad:47 - no such element: Unable to locate element: {"method":"xpath","selector":"//select[@id='drpState']"}
  (Session info: chrome=61.0.3163.100)
  (Driver info: chromedriver=2.29.461591 (62ebf098771772160f391d75e589dc567915b233),platform=Windows NT 6.1.7601 SP1 x86_64) (WARNING: The server did not provide any stacktrace information)
Command duration or timeout: 0 milliseconds
For documentation on this error, please visit: http://seleniumhq.org/exceptions/no_such_element.html
Build info: version: '3.5.3', revision: 'a88d25fe6b', time: '2017-08-29T12:42:44.417Z'
System info: host: 'RIPLBRD50', ip: '192.168.1.169', os.name: 'Windows 7', os.arch: 'amd64', os.version: '6.1', java.version: '1.8.0_111'
Driver info: org.openqa.selenium.chrome.ChromeDriver
Capabilities [{applicationCacheEnabled=false, rotatable=false, mobileEmulationEnabled=false, networkConnectionEnabled=false, chrome={chromedriverVersion=2.29.461591 (62ebf098771772160f391d75e589dc567915b233), userDataDir=C:\Users\YOGESH~1\AppData\Local\Temp\scoped_dir7748_20002}, takesHeapSnapshot=true, pageLoadStrategy=normal, unhandledPromptBehavior=, databaseEnabled=false, handlesAlerts=true, hasTouchScreen=false, version=61.0.3163.100, platform=XP, browserConnectionEnabled=false, nativeEvents=true, acceptSslCerts=true, locationContextEnabled=true, webStorageEnabled=true, browserName=chrome, takesScreenshot=true, javascriptEnabled=true, platformName=XP, cssSelectorsEnabled=true, unexpectedAlertBehaviour=}]
Session ID: d8b491262c67190c091a265809981ffd
*** Element info: {Using=xpath, value=//select[@id='drpState']}
2017-11-15 04:17:58 INFO  NewRequirement:280 - 
2017-11-15 04:17:58 INFO  ElementLoad:47 - no such element: Unable to locate element: {"method":"xpath","selector":"//select[@id='drpsReqManager']"}
  (Session info: chrome=61.0.3163.100)
  (Driver info: chromedriver=2.29.461591 (62ebf098771772160f391d75e589dc567915b233),platform=Windows NT 6.1.7601 SP1 x86_64) (WARNING: The server did not provide any stacktrace information)
Command duration or timeout: 0 milliseconds
For documentation on this error, please visit: http://seleniumhq.org/exceptions/no_such_element.html
Build info: version: '3.5.3', revision: 'a88d25fe6b', time: '2017-08-29T12:42:44.417Z'
System info: host: 'RIPLBRD50', ip: '192.168.1.169', os.name: 'Windows 7', os.arch: 'amd64', os.version: '6.1', java.version: '1.8.0_111'
Driver info: org.openqa.selenium.chrome.ChromeDriver
Capabilities [{applicationCacheEnabled=false, rotatable=false, mobileEmulationEnabled=false, networkConnectionEnabled=false, chrome={chromedriverVersion=2.29.461591 (62ebf098771772160f391d75e589dc567915b233), userDataDir=C:\Users\YOGESH~1\AppData\Local\Temp\scoped_dir7748_20002}, takesHeapSnapshot=true, pageLoadStrategy=normal, unhandledPromptBehavior=, databaseEnabled=false, handlesAlerts=true, hasTouchScreen=false, version=61.0.3163.100, platform=XP, browserConnectionEnabled=false, nativeEvents=true, acceptSslCerts=true, locationContextEnabled=true, webStorageEnabled=true, browserName=chrome, takesScreenshot=true, javascriptEnabled=true, platformName=XP, cssSelectorsEnabled=true, unexpectedAlertBehaviour=}]
Session ID: d8b491262c67190c091a265809981ffd
*** Element info: {Using=xpath, value=//select[@id='drpsReqManager']}
2017-11-15 04:17:58 INFO  NewRequirement:296 - 
2017-11-15 04:18:58 INFO  NewRequirement:334 - Expected condition failed: waiting for visibility of [[ChromeDriver: chrome on XP (d8b491262c67190c091a265809981ffd)] -> xpath: //INPUT[@id='IsRCApproved']] (tried for 60 second(s) with 500 MILLISECONDS interval)
Build info: version: '3.5.3', revision: 'a88d25fe6b', time: '2017-08-29T12:42:44.417Z'
System info: host: 'RIPLBRD50', ip: '192.168.1.169', os.name: 'Windows 7', os.arch: 'amd64', os.version: '6.1', java.version: '1.8.0_111'
Driver info: org.openqa.selenium.chrome.ChromeDriver
Capabilities [{applicationCacheEnabled=false, rotatable=false, mobileEmulationEnabled=false, networkConnectionEnabled=false, chrome={chromedriverVersion=2.29.461591 (62ebf098771772160f391d75e589dc567915b233), userDataDir=C:\Users\YOGESH~1\AppData\Local\Temp\scoped_dir7748_20002}, takesHeapSnapshot=true, pageLoadStrategy=normal, unhandledPromptBehavior=, databaseEnabled=false, handlesAlerts=true, hasTouchScreen=false, version=61.0.3163.100, platform=XP, browserConnectionEnabled=false, nativeEvents=true, acceptSslCerts=true, locationContextEnabled=true, webStorageEnabled=true, browserName=chrome, takesScreenshot=true, javascriptEnabled=true, platformName=XP, cssSelectorsEnabled=true, unexpectedAlertBehaviour=}]
Session ID: d8b491262c67190c091a265809981ffd
2017-11-15 04:18:58 INFO  NewRequirement:347 - select Category status:Admin
2017-11-15 04:18:59 INFO  NewRequirement:363 - select Client in textbox:
2017-11-15 04:18:59 INFO  NewRequirement:368 - Entered ClientBillRate in textbox:10
2017-11-15 04:18:59 INFO  NewRequirement:372 - Entered CandidatePayRate in textbox:10
2017-11-15 04:18:59 INFO  NewRequirement:377 - Entered RateType in textbox:Monthly
2017-11-15 04:18:59 INFO  NewRequirement:383 - VMSManager click on it
2017-11-15 04:18:59 INFO  NewRequirement:390 - vms:-- Select --
2017-11-15 04:18:59 INFO  NewRequirement:449 - cleared in textbox
2017-11-15 04:19:00 INFO  NewRequirement:455 - Entered JobDescription in textbox
2017-11-15 04:19:00 INFO  NewRequirement:458 - Return to main frame
2017-11-15 04:19:00 INFO  NewRequirement:414 - Entered MandatorySkill1 in textbox
2017-11-15 04:19:00 INFO  NewRequirement:418 - Entered MandatorySkill2 in textbox
2017-11-15 04:19:01 INFO  NewRequirement:422 - Entered MandatorySkill3 in textbox
2017-11-15 04:19:01 INFO  NewRequirement:426 - Entered MandatorySkill4 in textbox
2017-11-15 04:19:01 INFO  NewRequirement:430 - Entered SubjectLine in textbox
2017-11-15 04:19:02 INFO  TestBase:26 - D:\Java_Project\UIAutomation\Output\SUCCESS_fillRequirement_15_11_2017_04_19_01.png
2017-11-15 04:19:02 INFO  TestBase:35 - image pathD:\Java_Project\UIAutomation\Output\SUCCESS_fillRequirement_15_11_2017_04_19_01.png
2017-11-15 04:19:02 INFO  TestBase:36 - Take screenshot completed
2017-11-15 04:19:02 INFO  NewRequirementTest:100 - RegisterDetailsTestData skipped methods
2017-11-15 04:19:02 INFO  TestBase:26 - D:\Java_Project\UIAutomation\Output\SKIPPED_fillRequirement_15_11_2017_04_19_02.png
2017-11-15 04:19:02 INFO  TestBase:35 - image pathD:\Java_Project\UIAutomation\Output\SKIPPED_fillRequirement_15_11_2017_04_19_02.png
2017-11-15 04:19:02 INFO  TestBase:36 - Take screenshot completed
2017-11-15 04:19:02 INFO  NewRequirementTest:100 - RegisterDetailsTestData skipped methods
2017-11-15 04:19:02 INFO  TestBase:26 - D:\Java_Project\UIAutomation\Output\SKIPPED_fillRequirement_15_11_2017_04_19_02.png
2017-11-15 04:19:02 INFO  TestBase:35 - image pathD:\Java_Project\UIAutomation\Output\SKIPPED_fillRequirement_15_11_2017_04_19_02.png
2017-11-15 04:19:02 INFO  TestBase:36 - Take screenshot completed
2017-11-15 04:19:02 INFO  NewRequirementTest:100 - RegisterDetailsTestData skipped methods
2017-11-15 04:19:03 INFO  TestBase:26 - D:\Java_Project\UIAutomation\Output\SKIPPED_fillRequirement_15_11_2017_04_19_02.png
2017-11-15 04:19:03 INFO  TestBase:35 - image pathD:\Java_Project\UIAutomation\Output\SKIPPED_fillRequirement_15_11_2017_04_19_02.png
2017-11-15 04:19:03 INFO  TestBase:36 - Take screenshot completed
2017-11-15 04:19:03 INFO  NewRequirementTest:100 - RegisterDetailsTestData skipped methods
2017-11-15 04:19:03 INFO  TestBase:26 - D:\Java_Project\UIAutomation\Output\SKIPPED_fillRequirement_15_11_2017_04_19_03.png
2017-11-15 04:19:03 INFO  TestBase:35 - image pathD:\Java_Project\UIAutomation\Output\SKIPPED_fillRequirement_15_11_2017_04_19_03.png
2017-11-15 04:19:03 INFO  TestBase:36 - Take screenshot completed
2017-11-15 04:19:03 INFO  NewRequirementTest:100 - RegisterDetailsTestData skipped methods
2017-11-15 04:19:03 INFO  TestBase:26 - D:\Java_Project\UIAutomation\Output\SKIPPED_fillRequirement_15_11_2017_04_19_03.png
2017-11-15 04:19:03 INFO  TestBase:35 - image pathD:\Java_Project\UIAutomation\Output\SKIPPED_fillRequirement_15_11_2017_04_19_03.png
2017-11-15 04:19:03 INFO  TestBase:36 - Take screenshot completed
2017-11-15 04:19:03 INFO  NewRequirementTest:100 - RegisterDetailsTestData skipped methods
2017-11-15 04:19:04 INFO  TestBase:26 - D:\Java_Project\UIAutomation\Output\SKIPPED_fillRequirement_15_11_2017_04_19_03.png
2017-11-15 04:19:04 INFO  TestBase:35 - image pathD:\Java_Project\UIAutomation\Output\SKIPPED_fillRequirement_15_11_2017_04_19_03.png
2017-11-15 04:19:04 INFO  TestBase:36 - Take screenshot completed
2017-11-15 04:19:04 INFO  NewRequirementTest:100 - RegisterDetailsTestData skipped methods
2017-11-15 04:19:04 INFO  TestBase:26 - D:\Java_Project\UIAutomation\Output\SKIPPED_fillRequirement_15_11_2017_04_19_04.png
2017-11-15 04:19:04 INFO  TestBase:35 - image pathD:\Java_Project\UIAutomation\Output\SKIPPED_fillRequirement_15_11_2017_04_19_04.png
2017-11-15 04:19:04 INFO  TestBase:36 - Take screenshot completed
2017-11-15 04:19:04 INFO  NewRequirementTest:100 - RegisterDetailsTestData skipped methods
2017-11-15 04:19:04 INFO  TestBase:26 - D:\Java_Project\UIAutomation\Output\SKIPPED_fillRequirement_15_11_2017_04_19_04.png
2017-11-15 04:19:04 INFO  TestBase:35 - image pathD:\Java_Project\UIAutomation\Output\SKIPPED_fillRequirement_15_11_2017_04_19_04.png
2017-11-15 04:19:04 INFO  TestBase:36 - Take screenshot completed
2017-11-15 04:19:04 INFO  NewRequirementTest:100 - RegisterDetailsTestData skipped methods
2017-11-15 04:19:05 INFO  TestBase:26 - D:\Java_Project\UIAutomation\Output\SKIPPED_fillRequirement_15_11_2017_04_19_04.png
2017-11-15 04:19:05 INFO  TestBase:35 - image pathD:\Java_Project\UIAutomation\Output\SKIPPED_fillRequirement_15_11_2017_04_19_04.png
2017-11-15 04:19:05 INFO  TestBase:36 - Take screenshot completed
2017-11-15 04:19:05 INFO  TestBase:26 - D:\Java_Project\UIAutomation\Output\SKIPPED_fillOtheLocation_15_11_2017_04_19_05.png
2017-11-15 04:19:05 INFO  TestBase:35 - image pathD:\Java_Project\UIAutomation\Output\SKIPPED_fillOtheLocation_15_11_2017_04_19_05.png
2017-11-15 04:19:05 INFO  TestBase:36 - Take screenshot completed
2017-11-15 04:19:05 INFO  NewRequirementTest:165 - unknown error: Element is not clickable at point (1767, -778)
  (Session info: chrome=61.0.3163.100)
  (Driver info: chromedriver=2.29.461591 (62ebf098771772160f391d75e589dc567915b233),platform=Windows NT 6.1.7601 SP1 x86_64) (WARNING: The server did not provide any stacktrace information)
Command duration or timeout: 0 milliseconds
Build info: version: '3.5.3', revision: 'a88d25fe6b', time: '2017-08-29T12:42:44.417Z'
System info: host: 'RIPLBRD50', ip: '192.168.1.169', os.name: 'Windows 7', os.arch: 'amd64', os.version: '6.1', java.version: '1.8.0_111'
Driver info: org.openqa.selenium.chrome.ChromeDriver
Capabilities [{applicationCacheEnabled=false, rotatable=false, mobileEmulationEnabled=false, networkConnectionEnabled=false, chrome={chromedriverVersion=2.29.461591 (62ebf098771772160f391d75e589dc567915b233), userDataDir=C:\Users\YOGESH~1\AppData\Local\Temp\scoped_dir7748_20002}, takesHeapSnapshot=true, pageLoadStrategy=normal, unhandledPromptBehavior=, databaseEnabled=false, handlesAlerts=true, hasTouchScreen=false, version=61.0.3163.100, platform=XP, browserConnectionEnabled=false, nativeEvents=true, acceptSslCerts=true, locationContextEnabled=true, webStorageEnabled=true, browserName=chrome, takesScreenshot=true, javascriptEnabled=true, platformName=XP, cssSelectorsEnabled=true, unexpectedAlertBehaviour=}]
Session ID: d8b491262c67190c091a265809981ffd
2017-11-15 04:19:06 INFO  TestBase:26 - D:\Java_Project\UIAutomation\Output\SUCCESS_logout_15_11_2017_04_19_05.png
2017-11-15 04:19:06 INFO  TestBase:35 - image pathD:\Java_Project\UIAutomation\Output\SUCCESS_logout_15_11_2017_04_19_05.png
2017-11-15 04:19:06 INFO  TestBase:36 - Take screenshot completed
2017-11-15 04:19:07 INFO  Listener:126 - mail moniter method called
2017-11-15 04:19:07 INFO  TestBase:427 - **********AfterSuite Close Browser**********
2017-11-15 04:19:12 INFO  TestBase:189 - chrome browser
2017-11-15 04:19:12 INFO  TestBase:261 - creating object of chromeand URL of: http://demo.sourcepros.com/
2017-11-15 04:19:12 INFO  TestBase:178 - open url succssfully
2017-11-15 04:19:12 INFO  TestBase:180 - http://demo.sourcepros.com/
2017-11-15 04:19:12 INFO  TestBase:335 - excel path:D:\Java_Project\UIAutomation\resources\excel\TestData.xlsx
2017-11-15 04:19:12 INFO  UpdateRegisterdetailsTest:48 - **********starting test**********
2017-11-15 04:19:12 INFO  LoginPage:49 - [[ChromeDriver: chrome on XP (397b2408e8f7a22091f30c44f538caae)] -> xpath: //input[@id='UserName']]
2017-11-15 04:19:13 INFO  LoginPage:57 - [[ChromeDriver: chrome on XP (397b2408e8f7a22091f30c44f538caae)] -> xpath: //input[@id='Password']]
2017-11-15 04:19:17 INFO  LoginPage:63 - jsb:SignIn button clicked[[ChromeDriver: chrome on XP (397b2408e8f7a22091f30c44f538caae)] -> xpath: //input[@id='btnsubmit']]
2017-11-15 04:19:17 INFO  LoginPage:65 - welcomestring:[[ChromeDriver: chrome on XP (397b2408e8f7a22091f30c44f538caae)] -> xpath: //*[@id='userProfile']/div[4]/a/span[1]]
2017-11-15 04:19:17 INFO  TestBase:299 - element is present:[[ChromeDriver: chrome on XP (397b2408e8f7a22091f30c44f538caae)] -> xpath: //*[@id='userProfile']/div[4]/a/span[1]]
2017-11-15 04:19:17 INFO  UpdateRegisterdetailsTest:56 - Enter username and password
2017-11-15 04:19:18 INFO  TestBase:26 - D:\Java_Project\UIAutomation\Output\SUCCESS_login_15_11_2017_04_19_17.png
2017-11-15 04:19:18 INFO  TestBase:35 - image pathD:\Java_Project\UIAutomation\Output\SUCCESS_login_15_11_2017_04_19_17.png
2017-11-15 04:19:18 INFO  TestBase:36 - Take screenshot completed
2017-11-15 04:19:18 INFO  UpdateRegisterdetailsTest:39 - verifiyLoginWithDifferentRecords method skipped
2017-11-15 04:19:18 INFO  TestBase:26 - D:\Java_Project\UIAutomation\Output\SKIPPED_login_15_11_2017_04_19_18.png
2017-11-15 04:19:18 INFO  TestBase:35 - image pathD:\Java_Project\UIAutomation\Output\SKIPPED_login_15_11_2017_04_19_18.png
2017-11-15 04:19:18 INFO  TestBase:36 - Take screenshot completed
2017-11-15 04:19:18 INFO  ElementLoad:88 - [[[ChromeDriver: chrome on XP (397b2408e8f7a22091f30c44f538caae)] -> xpath: //*[@id="header"]/div/div/ul/li/a], [[ChromeDriver: chrome on XP (397b2408e8f7a22091f30c44f538caae)] -> xpath: //*[@id="header"]/div/div/ul/li/a], [[ChromeDriver: chrome on XP (397b2408e8f7a22091f30c44f538caae)] -> xpath: //*[@id="header"]/div/div/ul/li/a], [[ChromeDriver: chrome on XP (397b2408e8f7a22091f30c44f538caae)] -> xpath: //*[@id="header"]/div/div/ul/li/a], [[ChromeDriver: chrome on XP (397b2408e8f7a22091f30c44f538caae)] -> xpath: //*[@id="header"]/div/div/ul/li/a], [[ChromeDriver: chrome on XP (397b2408e8f7a22091f30c44f538caae)] -> xpath: //*[@id="header"]/div/div/ul/li/a], [[ChromeDriver: chrome on XP (397b2408e8f7a22091f30c44f538caae)] -> xpath: //*[@id="header"]/div/div/ul/li/a], [[ChromeDriver: chrome on XP (397b2408e8f7a22091f30c44f538caae)] -> xpath: //*[@id="header"]/div/div/ul/li/a], [[ChromeDriver: chrome on XP (397b2408e8f7a22091f30c44f538caae)] -> xpath: //*[@id="header"]/div/div/ul/li/a], [[ChromeDriver: chrome on XP (397b2408e8f7a22091f30c44f538caae)] -> xpath: //*[@id="header"]/div/div/ul/li/a], [[ChromeDriver: chrome on XP (397b2408e8f7a22091f30c44f538caae)] -> xpath: //*[@id="header"]/div/div/ul/li/a], [[ChromeDriver: chrome on XP (397b2408e8f7a22091f30c44f538caae)] -> xpath: //*[@id="header"]/div/div/ul/li/a], [[ChromeDriver: chrome on XP (397b2408e8f7a22091f30c44f538caae)] -> xpath: //*[@id="header"]/div/div/ul/li/a], [[ChromeDriver: chrome on XP (397b2408e8f7a22091f30c44f538caae)] -> xpath: //*[@id="header"]/div/div/ul/li/a], [[ChromeDriver: chrome on XP (397b2408e8f7a22091f30c44f538caae)] -> xpath: //*[@id="header"]/div/div/ul/li/a], [[ChromeDriver: chrome on XP (397b2408e8f7a22091f30c44f538caae)] -> xpath: //*[@id="header"]/div/div/ul/li/a], [[ChromeDriver: chrome on XP (397b2408e8f7a22091f30c44f538caae)] -> xpath: //*[@id="header"]/div/div/ul/li/a]]
2017-11-15 04:19:18 INFO  ElementLoad:88 - [[[ChromeDriver: chrome on XP (397b2408e8f7a22091f30c44f538caae)] -> xpath: //*[@id="header"]/div/div/ul/li/ul/li/a], [[ChromeDriver: chrome on XP (397b2408e8f7a22091f30c44f538caae)] -> xpath: //*[@id="header"]/div/div/ul/li/ul/li/a], [[ChromeDriver: chrome on XP (397b2408e8f7a22091f30c44f538caae)] -> xpath: //*[@id="header"]/div/div/ul/li/ul/li/a], [[ChromeDriver: chrome on XP (397b2408e8f7a22091f30c44f538caae)] -> xpath: //*[@id="header"]/div/div/ul/li/ul/li/a], [[ChromeDriver: chrome on XP (397b2408e8f7a22091f30c44f538caae)] -> xpath: //*[@id="header"]/div/div/ul/li/ul/li/a], [[ChromeDriver: chrome on XP (397b2408e8f7a22091f30c44f538caae)] -> xpath: //*[@id="header"]/div/div/ul/li/ul/li/a], [[ChromeDriver: chrome on XP (397b2408e8f7a22091f30c44f538caae)] -> xpath: //*[@id="header"]/div/div/ul/li/ul/li/a], [[ChromeDriver: chrome on XP (397b2408e8f7a22091f30c44f538caae)] -> xpath: //*[@id="header"]/div/div/ul/li/ul/li/a], [[ChromeDriver: chrome on XP (397b2408e8f7a22091f30c44f538caae)] -> xpath: //*[@id="header"]/div/div/ul/li/ul/li/a], [[ChromeDriver: chrome on XP (397b2408e8f7a22091f30c44f538caae)] -> xpath: //*[@id="header"]/div/div/ul/li/ul/li/a], [[ChromeDriver: chrome on XP (397b2408e8f7a22091f30c44f538caae)] -> xpath: //*[@id="header"]/div/div/ul/li/ul/li/a], [[ChromeDriver: chrome on XP (397b2408e8f7a22091f30c44f538caae)] -> xpath: //*[@id="header"]/div/div/ul/li/ul/li/a], [[ChromeDriver: chrome on XP (397b2408e8f7a22091f30c44f538caae)] -> xpath: //*[@id="header"]/div/div/ul/li/ul/li/a], [[ChromeDriver: chrome on XP (397b2408e8f7a22091f30c44f538caae)] -> xpath: //*[@id="header"]/div/div/ul/li/ul/li/a], [[ChromeDriver: chrome on XP (397b2408e8f7a22091f30c44f538caae)] -> xpath: //*[@id="header"]/div/div/ul/li/ul/li/a], [[ChromeDriver: chrome on XP (397b2408e8f7a22091f30c44f538caae)] -> xpath: //*[@id="header"]/div/div/ul/li/ul/li/a], [[ChromeDriver: chrome on XP (397b2408e8f7a22091f30c44f538caae)] -> xpath: //*[@id="header"]/div/div/ul/li/ul/li/a], [[ChromeDriver: chrome on XP (397b2408e8f7a22091f30c44f538caae)] -> xpath: //*[@id="header"]/div/div/ul/li/ul/li/a], [[ChromeDriver: chrome on XP (397b2408e8f7a22091f30c44f538caae)] -> xpath: //*[@id="header"]/div/div/ul/li/ul/li/a], [[ChromeDriver: chrome on XP (397b2408e8f7a22091f30c44f538caae)] -> xpath: //*[@id="header"]/div/div/ul/li/ul/li/a], [[ChromeDriver: chrome on XP (397b2408e8f7a22091f30c44f538caae)] -> xpath: //*[@id="header"]/div/div/ul/li/ul/li/a], [[ChromeDriver: chrome on XP (397b2408e8f7a22091f30c44f538caae)] -> xpath: //*[@id="header"]/div/div/ul/li/ul/li/a], [[ChromeDriver: chrome on XP (397b2408e8f7a22091f30c44f538caae)] -> xpath: //*[@id="header"]/div/div/ul/li/ul/li/a], [[ChromeDriver: chrome on XP (397b2408e8f7a22091f30c44f538caae)] -> xpath: //*[@id="header"]/div/div/ul/li/ul/li/a], [[ChromeDriver: chrome on XP (397b2408e8f7a22091f30c44f538caae)] -> xpath: //*[@id="header"]/div/div/ul/li/ul/li/a], [[ChromeDriver: chrome on XP (397b2408e8f7a22091f30c44f538caae)] -> xpath: //*[@id="header"]/div/div/ul/li/ul/li/a], [[ChromeDriver: chrome on XP (397b2408e8f7a22091f30c44f538caae)] -> xpath: //*[@id="header"]/div/div/ul/li/ul/li/a], [[ChromeDriver: chrome on XP (397b2408e8f7a22091f30c44f538caae)] -> xpath: //*[@id="header"]/div/div/ul/li/ul/li/a], [[ChromeDriver: chrome on XP (397b2408e8f7a22091f30c44f538caae)] -> xpath: //*[@id="header"]/div/div/ul/li/ul/li/a], [[ChromeDriver: chrome on XP (397b2408e8f7a22091f30c44f538caae)] -> xpath: //*[@id="header"]/div/div/ul/li/ul/li/a], [[ChromeDriver: chrome on XP (397b2408e8f7a22091f30c44f538caae)] -> xpath: //*[@id="header"]/div/div/ul/li/ul/li/a], [[ChromeDriver: chrome on XP (397b2408e8f7a22091f30c44f538caae)] -> xpath: //*[@id="header"]/div/div/ul/li/ul/li/a], [[ChromeDriver: chrome on XP (397b2408e8f7a22091f30c44f538caae)] -> xpath: //*[@id="header"]/div/div/ul/li/ul/li/a], [[ChromeDriver: chrome on XP (397b2408e8f7a22091f30c44f538caae)] -> xpath: //*[@id="header"]/div/div/ul/li/ul/li/a], [[ChromeDriver: chrome on XP (397b2408e8f7a22091f30c44f538caae)] -> xpath: //*[@id="header"]/div/div/ul/li/ul/li/a], [[ChromeDriver: chrome on XP (397b2408e8f7a22091f30c44f538caae)] -> xpath: //*[@id="header"]/div/div/ul/li/ul/li/a], [[ChromeDriver: chrome on XP (397b2408e8f7a22091f30c44f538caae)] -> xpath: //*[@id="header"]/div/div/ul/li/ul/li/a], [[ChromeDriver: chrome on XP (397b2408e8f7a22091f30c44f538caae)] -> xpath: //*[@id="header"]/div/div/ul/li/ul/li/a], [[ChromeDriver: chrome on XP (397b2408e8f7a22091f30c44f538caae)] -> xpath: //*[@id="header"]/div/div/ul/li/ul/li/a], [[ChromeDriver: chrome on XP (397b2408e8f7a22091f30c44f538caae)] -> xpath: //*[@id="header"]/div/div/ul/li/ul/li/a], [[ChromeDriver: chrome on XP (397b2408e8f7a22091f30c44f538caae)] -> xpath: //*[@id="header"]/div/div/ul/li/ul/li/a], [[ChromeDriver: chrome on XP (397b2408e8f7a22091f30c44f538caae)] -> xpath: //*[@id="header"]/div/div/ul/li/ul/li/a]]
2017-11-15 04:19:18 INFO  HomePage:105 - AllHeaderMenuslinks:17
2017-11-15 04:19:18 INFO  HomePage:120 - subElement:
2017-11-15 04:19:18 INFO  HomePage:120 - subElement:
2017-11-15 04:19:19 INFO  HomePage:120 - subElement:
2017-11-15 04:19:19 INFO  HomePage:120 - subElement:
2017-11-15 04:19:19 INFO  HomePage:120 - subElement:
2017-11-15 04:19:19 INFO  HomePage:120 - subElement:
2017-11-15 04:19:19 INFO  HomePage:120 - subElement:
2017-11-15 04:19:19 INFO  HomePage:120 - subElement:Requirement List
2017-11-15 04:19:24 INFO  TestBase:26 - D:\Java_Project\UIAutomation\Output\SUCCESS_SelectHeader_15_11_2017_04_19_24.png
2017-11-15 04:19:24 INFO  TestBase:35 - image pathD:\Java_Project\UIAutomation\Output\SUCCESS_SelectHeader_15_11_2017_04_19_24.png
2017-11-15 04:19:24 INFO  TestBase:36 - Take screenshot completed
2017-11-15 04:19:29 INFO  TestBase:26 - D:\Java_Project\UIAutomation\Output\SUCCESS_selectPriority_15_11_2017_04_19_29.png
2017-11-15 04:19:29 INFO  TestBase:35 - image pathD:\Java_Project\UIAutomation\Output\SUCCESS_selectPriority_15_11_2017_04_19_29.png
2017-11-15 04:19:29 INFO  TestBase:36 - Take screenshot completed
2017-11-15 04:19:29 INFO  ElementLoad:88 - [[[ChromeDriver: chrome on XP (397b2408e8f7a22091f30c44f538caae)] -> xpath: //*[@id="maildiv"]/form/div/ul/li/div/div/div/div/div/h4/a], [[ChromeDriver: chrome on XP (397b2408e8f7a22091f30c44f538caae)] -> xpath: //*[@id="maildiv"]/form/div/ul/li/div/div/div/div/div/h4/a], [[ChromeDriver: chrome on XP (397b2408e8f7a22091f30c44f538caae)] -> xpath: //*[@id="maildiv"]/form/div/ul/li/div/div/div/div/div/h4/a], [[ChromeDriver: chrome on XP (397b2408e8f7a22091f30c44f538caae)] -> xpath: //*[@id="maildiv"]/form/div/ul/li/div/div/div/div/div/h4/a], [[ChromeDriver: chrome on XP (397b2408e8f7a22091f30c44f538caae)] -> xpath: //*[@id="maildiv"]/form/div/ul/li/div/div/div/div/div/h4/a], [[ChromeDriver: chrome on XP (397b2408e8f7a22091f30c44f538caae)] -> xpath: //*[@id="maildiv"]/form/div/ul/li/div/div/div/div/div/h4/a], [[ChromeDriver: chrome on XP (397b2408e8f7a22091f30c44f538caae)] -> xpath: //*[@id="maildiv"]/form/div/ul/li/div/div/div/div/div/h4/a], [[ChromeDriver: chrome on XP (397b2408e8f7a22091f30c44f538caae)] -> xpath: //*[@id="maildiv"]/form/div/ul/li/div/div/div/div/div/h4/a], [[ChromeDriver: chrome on XP (397b2408e8f7a22091f30c44f538caae)] -> xpath: //*[@id="maildiv"]/form/div/ul/li/div/div/div/div/div/h4/a], [[ChromeDriver: chrome on XP (397b2408e8f7a22091f30c44f538caae)] -> xpath: //*[@id="maildiv"]/form/div/ul/li/div/div/div/div/div/h4/a], [[ChromeDriver: chrome on XP (397b2408e8f7a22091f30c44f538caae)] -> xpath: //*[@id="maildiv"]/form/div/ul/li/div/div/div/div/div/h4/a], [[ChromeDriver: chrome on XP (397b2408e8f7a22091f30c44f538caae)] -> xpath: //*[@id="maildiv"]/form/div/ul/li/div/div/div/div/div/h4/a], [[ChromeDriver: chrome on XP (397b2408e8f7a22091f30c44f538caae)] -> xpath: //*[@id="maildiv"]/form/div/ul/li/div/div/div/div/div/h4/a], [[ChromeDriver: chrome on XP (397b2408e8f7a22091f30c44f538caae)] -> xpath: //*[@id="maildiv"]/form/div/ul/li/div/div/div/div/div/h4/a], [[ChromeDriver: chrome on XP (397b2408e8f7a22091f30c44f538caae)] -> xpath: //*[@id="maildiv"]/form/div/ul/li/div/div/div/div/div/h4/a], [[ChromeDriver: chrome on XP (397b2408e8f7a22091f30c44f538caae)] -> xpath: //*[@id="maildiv"]/form/div/ul/li/div/div/div/div/div/h4/a], [[ChromeDriver: chrome on XP (397b2408e8f7a22091f30c44f538caae)] -> xpath: //*[@id="maildiv"]/form/div/ul/li/div/div/div/div/div/h4/a], [[ChromeDriver: chrome on XP (397b2408e8f7a22091f30c44f538caae)] -> xpath: //*[@id="maildiv"]/form/div/ul/li/div/div/div/div/div/h4/a], [[ChromeDriver: chrome on XP (397b2408e8f7a22091f30c44f538caae)] -> xpath: //*[@id="maildiv"]/form/div/ul/li/div/div/div/div/div/h4/a], [[ChromeDriver: chrome on XP (397b2408e8f7a22091f30c44f538caae)] -> xpath: //*[@id="maildiv"]/form/div/ul/li/div/div/div/div/div/h4/a]]
2017-11-15 04:19:29 INFO  HomePage:180 - colors:color
2017-11-15 04:19:29 INFO  HomePage:212 - color not found
2017-11-15 04:19:29 INFO  HomePage:180 - colors: rgb(255, 0, 0);
2017-11-15 04:19:29 INFO  HomePage:212 - color not found
2017-11-15 04:19:29 INFO  HomePage:180 - colors:color
2017-11-15 04:19:29 INFO  HomePage:212 - color not found
2017-11-15 04:19:29 INFO  HomePage:180 - colors: rgb(232, 69, 181);
2017-11-15 04:19:29 INFO  HomePage:182 - pink color
2017-11-15 04:19:29 INFO  HomePage:233 - winHandleBefore: CDwindow-d162b064-9e49-4bf1-bdb8-a62b8538624d
2017-11-15 04:19:29 INFO  HomePage:242 - winHandle: CDwindow-d162b064-9e49-4bf1-bdb8-a62b8538624d
2017-11-15 04:19:29 INFO  HomePage:242 - winHandle: CDwindow-0df12048-9298-49be-acc2-828d230465cc
2017-11-15 04:19:29 INFO  HomePage:245 -  currnt winHandle: CDwindow-0df12048-9298-49be-acc2-828d230465cc
2017-11-15 04:19:31 INFO  HomePage:246 - Title:Requirement Details
2017-11-15 04:19:31 INFO  ElementLoad:88 - [[[ChromeDriver: chrome on XP (397b2408e8f7a22091f30c44f538caae)] -> xpath: .//*[@id='requirementform']/div[3]/div[4]/div/ul/li], [[ChromeDriver: chrome on XP (397b2408e8f7a22091f30c44f538caae)] -> xpath: .//*[@id='requirementform']/div[3]/div[4]/div/ul/li], [[ChromeDriver: chrome on XP (397b2408e8f7a22091f30c44f538caae)] -> xpath: .//*[@id='requirementform']/div[3]/div[4]/div/ul/li], [[ChromeDriver: chrome on XP (397b2408e8f7a22091f30c44f538caae)] -> xpath: .//*[@id='requirementform']/div[3]/div[4]/div/ul/li], [[ChromeDriver: chrome on XP (397b2408e8f7a22091f30c44f538caae)] -> xpath: .//*[@id='requirementform']/div[3]/div[4]/div/ul/li]]
2017-11-15 04:19:31 INFO  ElementLoad:88 - [[[ChromeDriver: chrome on XP (397b2408e8f7a22091f30c44f538caae)] -> xpath: .//*[@id='requirementform']/div[3]/div[4]/div/ul/li], [[ChromeDriver: chrome on XP (397b2408e8f7a22091f30c44f538caae)] -> xpath: .//*[@id='requirementform']/div[3]/div[4]/div/ul/li], [[ChromeDriver: chrome on XP (397b2408e8f7a22091f30c44f538caae)] -> xpath: .//*[@id='requirementform']/div[3]/div[4]/div/ul/li], [[ChromeDriver: chrome on XP (397b2408e8f7a22091f30c44f538caae)] -> xpath: .//*[@id='requirementform']/div[3]/div[4]/div/ul/li], [[ChromeDriver: chrome on XP (397b2408e8f7a22091f30c44f538caae)] -> xpath: .//*[@id='requirementform']/div[3]/div[4]/div/ul/li]]
2017-11-15 04:19:31 INFO  RequirementDetailsPage:74 - tabTitle:Requirement Details
2017-11-15 04:19:31 INFO  ElementLoad:88 - [[[ChromeDriver: chrome on XP (397b2408e8f7a22091f30c44f538caae)] -> xpath: .//*[@id='requirementform']/div[3]/div[4]/div/ul/li], [[ChromeDriver: chrome on XP (397b2408e8f7a22091f30c44f538caae)] -> xpath: .//*[@id='requirementform']/div[3]/div[4]/div/ul/li], [[ChromeDriver: chrome on XP (397b2408e8f7a22091f30c44f538caae)] -> xpath: .//*[@id='requirementform']/div[3]/div[4]/div/ul/li], [[ChromeDriver: chrome on XP (397b2408e8f7a22091f30c44f538caae)] -> xpath: .//*[@id='requirementform']/div[3]/div[4]/div/ul/li], [[ChromeDriver: chrome on XP (397b2408e8f7a22091f30c44f538caae)] -> xpath: .//*[@id='requirementform']/div[3]/div[4]/div/ul/li]]
2017-11-15 04:19:31 INFO  RequirementDetailsPage:77 - Web url: http://demo.sourcepros.com/Requirement/Details/46052
2017-11-15 04:19:37 INFO  ElementLoad:88 - [[[ChromeDriver: chrome on XP (397b2408e8f7a22091f30c44f538caae)] -> xpath: .//*[@id='requirementform']/div[3]/div[4]/div/ul/li], [[ChromeDriver: chrome on XP (397b2408e8f7a22091f30c44f538caae)] -> xpath: .//*[@id='requirementform']/div[3]/div[4]/div/ul/li], [[ChromeDriver: chrome on XP (397b2408e8f7a22091f30c44f538caae)] -> xpath: .//*[@id='requirementform']/div[3]/div[4]/div/ul/li], [[ChromeDriver: chrome on XP (397b2408e8f7a22091f30c44f538caae)] -> xpath: .//*[@id='requirementform']/div[3]/div[4]/div/ul/li], [[ChromeDriver: chrome on XP (397b2408e8f7a22091f30c44f538caae)] -> xpath: .//*[@id='requirementform']/div[3]/div[4]/div/ul/li]]
2017-11-15 04:19:37 INFO  RequirementDetailsPage:136 - job code entered in textbox
2017-11-15 04:19:37 INFO  RequirementDetailsPage:186 - no such element: Unable to locate element: {"method":"xpath","selector":"//*[@id='tabReqDetails']/div/div[1]/div[2]/div[3]/div/a"}
  (Session info: chrome=61.0.3163.100)
  (Driver info: chromedriver=2.29.461591 (62ebf098771772160f391d75e589dc567915b233),platform=Windows NT 6.1.7601 SP1 x86_64) (WARNING: The server did not provide any stacktrace information)
Command duration or timeout: 0 milliseconds
For documentation on this error, please visit: http://seleniumhq.org/exceptions/no_such_element.html
Build info: version: '3.5.3', revision: 'a88d25fe6b', time: '2017-08-29T12:42:44.417Z'
System info: host: 'RIPLBRD50', ip: '192.168.1.169', os.name: 'Windows 7', os.arch: 'amd64', os.version: '6.1', java.version: '1.8.0_111'
Driver info: org.openqa.selenium.chrome.ChromeDriver
Capabilities [{applicationCacheEnabled=false, rotatable=false, mobileEmulationEnabled=false, networkConnectionEnabled=false, chrome={chromedriverVersion=2.29.461591 (62ebf098771772160f391d75e589dc567915b233), userDataDir=C:\Users\YOGESH~1\AppData\Local\Temp\scoped_dir5340_18218}, takesHeapSnapshot=true, pageLoadStrategy=normal, unhandledPromptBehavior=, databaseEnabled=false, handlesAlerts=true, hasTouchScreen=false, version=61.0.3163.100, platform=XP, browserConnectionEnabled=false, nativeEvents=true, acceptSslCerts=true, locationContextEnabled=true, webStorageEnabled=true, browserName=chrome, takesScreenshot=true, javascriptEnabled=true, platformName=XP, cssSelectorsEnabled=true, unexpectedAlertBehaviour=}]
Session ID: 397b2408e8f7a22091f30c44f538caae
*** Element info: {Using=xpath, value=//*[@id='tabReqDetails']/div/div[1]/div[2]/div[3]/div/a}
2017-11-15 04:19:37 INFO  RequirementDetailsPage:277 - Entered Addressline1 in textbox
2017-11-15 04:19:38 INFO  ElementLoad:47 - no such element: Unable to locate element: {"method":"xpath","selector":"//select[@id='drpState']"}
  (Session info: chrome=61.0.3163.100)
  (Driver info: chromedriver=2.29.461591 (62ebf098771772160f391d75e589dc567915b233),platform=Windows NT 6.1.7601 SP1 x86_64) (WARNING: The server did not provide any stacktrace information)
Command duration or timeout: 0 milliseconds
For documentation on this error, please visit: http://seleniumhq.org/exceptions/no_such_element.html
Build info: version: '3.5.3', revision: 'a88d25fe6b', time: '2017-08-29T12:42:44.417Z'
System info: host: 'RIPLBRD50', ip: '192.168.1.169', os.name: 'Windows 7', os.arch: 'amd64', os.version: '6.1', java.version: '1.8.0_111'
Driver info: org.openqa.selenium.chrome.ChromeDriver
Capabilities [{applicationCacheEnabled=false, rotatable=false, mobileEmulationEnabled=false, networkConnectionEnabled=false, chrome={chromedriverVersion=2.29.461591 (62ebf098771772160f391d75e589dc567915b233), userDataDir=C:\Users\YOGESH~1\AppData\Local\Temp\scoped_dir5340_18218}, takesHeapSnapshot=true, pageLoadStrategy=normal, unhandledPromptBehavior=, databaseEnabled=false, handlesAlerts=true, hasTouchScreen=false, version=61.0.3163.100, platform=XP, browserConnectionEnabled=false, nativeEvents=true, acceptSslCerts=true, locationContextEnabled=true, webStorageEnabled=true, browserName=chrome, takesScreenshot=true, javascriptEnabled=true, platformName=XP, cssSelectorsEnabled=true, unexpectedAlertBehaviour=}]
Session ID: 397b2408e8f7a22091f30c44f538caae
*** Element info: {Using=xpath, value=//select[@id='drpState']}
2017-11-15 04:19:38 INFO  RequirementDetailsPage:324 - 
2017-11-15 04:19:38 INFO  ElementLoad:47 - no such element: Unable to locate element: {"method":"xpath","selector":"//select[@id='drpsReqManager']"}
  (Session info: chrome=61.0.3163.100)
  (Driver info: chromedriver=2.29.461591 (62ebf098771772160f391d75e589dc567915b233),platform=Windows NT 6.1.7601 SP1 x86_64) (WARNING: The server did not provide any stacktrace information)
Command duration or timeout: 0 milliseconds
For documentation on this error, please visit: http://seleniumhq.org/exceptions/no_such_element.html
Build info: version: '3.5.3', revision: 'a88d25fe6b', time: '2017-08-29T12:42:44.417Z'
System info: host: 'RIPLBRD50', ip: '192.168.1.169', os.name: 'Windows 7', os.arch: 'amd64', os.version: '6.1', java.version: '1.8.0_111'
Driver info: org.openqa.selenium.chrome.ChromeDriver
Capabilities [{applicationCacheEnabled=false, rotatable=false, mobileEmulationEnabled=false, networkConnectionEnabled=false, chrome={chromedriverVersion=2.29.461591 (62ebf098771772160f391d75e589dc567915b233), userDataDir=C:\Users\YOGESH~1\AppData\Local\Temp\scoped_dir5340_18218}, takesHeapSnapshot=true, pageLoadStrategy=normal, unhandledPromptBehavior=, databaseEnabled=false, handlesAlerts=true, hasTouchScreen=false, version=61.0.3163.100, platform=XP, browserConnectionEnabled=false, nativeEvents=true, acceptSslCerts=true, locationContextEnabled=true, webStorageEnabled=true, browserName=chrome, takesScreenshot=true, javascriptEnabled=true, platformName=XP, cssSelectorsEnabled=true, unexpectedAlertBehaviour=}]
Session ID: 397b2408e8f7a22091f30c44f538caae
*** Element info: {Using=xpath, value=//select[@id='drpsReqManager']}
2017-11-15 04:19:38 INFO  RequirementDetailsPage:339 - 
2017-11-15 04:20:38 INFO  RequirementDetailsPage:375 - Expected condition failed: waiting for visibility of [[ChromeDriver: chrome on XP (397b2408e8f7a22091f30c44f538caae)] -> xpath: //INPUT[@id='IsRCApproved']] (tried for 60 second(s) with 500 MILLISECONDS interval)
Build info: version: '3.5.3', revision: 'a88d25fe6b', time: '2017-08-29T12:42:44.417Z'
System info: host: 'RIPLBRD50', ip: '192.168.1.169', os.name: 'Windows 7', os.arch: 'amd64', os.version: '6.1', java.version: '1.8.0_111'
Driver info: org.openqa.selenium.chrome.ChromeDriver
Capabilities [{applicationCacheEnabled=false, rotatable=false, mobileEmulationEnabled=false, networkConnectionEnabled=false, chrome={chromedriverVersion=2.29.461591 (62ebf098771772160f391d75e589dc567915b233), userDataDir=C:\Users\YOGESH~1\AppData\Local\Temp\scoped_dir5340_18218}, takesHeapSnapshot=true, pageLoadStrategy=normal, unhandledPromptBehavior=, databaseEnabled=false, handlesAlerts=true, hasTouchScreen=false, version=61.0.3163.100, platform=XP, browserConnectionEnabled=false, nativeEvents=true, acceptSslCerts=true, locationContextEnabled=true, webStorageEnabled=true, browserName=chrome, takesScreenshot=true, javascriptEnabled=true, platformName=XP, cssSelectorsEnabled=true, unexpectedAlertBehaviour=}]
Session ID: 397b2408e8f7a22091f30c44f538caae
2017-11-15 04:20:38 INFO  RequirementDetailsPage:387 - select Category status:Admin
2017-11-15 04:20:38 INFO  RequirementDetailsPage:403 - select Client in textbox:
2017-11-15 04:20:39 INFO  RequirementDetailsPage:409 - Entered ClientBillRate in textbox:10.54
2017-11-15 04:20:39 INFO  RequirementDetailsPage:414 - Entered CandidatePayRate in textbox:10.54
2017-11-15 04:20:39 INFO  RequirementDetailsPage:419 - Entered RateType in textbox:Monthly
2017-11-15 04:20:39 INFO  RequirementDetailsPage:425 - VMSManager click on it
2017-11-15 04:20:39 INFO  RequirementDetailsPage:432 - vms:-- Select --
2017-11-15 04:20:39 INFO  RequirementDetailsPage:432 - vms:Accounts Payable contact info -Kendra Allbright
2017-11-15 04:20:39 INFO  RequirementDetailsPage:432 - vms:Chantal Truong
2017-11-15 04:20:39 INFO  RequirementDetailsPage:432 - vms:Christina Mason
2017-11-15 04:20:39 INFO  RequirementDetailsPage:432 - vms:Christopher Moore
2017-11-15 04:20:39 INFO  RequirementDetailsPage:432 - vms:Dawn Poole
2017-11-15 04:20:39 INFO  RequirementDetailsPage:432 - vms:Erika Decena
2017-11-15 04:20:40 INFO  RequirementDetailsPage:432 - vms:Erin Ketchum
2017-11-15 04:20:40 INFO  RequirementDetailsPage:432 - vms:Gary Weller
2017-11-15 04:20:40 INFO  RequirementDetailsPage:432 - vms:Goodare, Dara L
2017-11-15 04:20:40 INFO  RequirementDetailsPage:432 - vms:Jill Knapp
2017-11-15 04:20:40 INFO  RequirementDetailsPage:432 - vms:Lisa M. Hernandez
2017-11-15 04:20:40 INFO  RequirementDetailsPage:432 - vms:Lisa N Barrows
2017-11-15 04:20:40 INFO  RequirementDetailsPage:432 - vms:Mara Mueller
2017-11-15 04:20:40 INFO  RequirementDetailsPage:432 - vms:Michael Ling
2017-11-15 04:20:40 INFO  RequirementDetailsPage:432 - vms:Misty Wadkins
2017-11-15 04:20:40 INFO  RequirementDetailsPage:432 - vms:Myrla Macaraeg
2017-11-15 04:20:40 INFO  RequirementDetailsPage:432 - vms:Teresa Wik
2017-11-15 04:20:40 INFO  RequirementDetailsPage:489 - cleared in textbox
2017-11-15 04:20:40 INFO  RequirementDetailsPage:503 - unknown error: Element is not clickable at point (945, 1279)
  (Session info: chrome=61.0.3163.100)
  (Driver info: chromedriver=2.29.461591 (62ebf098771772160f391d75e589dc567915b233),platform=Windows NT 6.1.7601 SP1 x86_64) (WARNING: The server did not provide any stacktrace information)
Command duration or timeout: 0 milliseconds
Build info: version: '3.5.3', revision: 'a88d25fe6b', time: '2017-08-29T12:42:44.417Z'
System info: host: 'RIPLBRD50', ip: '192.168.1.169', os.name: 'Windows 7', os.arch: 'amd64', os.version: '6.1', java.version: '1.8.0_111'
Driver info: org.openqa.selenium.chrome.ChromeDriver
Capabilities [{applicationCacheEnabled=false, rotatable=false, mobileEmulationEnabled=false, networkConnectionEnabled=false, chrome={chromedriverVersion=2.29.461591 (62ebf098771772160f391d75e589dc567915b233), userDataDir=C:\Users\YOGESH~1\AppData\Local\Temp\scoped_dir5340_18218}, takesHeapSnapshot=true, pageLoadStrategy=normal, unhandledPromptBehavior=, databaseEnabled=false, handlesAlerts=true, hasTouchScreen=false, version=61.0.3163.100, platform=XP, browserConnectionEnabled=false, nativeEvents=true, acceptSslCerts=true, locationContextEnabled=true, webStorageEnabled=true, browserName=chrome, takesScreenshot=true, javascriptEnabled=true, platformName=XP, cssSelectorsEnabled=true, unexpectedAlertBehaviour=}]
Session ID: 397b2408e8f7a22091f30c44f538caae
2017-11-15 04:20:40 INFO  ElementLoad:47 - no such element: Unable to locate element: {"method":"xpath","selector":"//INPUT[@id='MandatorySkill1']"}
  (Session info: chrome=61.0.3163.100)
  (Driver info: chromedriver=2.29.461591 (62ebf098771772160f391d75e589dc567915b233),platform=Windows NT 6.1.7601 SP1 x86_64) (WARNING: The server did not provide any stacktrace information)
Command duration or timeout: 0 milliseconds
For documentation on this error, please visit: http://seleniumhq.org/exceptions/no_such_element.html
Build info: version: '3.5.3', revision: 'a88d25fe6b', time: '2017-08-29T12:42:44.417Z'
System info: host: 'RIPLBRD50', ip: '192.168.1.169', os.name: 'Windows 7', os.arch: 'amd64', os.version: '6.1', java.version: '1.8.0_111'
Driver info: org.openqa.selenium.chrome.ChromeDriver
Capabilities [{applicationCacheEnabled=false, rotatable=false, mobileEmulationEnabled=false, networkConnectionEnabled=false, chrome={chromedriverVersion=2.29.461591 (62ebf098771772160f391d75e589dc567915b233), userDataDir=C:\Users\YOGESH~1\AppData\Local\Temp\scoped_dir5340_18218}, takesHeapSnapshot=true, pageLoadStrategy=normal, unhandledPromptBehavior=, databaseEnabled=false, handlesAlerts=true, hasTouchScreen=false, version=61.0.3163.100, platform=XP, browserConnectionEnabled=false, nativeEvents=true, acceptSslCerts=true, locationContextEnabled=true, webStorageEnabled=true, browserName=chrome, takesScreenshot=true, javascriptEnabled=true, platformName=XP, cssSelectorsEnabled=true, unexpectedAlertBehaviour=}]
Session ID: 397b2408e8f7a22091f30c44f538caae
*** Element info: {Using=xpath, value=//INPUT[@id='MandatorySkill1']}
2017-11-15 04:20:40 INFO  RequirementDetailsPage:475 - 
2017-11-15 04:20:40 INFO  RequirementDetailsPage:81 - fillAllRequirementInformation() 
2017-11-15 04:20:40 INFO  ElementLoad:88 - []
2017-11-15 04:20:45 INFO  HomePage:180 - colors:color
2017-11-15 04:20:45 INFO  HomePage:212 - color not found
2017-11-15 04:20:45 INFO  HomePage:180 - colors: rgb(232, 69, 181);
2017-11-15 04:20:45 INFO  HomePage:182 - pink color
2017-11-15 04:20:45 INFO  HomePage:233 - winHandleBefore: CDwindow-d162b064-9e49-4bf1-bdb8-a62b8538624d
2017-11-15 04:20:45 INFO  HomePage:242 - winHandle: CDwindow-d162b064-9e49-4bf1-bdb8-a62b8538624d
2017-11-15 04:20:45 INFO  HomePage:242 - winHandle: CDwindow-43c1e8b0-f95e-4dbe-8abd-c6d0afb897db
2017-11-15 04:20:45 INFO  HomePage:242 - winHandle: CDwindow-6318c062-4671-4063-bb1f-247f1026effb
2017-11-15 04:20:45 INFO  HomePage:245 -  currnt winHandle: CDwindow-6318c062-4671-4063-bb1f-247f1026effb
2017-11-15 04:20:46 INFO  HomePage:246 - Title:Requirement Details
2017-11-15 04:20:46 INFO  ElementLoad:88 - [[[ChromeDriver: chrome on XP (397b2408e8f7a22091f30c44f538caae)] -> xpath: .//*[@id='requirementform']/div[3]/div[4]/div/ul/li], [[ChromeDriver: chrome on XP (397b2408e8f7a22091f30c44f538caae)] -> xpath: .//*[@id='requirementform']/div[3]/div[4]/div/ul/li], [[ChromeDriver: chrome on XP (397b2408e8f7a22091f30c44f538caae)] -> xpath: .//*[@id='requirementform']/div[3]/div[4]/div/ul/li], [[ChromeDriver: chrome on XP (397b2408e8f7a22091f30c44f538caae)] -> xpath: .//*[@id='requirementform']/div[3]/div[4]/div/ul/li], [[ChromeDriver: chrome on XP (397b2408e8f7a22091f30c44f538caae)] -> xpath: .//*[@id='requirementform']/div[3]/div[4]/div/ul/li]]
2017-11-15 04:20:46 INFO  ElementLoad:88 - [[[ChromeDriver: chrome on XP (397b2408e8f7a22091f30c44f538caae)] -> xpath: .//*[@id='requirementform']/div[3]/div[4]/div/ul/li], [[ChromeDriver: chrome on XP (397b2408e8f7a22091f30c44f538caae)] -> xpath: .//*[@id='requirementform']/div[3]/div[4]/div/ul/li], [[ChromeDriver: chrome on XP (397b2408e8f7a22091f30c44f538caae)] -> xpath: .//*[@id='requirementform']/div[3]/div[4]/div/ul/li], [[ChromeDriver: chrome on XP (397b2408e8f7a22091f30c44f538caae)] -> xpath: .//*[@id='requirementform']/div[3]/div[4]/div/ul/li], [[ChromeDriver: chrome on XP (397b2408e8f7a22091f30c44f538caae)] -> xpath: .//*[@id='requirementform']/div[3]/div[4]/div/ul/li]]
2017-11-15 04:20:46 INFO  RequirementDetailsPage:74 - tabTitle:Requirement Details
2017-11-15 04:20:46 INFO  ElementLoad:88 - [[[ChromeDriver: chrome on XP (397b2408e8f7a22091f30c44f538caae)] -> xpath: .//*[@id='requirementform']/div[3]/div[4]/div/ul/li], [[ChromeDriver: chrome on XP (397b2408e8f7a22091f30c44f538caae)] -> xpath: .//*[@id='requirementform']/div[3]/div[4]/div/ul/li], [[ChromeDriver: chrome on XP (397b2408e8f7a22091f30c44f538caae)] -> xpath: .//*[@id='requirementform']/div[3]/div[4]/div/ul/li], [[ChromeDriver: chrome on XP (397b2408e8f7a22091f30c44f538caae)] -> xpath: .//*[@id='requirementform']/div[3]/div[4]/div/ul/li], [[ChromeDriver: chrome on XP (397b2408e8f7a22091f30c44f538caae)] -> xpath: .//*[@id='requirementform']/div[3]/div[4]/div/ul/li]]
2017-11-15 04:20:46 INFO  RequirementDetailsPage:77 - Web url: http://demo.sourcepros.com/Requirement/Details/46051
2017-11-15 04:20:46 INFO  ElementLoad:88 - [[[ChromeDriver: chrome on XP (397b2408e8f7a22091f30c44f538caae)] -> xpath: .//*[@id='requirementform']/div[3]/div[4]/div/ul/li], [[ChromeDriver: chrome on XP (397b2408e8f7a22091f30c44f538caae)] -> xpath: .//*[@id='requirementform']/div[3]/div[4]/div/ul/li], [[ChromeDriver: chrome on XP (397b2408e8f7a22091f30c44f538caae)] -> xpath: .//*[@id='requirementform']/div[3]/div[4]/div/ul/li], [[ChromeDriver: chrome on XP (397b2408e8f7a22091f30c44f538caae)] -> xpath: .//*[@id='requirementform']/div[3]/div[4]/div/ul/li], [[ChromeDriver: chrome on XP (397b2408e8f7a22091f30c44f538caae)] -> xpath: .//*[@id='requirementform']/div[3]/div[4]/div/ul/li]]
2017-11-15 04:20:47 INFO  RequirementDetailsPage:136 - job code entered in textbox
2017-11-15 04:20:47 INFO  RequirementDetailsPage:186 - no such element: Unable to locate element: {"method":"xpath","selector":"//*[@id='tabReqDetails']/div/div[1]/div[2]/div[3]/div/a"}
  (Session info: chrome=61.0.3163.100)
  (Driver info: chromedriver=2.29.461591 (62ebf098771772160f391d75e589dc567915b233),platform=Windows NT 6.1.7601 SP1 x86_64) (WARNING: The server did not provide any stacktrace information)
Command duration or timeout: 0 milliseconds
For documentation on this error, please visit: http://seleniumhq.org/exceptions/no_such_element.html
Build info: version: '3.5.3', revision: 'a88d25fe6b', time: '2017-08-29T12:42:44.417Z'
System info: host: 'RIPLBRD50', ip: '192.168.1.169', os.name: 'Windows 7', os.arch: 'amd64', os.version: '6.1', java.version: '1.8.0_111'
Driver info: org.openqa.selenium.chrome.ChromeDriver
Capabilities [{applicationCacheEnabled=false, rotatable=false, mobileEmulationEnabled=false, networkConnectionEnabled=false, chrome={chromedriverVersion=2.29.461591 (62ebf098771772160f391d75e589dc567915b233), userDataDir=C:\Users\YOGESH~1\AppData\Local\Temp\scoped_dir5340_18218}, takesHeapSnapshot=true, pageLoadStrategy=normal, unhandledPromptBehavior=, databaseEnabled=false, handlesAlerts=true, hasTouchScreen=false, version=61.0.3163.100, platform=XP, browserConnectionEnabled=false, nativeEvents=true, acceptSslCerts=true, locationContextEnabled=true, webStorageEnabled=true, browserName=chrome, takesScreenshot=true, javascriptEnabled=true, platformName=XP, cssSelectorsEnabled=true, unexpectedAlertBehaviour=}]
Session ID: 397b2408e8f7a22091f30c44f538caae
*** Element info: {Using=xpath, value=//*[@id='tabReqDetails']/div/div[1]/div[2]/div[3]/div/a}
2017-11-15 04:20:47 INFO  RequirementDetailsPage:277 - Entered Addressline1 in textbox
2017-11-15 04:20:47 INFO  ElementLoad:47 - no such element: Unable to locate element: {"method":"xpath","selector":"//select[@id='drpState']"}
  (Session info: chrome=61.0.3163.100)
  (Driver info: chromedriver=2.29.461591 (62ebf098771772160f391d75e589dc567915b233),platform=Windows NT 6.1.7601 SP1 x86_64) (WARNING: The server did not provide any stacktrace information)
Command duration or timeout: 0 milliseconds
For documentation on this error, please visit: http://seleniumhq.org/exceptions/no_such_element.html
Build info: version: '3.5.3', revision: 'a88d25fe6b', time: '2017-08-29T12:42:44.417Z'
System info: host: 'RIPLBRD50', ip: '192.168.1.169', os.name: 'Windows 7', os.arch: 'amd64', os.version: '6.1', java.version: '1.8.0_111'
Driver info: org.openqa.selenium.chrome.ChromeDriver
Capabilities [{applicationCacheEnabled=false, rotatable=false, mobileEmulationEnabled=false, networkConnectionEnabled=false, chrome={chromedriverVersion=2.29.461591 (62ebf098771772160f391d75e589dc567915b233), userDataDir=C:\Users\YOGESH~1\AppData\Local\Temp\scoped_dir5340_18218}, takesHeapSnapshot=true, pageLoadStrategy=normal, unhandledPromptBehavior=, databaseEnabled=false, handlesAlerts=true, hasTouchScreen=false, version=61.0.3163.100, platform=XP, browserConnectionEnabled=false, nativeEvents=true, acceptSslCerts=true, locationContextEnabled=true, webStorageEnabled=true, browserName=chrome, takesScreenshot=true, javascriptEnabled=true, platformName=XP, cssSelectorsEnabled=true, unexpectedAlertBehaviour=}]
Session ID: 397b2408e8f7a22091f30c44f538caae
*** Element info: {Using=xpath, value=//select[@id='drpState']}
2017-11-15 04:20:47 INFO  RequirementDetailsPage:324 - 
2017-11-15 04:20:47 INFO  ElementLoad:47 - no such element: Unable to locate element: {"method":"xpath","selector":"//select[@id='drpsReqManager']"}
  (Session info: chrome=61.0.3163.100)
  (Driver info: chromedriver=2.29.461591 (62ebf098771772160f391d75e589dc567915b233),platform=Windows NT 6.1.7601 SP1 x86_64) (WARNING: The server did not provide any stacktrace information)
Command duration or timeout: 0 milliseconds
For documentation on this error, please visit: http://seleniumhq.org/exceptions/no_such_element.html
Build info: version: '3.5.3', revision: 'a88d25fe6b', time: '2017-08-29T12:42:44.417Z'
System info: host: 'RIPLBRD50', ip: '192.168.1.169', os.name: 'Windows 7', os.arch: 'amd64', os.version: '6.1', java.version: '1.8.0_111'
Driver info: org.openqa.selenium.chrome.ChromeDriver
Capabilities [{applicationCacheEnabled=false, rotatable=false, mobileEmulationEnabled=false, networkConnectionEnabled=false, chrome={chromedriverVersion=2.29.461591 (62ebf098771772160f391d75e589dc567915b233), userDataDir=C:\Users\YOGESH~1\AppData\Local\Temp\scoped_dir5340_18218}, takesHeapSnapshot=true, pageLoadStrategy=normal, unhandledPromptBehavior=, databaseEnabled=false, handlesAlerts=true, hasTouchScreen=false, version=61.0.3163.100, platform=XP, browserConnectionEnabled=false, nativeEvents=true, acceptSslCerts=true, locationContextEnabled=true, webStorageEnabled=true, browserName=chrome, takesScreenshot=true, javascriptEnabled=true, platformName=XP, cssSelectorsEnabled=true, unexpectedAlertBehaviour=}]
Session ID: 397b2408e8f7a22091f30c44f538caae
*** Element info: {Using=xpath, value=//select[@id='drpsReqManager']}
2017-11-15 04:20:47 INFO  RequirementDetailsPage:339 - 
2017-11-15 04:21:48 INFO  RequirementDetailsPage:375 - Expected condition failed: waiting for visibility of [[ChromeDriver: chrome on XP (397b2408e8f7a22091f30c44f538caae)] -> xpath: //INPUT[@id='IsRCApproved']] (tried for 60 second(s) with 500 MILLISECONDS interval)
Build info: version: '3.5.3', revision: 'a88d25fe6b', time: '2017-08-29T12:42:44.417Z'
System info: host: 'RIPLBRD50', ip: '192.168.1.169', os.name: 'Windows 7', os.arch: 'amd64', os.version: '6.1', java.version: '1.8.0_111'
Driver info: org.openqa.selenium.chrome.ChromeDriver
Capabilities [{applicationCacheEnabled=false, rotatable=false, mobileEmulationEnabled=false, networkConnectionEnabled=false, chrome={chromedriverVersion=2.29.461591 (62ebf098771772160f391d75e589dc567915b233), userDataDir=C:\Users\YOGESH~1\AppData\Local\Temp\scoped_dir5340_18218}, takesHeapSnapshot=true, pageLoadStrategy=normal, unhandledPromptBehavior=, databaseEnabled=false, handlesAlerts=true, hasTouchScreen=false, version=61.0.3163.100, platform=XP, browserConnectionEnabled=false, nativeEvents=true, acceptSslCerts=true, locationContextEnabled=true, webStorageEnabled=true, browserName=chrome, takesScreenshot=true, javascriptEnabled=true, platformName=XP, cssSelectorsEnabled=true, unexpectedAlertBehaviour=}]
Session ID: 397b2408e8f7a22091f30c44f538caae
2017-11-15 04:21:48 INFO  RequirementDetailsPage:387 - select Category status:Admin
2017-11-15 04:21:49 INFO  RequirementDetailsPage:403 - select Client in textbox:
2017-11-15 04:21:49 INFO  RequirementDetailsPage:409 - Entered ClientBillRate in textbox:10.54
2017-11-15 04:21:49 INFO  RequirementDetailsPage:414 - Entered CandidatePayRate in textbox:10.54
2017-11-15 04:21:49 INFO  RequirementDetailsPage:419 - Entered RateType in textbox:Monthly
2017-11-15 04:21:50 INFO  RequirementDetailsPage:425 - VMSManager click on it
2017-11-15 04:21:50 INFO  RequirementDetailsPage:432 - vms:-- Select --
2017-11-15 04:21:50 INFO  RequirementDetailsPage:432 - vms:Annette Lach
2017-11-15 04:21:50 INFO  RequirementDetailsPage:432 - vms:Jared Hersh - 100 Research Drive Worcester, MA 01605
2017-11-15 04:21:50 INFO  RequirementDetailsPage:432 - vms:Mary Block
2017-11-15 04:21:50 INFO  RequirementDetailsPage:432 - vms:Megan Glass
2017-11-15 04:21:50 INFO  RequirementDetailsPage:432 - vms:Sandy Michaud
2017-11-15 04:21:50 INFO  ElementLoad:47 - no such element: Unable to locate element: {"method":"xpath","selector":"//*[@id="tinymce"]/p"}
  (Session info: chrome=61.0.3163.100)
  (Driver info: chromedriver=2.29.461591 (62ebf098771772160f391d75e589dc567915b233),platform=Windows NT 6.1.7601 SP1 x86_64) (WARNING: The server did not provide any stacktrace information)
Command duration or timeout: 0 milliseconds
For documentation on this error, please visit: http://seleniumhq.org/exceptions/no_such_element.html
Build info: version: '3.5.3', revision: 'a88d25fe6b', time: '2017-08-29T12:42:44.417Z'
System info: host: 'RIPLBRD50', ip: '192.168.1.169', os.name: 'Windows 7', os.arch: 'amd64', os.version: '6.1', java.version: '1.8.0_111'
Driver info: org.openqa.selenium.chrome.ChromeDriver
Capabilities [{applicationCacheEnabled=false, rotatable=false, mobileEmulationEnabled=false, networkConnectionEnabled=false, chrome={chromedriverVersion=2.29.461591 (62ebf098771772160f391d75e589dc567915b233), userDataDir=C:\Users\YOGESH~1\AppData\Local\Temp\scoped_dir5340_18218}, takesHeapSnapshot=true, pageLoadStrategy=normal, unhandledPromptBehavior=, databaseEnabled=false, handlesAlerts=true, hasTouchScreen=false, version=61.0.3163.100, platform=XP, browserConnectionEnabled=false, nativeEvents=true, acceptSslCerts=true, locationContextEnabled=true, webStorageEnabled=true, browserName=chrome, takesScreenshot=true, javascriptEnabled=true, platformName=XP, cssSelectorsEnabled=true, unexpectedAlertBehaviour=}]
Session ID: 397b2408e8f7a22091f30c44f538caae
*** Element info: {Using=xpath, value=//*[@id="tinymce"]/p}
2017-11-15 04:21:50 INFO  RequirementDetailsPage:489 - cleared in textbox
2017-11-15 04:21:50 INFO  RequirementDetailsPage:503 - Must provide a location for a move action.
2017-11-15 04:21:50 INFO  ElementLoad:47 - no such element: Unable to locate element: {"method":"xpath","selector":"//INPUT[@id='MandatorySkill1']"}
  (Session info: chrome=61.0.3163.100)
  (Driver info: chromedriver=2.29.461591 (62ebf098771772160f391d75e589dc567915b233),platform=Windows NT 6.1.7601 SP1 x86_64) (WARNING: The server did not provide any stacktrace information)
Command duration or timeout: 0 milliseconds
For documentation on this error, please visit: http://seleniumhq.org/exceptions/no_such_element.html
Build info: version: '3.5.3', revision: 'a88d25fe6b', time: '2017-08-29T12:42:44.417Z'
System info: host: 'RIPLBRD50', ip: '192.168.1.169', os.name: 'Windows 7', os.arch: 'amd64', os.version: '6.1', java.version: '1.8.0_111'
Driver info: org.openqa.selenium.chrome.ChromeDriver
Capabilities [{applicationCacheEnabled=false, rotatable=false, mobileEmulationEnabled=false, networkConnectionEnabled=false, chrome={chromedriverVersion=2.29.461591 (62ebf098771772160f391d75e589dc567915b233), userDataDir=C:\Users\YOGESH~1\AppData\Local\Temp\scoped_dir5340_18218}, takesHeapSnapshot=true, pageLoadStrategy=normal, unhandledPromptBehavior=, databaseEnabled=false, handlesAlerts=true, hasTouchScreen=false, version=61.0.3163.100, platform=XP, browserConnectionEnabled=false, nativeEvents=true, acceptSslCerts=true, locationContextEnabled=true, webStorageEnabled=true, browserName=chrome, takesScreenshot=true, javascriptEnabled=true, platformName=XP, cssSelectorsEnabled=true, unexpectedAlertBehaviour=}]
Session ID: 397b2408e8f7a22091f30c44f538caae
*** Element info: {Using=xpath, value=//INPUT[@id='MandatorySkill1']}
2017-11-15 04:21:50 INFO  RequirementDetailsPage:475 - 
2017-11-15 04:21:50 INFO  RequirementDetailsPage:81 - fillAllRequirementInformation() 
2017-11-15 04:21:50 INFO  ElementLoad:88 - []
2017-11-15 04:21:55 INFO  HomePage:180 - colors:color
2017-11-15 04:21:55 INFO  HomePage:212 - color not found
2017-11-15 04:21:55 INFO  HomePage:180 - colors: rgb(232, 69, 181);
2017-11-15 04:21:55 INFO  HomePage:182 - pink color
2017-11-15 04:21:55 INFO  HomePage:233 - winHandleBefore: CDwindow-d162b064-9e49-4bf1-bdb8-a62b8538624d
2017-11-15 04:21:55 INFO  HomePage:242 - winHandle: CDwindow-d162b064-9e49-4bf1-bdb8-a62b8538624d
2017-11-15 04:21:55 INFO  HomePage:242 - winHandle: CDwindow-43c1e8b0-f95e-4dbe-8abd-c6d0afb897db
2017-11-15 04:21:55 INFO  HomePage:242 - winHandle: CDwindow-29a424d3-efd6-4cd5-8205-24407382a34a
2017-11-15 04:21:55 INFO  HomePage:245 -  currnt winHandle: CDwindow-29a424d3-efd6-4cd5-8205-24407382a34a
2017-11-15 04:21:57 INFO  HomePage:246 - Title:Requirement Details
2017-11-15 04:21:57 INFO  ElementLoad:88 - [[[ChromeDriver: chrome on XP (397b2408e8f7a22091f30c44f538caae)] -> xpath: .//*[@id='requirementform']/div[3]/div[4]/div/ul/li], [[ChromeDriver: chrome on XP (397b2408e8f7a22091f30c44f538caae)] -> xpath: .//*[@id='requirementform']/div[3]/div[4]/div/ul/li], [[ChromeDriver: chrome on XP (397b2408e8f7a22091f30c44f538caae)] -> xpath: .//*[@id='requirementform']/div[3]/div[4]/div/ul/li], [[ChromeDriver: chrome on XP (397b2408e8f7a22091f30c44f538caae)] -> xpath: .//*[@id='requirementform']/div[3]/div[4]/div/ul/li], [[ChromeDriver: chrome on XP (397b2408e8f7a22091f30c44f538caae)] -> xpath: .//*[@id='requirementform']/div[3]/div[4]/div/ul/li]]
2017-11-15 04:21:57 INFO  ElementLoad:88 - [[[ChromeDriver: chrome on XP (397b2408e8f7a22091f30c44f538caae)] -> xpath: .//*[@id='requirementform']/div[3]/div[4]/div/ul/li], [[ChromeDriver: chrome on XP (397b2408e8f7a22091f30c44f538caae)] -> xpath: .//*[@id='requirementform']/div[3]/div[4]/div/ul/li], [[ChromeDriver: chrome on XP (397b2408e8f7a22091f30c44f538caae)] -> xpath: .//*[@id='requirementform']/div[3]/div[4]/div/ul/li], [[ChromeDriver: chrome on XP (397b2408e8f7a22091f30c44f538caae)] -> xpath: .//*[@id='requirementform']/div[3]/div[4]/div/ul/li], [[ChromeDriver: chrome on XP (397b2408e8f7a22091f30c44f538caae)] -> xpath: .//*[@id='requirementform']/div[3]/div[4]/div/ul/li]]
2017-11-15 04:21:57 INFO  RequirementDetailsPage:74 - tabTitle:Requirement Details
2017-11-15 04:21:57 INFO  ElementLoad:88 - [[[ChromeDriver: chrome on XP (397b2408e8f7a22091f30c44f538caae)] -> xpath: .//*[@id='requirementform']/div[3]/div[4]/div/ul/li], [[ChromeDriver: chrome on XP (397b2408e8f7a22091f30c44f538caae)] -> xpath: .//*[@id='requirementform']/div[3]/div[4]/div/ul/li], [[ChromeDriver: chrome on XP (397b2408e8f7a22091f30c44f538caae)] -> xpath: .//*[@id='requirementform']/div[3]/div[4]/div/ul/li], [[ChromeDriver: chrome on XP (397b2408e8f7a22091f30c44f538caae)] -> xpath: .//*[@id='requirementform']/div[3]/div[4]/div/ul/li], [[ChromeDriver: chrome on XP (397b2408e8f7a22091f30c44f538caae)] -> xpath: .//*[@id='requirementform']/div[3]/div[4]/div/ul/li]]
2017-11-15 04:21:57 INFO  RequirementDetailsPage:77 - Web url: http://demo.sourcepros.com/Requirement/Details/46049
2017-11-15 04:21:57 INFO  ElementLoad:88 - [[[ChromeDriver: chrome on XP (397b2408e8f7a22091f30c44f538caae)] -> xpath: .//*[@id='requirementform']/div[3]/div[4]/div/ul/li], [[ChromeDriver: chrome on XP (397b2408e8f7a22091f30c44f538caae)] -> xpath: .//*[@id='requirementform']/div[3]/div[4]/div/ul/li], [[ChromeDriver: chrome on XP (397b2408e8f7a22091f30c44f538caae)] -> xpath: .//*[@id='requirementform']/div[3]/div[4]/div/ul/li], [[ChromeDriver: chrome on XP (397b2408e8f7a22091f30c44f538caae)] -> xpath: .//*[@id='requirementform']/div[3]/div[4]/div/ul/li], [[ChromeDriver: chrome on XP (397b2408e8f7a22091f30c44f538caae)] -> xpath: .//*[@id='requirementform']/div[3]/div[4]/div/ul/li]]
2017-11-15 04:21:57 INFO  RequirementDetailsPage:136 - job code entered in textbox
2017-11-15 04:21:57 INFO  RequirementDetailsPage:186 - no such element: Unable to locate element: {"method":"xpath","selector":"//*[@id='tabReqDetails']/div/div[1]/div[2]/div[3]/div/a"}
  (Session info: chrome=61.0.3163.100)
  (Driver info: chromedriver=2.29.461591 (62ebf098771772160f391d75e589dc567915b233),platform=Windows NT 6.1.7601 SP1 x86_64) (WARNING: The server did not provide any stacktrace information)
Command duration or timeout: 0 milliseconds
For documentation on this error, please visit: http://seleniumhq.org/exceptions/no_such_element.html
Build info: version: '3.5.3', revision: 'a88d25fe6b', time: '2017-08-29T12:42:44.417Z'
System info: host: 'RIPLBRD50', ip: '192.168.1.169', os.name: 'Windows 7', os.arch: 'amd64', os.version: '6.1', java.version: '1.8.0_111'
Driver info: org.openqa.selenium.chrome.ChromeDriver
Capabilities [{applicationCacheEnabled=false, rotatable=false, mobileEmulationEnabled=false, networkConnectionEnabled=false, chrome={chromedriverVersion=2.29.461591 (62ebf098771772160f391d75e589dc567915b233), userDataDir=C:\Users\YOGESH~1\AppData\Local\Temp\scoped_dir5340_18218}, takesHeapSnapshot=true, pageLoadStrategy=normal, unhandledPromptBehavior=, databaseEnabled=false, handlesAlerts=true, hasTouchScreen=false, version=61.0.3163.100, platform=XP, browserConnectionEnabled=false, nativeEvents=true, acceptSslCerts=true, locationContextEnabled=true, webStorageEnabled=true, browserName=chrome, takesScreenshot=true, javascriptEnabled=true, platformName=XP, cssSelectorsEnabled=true, unexpectedAlertBehaviour=}]
Session ID: 397b2408e8f7a22091f30c44f538caae
*** Element info: {Using=xpath, value=//*[@id='tabReqDetails']/div/div[1]/div[2]/div[3]/div/a}
2017-11-15 04:21:58 INFO  RequirementDetailsPage:277 - Entered Addressline1 in textbox
2017-11-15 04:21:58 INFO  ElementLoad:47 - no such element: Unable to locate element: {"method":"xpath","selector":"//select[@id='drpState']"}
  (Session info: chrome=61.0.3163.100)
  (Driver info: chromedriver=2.29.461591 (62ebf098771772160f391d75e589dc567915b233),platform=Windows NT 6.1.7601 SP1 x86_64) (WARNING: The server did not provide any stacktrace information)
Command duration or timeout: 0 milliseconds
For documentation on this error, please visit: http://seleniumhq.org/exceptions/no_such_element.html
Build info: version: '3.5.3', revision: 'a88d25fe6b', time: '2017-08-29T12:42:44.417Z'
System info: host: 'RIPLBRD50', ip: '192.168.1.169', os.name: 'Windows 7', os.arch: 'amd64', os.version: '6.1', java.version: '1.8.0_111'
Driver info: org.openqa.selenium.chrome.ChromeDriver
Capabilities [{applicationCacheEnabled=false, rotatable=false, mobileEmulationEnabled=false, networkConnectionEnabled=false, chrome={chromedriverVersion=2.29.461591 (62ebf098771772160f391d75e589dc567915b233), userDataDir=C:\Users\YOGESH~1\AppData\Local\Temp\scoped_dir5340_18218}, takesHeapSnapshot=true, pageLoadStrategy=normal, unhandledPromptBehavior=, databaseEnabled=false, handlesAlerts=true, hasTouchScreen=false, version=61.0.3163.100, platform=XP, browserConnectionEnabled=false, nativeEvents=true, acceptSslCerts=true, locationContextEnabled=true, webStorageEnabled=true, browserName=chrome, takesScreenshot=true, javascriptEnabled=true, platformName=XP, cssSelectorsEnabled=true, unexpectedAlertBehaviour=}]
Session ID: 397b2408e8f7a22091f30c44f538caae
*** Element info: {Using=xpath, value=//select[@id='drpState']}
2017-11-15 04:21:58 INFO  RequirementDetailsPage:324 - 
2017-11-15 04:21:58 INFO  ElementLoad:47 - no such element: Unable to locate element: {"method":"xpath","selector":"//select[@id='drpsReqManager']"}
  (Session info: chrome=61.0.3163.100)
  (Driver info: chromedriver=2.29.461591 (62ebf098771772160f391d75e589dc567915b233),platform=Windows NT 6.1.7601 SP1 x86_64) (WARNING: The server did not provide any stacktrace information)
Command duration or timeout: 0 milliseconds
For documentation on this error, please visit: http://seleniumhq.org/exceptions/no_such_element.html
Build info: version: '3.5.3', revision: 'a88d25fe6b', time: '2017-08-29T12:42:44.417Z'
System info: host: 'RIPLBRD50', ip: '192.168.1.169', os.name: 'Windows 7', os.arch: 'amd64', os.version: '6.1', java.version: '1.8.0_111'
Driver info: org.openqa.selenium.chrome.ChromeDriver
Capabilities [{applicationCacheEnabled=false, rotatable=false, mobileEmulationEnabled=false, networkConnectionEnabled=false, chrome={chromedriverVersion=2.29.461591 (62ebf098771772160f391d75e589dc567915b233), userDataDir=C:\Users\YOGESH~1\AppData\Local\Temp\scoped_dir5340_18218}, takesHeapSnapshot=true, pageLoadStrategy=normal, unhandledPromptBehavior=, databaseEnabled=false, handlesAlerts=true, hasTouchScreen=false, version=61.0.3163.100, platform=XP, browserConnectionEnabled=false, nativeEvents=true, acceptSslCerts=true, locationContextEnabled=true, webStorageEnabled=true, browserName=chrome, takesScreenshot=true, javascriptEnabled=true, platformName=XP, cssSelectorsEnabled=true, unexpectedAlertBehaviour=}]
Session ID: 397b2408e8f7a22091f30c44f538caae
*** Element info: {Using=xpath, value=//select[@id='drpsReqManager']}
2017-11-15 04:21:58 INFO  RequirementDetailsPage:339 - 
2017-11-15 04:22:58 INFO  RequirementDetailsPage:375 - Expected condition failed: waiting for visibility of [[ChromeDriver: chrome on XP (397b2408e8f7a22091f30c44f538caae)] -> xpath: //INPUT[@id='IsRCApproved']] (tried for 60 second(s) with 500 MILLISECONDS interval)
Build info: version: '3.5.3', revision: 'a88d25fe6b', time: '2017-08-29T12:42:44.417Z'
System info: host: 'RIPLBRD50', ip: '192.168.1.169', os.name: 'Windows 7', os.arch: 'amd64', os.version: '6.1', java.version: '1.8.0_111'
Driver info: org.openqa.selenium.chrome.ChromeDriver
Capabilities [{applicationCacheEnabled=false, rotatable=false, mobileEmulationEnabled=false, networkConnectionEnabled=false, chrome={chromedriverVersion=2.29.461591 (62ebf098771772160f391d75e589dc567915b233), userDataDir=C:\Users\YOGESH~1\AppData\Local\Temp\scoped_dir5340_18218}, takesHeapSnapshot=true, pageLoadStrategy=normal, unhandledPromptBehavior=, databaseEnabled=false, handlesAlerts=true, hasTouchScreen=false, version=61.0.3163.100, platform=XP, browserConnectionEnabled=false, nativeEvents=true, acceptSslCerts=true, locationContextEnabled=true, webStorageEnabled=true, browserName=chrome, takesScreenshot=true, javascriptEnabled=true, platformName=XP, cssSelectorsEnabled=true, unexpectedAlertBehaviour=}]
Session ID: 397b2408e8f7a22091f30c44f538caae
2017-11-15 04:22:58 INFO  RequirementDetailsPage:387 - select Category status:Admin
2017-11-15 04:22:59 INFO  RequirementDetailsPage:403 - select Client in textbox:
2017-11-15 04:22:59 INFO  RequirementDetailsPage:409 - Entered ClientBillRate in textbox:10.54
2017-11-15 04:22:59 INFO  RequirementDetailsPage:414 - Entered CandidatePayRate in textbox:10.54
2017-11-15 04:22:59 INFO  RequirementDetailsPage:419 - Entered RateType in textbox:Monthly
2017-11-15 04:22:59 INFO  RequirementDetailsPage:425 - VMSManager click on it
2017-11-15 04:22:59 INFO  RequirementDetailsPage:432 - vms:-- Select --
2017-11-15 04:23:00 INFO  RequirementDetailsPage:432 - vms:E-Mail Address
2017-11-15 04:23:00 INFO  RequirementDetailsPage:432 - vms:BARRY MITTELMANN
2017-11-15 04:23:00 INFO  RequirementDetailsPage:432 - vms:Madelyn Atlas Email Address
2017-11-15 04:23:00 INFO  RequirementDetailsPage:432 - vms:Mark Polyak Email Address
2017-11-15 04:23:00 INFO  RequirementDetailsPage:432 - vms:Mark Polyak Email Address
2017-11-15 04:23:00 INFO  RequirementDetailsPage:432 - vms:Email
2017-11-15 04:23:00 INFO  RequirementDetailsPage:432 - vms:BARRY MITTELMANN
2017-11-15 04:23:00 INFO  RequirementDetailsPage:432 - vms:Alex Linetskiy Phone
2017-11-15 04:23:00 INFO  RequirementDetailsPage:432 - vms:Hazel Harber Phone
2017-11-15 04:23:00 INFO  RequirementDetailsPage:432 - vms:Mark Polyak
2017-11-15 04:23:00 INFO  RequirementDetailsPage:432 - vms:Alexander Gonzalez
2017-11-15 04:23:00 INFO  RequirementDetailsPage:432 - vms:Claudia Castro
2017-11-15 04:23:00 INFO  RequirementDetailsPage:432 - vms:Elizabeth ODonnell
2017-11-15 04:23:00 INFO  RequirementDetailsPage:432 - vms:Madelyn Atlas
2017-11-15 04:23:00 INFO  RequirementDetailsPage:432 - vms:Maria Gomez
2017-11-15 04:23:00 INFO  RequirementDetailsPage:432 - vms:Mark Polyak
2017-11-15 04:23:00 INFO  RequirementDetailsPage:432 - vms:_ Alexander Gonzalez__
2017-11-15 04:23:00 INFO  RequirementDetailsPage:432 - vms:_____BARRY MITTELMMANN__ E-mail bmittelmann@dsny.nyc.gov Phone No.
2017-11-15 04:23:00 INFO  RequirementDetailsPage:432 - vms:___John K. Bernabe
2017-11-15 04:23:00 INFO  RequirementDetailsPage:432 - vms:___John K. Bernabe_______
2017-11-15 04:23:00 INFO  RequirementDetailsPage:432 - vms:___Morvette Merchant
2017-11-15 04:23:00 INFO  RequirementDetailsPage:432 - vms:___Stephen Stamo____________
2017-11-15 04:23:00 INFO  RequirementDetailsPage:432 - vms:_Alexander Gonzalez__
2017-11-15 04:23:00 INFO  RequirementDetailsPage:432 - vms:_Angie Adams___________
2017-11-15 04:23:00 INFO  RequirementDetailsPage:432 - vms:_Douglas Tiburcio_
2017-11-15 04:23:00 INFO  RequirementDetailsPage:432 - vms:_Michelle Miao________
2017-11-15 04:23:00 INFO  RequirementDetailsPage:432 - vms:_Michelle Miao_________
2017-11-15 04:23:00 INFO  RequirementDetailsPage:432 - vms:Alex Linetskiy Alternate
2017-11-15 04:23:00 INFO  RequirementDetailsPage:432 - vms:Alexander Gonzalez E-mail
2017-11-15 04:23:00 INFO  RequirementDetailsPage:432 - vms:Alexander Gonzalez
2017-11-15 04:23:00 INFO  RequirementDetailsPage:432 - vms:Alexander Gonzalez E-mail
2017-11-15 04:23:00 INFO  RequirementDetailsPage:432 - vms:ALTHEA SAMUELS
2017-11-15 04:23:01 INFO  RequirementDetailsPage:432 - vms:Amanda Lawrence
2017-11-15 04:23:01 INFO  RequirementDetailsPage:432 - vms:Angelique Zayas
2017-11-15 04:23:01 INFO  RequirementDetailsPage:432 - vms:Angie Adams
2017-11-15 04:23:01 INFO  RequirementDetailsPage:432 - vms:Anthony Ilesamni
2017-11-15 04:23:01 INFO  RequirementDetailsPage:432 - vms:Anthony Ilesamni E-mail
2017-11-15 04:23:01 INFO  RequirementDetailsPage:432 - vms:Anthony Ilesanmi
2017-11-15 04:23:01 INFO  RequirementDetailsPage:432 - vms:Anthony Ilesanmi
2017-11-15 04:23:01 INFO  RequirementDetailsPage:432 - vms:Anthony Ilesanmi E-mail
2017-11-15 04:23:01 INFO  RequirementDetailsPage:432 - vms:Barbara Markowitz, ACCO
2017-11-15 04:23:01 INFO  RequirementDetailsPage:432 - vms:BARRY MITTELMANN
2017-11-15 04:23:01 INFO  RequirementDetailsPage:432 - vms:BARRY MITTELMANN bmittelmann@dsny.nyc.gov Phone No.
2017-11-15 04:23:01 INFO  RequirementDetailsPage:432 - vms:BARRY MITTELMANN
2017-11-15 04:23:01 INFO  RequirementDetailsPage:432 - vms:bmittelmann@dsny.nyc.gov Phone No.
2017-11-15 04:23:01 INFO  RequirementDetailsPage:432 - vms:Brad McGrath
2017-11-15 04:23:01 INFO  RequirementDetailsPage:432 - vms:Camella Fairweather
2017-11-15 04:23:01 INFO  RequirementDetailsPage:432 - vms:Camella Fairweather
2017-11-15 04:23:01 INFO  RequirementDetailsPage:432 - vms:Cassandra Stevens
2017-11-15 04:23:01 INFO  RequirementDetailsPage:432 - vms:Chuma Uwechia
2017-11-15 04:23:01 INFO  RequirementDetailsPage:432 - vms:Chuma Uwechia_______
2017-11-15 04:23:01 INFO  RequirementDetailsPage:432 - vms:Claudia Castro
2017-11-15 04:23:01 INFO  RequirementDetailsPage:432 - vms:Dana Cantelmi
2017-11-15 04:23:01 INFO  RequirementDetailsPage:432 - vms:Daphne Harris
2017-11-15 04:23:01 INFO  RequirementDetailsPage:432 - vms:Dawn Fitzpatrick
2017-11-15 04:23:01 INFO  RequirementDetailsPage:432 - vms:Dinoska Linares
2017-11-15 04:23:01 INFO  RequirementDetailsPage:432 - vms:Doreen Allan
2017-11-15 04:23:01 INFO  RequirementDetailsPage:432 - vms:Douglas Tiburcio
2017-11-15 04:23:01 INFO  RequirementDetailsPage:432 - vms:Douglas Tiburcio
2017-11-15 04:23:01 INFO  RequirementDetailsPage:432 - vms:Edward Woda
2017-11-15 04:23:01 INFO  RequirementDetailsPage:432 - vms:Gino Gioia
2017-11-15 04:23:01 INFO  RequirementDetailsPage:432 - vms:Hazel Harber Phone
2017-11-15 04:23:01 INFO  RequirementDetailsPage:432 - vms:Jean Kirk
2017-11-15 04:23:01 INFO  RequirementDetailsPage:432 - vms:Jean Kirk & Gino Gioia
2017-11-15 04:23:01 INFO  RequirementDetailsPage:432 - vms:Jeff Clark Email
2017-11-15 04:23:02 INFO  RequirementDetailsPage:432 - vms:Jeffrey Clark
2017-11-15 04:23:02 INFO  RequirementDetailsPage:432 - vms:Jeffrey Clark Email
2017-11-15 04:23:02 INFO  RequirementDetailsPage:432 - vms:Jerry Augustin
2017-11-15 04:23:02 INFO  RequirementDetailsPage:432 - vms:John K. Bernabe
2017-11-15 04:23:02 INFO  RequirementDetailsPage:432 - vms:John K. Bernabe
2017-11-15 04:23:02 INFO  RequirementDetailsPage:432 - vms:Joyce Heller
2017-11-15 04:23:02 INFO  RequirementDetailsPage:432 - vms:Ken OBrien
2017-11-15 04:23:02 INFO  RequirementDetailsPage:432 - vms:Lenore OKeefe
2017-11-15 04:23:02 INFO  RequirementDetailsPage:432 - vms:Lorna Mondesir
2017-11-15 04:23:02 INFO  RequirementDetailsPage:432 - vms:Madelyn Atlas
2017-11-15 04:23:02 INFO  RequirementDetailsPage:432 - vms:Maria Gomez
2017-11-15 04:23:02 INFO  RequirementDetailsPage:432 - vms:Maria Gomez
2017-11-15 04:23:02 INFO  RequirementDetailsPage:432 - vms:Mark Polyak
2017-11-15 04:23:02 INFO  RequirementDetailsPage:432 - vms:Mark Polyak
2017-11-15 04:23:02 INFO  RequirementDetailsPage:432 - vms:Mary Keating, Contracting Officer
2017-11-15 04:23:02 INFO  RequirementDetailsPage:432 - vms:Mary Keating,Contracting Officer
2017-11-15 04:23:02 INFO  RequirementDetailsPage:432 - vms:Michael Owen
2017-11-15 04:23:02 INFO  RequirementDetailsPage:432 - vms:Michael Wright
2017-11-15 04:23:02 INFO  RequirementDetailsPage:432 - vms:Morvette Merchant
2017-11-15 04:23:02 INFO  RequirementDetailsPage:432 - vms:Mr. Jean Blanc
2017-11-15 04:23:02 INFO  RequirementDetailsPage:432 - vms:Mr. Mark Polyak
2017-11-15 04:23:02 INFO  RequirementDetailsPage:432 - vms:Natasha Bartley
2017-11-15 04:23:02 INFO  RequirementDetailsPage:432 - vms:Natasha Bartley
2017-11-15 04:23:02 INFO  RequirementDetailsPage:432 - vms:Natasha Bartley
2017-11-15 04:23:02 INFO  RequirementDetailsPage:432 - vms:Nick Rozza
2017-11-15 04:23:02 INFO  RequirementDetailsPage:432 - vms:Ozgur Manuka
2017-11-15 04:23:02 INFO  RequirementDetailsPage:432 - vms:Pamela DiStefano
2017-11-15 04:23:02 INFO  RequirementDetailsPage:432 - vms:Pavel Rusinov
2017-11-15 04:23:02 INFO  RequirementDetailsPage:432 - vms:Rachel Pauley Phone
2017-11-15 04:23:02 INFO  RequirementDetailsPage:432 - vms:Raymond Vazquez
2017-11-15 04:23:02 INFO  RequirementDetailsPage:432 - vms:Renise Ferguson
2017-11-15 04:23:02 INFO  RequirementDetailsPage:432 - vms:Renise Ferguson
2017-11-15 04:23:02 INFO  RequirementDetailsPage:432 - vms:Roman Gofman E-mail
2017-11-15 04:23:02 INFO  RequirementDetailsPage:432 - vms:SUMBAL TARIQ stariq@dsny.nyc.gov Phone No.
2017-11-15 04:23:03 INFO  RequirementDetailsPage:432 - vms:Tia Pierce
2017-11-15 04:23:03 INFO  RequirementDetailsPage:432 - vms:Victor Emenanjor
2017-11-15 04:23:03 INFO  RequirementDetailsPage:432 - vms:Acevedo, Miriam
2017-11-15 04:23:03 INFO  RequirementDetailsPage:432 - vms:Ahmad Zeb
2017-11-15 04:23:03 INFO  RequirementDetailsPage:432 - vms:Ajay Bajwa
2017-11-15 04:23:03 INFO  RequirementDetailsPage:432 - vms:Albert Caracoly
2017-11-15 04:23:03 INFO  RequirementDetailsPage:432 - vms:Alex Linetskiy
2017-11-15 04:23:03 INFO  RequirementDetailsPage:432 - vms:Alexander Gonzalez
2017-11-15 04:23:03 INFO  RequirementDetailsPage:432 - vms:Allegra Diaz
2017-11-15 04:23:03 INFO  RequirementDetailsPage:432 - vms:Althea Samuels
2017-11-15 04:23:03 INFO  RequirementDetailsPage:432 - vms:Barry Mittelmann
2017-11-15 04:23:03 INFO  RequirementDetailsPage:432 - vms:Bhageerathi Mahadevan
2017-11-15 04:23:03 INFO  RequirementDetailsPage:432 - vms:Bhavna Mahadev
2017-11-15 04:23:03 INFO  RequirementDetailsPage:432 - vms:Brad McGrath
2017-11-15 04:23:03 INFO  RequirementDetailsPage:432 - vms:Brent Schimke
2017-11-15 04:23:03 INFO  RequirementDetailsPage:432 - vms:Brian Charkowick and Gary Kellman
2017-11-15 04:23:03 INFO  RequirementDetailsPage:432 - vms:Brian Genzmann
2017-11-15 04:23:03 INFO  RequirementDetailsPage:432 - vms:Carl Abraham
2017-11-15 04:23:03 INFO  RequirementDetailsPage:432 - vms:Carmen Rodriguez
2017-11-15 04:23:03 INFO  RequirementDetailsPage:432 - vms:Carolyn Olson
2017-11-15 04:23:03 INFO  RequirementDetailsPage:432 - vms:Cassandra Stevens
2017-11-15 04:23:03 INFO  RequirementDetailsPage:432 - vms:Chassidi Miner
2017-11-15 04:23:03 INFO  RequirementDetailsPage:432 - vms:Christopher ZIc
2017-11-15 04:23:03 INFO  RequirementDetailsPage:432 - vms:Cindy Chen
2017-11-15 04:23:03 INFO  RequirementDetailsPage:432 - vms:Cynthia La Greca
2017-11-15 04:23:03 INFO  RequirementDetailsPage:432 - vms:Dave Albro
2017-11-15 04:23:03 INFO  RequirementDetailsPage:432 - vms:Diaz, Allegra
2017-11-15 04:23:03 INFO  RequirementDetailsPage:432 - vms:Dimitrios Antonakis
2017-11-15 04:23:03 INFO  RequirementDetailsPage:432 - vms:Don Davis
2017-11-15 04:23:03 INFO  RequirementDetailsPage:432 - vms:Doron Pinchas
2017-11-15 04:23:03 INFO  RequirementDetailsPage:432 - vms:Douglas Tiburcio
2017-11-15 04:23:03 INFO  RequirementDetailsPage:432 - vms:Fiona Low
2017-11-15 04:23:03 INFO  RequirementDetailsPage:432 - vms:Firoz Shaikh
2017-11-15 04:23:03 INFO  RequirementDetailsPage:432 - vms:Gaitri Bissessar
2017-11-15 04:23:04 INFO  RequirementDetailsPage:432 - vms:Gino Gioia
2017-11-15 04:23:04 INFO  RequirementDetailsPage:432 - vms:Gratia Sajish
2017-11-15 04:23:04 INFO  RequirementDetailsPage:432 - vms:Hazel Harber
2017-11-15 04:23:04 INFO  RequirementDetailsPage:432 - vms:Ian Espanol
2017-11-15 04:23:04 INFO  RequirementDetailsPage:432 - vms:Ivy Pacheco
2017-11-15 04:23:04 INFO  RequirementDetailsPage:432 - vms:James Wu
2017-11-15 04:23:04 INFO  RequirementDetailsPage:432 - vms:Jean Blanc
2017-11-15 04:23:04 INFO  RequirementDetailsPage:432 - vms:Jean Kirk
2017-11-15 04:23:04 INFO  RequirementDetailsPage:432 - vms:Jeannette Chilcott
2017-11-15 04:23:04 INFO  RequirementDetailsPage:432 - vms:Jeff Grunwald
2017-11-15 04:23:04 INFO  RequirementDetailsPage:432 - vms:Jeffrey Clark
2017-11-15 04:23:04 INFO  RequirementDetailsPage:432 - vms:Joan Lipton
2017-11-15 04:23:04 INFO  RequirementDetailsPage:432 - vms:Joanna Weiss
2017-11-15 04:23:04 INFO  RequirementDetailsPage:432 - vms:Karen Allen
2017-11-15 04:23:04 INFO  RequirementDetailsPage:432 - vms:Karina Mendoza
2017-11-15 04:23:04 INFO  RequirementDetailsPage:432 - vms:Kevantae Idlett
2017-11-15 04:23:04 INFO  RequirementDetailsPage:432 - vms:Kimara Andre
2017-11-15 04:23:04 INFO  RequirementDetailsPage:432 - vms:Lindsay Senter
2017-11-15 04:23:04 INFO  RequirementDetailsPage:432 - vms:Maria Gomez
2017-11-15 04:23:04 INFO  RequirementDetailsPage:432 - vms:Mark Polyak
2017-11-15 04:23:04 INFO  RequirementDetailsPage:432 - vms:Mark Polyak
2017-11-15 04:23:04 INFO  RequirementDetailsPage:432 - vms:Martin Evans
2017-11-15 04:23:04 INFO  RequirementDetailsPage:432 - vms:Mary Keating
2017-11-15 04:23:04 INFO  RequirementDetailsPage:432 - vms:Mary Keating
2017-11-15 04:23:04 INFO  RequirementDetailsPage:432 - vms:Maurizio Mogavero
2017-11-15 04:23:04 INFO  RequirementDetailsPage:432 - vms:Mikulas Sikorjak III
2017-11-15 04:23:04 INFO  RequirementDetailsPage:432 - vms:Navi Grewal
2017-11-15 04:23:04 INFO  RequirementDetailsPage:432 - vms:Nicole Johnson
2017-11-15 04:23:04 INFO  RequirementDetailsPage:432 - vms:Nicole Stephens
2017-11-15 04:23:04 INFO  RequirementDetailsPage:432 - vms:Nisha Nair
2017-11-15 04:23:04 INFO  RequirementDetailsPage:432 - vms:Ozgur Manuka
2017-11-15 04:23:04 INFO  RequirementDetailsPage:432 - vms:Pamela DiStefano
2017-11-15 04:23:04 INFO  RequirementDetailsPage:432 - vms:Pamela DiStefano
2017-11-15 04:23:05 INFO  RequirementDetailsPage:432 - vms:Paul Cackler
2017-11-15 04:23:05 INFO  RequirementDetailsPage:432 - vms:Pavel Rusinov
2017-11-15 04:23:05 INFO  RequirementDetailsPage:432 - vms:Pavel Rusinov
2017-11-15 04:23:05 INFO  RequirementDetailsPage:432 - vms:Praveen Katepally
2017-11-15 04:23:05 INFO  RequirementDetailsPage:432 - vms:Puja Anand
2017-11-15 04:23:05 INFO  RequirementDetailsPage:432 - vms:Rachel Pauley
2017-11-15 04:23:05 INFO  RequirementDetailsPage:432 - vms:Raquel de los Reyes
2017-11-15 04:23:05 INFO  RequirementDetailsPage:432 - vms:Robert Levey
2017-11-15 04:23:05 INFO  RequirementDetailsPage:432 - vms:Ron Bauer
2017-11-15 04:23:05 INFO  RequirementDetailsPage:432 - vms:Sam Cheung
2017-11-15 04:23:05 INFO  RequirementDetailsPage:432 - vms:Santosh Muttin
2017-11-15 04:23:05 INFO  RequirementDetailsPage:432 - vms:Scott Liu
2017-11-15 04:23:05 INFO  RequirementDetailsPage:432 - vms:Scott Liu
2017-11-15 04:23:05 INFO  RequirementDetailsPage:432 - vms:Scott Liu / Xin Wei
2017-11-15 04:23:05 INFO  RequirementDetailsPage:432 - vms:Scott Webber
2017-11-15 04:23:05 INFO  RequirementDetailsPage:432 - vms:Senthilnathan Vedaiyan
2017-11-15 04:23:05 INFO  RequirementDetailsPage:432 - vms:Sezema J. Douglas
2017-11-15 04:23:05 INFO  RequirementDetailsPage:432 - vms:Sezema J. Douglas
2017-11-15 04:23:05 INFO  RequirementDetailsPage:432 - vms:Sonny Ly
2017-11-15 04:23:05 INFO  RequirementDetailsPage:432 - vms:Stacey Powell
2017-11-15 04:23:05 INFO  RequirementDetailsPage:432 - vms:Stacy Wu
2017-11-15 04:23:05 INFO  RequirementDetailsPage:432 - vms:Sudhir Tauro
2017-11-15 04:23:05 INFO  RequirementDetailsPage:432 - vms:Suzanne Horton
2017-11-15 04:23:05 INFO  RequirementDetailsPage:432 - vms:Tawfik, Amani (HPD)
2017-11-15 04:23:05 INFO  RequirementDetailsPage:432 - vms:Terriann Bianchino
2017-11-15 04:23:05 INFO  RequirementDetailsPage:432 - vms:Toufik Zigha
2017-11-15 04:23:05 INFO  RequirementDetailsPage:432 - vms:Valerie Swanson
2017-11-15 04:23:05 INFO  RequirementDetailsPage:432 - vms:Victoria Pisarevskiy
2017-11-15 04:23:05 INFO  RequirementDetailsPage:432 - vms:Vidhya Shanmugam
2017-11-15 04:23:05 INFO  RequirementDetailsPage:432 - vms:VIk
2017-11-15 04:23:05 INFO  RequirementDetailsPage:432 - vms:Vikram Saireddy
2017-11-15 04:23:05 INFO  RequirementDetailsPage:432 - vms:Yolanda Spence
2017-11-15 04:23:06 INFO  RequirementDetailsPage:489 - cleared in textbox
2017-11-15 04:23:06 INFO  RequirementDetailsPage:495 - Entered JobDescription in textbox
2017-11-15 04:23:06 INFO  RequirementDetailsPage:498 - Return to main frame
2017-11-15 04:23:06 INFO  RequirementDetailsPage:455 - Entered MandatorySkill1 in textbox
2017-11-15 04:23:06 INFO  RequirementDetailsPage:460 - Entered MandatorySkill2 in textbox
2017-11-15 04:23:07 INFO  RequirementDetailsPage:464 - Entered MandatorySkill3 in textbox
2017-11-15 04:23:07 INFO  RequirementDetailsPage:468 - Entered MandatorySkill4 in textbox
2017-11-15 04:23:07 INFO  RequirementDetailsPage:472 - Entered SubjectLine in textbox
2017-11-15 04:23:07 INFO  RequirementDetailsPage:81 - fillAllRequirementInformation() 
2017-11-15 04:23:07 INFO  ElementLoad:88 - [[[ChromeDriver: chrome on XP (397b2408e8f7a22091f30c44f538caae)] -> xpath: .//*[@id='requirementform']/div[3]/div[4]/div/ul/li], [[ChromeDriver: chrome on XP (397b2408e8f7a22091f30c44f538caae)] -> xpath: .//*[@id='requirementform']/div[3]/div[4]/div/ul/li], [[ChromeDriver: chrome on XP (397b2408e8f7a22091f30c44f538caae)] -> xpath: .//*[@id='requirementform']/div[3]/div[4]/div/ul/li], [[ChromeDriver: chrome on XP (397b2408e8f7a22091f30c44f538caae)] -> xpath: .//*[@id='requirementform']/div[3]/div[4]/div/ul/li], [[ChromeDriver: chrome on XP (397b2408e8f7a22091f30c44f538caae)] -> xpath: .//*[@id='requirementform']/div[3]/div[4]/div/ul/li]]
2017-11-15 04:23:07 INFO  ElementLoad:88 - [[[ChromeDriver: chrome on XP (397b2408e8f7a22091f30c44f538caae)] -> xpath: .//*[@id='requirementform']/div[3]/div[4]/div/ul/li], [[ChromeDriver: chrome on XP (397b2408e8f7a22091f30c44f538caae)] -> xpath: .//*[@id='requirementform']/div[3]/div[4]/div/ul/li], [[ChromeDriver: chrome on XP (397b2408e8f7a22091f30c44f538caae)] -> xpath: .//*[@id='requirementform']/div[3]/div[4]/div/ul/li], [[ChromeDriver: chrome on XP (397b2408e8f7a22091f30c44f538caae)] -> xpath: .//*[@id='requirementform']/div[3]/div[4]/div/ul/li], [[ChromeDriver: chrome on XP (397b2408e8f7a22091f30c44f538caae)] -> xpath: .//*[@id='requirementform']/div[3]/div[4]/div/ul/li]]
2017-11-15 04:23:07 INFO  RequirementDetailsPage:74 - tabTitle:Other Location
2017-11-15 04:23:07 INFO  ElementLoad:88 - [[[ChromeDriver: chrome on XP (397b2408e8f7a22091f30c44f538caae)] -> xpath: .//*[@id='requirementform']/div[3]/div[4]/div/ul/li], [[ChromeDriver: chrome on XP (397b2408e8f7a22091f30c44f538caae)] -> xpath: .//*[@id='requirementform']/div[3]/div[4]/div/ul/li], [[ChromeDriver: chrome on XP (397b2408e8f7a22091f30c44f538caae)] -> xpath: .//*[@id='requirementform']/div[3]/div[4]/div/ul/li], [[ChromeDriver: chrome on XP (397b2408e8f7a22091f30c44f538caae)] -> xpath: .//*[@id='requirementform']/div[3]/div[4]/div/ul/li], [[ChromeDriver: chrome on XP (397b2408e8f7a22091f30c44f538caae)] -> xpath: .//*[@id='requirementform']/div[3]/div[4]/div/ul/li]]
2017-11-15 04:23:07 INFO  ElementLoad:88 - [[[ChromeDriver: chrome on XP (397b2408e8f7a22091f30c44f538caae)] -> xpath: .//*[@id='requirementform']/div[3]/div[4]/div/ul/li], [[ChromeDriver: chrome on XP (397b2408e8f7a22091f30c44f538caae)] -> xpath: .//*[@id='requirementform']/div[3]/div[4]/div/ul/li], [[ChromeDriver: chrome on XP (397b2408e8f7a22091f30c44f538caae)] -> xpath: .//*[@id='requirementform']/div[3]/div[4]/div/ul/li], [[ChromeDriver: chrome on XP (397b2408e8f7a22091f30c44f538caae)] -> xpath: .//*[@id='requirementform']/div[3]/div[4]/div/ul/li], [[ChromeDriver: chrome on XP (397b2408e8f7a22091f30c44f538caae)] -> xpath: .//*[@id='requirementform']/div[3]/div[4]/div/ul/li]]
2017-11-15 04:23:07 INFO  ElementLoad:88 - [[[ChromeDriver: chrome on XP (397b2408e8f7a22091f30c44f538caae)] -> xpath: .//*[@id='requirementform']/div[3]/div[4]/div/ul/li], [[ChromeDriver: chrome on XP (397b2408e8f7a22091f30c44f538caae)] -> xpath: .//*[@id='requirementform']/div[3]/div[4]/div/ul/li], [[ChromeDriver: chrome on XP (397b2408e8f7a22091f30c44f538caae)] -> xpath: .//*[@id='requirementform']/div[3]/div[4]/div/ul/li], [[ChromeDriver: chrome on XP (397b2408e8f7a22091f30c44f538caae)] -> xpath: .//*[@id='requirementform']/div[3]/div[4]/div/ul/li], [[ChromeDriver: chrome on XP (397b2408e8f7a22091f30c44f538caae)] -> xpath: .//*[@id='requirementform']/div[3]/div[4]/div/ul/li]]
2017-11-15 04:23:07 INFO  RequirementDetailsPage:74 - tabTitle:Marketing Notes
2017-11-15 04:23:07 INFO  ElementLoad:88 - [[[ChromeDriver: chrome on XP (397b2408e8f7a22091f30c44f538caae)] -> xpath: .//*[@id='requirementform']/div[3]/div[4]/div/ul/li], [[ChromeDriver: chrome on XP (397b2408e8f7a22091f30c44f538caae)] -> xpath: .//*[@id='requirementform']/div[3]/div[4]/div/ul/li], [[ChromeDriver: chrome on XP (397b2408e8f7a22091f30c44f538caae)] -> xpath: .//*[@id='requirementform']/div[3]/div[4]/div/ul/li], [[ChromeDriver: chrome on XP (397b2408e8f7a22091f30c44f538caae)] -> xpath: .//*[@id='requirementform']/div[3]/div[4]/div/ul/li], [[ChromeDriver: chrome on XP (397b2408e8f7a22091f30c44f538caae)] -> xpath: .//*[@id='requirementform']/div[3]/div[4]/div/ul/li]]
2017-11-15 04:23:07 INFO  ElementLoad:88 - [[[ChromeDriver: chrome on XP (397b2408e8f7a22091f30c44f538caae)] -> xpath: .//*[@id='requirementform']/div[3]/div[4]/div/ul/li], [[ChromeDriver: chrome on XP (397b2408e8f7a22091f30c44f538caae)] -> xpath: .//*[@id='requirementform']/div[3]/div[4]/div/ul/li], [[ChromeDriver: chrome on XP (397b2408e8f7a22091f30c44f538caae)] -> xpath: .//*[@id='requirementform']/div[3]/div[4]/div/ul/li], [[ChromeDriver: chrome on XP (397b2408e8f7a22091f30c44f538caae)] -> xpath: .//*[@id='requirementform']/div[3]/div[4]/div/ul/li], [[ChromeDriver: chrome on XP (397b2408e8f7a22091f30c44f538caae)] -> xpath: .//*[@id='requirementform']/div[3]/div[4]/div/ul/li]]
2017-11-15 04:23:07 INFO  ElementLoad:88 - [[[ChromeDriver: chrome on XP (397b2408e8f7a22091f30c44f538caae)] -> xpath: .//*[@id='requirementform']/div[3]/div[4]/div/ul/li], [[ChromeDriver: chrome on XP (397b2408e8f7a22091f30c44f538caae)] -> xpath: .//*[@id='requirementform']/div[3]/div[4]/div/ul/li], [[ChromeDriver: chrome on XP (397b2408e8f7a22091f30c44f538caae)] -> xpath: .//*[@id='requirementform']/div[3]/div[4]/div/ul/li], [[ChromeDriver: chrome on XP (397b2408e8f7a22091f30c44f538caae)] -> xpath: .//*[@id='requirementform']/div[3]/div[4]/div/ul/li], [[ChromeDriver: chrome on XP (397b2408e8f7a22091f30c44f538caae)] -> xpath: .//*[@id='requirementform']/div[3]/div[4]/div/ul/li]]
2017-11-15 04:23:07 INFO  RequirementDetailsPage:74 - tabTitle:Actual Requirement
2017-11-15 04:23:07 INFO  ElementLoad:88 - [[[ChromeDriver: chrome on XP (397b2408e8f7a22091f30c44f538caae)] -> xpath: .//*[@id='requirementform']/div[3]/div[4]/div/ul/li], [[ChromeDriver: chrome on XP (397b2408e8f7a22091f30c44f538caae)] -> xpath: .//*[@id='requirementform']/div[3]/div[4]/div/ul/li], [[ChromeDriver: chrome on XP (397b2408e8f7a22091f30c44f538caae)] -> xpath: .//*[@id='requirementform']/div[3]/div[4]/div/ul/li], [[ChromeDriver: chrome on XP (397b2408e8f7a22091f30c44f538caae)] -> xpath: .//*[@id='requirementform']/div[3]/div[4]/div/ul/li], [[ChromeDriver: chrome on XP (397b2408e8f7a22091f30c44f538caae)] -> xpath: .//*[@id='requirementform']/div[3]/div[4]/div/ul/li]]
2017-11-15 04:23:07 INFO  ElementLoad:88 - [[[ChromeDriver: chrome on XP (397b2408e8f7a22091f30c44f538caae)] -> xpath: .//*[@id='requirementform']/div[3]/div[4]/div/ul/li], [[ChromeDriver: chrome on XP (397b2408e8f7a22091f30c44f538caae)] -> xpath: .//*[@id='requirementform']/div[3]/div[4]/div/ul/li], [[ChromeDriver: chrome on XP (397b2408e8f7a22091f30c44f538caae)] -> xpath: .//*[@id='requirementform']/div[3]/div[4]/div/ul/li], [[ChromeDriver: chrome on XP (397b2408e8f7a22091f30c44f538caae)] -> xpath: .//*[@id='requirementform']/div[3]/div[4]/div/ul/li], [[ChromeDriver: chrome on XP (397b2408e8f7a22091f30c44f538caae)] -> xpath: .//*[@id='requirementform']/div[3]/div[4]/div/ul/li]]
2017-11-15 04:23:07 INFO  ElementLoad:88 - [[[ChromeDriver: chrome on XP (397b2408e8f7a22091f30c44f538caae)] -> xpath: .//*[@id='requirementform']/div[3]/div[4]/div/ul/li], [[ChromeDriver: chrome on XP (397b2408e8f7a22091f30c44f538caae)] -> xpath: .//*[@id='requirementform']/div[3]/div[4]/div/ul/li], [[ChromeDriver: chrome on XP (397b2408e8f7a22091f30c44f538caae)] -> xpath: .//*[@id='requirementform']/div[3]/div[4]/div/ul/li], [[ChromeDriver: chrome on XP (397b2408e8f7a22091f30c44f538caae)] -> xpath: .//*[@id='requirementform']/div[3]/div[4]/div/ul/li], [[ChromeDriver: chrome on XP (397b2408e8f7a22091f30c44f538caae)] -> xpath: .//*[@id='requirementform']/div[3]/div[4]/div/ul/li]]
2017-11-15 04:23:07 INFO  RequirementDetailsPage:74 - tabTitle:Additional Info
2017-11-15 04:23:07 INFO  ElementLoad:88 - [[[ChromeDriver: chrome on XP (397b2408e8f7a22091f30c44f538caae)] -> xpath: .//*[@id='requirementform']/div[3]/div[4]/div/ul/li], [[ChromeDriver: chrome on XP (397b2408e8f7a22091f30c44f538caae)] -> xpath: .//*[@id='requirementform']/div[3]/div[4]/div/ul/li], [[ChromeDriver: chrome on XP (397b2408e8f7a22091f30c44f538caae)] -> xpath: .//*[@id='requirementform']/div[3]/div[4]/div/ul/li], [[ChromeDriver: chrome on XP (397b2408e8f7a22091f30c44f538caae)] -> xpath: .//*[@id='requirementform']/div[3]/div[4]/div/ul/li], [[ChromeDriver: chrome on XP (397b2408e8f7a22091f30c44f538caae)] -> xpath: .//*[@id='requirementform']/div[3]/div[4]/div/ul/li]]
2017-11-15 04:23:08 INFO  ElementLoad:88 - [[[ChromeDriver: chrome on XP (397b2408e8f7a22091f30c44f538caae)] -> xpath: .//*[@id='requirementform']/div[3]/div[4]/div/ul/li], [[ChromeDriver: chrome on XP (397b2408e8f7a22091f30c44f538caae)] -> xpath: .//*[@id='requirementform']/div[3]/div[4]/div/ul/li], [[ChromeDriver: chrome on XP (397b2408e8f7a22091f30c44f538caae)] -> xpath: .//*[@id='requirementform']/div[3]/div[4]/div/ul/li], [[ChromeDriver: chrome on XP (397b2408e8f7a22091f30c44f538caae)] -> xpath: .//*[@id='requirementform']/div[3]/div[4]/div/ul/li], [[ChromeDriver: chrome on XP (397b2408e8f7a22091f30c44f538caae)] -> xpath: .//*[@id='requirementform']/div[3]/div[4]/div/ul/li]]
2017-11-15 04:23:13 INFO  HomePage:180 - colors:color
2017-11-15 04:23:13 INFO  HomePage:212 - color not found
2017-11-15 04:23:13 INFO  HomePage:180 - colors: rgb(232, 69, 181);
2017-11-15 04:23:13 INFO  HomePage:182 - pink color
2017-11-15 04:23:13 INFO  HomePage:233 - winHandleBefore: CDwindow-d162b064-9e49-4bf1-bdb8-a62b8538624d
2017-11-15 04:23:13 INFO  HomePage:242 - winHandle: CDwindow-d162b064-9e49-4bf1-bdb8-a62b8538624d
2017-11-15 04:23:13 INFO  HomePage:242 - winHandle: CDwindow-43c1e8b0-f95e-4dbe-8abd-c6d0afb897db
2017-11-15 04:23:13 INFO  HomePage:242 - winHandle: CDwindow-4c78c614-57f3-45d1-a156-1a22863fb6f5
2017-11-15 04:23:13 INFO  HomePage:245 -  currnt winHandle: CDwindow-4c78c614-57f3-45d1-a156-1a22863fb6f5
2017-11-15 04:23:14 INFO  HomePage:246 - Title:Requirement Details
2017-11-15 04:23:14 INFO  ElementLoad:88 - [[[ChromeDriver: chrome on XP (397b2408e8f7a22091f30c44f538caae)] -> xpath: .//*[@id='requirementform']/div[3]/div[4]/div/ul/li], [[ChromeDriver: chrome on XP (397b2408e8f7a22091f30c44f538caae)] -> xpath: .//*[@id='requirementform']/div[3]/div[4]/div/ul/li], [[ChromeDriver: chrome on XP (397b2408e8f7a22091f30c44f538caae)] -> xpath: .//*[@id='requirementform']/div[3]/div[4]/div/ul/li], [[ChromeDriver: chrome on XP (397b2408e8f7a22091f30c44f538caae)] -> xpath: .//*[@id='requirementform']/div[3]/div[4]/div/ul/li], [[ChromeDriver: chrome on XP (397b2408e8f7a22091f30c44f538caae)] -> xpath: .//*[@id='requirementform']/div[3]/div[4]/div/ul/li]]
2017-11-15 04:23:14 INFO  ElementLoad:88 - [[[ChromeDriver: chrome on XP (397b2408e8f7a22091f30c44f538caae)] -> xpath: .//*[@id='requirementform']/div[3]/div[4]/div/ul/li], [[ChromeDriver: chrome on XP (397b2408e8f7a22091f30c44f538caae)] -> xpath: .//*[@id='requirementform']/div[3]/div[4]/div/ul/li], [[ChromeDriver: chrome on XP (397b2408e8f7a22091f30c44f538caae)] -> xpath: .//*[@id='requirementform']/div[3]/div[4]/div/ul/li], [[ChromeDriver: chrome on XP (397b2408e8f7a22091f30c44f538caae)] -> xpath: .//*[@id='requirementform']/div[3]/div[4]/div/ul/li], [[ChromeDriver: chrome on XP (397b2408e8f7a22091f30c44f538caae)] -> xpath: .//*[@id='requirementform']/div[3]/div[4]/div/ul/li]]
2017-11-15 04:23:14 INFO  RequirementDetailsPage:74 - tabTitle:Requirement Details
2017-11-15 04:23:14 INFO  ElementLoad:88 - [[[ChromeDriver: chrome on XP (397b2408e8f7a22091f30c44f538caae)] -> xpath: .//*[@id='requirementform']/div[3]/div[4]/div/ul/li], [[ChromeDriver: chrome on XP (397b2408e8f7a22091f30c44f538caae)] -> xpath: .//*[@id='requirementform']/div[3]/div[4]/div/ul/li], [[ChromeDriver: chrome on XP (397b2408e8f7a22091f30c44f538caae)] -> xpath: .//*[@id='requirementform']/div[3]/div[4]/div/ul/li], [[ChromeDriver: chrome on XP (397b2408e8f7a22091f30c44f538caae)] -> xpath: .//*[@id='requirementform']/div[3]/div[4]/div/ul/li], [[ChromeDriver: chrome on XP (397b2408e8f7a22091f30c44f538caae)] -> xpath: .//*[@id='requirementform']/div[3]/div[4]/div/ul/li]]
2017-11-15 04:23:14 INFO  RequirementDetailsPage:77 - Web url: http://demo.sourcepros.com/Requirement/Details/46040
2017-11-15 04:23:14 INFO  ElementLoad:88 - [[[ChromeDriver: chrome on XP (397b2408e8f7a22091f30c44f538caae)] -> xpath: .//*[@id='requirementform']/div[3]/div[4]/div/ul/li], [[ChromeDriver: chrome on XP (397b2408e8f7a22091f30c44f538caae)] -> xpath: .//*[@id='requirementform']/div[3]/div[4]/div/ul/li], [[ChromeDriver: chrome on XP (397b2408e8f7a22091f30c44f538caae)] -> xpath: .//*[@id='requirementform']/div[3]/div[4]/div/ul/li], [[ChromeDriver: chrome on XP (397b2408e8f7a22091f30c44f538caae)] -> xpath: .//*[@id='requirementform']/div[3]/div[4]/div/ul/li], [[ChromeDriver: chrome on XP (397b2408e8f7a22091f30c44f538caae)] -> xpath: .//*[@id='requirementform']/div[3]/div[4]/div/ul/li]]
2017-11-15 04:23:15 INFO  RequirementDetailsPage:136 - job code entered in textbox
2017-11-15 04:23:15 INFO  RequirementDetailsPage:186 - no such element: Unable to locate element: {"method":"xpath","selector":"//*[@id='tabReqDetails']/div/div[1]/div[2]/div[3]/div/a"}
  (Session info: chrome=61.0.3163.100)
  (Driver info: chromedriver=2.29.461591 (62ebf098771772160f391d75e589dc567915b233),platform=Windows NT 6.1.7601 SP1 x86_64) (WARNING: The server did not provide any stacktrace information)
Command duration or timeout: 0 milliseconds
For documentation on this error, please visit: http://seleniumhq.org/exceptions/no_such_element.html
Build info: version: '3.5.3', revision: 'a88d25fe6b', time: '2017-08-29T12:42:44.417Z'
System info: host: 'RIPLBRD50', ip: '192.168.1.169', os.name: 'Windows 7', os.arch: 'amd64', os.version: '6.1', java.version: '1.8.0_111'
Driver info: org.openqa.selenium.chrome.ChromeDriver
Capabilities [{applicationCacheEnabled=false, rotatable=false, mobileEmulationEnabled=false, networkConnectionEnabled=false, chrome={chromedriverVersion=2.29.461591 (62ebf098771772160f391d75e589dc567915b233), userDataDir=C:\Users\YOGESH~1\AppData\Local\Temp\scoped_dir5340_18218}, takesHeapSnapshot=true, pageLoadStrategy=normal, unhandledPromptBehavior=, databaseEnabled=false, handlesAlerts=true, hasTouchScreen=false, version=61.0.3163.100, platform=XP, browserConnectionEnabled=false, nativeEvents=true, acceptSslCerts=true, locationContextEnabled=true, webStorageEnabled=true, browserName=chrome, takesScreenshot=true, javascriptEnabled=true, platformName=XP, cssSelectorsEnabled=true, unexpectedAlertBehaviour=}]
Session ID: 397b2408e8f7a22091f30c44f538caae
*** Element info: {Using=xpath, value=//*[@id='tabReqDetails']/div/div[1]/div[2]/div[3]/div/a}
2017-11-15 04:23:15 INFO  RequirementDetailsPage:277 - Entered Addressline1 in textbox
2017-11-15 04:23:15 INFO  ElementLoad:47 - no such element: Unable to locate element: {"method":"xpath","selector":"//select[@id='drpState']"}
  (Session info: chrome=61.0.3163.100)
  (Driver info: chromedriver=2.29.461591 (62ebf098771772160f391d75e589dc567915b233),platform=Windows NT 6.1.7601 SP1 x86_64) (WARNING: The server did not provide any stacktrace information)
Command duration or timeout: 0 milliseconds
For documentation on this error, please visit: http://seleniumhq.org/exceptions/no_such_element.html
Build info: version: '3.5.3', revision: 'a88d25fe6b', time: '2017-08-29T12:42:44.417Z'
System info: host: 'RIPLBRD50', ip: '192.168.1.169', os.name: 'Windows 7', os.arch: 'amd64', os.version: '6.1', java.version: '1.8.0_111'
Driver info: org.openqa.selenium.chrome.ChromeDriver
Capabilities [{applicationCacheEnabled=false, rotatable=false, mobileEmulationEnabled=false, networkConnectionEnabled=false, chrome={chromedriverVersion=2.29.461591 (62ebf098771772160f391d75e589dc567915b233), userDataDir=C:\Users\YOGESH~1\AppData\Local\Temp\scoped_dir5340_18218}, takesHeapSnapshot=true, pageLoadStrategy=normal, unhandledPromptBehavior=, databaseEnabled=false, handlesAlerts=true, hasTouchScreen=false, version=61.0.3163.100, platform=XP, browserConnectionEnabled=false, nativeEvents=true, acceptSslCerts=true, locationContextEnabled=true, webStorageEnabled=true, browserName=chrome, takesScreenshot=true, javascriptEnabled=true, platformName=XP, cssSelectorsEnabled=true, unexpectedAlertBehaviour=}]
Session ID: 397b2408e8f7a22091f30c44f538caae
*** Element info: {Using=xpath, value=//select[@id='drpState']}
2017-11-15 04:23:15 INFO  RequirementDetailsPage:324 - 
2017-11-15 04:23:15 INFO  ElementLoad:47 - no such element: Unable to locate element: {"method":"xpath","selector":"//select[@id='drpsReqManager']"}
  (Session info: chrome=61.0.3163.100)
  (Driver info: chromedriver=2.29.461591 (62ebf098771772160f391d75e589dc567915b233),platform=Windows NT 6.1.7601 SP1 x86_64) (WARNING: The server did not provide any stacktrace information)
Command duration or timeout: 0 milliseconds
For documentation on this error, please visit: http://seleniumhq.org/exceptions/no_such_element.html
Build info: version: '3.5.3', revision: 'a88d25fe6b', time: '2017-08-29T12:42:44.417Z'
System info: host: 'RIPLBRD50', ip: '192.168.1.169', os.name: 'Windows 7', os.arch: 'amd64', os.version: '6.1', java.version: '1.8.0_111'
Driver info: org.openqa.selenium.chrome.ChromeDriver
Capabilities [{applicationCacheEnabled=false, rotatable=false, mobileEmulationEnabled=false, networkConnectionEnabled=false, chrome={chromedriverVersion=2.29.461591 (62ebf098771772160f391d75e589dc567915b233), userDataDir=C:\Users\YOGESH~1\AppData\Local\Temp\scoped_dir5340_18218}, takesHeapSnapshot=true, pageLoadStrategy=normal, unhandledPromptBehavior=, databaseEnabled=false, handlesAlerts=true, hasTouchScreen=false, version=61.0.3163.100, platform=XP, browserConnectionEnabled=false, nativeEvents=true, acceptSslCerts=true, locationContextEnabled=true, webStorageEnabled=true, browserName=chrome, takesScreenshot=true, javascriptEnabled=true, platformName=XP, cssSelectorsEnabled=true, unexpectedAlertBehaviour=}]
Session ID: 397b2408e8f7a22091f30c44f538caae
*** Element info: {Using=xpath, value=//select[@id='drpsReqManager']}
2017-11-15 04:23:15 INFO  RequirementDetailsPage:339 - 
2017-11-15 06:10:22 INFO  TestBase:189 - chrome browser
2017-11-15 06:10:22 INFO  TestBase:261 - creating object of chromeand URL of: http://demo.sourcepros.com/
2017-11-15 06:10:22 INFO  TestBase:178 - open url succssfully
2017-11-15 06:10:22 INFO  TestBase:180 - http://demo.sourcepros.com/
2017-11-15 06:10:22 INFO  TestBase:335 - excel path:D:\Java_Project\UIAutomation\resources\excel\TestData.xlsx
2017-11-15 06:10:23 INFO  VerifiyLoginWithDifferentRecords:59 - **********starting test**********
2017-11-15 06:10:23 INFO  VerifiyLoginWithDifferentRecords:63 - try to login with username:yogeshsolanki@rangam.com and passwordrangam@123
2017-11-15 06:10:24 INFO  LoginPage:49 - [[ChromeDriver: chrome on XP (848a79276a87d3075aadc704f7636f03)] -> xpath: //input[@id='UserName']]
2017-11-15 06:10:24 INFO  LoginPage:57 - [[ChromeDriver: chrome on XP (848a79276a87d3075aadc704f7636f03)] -> xpath: //input[@id='Password']]
2017-11-15 06:10:24 INFO  LoginPage:63 - jsb:SignIn button clicked[[ChromeDriver: chrome on XP (848a79276a87d3075aadc704f7636f03)] -> xpath: //input[@id='btnsubmit']]
2017-11-15 06:10:24 INFO  LoginPage:65 - welcomestring:Proxy element for: DefaultElementLocator 'By.xpath: //*[@id='userProfile']/div[4]/a/span[1]'
2017-11-15 06:10:38 INFO  VerifiyLoginWithDifferentRecords:59 - **********starting test**********
2017-11-15 06:10:38 INFO  VerifiyLoginWithDifferentRecords:63 - try to login with username:xyz@rangam.com and passwordwtc@2017
2017-11-15 06:10:38 INFO  LoginPage:49 - [[ChromeDriver: chrome on XP (848a79276a87d3075aadc704f7636f03)] -> xpath: //input[@id='UserName']]
2017-11-15 06:10:39 INFO  LoginPage:57 - [[ChromeDriver: chrome on XP (848a79276a87d3075aadc704f7636f03)] -> xpath: //input[@id='Password']]
2017-11-15 06:10:39 INFO  LoginPage:63 - jsb:SignIn button clicked[[ChromeDriver: chrome on XP (848a79276a87d3075aadc704f7636f03)] -> xpath: //input[@id='btnsubmit']]
2017-11-15 06:10:39 INFO  LoginPage:65 - welcomestring:Proxy element for: DefaultElementLocator 'By.xpath: //*[@id='userProfile']/div[4]/a/span[1]'
2017-11-15 06:10:53 INFO  VerifiyLoginWithDifferentRecords:46 - verifiyLoginWithDifferentRecords method skipped
2017-11-15 06:10:53 INFO  VerifiyLoginWithDifferentRecords:46 - verifiyLoginWithDifferentRecords method skipped
2017-11-15 06:10:53 INFO  VerifiyLoginWithDifferentRecords:46 - verifiyLoginWithDifferentRecords method skipped
2017-11-15 06:10:53 INFO  VerifiyLoginWithDifferentRecords:46 - verifiyLoginWithDifferentRecords method skipped
2017-11-15 06:10:53 INFO  VerifiyLoginWithDifferentRecords:46 - verifiyLoginWithDifferentRecords method skipped
2017-11-15 06:10:53 INFO  TestBase:427 - **********AfterSuite Close Browser**********
2017-11-15 07:57:10 INFO  TestBase:189 - chrome browser
2017-11-15 07:57:10 INFO  TestBase:261 - creating object of chromeand URL of: http://demo.sourcepros.com/
2017-11-15 07:57:10 INFO  TestBase:178 - open url succssfully
2017-11-15 07:57:10 INFO  TestBase:180 - http://demo.sourcepros.com/
2017-11-15 07:57:10 INFO  TestBase:335 - excel path:D:\Java_Project\UIAutomation\resources\excel\TestData.xlsx
2017-11-15 07:57:10 INFO  VerifiyLoginWithDifferentRecords:59 - **********starting test**********
2017-11-15 07:57:10 INFO  VerifiyLoginWithDifferentRecords:63 - try to login with username:yogeshsolanki@rangam.com and passwordrangam@123
2017-11-15 07:57:10 INFO  LoginPage:49 - [[ChromeDriver: chrome on XP (6e2a07e27664216110891a003c3588c4)] -> xpath: //input[@id='UserName']]
2017-11-15 07:57:11 INFO  LoginPage:57 - [[ChromeDriver: chrome on XP (6e2a07e27664216110891a003c3588c4)] -> xpath: //input[@id='Password']]
2017-11-15 07:57:11 INFO  LoginPage:63 - jsb:SignIn button clicked[[ChromeDriver: chrome on XP (6e2a07e27664216110891a003c3588c4)] -> xpath: //input[@id='btnsubmit']]
2017-11-15 07:57:11 INFO  LoginPage:65 - welcomestring:Proxy element for: DefaultElementLocator 'By.xpath: //*[@id='userProfile']/div[4]/a/span[1]'
2017-11-15 07:57:26 INFO  TestBase:26 - D:\Java_Project\UIAutomation\Output\FAILURE_verifiyLoginWithDifferentRecords_15_11_2017_07_57_25.png
2017-11-15 07:57:26 INFO  TestBase:35 - image pathD:\Java_Project\UIAutomation\Output\FAILURE_verifiyLoginWithDifferentRecords_15_11_2017_07_57_25.png
2017-11-15 07:57:26 INFO  TestBase:36 - Take screenshot completed
2017-11-15 07:57:28 INFO  Listener:129 - mail moniter method called
2017-11-15 07:57:28 INFO  TestBase:427 - **********AfterSuite Close Browser**********
