2017-10-25 07:53:38,386 [main] INFO com.test.automation.UIAutomation.testBase.TestBase - chrome browser
2017-10-25 07:53:38,390 [main] INFO com.test.automation.UIAutomation.testBase.TestBase - creating object of chromeand URL of: http://demo.ripl.sourcepros.com/
2017-10-25 07:53:38,391 [main] INFO com.test.automation.UIAutomation.testBase.TestBase - open url succssfully
2017-10-25 07:53:38,391 [main] INFO com.test.automation.UIAutomation.testBase.TestBase - http://demo.ripl.sourcepros.com/
2017-10-25 07:53:38,399 [main] INFO com.test.automation.UIAutomation.testBase.TestBase - excel path:D:\Java_Project\UIAutomation\resources\excel\TestData.xlsx
2017-10-25 07:53:38,999 [TestNGInvoker-verifiyLoginWithDifferentRecords()] INFO com.test.automation.UIAutomation.tests.VerifiyLoginWithDifferentRecords - **********starting test**********
2017-10-25 07:53:39,002 [TestNGInvoker-verifiyLoginWithDifferentRecords()] INFO com.test.automation.UIAutomation.tests.VerifiyLoginWithDifferentRecords - try to login with username:yogeshsolanki@rangam.com and passwordrangam@123
2017-10-25 07:53:39,220 [TestNGInvoker-verifiyLoginWithDifferentRecords()] INFO com.test.automation.UIAutomation.uiActions.LoginPage - [[ChromeDriver: chrome on XP (cb874304db7874cced60baf5168d4e6d)] -> xpath: //input[@id='UserName']]
2017-10-25 07:53:39,348 [TestNGInvoker-verifiyLoginWithDifferentRecords()] INFO com.test.automation.UIAutomation.uiActions.LoginPage - [[ChromeDriver: chrome on XP (cb874304db7874cced60baf5168d4e6d)] -> xpath: //input[@id='Password']]
2017-10-25 07:53:43,342 [TestNGInvoker-verifiyLoginWithDifferentRecords()] INFO com.test.automation.UIAutomation.uiActions.LoginPage - jsb:SignIn button clicked[[ChromeDriver: chrome on XP (cb874304db7874cced60baf5168d4e6d)] -> xpath: //input[@id='btnsubmit']]
2017-10-25 07:53:43,374 [TestNGInvoker-verifiyLoginWithDifferentRecords()] INFO com.test.automation.UIAutomation.uiActions.LoginPage - welcomestring:[[ChromeDriver: chrome on XP (cb874304db7874cced60baf5168d4e6d)] -> xpath: //*[@id='userProfile']/div[4]/a/span[1]]
2017-10-25 07:53:43,412 [TestNGInvoker-verifiyLoginWithDifferentRecords()] INFO com.test.automation.UIAutomation.testBase.TestBase - element is present:[[ChromeDriver: chrome on XP (cb874304db7874cced60baf5168d4e6d)] -> xpath: //*[@id='userProfile']/div[4]/a/span[1]]
2017-10-25 07:53:43,429 [TestNGInvoker-verifiyLoginWithDifferentRecords()] INFO com.test.automation.UIAutomation.tests.VerifiyLoginWithDifferentRecords - LoginSuccessStatus:true
2017-10-25 07:53:43,450 [TestNGInvoker-verifiyLoginWithDifferentRecords()] INFO com.test.automation.UIAutomation.uiActions.LoginPage - [[ChromeDriver: chrome on XP (cb874304db7874cced60baf5168d4e6d)] -> xpath: //a[contains(text(),'Logout')]]
2017-10-25 07:53:43,480 [TestNGInvoker-verifiyLoginWithDifferentRecords()] INFO com.test.automation.UIAutomation.uiActions.LoginPage - Logout
2017-10-25 07:53:43,755 [TestNGInvoker-verifiyLoginWithDifferentRecords()] INFO com.test.automation.UIAutomation.uiActions.LoginPage - Login button display:[[ChromeDriver: chrome on XP (cb874304db7874cced60baf5168d4e6d)] -> xpath: /html/body/div[1]/a/img]
2017-10-25 07:53:43,806 [TestNGInvoker-verifiyLoginWithDifferentRecords()] INFO com.test.automation.UIAutomation.testBase.TestBase - element is present:[[ChromeDriver: chrome on XP (cb874304db7874cced60baf5168d4e6d)] -> xpath: /html/body/div[1]/a/img]
2017-10-25 07:53:43,830 [TestNGInvoker-verifiyLoginWithDifferentRecords()] INFO com.test.automation.UIAutomation.tests.VerifiyLoginWithDifferentRecords - Login functionality working fine
2017-10-25 07:53:43,831 [TestNGInvoker-verifiyLoginWithDifferentRecords()] INFO com.test.automation.UIAutomation.tests.VerifiyLoginWithDifferentRecords - **********finish test************
2017-10-25 07:53:44,283 [main] INFO com.test.automation.UIAutomation.testBase.TestBase - D:\Java_Project\UIAutomation\Output\SUCCESS_verifiyLoginWithDifferentRecords_25_10_2017_07_53_43.png
2017-10-25 07:53:44,297 [main] INFO com.test.automation.UIAutomation.testBase.TestBase - image pathD:\Java_Project\UIAutomation\Output\SUCCESS_verifiyLoginWithDifferentRecords_25_10_2017_07_53_43.png
2017-10-25 07:53:44,297 [main] INFO com.test.automation.UIAutomation.testBase.TestBase - Take screenshot completed
2017-10-25 07:53:44,522 [TestNGInvoker-verifiyLoginWithDifferentRecords()] INFO com.test.automation.UIAutomation.tests.VerifiyLoginWithDifferentRecords - **********starting test**********
2017-10-25 07:53:44,522 [TestNGInvoker-verifiyLoginWithDifferentRecords()] INFO com.test.automation.UIAutomation.tests.VerifiyLoginWithDifferentRecords - try to login with username:xyz@rangam.com and passwordwtc@2017
2017-10-25 07:53:44,668 [TestNGInvoker-verifiyLoginWithDifferentRecords()] INFO com.test.automation.UIAutomation.uiActions.LoginPage - [[ChromeDriver: chrome on XP (cb874304db7874cced60baf5168d4e6d)] -> xpath: //input[@id='UserName']]
2017-10-25 07:53:44,788 [TestNGInvoker-verifiyLoginWithDifferentRecords()] INFO com.test.automation.UIAutomation.uiActions.LoginPage - [[ChromeDriver: chrome on XP (cb874304db7874cced60baf5168d4e6d)] -> xpath: //input[@id='Password']]
2017-10-25 07:53:44,954 [TestNGInvoker-verifiyLoginWithDifferentRecords()] INFO com.test.automation.UIAutomation.uiActions.LoginPage - jsb:SignIn button clicked[[ChromeDriver: chrome on XP (cb874304db7874cced60baf5168d4e6d)] -> xpath: //input[@id='btnsubmit']]
2017-10-25 07:53:44,979 [TestNGInvoker-verifiyLoginWithDifferentRecords()] INFO com.test.automation.UIAutomation.uiActions.LoginPage - welcomestring:Proxy element for: DefaultElementLocator 'By.xpath: //*[@id='userProfile']/div[4]/a/span[1]'
2017-10-25 07:53:59,903 [main] INFO com.test.automation.UIAutomation.testBase.TestBase - D:\Java_Project\UIAutomation\Output\FAILURE_verifiyLoginWithDifferentRecords_25_10_2017_07_53_59.png
2017-10-25 07:53:59,905 [main] INFO com.test.automation.UIAutomation.testBase.TestBase - image pathD:\Java_Project\UIAutomation\Output\FAILURE_verifiyLoginWithDifferentRecords_25_10_2017_07_53_59.png
2017-10-25 07:53:59,905 [main] INFO com.test.automation.UIAutomation.testBase.TestBase - Take screenshot completed
2017-10-25 07:53:59,944 [TestNGInvoker-verifiyLoginWithDifferentRecords()] INFO com.test.automation.UIAutomation.tests.VerifiyLoginWithDifferentRecords - verifiyLoginWithDifferentRecords method skipped
2017-10-25 07:54:00,318 [main] INFO com.test.automation.UIAutomation.testBase.TestBase - D:\Java_Project\UIAutomation\Output\SKIPPED_verifiyLoginWithDifferentRecords_25_10_2017_07_53_59.png
2017-10-25 07:54:00,321 [main] INFO com.test.automation.UIAutomation.testBase.TestBase - image pathD:\Java_Project\UIAutomation\Output\SKIPPED_verifiyLoginWithDifferentRecords_25_10_2017_07_53_59.png
2017-10-25 07:54:00,321 [main] INFO com.test.automation.UIAutomation.testBase.TestBase - Take screenshot completed
2017-10-25 07:54:00,358 [TestNGInvoker-verifiyLoginWithDifferentRecords()] INFO com.test.automation.UIAutomation.tests.VerifiyLoginWithDifferentRecords - verifiyLoginWithDifferentRecords method skipped
2017-10-25 07:54:00,708 [main] INFO com.test.automation.UIAutomation.testBase.TestBase - D:\Java_Project\UIAutomation\Output\SKIPPED_verifiyLoginWithDifferentRecords_25_10_2017_07_54_00.png
2017-10-25 07:54:00,710 [main] INFO com.test.automation.UIAutomation.testBase.TestBase - image pathD:\Java_Project\UIAutomation\Output\SKIPPED_verifiyLoginWithDifferentRecords_25_10_2017_07_54_00.png
2017-10-25 07:54:00,710 [main] INFO com.test.automation.UIAutomation.testBase.TestBase - Take screenshot completed
2017-10-25 07:54:00,739 [TestNGInvoker-verifiyLoginWithDifferentRecords()] INFO com.test.automation.UIAutomation.tests.VerifiyLoginWithDifferentRecords - verifiyLoginWithDifferentRecords method skipped
2017-10-25 07:54:01,071 [main] INFO com.test.automation.UIAutomation.testBase.TestBase - D:\Java_Project\UIAutomation\Output\SKIPPED_verifiyLoginWithDifferentRecords_25_10_2017_07_54_00.png
2017-10-25 07:54:01,073 [main] INFO com.test.automation.UIAutomation.testBase.TestBase - image pathD:\Java_Project\UIAutomation\Output\SKIPPED_verifiyLoginWithDifferentRecords_25_10_2017_07_54_00.png
2017-10-25 07:54:01,073 [main] INFO com.test.automation.UIAutomation.testBase.TestBase - Take screenshot completed
2017-10-25 07:54:01,101 [TestNGInvoker-verifiyLoginWithDifferentRecords()] INFO com.test.automation.UIAutomation.tests.VerifiyLoginWithDifferentRecords - verifiyLoginWithDifferentRecords method skipped
2017-10-25 07:54:01,443 [main] INFO com.test.automation.UIAutomation.testBase.TestBase - D:\Java_Project\UIAutomation\Output\SKIPPED_verifiyLoginWithDifferentRecords_25_10_2017_07_54_01.png
2017-10-25 07:54:01,445 [main] INFO com.test.automation.UIAutomation.testBase.TestBase - image pathD:\Java_Project\UIAutomation\Output\SKIPPED_verifiyLoginWithDifferentRecords_25_10_2017_07_54_01.png
2017-10-25 07:54:01,446 [main] INFO com.test.automation.UIAutomation.testBase.TestBase - Take screenshot completed
2017-10-25 07:54:01,471 [TestNGInvoker-verifiyLoginWithDifferentRecords()] INFO com.test.automation.UIAutomation.tests.VerifiyLoginWithDifferentRecords - verifiyLoginWithDifferentRecords method skipped
2017-10-25 07:54:01,806 [main] INFO com.test.automation.UIAutomation.testBase.TestBase - D:\Java_Project\UIAutomation\Output\SKIPPED_verifiyLoginWithDifferentRecords_25_10_2017_07_54_01.png
2017-10-25 07:54:01,807 [main] INFO com.test.automation.UIAutomation.testBase.TestBase - image pathD:\Java_Project\UIAutomation\Output\SKIPPED_verifiyLoginWithDifferentRecords_25_10_2017_07_54_01.png
2017-10-25 07:54:01,808 [main] INFO com.test.automation.UIAutomation.testBase.TestBase - Take screenshot completed
2017-10-25 07:54:03,674 [main] INFO com.test.automation.UIAutomation.customListener.Listener - mail moniter method called
2017-10-25 07:54:03,676 [main] INFO com.test.automation.UIAutomation.testBase.TestBase - **********AfterSuite Close Browser**********
2017-11-12 23:28:02,490 [main] INFO com.test.automation.UIAutomation.testBase.TestBase - chrome browser
2017-11-12 23:28:02,496 [main] INFO com.test.automation.UIAutomation.testBase.TestBase - creating object of chromeand URL of: http://demo.ripl.sourcepros.com/
2017-11-12 23:28:02,497 [main] INFO com.test.automation.UIAutomation.testBase.TestBase - open url succssfully
2017-11-12 23:28:02,498 [main] INFO com.test.automation.UIAutomation.testBase.TestBase - http://demo.ripl.sourcepros.com/
2017-11-12 23:28:02,509 [main] INFO com.test.automation.UIAutomation.testBase.TestBase - excel path:D:\Java_Project\UIAutomation\resources\excel\TestData.xlsx
2017-11-12 23:28:03,763 [TestNGInvoker-verifiyLoginWithDifferentRecords()] INFO com.test.automation.UIAutomation.tests.VerifiyLoginWithDifferentRecords - **********starting test**********
2017-11-12 23:28:03,767 [TestNGInvoker-verifiyLoginWithDifferentRecords()] INFO com.test.automation.UIAutomation.tests.VerifiyLoginWithDifferentRecords - try to login with username:yogeshsolanki@rangam.com and passwordrangam@123
2017-11-12 23:28:04,016 [TestNGInvoker-verifiyLoginWithDifferentRecords()] INFO com.test.automation.UIAutomation.uiActions.LoginPage - [[ChromeDriver: chrome on XP (90674ccadd236d6eda67e2279595b934)] -> xpath: //input[@id='UserName']]
2017-11-12 23:28:04,152 [TestNGInvoker-verifiyLoginWithDifferentRecords()] INFO com.test.automation.UIAutomation.uiActions.LoginPage - [[ChromeDriver: chrome on XP (90674ccadd236d6eda67e2279595b934)] -> xpath: //input[@id='Password']]
2017-11-12 23:28:08,035 [TestNGInvoker-verifiyLoginWithDifferentRecords()] INFO com.test.automation.UIAutomation.uiActions.LoginPage - jsb:SignIn button clicked[[ChromeDriver: chrome on XP (90674ccadd236d6eda67e2279595b934)] -> xpath: //input[@id='btnsubmit']]
2017-11-12 23:28:08,063 [TestNGInvoker-verifiyLoginWithDifferentRecords()] INFO com.test.automation.UIAutomation.uiActions.LoginPage - welcomestring:[[ChromeDriver: chrome on XP (90674ccadd236d6eda67e2279595b934)] -> xpath: //*[@id='userProfile']/div[4]/a/span[1]]
2017-11-12 23:28:08,103 [TestNGInvoker-verifiyLoginWithDifferentRecords()] INFO com.test.automation.UIAutomation.testBase.TestBase - element is present:[[ChromeDriver: chrome on XP (90674ccadd236d6eda67e2279595b934)] -> xpath: //*[@id='userProfile']/div[4]/a/span[1]]
2017-11-12 23:28:08,120 [TestNGInvoker-verifiyLoginWithDifferentRecords()] INFO com.test.automation.UIAutomation.tests.VerifiyLoginWithDifferentRecords - LoginSuccessStatus:true
2017-11-12 23:28:08,142 [TestNGInvoker-verifiyLoginWithDifferentRecords()] INFO com.test.automation.UIAutomation.uiActions.LoginPage - [[ChromeDriver: chrome on XP (90674ccadd236d6eda67e2279595b934)] -> xpath: //a[contains(text(),'Logout')]]
2017-11-12 23:28:08,170 [TestNGInvoker-verifiyLoginWithDifferentRecords()] INFO com.test.automation.UIAutomation.uiActions.LoginPage - Logout
2017-11-12 23:28:08,709 [TestNGInvoker-verifiyLoginWithDifferentRecords()] INFO com.test.automation.UIAutomation.uiActions.LoginPage - Login button display:[[ChromeDriver: chrome on XP (90674ccadd236d6eda67e2279595b934)] -> xpath: /html/body/div[1]/a/img]
2017-11-12 23:28:08,751 [TestNGInvoker-verifiyLoginWithDifferentRecords()] INFO com.test.automation.UIAutomation.testBase.TestBase - element is present:[[ChromeDriver: chrome on XP (90674ccadd236d6eda67e2279595b934)] -> xpath: /html/body/div[1]/a/img]
2017-11-12 23:28:08,769 [TestNGInvoker-verifiyLoginWithDifferentRecords()] INFO com.test.automation.UIAutomation.tests.VerifiyLoginWithDifferentRecords - Login functionality working fine
2017-11-12 23:28:08,769 [TestNGInvoker-verifiyLoginWithDifferentRecords()] INFO com.test.automation.UIAutomation.tests.VerifiyLoginWithDifferentRecords - **********finish test************
2017-11-12 23:28:09,221 [main] INFO com.test.automation.UIAutomation.testBase.TestBase - D:\Java_Project\UIAutomation\Output\SUCCESS_verifiyLoginWithDifferentRecords_12_11_2017_11_28_08.png
2017-11-12 23:28:09,287 [main] INFO com.test.automation.UIAutomation.testBase.TestBase - image pathD:\Java_Project\UIAutomation\Output\SUCCESS_verifiyLoginWithDifferentRecords_12_11_2017_11_28_08.png
2017-11-12 23:28:09,288 [main] INFO com.test.automation.UIAutomation.testBase.TestBase - Take screenshot completed
2017-11-12 23:28:09,594 [TestNGInvoker-verifiyLoginWithDifferentRecords()] INFO com.test.automation.UIAutomation.tests.VerifiyLoginWithDifferentRecords - **********starting test**********
2017-11-12 23:28:09,595 [TestNGInvoker-verifiyLoginWithDifferentRecords()] INFO com.test.automation.UIAutomation.tests.VerifiyLoginWithDifferentRecords - try to login with username:xyz@rangam.com and passwordwtc@2017
2017-11-12 23:28:09,719 [TestNGInvoker-verifiyLoginWithDifferentRecords()] INFO com.test.automation.UIAutomation.uiActions.LoginPage - [[ChromeDriver: chrome on XP (90674ccadd236d6eda67e2279595b934)] -> xpath: //input[@id='UserName']]
2017-11-12 23:28:09,835 [TestNGInvoker-verifiyLoginWithDifferentRecords()] INFO com.test.automation.UIAutomation.uiActions.LoginPage - [[ChromeDriver: chrome on XP (90674ccadd236d6eda67e2279595b934)] -> xpath: //input[@id='Password']]
2017-11-12 23:28:09,980 [TestNGInvoker-verifiyLoginWithDifferentRecords()] INFO com.test.automation.UIAutomation.uiActions.LoginPage - jsb:SignIn button clicked[[ChromeDriver: chrome on XP (90674ccadd236d6eda67e2279595b934)] -> xpath: //input[@id='btnsubmit']]
2017-11-12 23:28:10,019 [TestNGInvoker-verifiyLoginWithDifferentRecords()] INFO com.test.automation.UIAutomation.uiActions.LoginPage - welcomestring:Proxy element for: DefaultElementLocator 'By.xpath: //*[@id='userProfile']/div[4]/a/span[1]'
2017-11-12 23:28:24,987 [main] INFO com.test.automation.UIAutomation.testBase.TestBase - D:\Java_Project\UIAutomation\Output\FAILURE_verifiyLoginWithDifferentRecords_12_11_2017_11_28_24.png
2017-11-12 23:28:24,989 [main] INFO com.test.automation.UIAutomation.testBase.TestBase - image pathD:\Java_Project\UIAutomation\Output\FAILURE_verifiyLoginWithDifferentRecords_12_11_2017_11_28_24.png
2017-11-12 23:28:24,989 [main] INFO com.test.automation.UIAutomation.testBase.TestBase - Take screenshot completed
2017-11-12 23:28:25,054 [TestNGInvoker-verifiyLoginWithDifferentRecords()] INFO com.test.automation.UIAutomation.tests.VerifiyLoginWithDifferentRecords - verifiyLoginWithDifferentRecords method skipped
2017-11-12 23:28:25,432 [main] INFO com.test.automation.UIAutomation.testBase.TestBase - D:\Java_Project\UIAutomation\Output\SKIPPED_verifiyLoginWithDifferentRecords_12_11_2017_11_28_25.png
2017-11-12 23:28:25,481 [main] INFO com.test.automation.UIAutomation.testBase.TestBase - image pathD:\Java_Project\UIAutomation\Output\SKIPPED_verifiyLoginWithDifferentRecords_12_11_2017_11_28_25.png
2017-11-12 23:28:25,481 [main] INFO com.test.automation.UIAutomation.testBase.TestBase - Take screenshot completed
2017-11-12 23:28:25,613 [TestNGInvoker-verifiyLoginWithDifferentRecords()] INFO com.test.automation.UIAutomation.tests.VerifiyLoginWithDifferentRecords - verifiyLoginWithDifferentRecords method skipped
2017-11-12 23:28:25,930 [main] INFO com.test.automation.UIAutomation.testBase.TestBase - D:\Java_Project\UIAutomation\Output\SKIPPED_verifiyLoginWithDifferentRecords_12_11_2017_11_28_25.png
2017-11-12 23:28:25,932 [main] INFO com.test.automation.UIAutomation.testBase.TestBase - image pathD:\Java_Project\UIAutomation\Output\SKIPPED_verifiyLoginWithDifferentRecords_12_11_2017_11_28_25.png
2017-11-12 23:28:25,932 [main] INFO com.test.automation.UIAutomation.testBase.TestBase - Take screenshot completed
2017-11-12 23:28:25,961 [TestNGInvoker-verifiyLoginWithDifferentRecords()] INFO com.test.automation.UIAutomation.tests.VerifiyLoginWithDifferentRecords - verifiyLoginWithDifferentRecords method skipped
2017-11-12 23:28:26,298 [main] INFO com.test.automation.UIAutomation.testBase.TestBase - D:\Java_Project\UIAutomation\Output\SKIPPED_verifiyLoginWithDifferentRecords_12_11_2017_11_28_25.png
2017-11-12 23:28:26,300 [main] INFO com.test.automation.UIAutomation.testBase.TestBase - image pathD:\Java_Project\UIAutomation\Output\SKIPPED_verifiyLoginWithDifferentRecords_12_11_2017_11_28_25.png
2017-11-12 23:28:26,300 [main] INFO com.test.automation.UIAutomation.testBase.TestBase - Take screenshot completed
2017-11-12 23:28:26,331 [TestNGInvoker-verifiyLoginWithDifferentRecords()] INFO com.test.automation.UIAutomation.tests.VerifiyLoginWithDifferentRecords - verifiyLoginWithDifferentRecords method skipped
2017-11-12 23:28:26,687 [main] INFO com.test.automation.UIAutomation.testBase.TestBase - D:\Java_Project\UIAutomation\Output\SKIPPED_verifiyLoginWithDifferentRecords_12_11_2017_11_28_26.png
2017-11-12 23:28:26,690 [main] INFO com.test.automation.UIAutomation.testBase.TestBase - image pathD:\Java_Project\UIAutomation\Output\SKIPPED_verifiyLoginWithDifferentRecords_12_11_2017_11_28_26.png
2017-11-12 23:28:26,690 [main] INFO com.test.automation.UIAutomation.testBase.TestBase - Take screenshot completed
2017-11-12 23:28:26,715 [TestNGInvoker-verifiyLoginWithDifferentRecords()] INFO com.test.automation.UIAutomation.tests.VerifiyLoginWithDifferentRecords - verifiyLoginWithDifferentRecords method skipped
2017-11-12 23:28:27,063 [main] INFO com.test.automation.UIAutomation.testBase.TestBase - D:\Java_Project\UIAutomation\Output\SKIPPED_verifiyLoginWithDifferentRecords_12_11_2017_11_28_26.png
2017-11-12 23:28:27,065 [main] INFO com.test.automation.UIAutomation.testBase.TestBase - image pathD:\Java_Project\UIAutomation\Output\SKIPPED_verifiyLoginWithDifferentRecords_12_11_2017_11_28_26.png
2017-11-12 23:28:27,066 [main] INFO com.test.automation.UIAutomation.testBase.TestBase - Take screenshot completed
2017-11-12 23:28:28,925 [main] INFO com.test.automation.UIAutomation.customListener.Listener - mail moniter method called
2017-11-12 23:28:28,927 [main] INFO com.test.automation.UIAutomation.testBase.TestBase - **********AfterSuite Close Browser**********
2017-11-13 06:54:58,822 [main] INFO com.test.automation.UIAutomation.testBase.TestBase - chrome browser
2017-11-13 06:54:58,826 [main] INFO com.test.automation.UIAutomation.testBase.TestBase - creating object of chromeand URL of: http://demo.ripl.sourcepros.com/
2017-11-13 06:54:58,827 [main] INFO com.test.automation.UIAutomation.testBase.TestBase - open url succssfully
2017-11-13 06:54:58,827 [main] INFO com.test.automation.UIAutomation.testBase.TestBase - http://demo.ripl.sourcepros.com/
2017-11-13 06:54:58,838 [main] INFO com.test.automation.UIAutomation.testBase.TestBase - excel path:D:\Java_Project\UIAutomation\resources\excel\TestData.xlsx
2017-11-13 06:54:59,407 [main] INFO com.test.automation.UIAutomation.tests.NewRequirementTest - verifiy Login With Different Records method skipped
2017-11-13 06:54:59,413 [main] INFO com.test.automation.UIAutomation.tests.NewRequirementTest - **********starting login test**********
2017-11-13 06:59:19,334 [main] INFO com.test.automation.UIAutomation.uiActions.LoginPage - [[ChromeDriver: chrome on XP (762c01f7570456a99cd5ec583f040dd4)] -> xpath: //input[@id='UserName']]
2017-11-13 07:02:20,147 [main] INFO com.test.automation.UIAutomation.uiActions.LoginPage - [[ChromeDriver: chrome on XP (762c01f7570456a99cd5ec583f040dd4)] -> xpath: //input[@id='Password']]
2017-11-13 07:05:32,720 [main] INFO com.test.automation.UIAutomation.uiActions.LoginPage - jsb:SignIn button clicked[[ChromeDriver: chrome on XP (762c01f7570456a99cd5ec583f040dd4)] -> xpath: //input[@id='btnsubmit']]
2017-11-13 07:05:33,693 [main] INFO com.test.automation.UIAutomation.uiActions.LoginPage - welcomestring:[[ChromeDriver: chrome on XP (762c01f7570456a99cd5ec583f040dd4)] -> xpath: //*[@id='userProfile']/div[4]/a/span[1]]
2017-11-13 07:05:36,622 [main] INFO com.test.automation.UIAutomation.testBase.TestBase - element is present:[[ChromeDriver: chrome on XP (762c01f7570456a99cd5ec583f040dd4)] -> xpath: //*[@id='userProfile']/div[4]/a/span[1]]
2017-11-13 07:05:44,468 [main] INFO com.test.automation.UIAutomation.tests.NewRequirementTest - Enter username and password
2017-11-13 07:12:35,792 [main] INFO com.test.automation.UIAutomation.testBase.TestBase - chrome browser
2017-11-13 07:12:35,800 [main] INFO com.test.automation.UIAutomation.testBase.TestBase - creating object of chromeand URL of: http://demo.sourcepros.com/
2017-11-13 07:12:35,801 [main] INFO com.test.automation.UIAutomation.testBase.TestBase - open url succssfully
2017-11-13 07:12:35,801 [main] INFO com.test.automation.UIAutomation.testBase.TestBase - http://demo.sourcepros.com/
2017-11-13 07:12:35,811 [main] INFO com.test.automation.UIAutomation.testBase.TestBase - excel path:D:\Java_Project\UIAutomation\resources\excel\TestData.xlsx
2017-11-13 07:12:36,312 [main] INFO com.test.automation.UIAutomation.tests.NewRequirementTest - verifiy Login With Different Records method skipped
2017-11-13 07:12:36,317 [main] INFO com.test.automation.UIAutomation.tests.NewRequirementTest - **********starting login test**********
2017-11-13 07:12:36,547 [main] INFO com.test.automation.UIAutomation.uiActions.LoginPage - [[ChromeDriver: chrome on XP (1d70d1a0ea0953f2528374fcb8028fb2)] -> xpath: //input[@id='UserName']]
2017-11-13 07:12:36,670 [main] INFO com.test.automation.UIAutomation.uiActions.LoginPage - [[ChromeDriver: chrome on XP (1d70d1a0ea0953f2528374fcb8028fb2)] -> xpath: //input[@id='Password']]
2017-11-13 07:12:37,095 [main] INFO com.test.automation.UIAutomation.uiActions.LoginPage - jsb:SignIn button clicked[[ChromeDriver: chrome on XP (1d70d1a0ea0953f2528374fcb8028fb2)] -> xpath: //input[@id='btnsubmit']]
2017-11-13 07:12:37,141 [main] INFO com.test.automation.UIAutomation.uiActions.LoginPage - welcomestring:Proxy element for: DefaultElementLocator 'By.xpath: //*[@id='userProfile']/div[4]/a/span[1]'
2017-11-13 07:13:57,350 [main] INFO com.test.automation.UIAutomation.tests.NewRequirementTest - chrome not reachable
  (Session info: chrome=61.0.3163.100)
  (Driver info: chromedriver=2.29.461591 (62ebf098771772160f391d75e589dc567915b233),platform=Windows NT 6.1.7601 SP1 x86_64) (WARNING: The server did not provide any stacktrace information)
Command duration or timeout: 0 milliseconds
Build info: version: '3.5.3', revision: 'a88d25fe6b', time: '2017-08-29T12:42:44.417Z'
System info: host: 'RIPLBRD50', ip: '192.168.1.169', os.name: 'Windows 7', os.arch: 'amd64', os.version: '6.1', java.version: '1.8.0_111'
Driver info: org.openqa.selenium.chrome.ChromeDriver
Capabilities [{applicationCacheEnabled=false, rotatable=false, mobileEmulationEnabled=false, networkConnectionEnabled=false, chrome={chromedriverVersion=2.29.461591 (62ebf098771772160f391d75e589dc567915b233), userDataDir=C:\Users\YOGESH~1\AppData\Local\Temp\scoped_dir7224_24769}, takesHeapSnapshot=true, pageLoadStrategy=normal, unhandledPromptBehavior=, databaseEnabled=false, handlesAlerts=true, hasTouchScreen=false, version=61.0.3163.100, platform=XP, browserConnectionEnabled=false, nativeEvents=true, acceptSslCerts=true, locationContextEnabled=true, webStorageEnabled=true, browserName=chrome, takesScreenshot=true, javascriptEnabled=true, platformName=XP, cssSelectorsEnabled=true, unexpectedAlertBehaviour=}]
Session ID: 1d70d1a0ea0953f2528374fcb8028fb2
*** Element info: {Using=xpath, value=//*[@id='userProfile']/div[4]/a/span[1]}
2017-11-13 07:14:01,379 [main] INFO com.test.automation.UIAutomation.config.ElementLoad - chrome not reachable
  (Session info: chrome=61.0.3163.100)
  (Driver info: chromedriver=2.29.461591 (62ebf098771772160f391d75e589dc567915b233),platform=Windows NT 6.1.7601 SP1 x86_64) (WARNING: The server did not provide any stacktrace information)
Command duration or timeout: 0 milliseconds
Build info: version: '3.5.3', revision: 'a88d25fe6b', time: '2017-08-29T12:42:44.417Z'
System info: host: 'RIPLBRD50', ip: '192.168.1.169', os.name: 'Windows 7', os.arch: 'amd64', os.version: '6.1', java.version: '1.8.0_111'
Driver info: org.openqa.selenium.chrome.ChromeDriver
Capabilities [{applicationCacheEnabled=false, rotatable=false, mobileEmulationEnabled=false, networkConnectionEnabled=false, chrome={chromedriverVersion=2.29.461591 (62ebf098771772160f391d75e589dc567915b233), userDataDir=C:\Users\YOGESH~1\AppData\Local\Temp\scoped_dir7224_24769}, takesHeapSnapshot=true, pageLoadStrategy=normal, unhandledPromptBehavior=, databaseEnabled=false, handlesAlerts=true, hasTouchScreen=false, version=61.0.3163.100, platform=XP, browserConnectionEnabled=false, nativeEvents=true, acceptSslCerts=true, locationContextEnabled=true, webStorageEnabled=true, browserName=chrome, takesScreenshot=true, javascriptEnabled=true, platformName=XP, cssSelectorsEnabled=true, unexpectedAlertBehaviour=}]
Session ID: 1d70d1a0ea0953f2528374fcb8028fb2
*** Element info: {Using=xpath, value=//*[@id="header"]/div/div/ul/li/a}
2017-11-13 07:14:05,391 [main] INFO com.test.automation.UIAutomation.config.ElementLoad - chrome not reachable
  (Session info: chrome=61.0.3163.100)
  (Driver info: chromedriver=2.29.461591 (62ebf098771772160f391d75e589dc567915b233),platform=Windows NT 6.1.7601 SP1 x86_64) (WARNING: The server did not provide any stacktrace information)
Command duration or timeout: 0 milliseconds
Build info: version: '3.5.3', revision: 'a88d25fe6b', time: '2017-08-29T12:42:44.417Z'
System info: host: 'RIPLBRD50', ip: '192.168.1.169', os.name: 'Windows 7', os.arch: 'amd64', os.version: '6.1', java.version: '1.8.0_111'
Driver info: org.openqa.selenium.chrome.ChromeDriver
Capabilities [{applicationCacheEnabled=false, rotatable=false, mobileEmulationEnabled=false, networkConnectionEnabled=false, chrome={chromedriverVersion=2.29.461591 (62ebf098771772160f391d75e589dc567915b233), userDataDir=C:\Users\YOGESH~1\AppData\Local\Temp\scoped_dir7224_24769}, takesHeapSnapshot=true, pageLoadStrategy=normal, unhandledPromptBehavior=, databaseEnabled=false, handlesAlerts=true, hasTouchScreen=false, version=61.0.3163.100, platform=XP, browserConnectionEnabled=false, nativeEvents=true, acceptSslCerts=true, locationContextEnabled=true, webStorageEnabled=true, browserName=chrome, takesScreenshot=true, javascriptEnabled=true, platformName=XP, cssSelectorsEnabled=true, unexpectedAlertBehaviour=}]
Session ID: 1d70d1a0ea0953f2528374fcb8028fb2
*** Element info: {Using=xpath, value=//*[@id="header"]/div/div/ul/li/ul/li/a}
2017-11-13 07:14:05,400 [main] INFO com.test.automation.UIAutomation.testBase.TestBase - excel path:D:\Java_Project\UIAutomation\resources\excel\TestData.xlsx
2017-11-13 07:14:09,555 [main] INFO com.test.automation.UIAutomation.config.ElementLoad - chrome not reachable
  (Session info: chrome=61.0.3163.100)
  (Driver info: chromedriver=2.29.461591 (62ebf098771772160f391d75e589dc567915b233),platform=Windows NT 6.1.7601 SP1 x86_64) (WARNING: The server did not provide any stacktrace information)
Command duration or timeout: 0 milliseconds
Build info: version: '3.5.3', revision: 'a88d25fe6b', time: '2017-08-29T12:42:44.417Z'
System info: host: 'RIPLBRD50', ip: '192.168.1.169', os.name: 'Windows 7', os.arch: 'amd64', os.version: '6.1', java.version: '1.8.0_111'
Driver info: org.openqa.selenium.chrome.ChromeDriver
Capabilities [{applicationCacheEnabled=false, rotatable=false, mobileEmulationEnabled=false, networkConnectionEnabled=false, chrome={chromedriverVersion=2.29.461591 (62ebf098771772160f391d75e589dc567915b233), userDataDir=C:\Users\YOGESH~1\AppData\Local\Temp\scoped_dir7224_24769}, takesHeapSnapshot=true, pageLoadStrategy=normal, unhandledPromptBehavior=, databaseEnabled=false, handlesAlerts=true, hasTouchScreen=false, version=61.0.3163.100, platform=XP, browserConnectionEnabled=false, nativeEvents=true, acceptSslCerts=true, locationContextEnabled=true, webStorageEnabled=true, browserName=chrome, takesScreenshot=true, javascriptEnabled=true, platformName=XP, cssSelectorsEnabled=true, unexpectedAlertBehaviour=}]
Session ID: 1d70d1a0ea0953f2528374fcb8028fb2
*** Element info: {Using=xpath, value=//INPUT[@id='ClientJobCode']}
2017-11-13 07:14:09,562 [main] INFO com.test.automation.UIAutomation.uiActions.NewRequirement - null
2017-11-13 07:14:13,586 [main] INFO com.test.automation.UIAutomation.config.ElementLoad - chrome not reachable
  (Session info: chrome=61.0.3163.100)
  (Driver info: chromedriver=2.29.461591 (62ebf098771772160f391d75e589dc567915b233),platform=Windows NT 6.1.7601 SP1 x86_64) (WARNING: The server did not provide any stacktrace information)
Command duration or timeout: 0 milliseconds
Build info: version: '3.5.3', revision: 'a88d25fe6b', time: '2017-08-29T12:42:44.417Z'
System info: host: 'RIPLBRD50', ip: '192.168.1.169', os.name: 'Windows 7', os.arch: 'amd64', os.version: '6.1', java.version: '1.8.0_111'
Driver info: org.openqa.selenium.chrome.ChromeDriver
Capabilities [{applicationCacheEnabled=false, rotatable=false, mobileEmulationEnabled=false, networkConnectionEnabled=false, chrome={chromedriverVersion=2.29.461591 (62ebf098771772160f391d75e589dc567915b233), userDataDir=C:\Users\YOGESH~1\AppData\Local\Temp\scoped_dir7224_24769}, takesHeapSnapshot=true, pageLoadStrategy=normal, unhandledPromptBehavior=, databaseEnabled=false, handlesAlerts=true, hasTouchScreen=false, version=61.0.3163.100, platform=XP, browserConnectionEnabled=false, nativeEvents=true, acceptSslCerts=true, locationContextEnabled=true, webStorageEnabled=true, browserName=chrome, takesScreenshot=true, javascriptEnabled=true, platformName=XP, cssSelectorsEnabled=true, unexpectedAlertBehaviour=}]
Session ID: 1d70d1a0ea0953f2528374fcb8028fb2
*** Element info: {Using=xpath, value=//INPUT[@id='Address1']}
2017-11-13 07:14:13,588 [main] INFO com.test.automation.UIAutomation.uiActions.NewRequirement - null
2017-11-13 07:14:17,616 [main] INFO com.test.automation.UIAutomation.config.ElementLoad - chrome not reachable
  (Session info: chrome=61.0.3163.100)
  (Driver info: chromedriver=2.29.461591 (62ebf098771772160f391d75e589dc567915b233),platform=Windows NT 6.1.7601 SP1 x86_64) (WARNING: The server did not provide any stacktrace information)
Command duration or timeout: 0 milliseconds
Build info: version: '3.5.3', revision: 'a88d25fe6b', time: '2017-08-29T12:42:44.417Z'
System info: host: 'RIPLBRD50', ip: '192.168.1.169', os.name: 'Windows 7', os.arch: 'amd64', os.version: '6.1', java.version: '1.8.0_111'
Driver info: org.openqa.selenium.chrome.ChromeDriver
Capabilities [{applicationCacheEnabled=false, rotatable=false, mobileEmulationEnabled=false, networkConnectionEnabled=false, chrome={chromedriverVersion=2.29.461591 (62ebf098771772160f391d75e589dc567915b233), userDataDir=C:\Users\YOGESH~1\AppData\Local\Temp\scoped_dir7224_24769}, takesHeapSnapshot=true, pageLoadStrategy=normal, unhandledPromptBehavior=, databaseEnabled=false, handlesAlerts=true, hasTouchScreen=false, version=61.0.3163.100, platform=XP, browserConnectionEnabled=false, nativeEvents=true, acceptSslCerts=true, locationContextEnabled=true, webStorageEnabled=true, browserName=chrome, takesScreenshot=true, javascriptEnabled=true, platformName=XP, cssSelectorsEnabled=true, unexpectedAlertBehaviour=}]
Session ID: 1d70d1a0ea0953f2528374fcb8028fb2
*** Element info: {Using=xpath, value=//select[@id='drpsReqManager']}
2017-11-13 07:14:17,618 [main] INFO com.test.automation.UIAutomation.uiActions.NewRequirement - null
2017-11-13 07:14:21,630 [main] INFO com.test.automation.UIAutomation.config.ElementLoad - chrome not reachable
  (Session info: chrome=61.0.3163.100)
  (Driver info: chromedriver=2.29.461591 (62ebf098771772160f391d75e589dc567915b233),platform=Windows NT 6.1.7601 SP1 x86_64) (WARNING: The server did not provide any stacktrace information)
Command duration or timeout: 0 milliseconds
Build info: version: '3.5.3', revision: 'a88d25fe6b', time: '2017-08-29T12:42:44.417Z'
System info: host: 'RIPLBRD50', ip: '192.168.1.169', os.name: 'Windows 7', os.arch: 'amd64', os.version: '6.1', java.version: '1.8.0_111'
Driver info: org.openqa.selenium.chrome.ChromeDriver
Capabilities [{applicationCacheEnabled=false, rotatable=false, mobileEmulationEnabled=false, networkConnectionEnabled=false, chrome={chromedriverVersion=2.29.461591 (62ebf098771772160f391d75e589dc567915b233), userDataDir=C:\Users\YOGESH~1\AppData\Local\Temp\scoped_dir7224_24769}, takesHeapSnapshot=true, pageLoadStrategy=normal, unhandledPromptBehavior=, databaseEnabled=false, handlesAlerts=true, hasTouchScreen=false, version=61.0.3163.100, platform=XP, browserConnectionEnabled=false, nativeEvents=true, acceptSslCerts=true, locationContextEnabled=true, webStorageEnabled=true, browserName=chrome, takesScreenshot=true, javascriptEnabled=true, platformName=XP, cssSelectorsEnabled=true, unexpectedAlertBehaviour=}]
Session ID: 1d70d1a0ea0953f2528374fcb8028fb2
*** Element info: {Using=xpath, value=//INPUT[@id='IsRCApproved']}
2017-11-13 07:14:21,631 [main] INFO com.test.automation.UIAutomation.uiActions.NewRequirement - null
2017-11-13 07:14:25,640 [main] INFO com.test.automation.UIAutomation.config.ElementLoad - chrome not reachable
  (Session info: chrome=61.0.3163.100)
  (Driver info: chromedriver=2.29.461591 (62ebf098771772160f391d75e589dc567915b233),platform=Windows NT 6.1.7601 SP1 x86_64) (WARNING: The server did not provide any stacktrace information)
Command duration or timeout: 0 milliseconds
Build info: version: '3.5.3', revision: 'a88d25fe6b', time: '2017-08-29T12:42:44.417Z'
System info: host: 'RIPLBRD50', ip: '192.168.1.169', os.name: 'Windows 7', os.arch: 'amd64', os.version: '6.1', java.version: '1.8.0_111'
Driver info: org.openqa.selenium.chrome.ChromeDriver
Capabilities [{applicationCacheEnabled=false, rotatable=false, mobileEmulationEnabled=false, networkConnectionEnabled=false, chrome={chromedriverVersion=2.29.461591 (62ebf098771772160f391d75e589dc567915b233), userDataDir=C:\Users\YOGESH~1\AppData\Local\Temp\scoped_dir7224_24769}, takesHeapSnapshot=true, pageLoadStrategy=normal, unhandledPromptBehavior=, databaseEnabled=false, handlesAlerts=true, hasTouchScreen=false, version=61.0.3163.100, platform=XP, browserConnectionEnabled=false, nativeEvents=true, acceptSslCerts=true, locationContextEnabled=true, webStorageEnabled=true, browserName=chrome, takesScreenshot=true, javascriptEnabled=true, platformName=XP, cssSelectorsEnabled=true, unexpectedAlertBehaviour=}]
Session ID: 1d70d1a0ea0953f2528374fcb8028fb2
*** Element info: {Using=xpath, value=//select[@id='drpcategory']}
2017-11-13 07:14:25,641 [main] INFO com.test.automation.UIAutomation.uiActions.NewRequirement - null
2017-11-13 07:14:29,657 [main] INFO com.test.automation.UIAutomation.config.ElementLoad - chrome not reachable
  (Session info: chrome=61.0.3163.100)
  (Driver info: chromedriver=2.29.461591 (62ebf098771772160f391d75e589dc567915b233),platform=Windows NT 6.1.7601 SP1 x86_64) (WARNING: The server did not provide any stacktrace information)
Command duration or timeout: 0 milliseconds
Build info: version: '3.5.3', revision: 'a88d25fe6b', time: '2017-08-29T12:42:44.417Z'
System info: host: 'RIPLBRD50', ip: '192.168.1.169', os.name: 'Windows 7', os.arch: 'amd64', os.version: '6.1', java.version: '1.8.0_111'
Driver info: org.openqa.selenium.chrome.ChromeDriver
Capabilities [{applicationCacheEnabled=false, rotatable=false, mobileEmulationEnabled=false, networkConnectionEnabled=false, chrome={chromedriverVersion=2.29.461591 (62ebf098771772160f391d75e589dc567915b233), userDataDir=C:\Users\YOGESH~1\AppData\Local\Temp\scoped_dir7224_24769}, takesHeapSnapshot=true, pageLoadStrategy=normal, unhandledPromptBehavior=, databaseEnabled=false, handlesAlerts=true, hasTouchScreen=false, version=61.0.3163.100, platform=XP, browserConnectionEnabled=false, nativeEvents=true, acceptSslCerts=true, locationContextEnabled=true, webStorageEnabled=true, browserName=chrome, takesScreenshot=true, javascriptEnabled=true, platformName=XP, cssSelectorsEnabled=true, unexpectedAlertBehaviour=}]
Session ID: 1d70d1a0ea0953f2528374fcb8028fb2
*** Element info: {Using=id, value=RequirementJobDescription_ifr}
2017-11-13 07:14:29,661 [main] INFO com.test.automation.UIAutomation.uiActions.NewRequirement - null value in entry: id=null
2017-11-13 07:14:33,670 [main] INFO com.test.automation.UIAutomation.config.ElementLoad - chrome not reachable
  (Session info: chrome=61.0.3163.100)
  (Driver info: chromedriver=2.29.461591 (62ebf098771772160f391d75e589dc567915b233),platform=Windows NT 6.1.7601 SP1 x86_64) (WARNING: The server did not provide any stacktrace information)
Command duration or timeout: 0 milliseconds
Build info: version: '3.5.3', revision: 'a88d25fe6b', time: '2017-08-29T12:42:44.417Z'
System info: host: 'RIPLBRD50', ip: '192.168.1.169', os.name: 'Windows 7', os.arch: 'amd64', os.version: '6.1', java.version: '1.8.0_111'
Driver info: org.openqa.selenium.chrome.ChromeDriver
Capabilities [{applicationCacheEnabled=false, rotatable=false, mobileEmulationEnabled=false, networkConnectionEnabled=false, chrome={chromedriverVersion=2.29.461591 (62ebf098771772160f391d75e589dc567915b233), userDataDir=C:\Users\YOGESH~1\AppData\Local\Temp\scoped_dir7224_24769}, takesHeapSnapshot=true, pageLoadStrategy=normal, unhandledPromptBehavior=, databaseEnabled=false, handlesAlerts=true, hasTouchScreen=false, version=61.0.3163.100, platform=XP, browserConnectionEnabled=false, nativeEvents=true, acceptSslCerts=true, locationContextEnabled=true, webStorageEnabled=true, browserName=chrome, takesScreenshot=true, javascriptEnabled=true, platformName=XP, cssSelectorsEnabled=true, unexpectedAlertBehaviour=}]
Session ID: 1d70d1a0ea0953f2528374fcb8028fb2
*** Element info: {Using=xpath, value=//INPUT[@id='MandatorySkill1']}
2017-11-13 07:14:33,671 [main] INFO com.test.automation.UIAutomation.uiActions.NewRequirement - null
2017-11-13 07:14:33,678 [main] INFO com.test.automation.UIAutomation.tests.NewRequirementTest - RegisterDetailsTestData skipped methods
2017-11-13 07:14:33,683 [main] INFO com.test.automation.UIAutomation.tests.NewRequirementTest - RegisterDetailsTestData skipped methods
2017-11-13 07:14:33,690 [main] INFO com.test.automation.UIAutomation.tests.NewRequirementTest - RegisterDetailsTestData skipped methods
2017-11-13 07:14:33,696 [main] INFO com.test.automation.UIAutomation.tests.NewRequirementTest - RegisterDetailsTestData skipped methods
2017-11-13 07:14:33,698 [main] INFO com.test.automation.UIAutomation.tests.NewRequirementTest - RegisterDetailsTestData skipped methods
2017-11-13 07:14:33,704 [main] INFO com.test.automation.UIAutomation.tests.NewRequirementTest - RegisterDetailsTestData skipped methods
2017-11-13 07:14:33,707 [main] INFO com.test.automation.UIAutomation.tests.NewRequirementTest - RegisterDetailsTestData skipped methods
2017-11-13 07:14:33,709 [main] INFO com.test.automation.UIAutomation.tests.NewRequirementTest - RegisterDetailsTestData skipped methods
2017-11-13 07:14:33,711 [main] INFO com.test.automation.UIAutomation.tests.NewRequirementTest - RegisterDetailsTestData skipped methods
2017-11-13 07:14:37,725 [main] INFO com.test.automation.UIAutomation.tests.NewRequirementTest - chrome not reachable
  (Session info: chrome=61.0.3163.100)
  (Driver info: chromedriver=2.29.461591 (62ebf098771772160f391d75e589dc567915b233),platform=Windows NT 6.1.7601 SP1 x86_64) (WARNING: The server did not provide any stacktrace information)
Command duration or timeout: 0 milliseconds
Build info: version: '3.5.3', revision: 'a88d25fe6b', time: '2017-08-29T12:42:44.417Z'
System info: host: 'RIPLBRD50', ip: '192.168.1.169', os.name: 'Windows 7', os.arch: 'amd64', os.version: '6.1', java.version: '1.8.0_111'
Driver info: org.openqa.selenium.chrome.ChromeDriver
Capabilities [{applicationCacheEnabled=false, rotatable=false, mobileEmulationEnabled=false, networkConnectionEnabled=false, chrome={chromedriverVersion=2.29.461591 (62ebf098771772160f391d75e589dc567915b233), userDataDir=C:\Users\YOGESH~1\AppData\Local\Temp\scoped_dir7224_24769}, takesHeapSnapshot=true, pageLoadStrategy=normal, unhandledPromptBehavior=, databaseEnabled=false, handlesAlerts=true, hasTouchScreen=false, version=61.0.3163.100, platform=XP, browserConnectionEnabled=false, nativeEvents=true, acceptSslCerts=true, locationContextEnabled=true, webStorageEnabled=true, browserName=chrome, takesScreenshot=true, javascriptEnabled=true, platformName=XP, cssSelectorsEnabled=true, unexpectedAlertBehaviour=}]
Session ID: 1d70d1a0ea0953f2528374fcb8028fb2
*** Element info: {Using=xpath, value=//*[@id='userProfile']/div[3]/div[1]/span/a[2]}
2017-11-13 07:14:37,771 [main] INFO com.test.automation.UIAutomation.testBase.TestBase - **********AfterSuite Close Browser**********
2017-11-13 07:16:06,727 [main] INFO com.test.automation.UIAutomation.testBase.TestBase - chrome browser
2017-11-13 07:16:06,734 [main] INFO com.test.automation.UIAutomation.testBase.TestBase - creating object of chromeand URL of: http://demo.sourcepros.com/
2017-11-13 07:16:06,735 [main] INFO com.test.automation.UIAutomation.testBase.TestBase - open url succssfully
2017-11-13 07:16:06,736 [main] INFO com.test.automation.UIAutomation.testBase.TestBase - http://demo.sourcepros.com/
2017-11-13 07:16:06,750 [main] INFO com.test.automation.UIAutomation.testBase.TestBase - excel path:D:\Java_Project\UIAutomation\resources\excel\TestData.xlsx
2017-11-13 07:16:07,253 [main] INFO com.test.automation.UIAutomation.tests.NewRequirementTest - **********starting login test**********
2017-11-13 07:16:07,437 [main] INFO com.test.automation.UIAutomation.uiActions.LoginPage - [[ChromeDriver: chrome on XP (b5d0dd72f208a789a30230bc534542f3)] -> xpath: //input[@id='UserName']]
2017-11-13 07:16:07,555 [main] INFO com.test.automation.UIAutomation.uiActions.LoginPage - [[ChromeDriver: chrome on XP (b5d0dd72f208a789a30230bc534542f3)] -> xpath: //input[@id='Password']]
2017-11-13 07:16:12,610 [main] INFO com.test.automation.UIAutomation.uiActions.LoginPage - jsb:SignIn button clicked[[ChromeDriver: chrome on XP (b5d0dd72f208a789a30230bc534542f3)] -> xpath: //input[@id='btnsubmit']]
2017-11-13 07:16:12,635 [main] INFO com.test.automation.UIAutomation.uiActions.LoginPage - welcomestring:[[ChromeDriver: chrome on XP (b5d0dd72f208a789a30230bc534542f3)] -> xpath: //*[@id='userProfile']/div[4]/a/span[1]]
2017-11-13 07:16:12,672 [main] INFO com.test.automation.UIAutomation.testBase.TestBase - element is present:[[ChromeDriver: chrome on XP (b5d0dd72f208a789a30230bc534542f3)] -> xpath: //*[@id='userProfile']/div[4]/a/span[1]]
2017-11-13 07:16:12,689 [main] INFO com.test.automation.UIAutomation.tests.NewRequirementTest - Enter username and password
2017-11-13 07:16:12,691 [main] INFO com.test.automation.UIAutomation.tests.NewRequirementTest - verifiy Login With Different Records method skipped
2017-11-13 07:16:12,753 [main] INFO com.test.automation.UIAutomation.config.ElementLoad - [[[ChromeDriver: chrome on XP (b5d0dd72f208a789a30230bc534542f3)] -> xpath: //*[@id="header"]/div/div/ul/li/a], [[ChromeDriver: chrome on XP (b5d0dd72f208a789a30230bc534542f3)] -> xpath: //*[@id="header"]/div/div/ul/li/a], [[ChromeDriver: chrome on XP (b5d0dd72f208a789a30230bc534542f3)] -> xpath: //*[@id="header"]/div/div/ul/li/a], [[ChromeDriver: chrome on XP (b5d0dd72f208a789a30230bc534542f3)] -> xpath: //*[@id="header"]/div/div/ul/li/a], [[ChromeDriver: chrome on XP (b5d0dd72f208a789a30230bc534542f3)] -> xpath: //*[@id="header"]/div/div/ul/li/a], [[ChromeDriver: chrome on XP (b5d0dd72f208a789a30230bc534542f3)] -> xpath: //*[@id="header"]/div/div/ul/li/a], [[ChromeDriver: chrome on XP (b5d0dd72f208a789a30230bc534542f3)] -> xpath: //*[@id="header"]/div/div/ul/li/a], [[ChromeDriver: chrome on XP (b5d0dd72f208a789a30230bc534542f3)] -> xpath: //*[@id="header"]/div/div/ul/li/a], [[ChromeDriver: chrome on XP (b5d0dd72f208a789a30230bc534542f3)] -> xpath: //*[@id="header"]/div/div/ul/li/a], [[ChromeDriver: chrome on XP (b5d0dd72f208a789a30230bc534542f3)] -> xpath: //*[@id="header"]/div/div/ul/li/a], [[ChromeDriver: chrome on XP (b5d0dd72f208a789a30230bc534542f3)] -> xpath: //*[@id="header"]/div/div/ul/li/a], [[ChromeDriver: chrome on XP (b5d0dd72f208a789a30230bc534542f3)] -> xpath: //*[@id="header"]/div/div/ul/li/a], [[ChromeDriver: chrome on XP (b5d0dd72f208a789a30230bc534542f3)] -> xpath: //*[@id="header"]/div/div/ul/li/a], [[ChromeDriver: chrome on XP (b5d0dd72f208a789a30230bc534542f3)] -> xpath: //*[@id="header"]/div/div/ul/li/a], [[ChromeDriver: chrome on XP (b5d0dd72f208a789a30230bc534542f3)] -> xpath: //*[@id="header"]/div/div/ul/li/a], [[ChromeDriver: chrome on XP (b5d0dd72f208a789a30230bc534542f3)] -> xpath: //*[@id="header"]/div/div/ul/li/a], [[ChromeDriver: chrome on XP (b5d0dd72f208a789a30230bc534542f3)] -> xpath: //*[@id="header"]/div/div/ul/li/a]]
2017-11-13 07:16:12,928 [main] INFO com.test.automation.UIAutomation.config.ElementLoad - [[[ChromeDriver: chrome on XP (b5d0dd72f208a789a30230bc534542f3)] -> xpath: //*[@id="header"]/div/div/ul/li/ul/li/a], [[ChromeDriver: chrome on XP (b5d0dd72f208a789a30230bc534542f3)] -> xpath: //*[@id="header"]/div/div/ul/li/ul/li/a], [[ChromeDriver: chrome on XP (b5d0dd72f208a789a30230bc534542f3)] -> xpath: //*[@id="header"]/div/div/ul/li/ul/li/a], [[ChromeDriver: chrome on XP (b5d0dd72f208a789a30230bc534542f3)] -> xpath: //*[@id="header"]/div/div/ul/li/ul/li/a], [[ChromeDriver: chrome on XP (b5d0dd72f208a789a30230bc534542f3)] -> xpath: //*[@id="header"]/div/div/ul/li/ul/li/a], [[ChromeDriver: chrome on XP (b5d0dd72f208a789a30230bc534542f3)] -> xpath: //*[@id="header"]/div/div/ul/li/ul/li/a], [[ChromeDriver: chrome on XP (b5d0dd72f208a789a30230bc534542f3)] -> xpath: //*[@id="header"]/div/div/ul/li/ul/li/a], [[ChromeDriver: chrome on XP (b5d0dd72f208a789a30230bc534542f3)] -> xpath: //*[@id="header"]/div/div/ul/li/ul/li/a], [[ChromeDriver: chrome on XP (b5d0dd72f208a789a30230bc534542f3)] -> xpath: //*[@id="header"]/div/div/ul/li/ul/li/a], [[ChromeDriver: chrome on XP (b5d0dd72f208a789a30230bc534542f3)] -> xpath: //*[@id="header"]/div/div/ul/li/ul/li/a], [[ChromeDriver: chrome on XP (b5d0dd72f208a789a30230bc534542f3)] -> xpath: //*[@id="header"]/div/div/ul/li/ul/li/a], [[ChromeDriver: chrome on XP (b5d0dd72f208a789a30230bc534542f3)] -> xpath: //*[@id="header"]/div/div/ul/li/ul/li/a], [[ChromeDriver: chrome on XP (b5d0dd72f208a789a30230bc534542f3)] -> xpath: //*[@id="header"]/div/div/ul/li/ul/li/a], [[ChromeDriver: chrome on XP (b5d0dd72f208a789a30230bc534542f3)] -> xpath: //*[@id="header"]/div/div/ul/li/ul/li/a], [[ChromeDriver: chrome on XP (b5d0dd72f208a789a30230bc534542f3)] -> xpath: //*[@id="header"]/div/div/ul/li/ul/li/a], [[ChromeDriver: chrome on XP (b5d0dd72f208a789a30230bc534542f3)] -> xpath: //*[@id="header"]/div/div/ul/li/ul/li/a], [[ChromeDriver: chrome on XP (b5d0dd72f208a789a30230bc534542f3)] -> xpath: //*[@id="header"]/div/div/ul/li/ul/li/a], [[ChromeDriver: chrome on XP (b5d0dd72f208a789a30230bc534542f3)] -> xpath: //*[@id="header"]/div/div/ul/li/ul/li/a], [[ChromeDriver: chrome on XP (b5d0dd72f208a789a30230bc534542f3)] -> xpath: //*[@id="header"]/div/div/ul/li/ul/li/a], [[ChromeDriver: chrome on XP (b5d0dd72f208a789a30230bc534542f3)] -> xpath: //*[@id="header"]/div/div/ul/li/ul/li/a], [[ChromeDriver: chrome on XP (b5d0dd72f208a789a30230bc534542f3)] -> xpath: //*[@id="header"]/div/div/ul/li/ul/li/a], [[ChromeDriver: chrome on XP (b5d0dd72f208a789a30230bc534542f3)] -> xpath: //*[@id="header"]/div/div/ul/li/ul/li/a], [[ChromeDriver: chrome on XP (b5d0dd72f208a789a30230bc534542f3)] -> xpath: //*[@id="header"]/div/div/ul/li/ul/li/a], [[ChromeDriver: chrome on XP (b5d0dd72f208a789a30230bc534542f3)] -> xpath: //*[@id="header"]/div/div/ul/li/ul/li/a], [[ChromeDriver: chrome on XP (b5d0dd72f208a789a30230bc534542f3)] -> xpath: //*[@id="header"]/div/div/ul/li/ul/li/a], [[ChromeDriver: chrome on XP (b5d0dd72f208a789a30230bc534542f3)] -> xpath: //*[@id="header"]/div/div/ul/li/ul/li/a], [[ChromeDriver: chrome on XP (b5d0dd72f208a789a30230bc534542f3)] -> xpath: //*[@id="header"]/div/div/ul/li/ul/li/a], [[ChromeDriver: chrome on XP (b5d0dd72f208a789a30230bc534542f3)] -> xpath: //*[@id="header"]/div/div/ul/li/ul/li/a], [[ChromeDriver: chrome on XP (b5d0dd72f208a789a30230bc534542f3)] -> xpath: //*[@id="header"]/div/div/ul/li/ul/li/a], [[ChromeDriver: chrome on XP (b5d0dd72f208a789a30230bc534542f3)] -> xpath: //*[@id="header"]/div/div/ul/li/ul/li/a], [[ChromeDriver: chrome on XP (b5d0dd72f208a789a30230bc534542f3)] -> xpath: //*[@id="header"]/div/div/ul/li/ul/li/a], [[ChromeDriver: chrome on XP (b5d0dd72f208a789a30230bc534542f3)] -> xpath: //*[@id="header"]/div/div/ul/li/ul/li/a], [[ChromeDriver: chrome on XP (b5d0dd72f208a789a30230bc534542f3)] -> xpath: //*[@id="header"]/div/div/ul/li/ul/li/a], [[ChromeDriver: chrome on XP (b5d0dd72f208a789a30230bc534542f3)] -> xpath: //*[@id="header"]/div/div/ul/li/ul/li/a], [[ChromeDriver: chrome on XP (b5d0dd72f208a789a30230bc534542f3)] -> xpath: //*[@id="header"]/div/div/ul/li/ul/li/a], [[ChromeDriver: chrome on XP (b5d0dd72f208a789a30230bc534542f3)] -> xpath: //*[@id="header"]/div/div/ul/li/ul/li/a], [[ChromeDriver: chrome on XP (b5d0dd72f208a789a30230bc534542f3)] -> xpath: //*[@id="header"]/div/div/ul/li/ul/li/a], [[ChromeDriver: chrome on XP (b5d0dd72f208a789a30230bc534542f3)] -> xpath: //*[@id="header"]/div/div/ul/li/ul/li/a], [[ChromeDriver: chrome on XP (b5d0dd72f208a789a30230bc534542f3)] -> xpath: //*[@id="header"]/div/div/ul/li/ul/li/a], [[ChromeDriver: chrome on XP (b5d0dd72f208a789a30230bc534542f3)] -> xpath: //*[@id="header"]/div/div/ul/li/ul/li/a], [[ChromeDriver: chrome on XP (b5d0dd72f208a789a30230bc534542f3)] -> xpath: //*[@id="header"]/div/div/ul/li/ul/li/a], [[ChromeDriver: chrome on XP (b5d0dd72f208a789a30230bc534542f3)] -> xpath: //*[@id="header"]/div/div/ul/li/ul/li/a]]
2017-11-13 07:16:12,930 [main] INFO com.test.automation.UIAutomation.uiActions.HomePage - AllHeaderMenuslinks:17
2017-11-13 07:16:12,953 [main] INFO com.test.automation.UIAutomation.uiActions.HomePage - subElement:
2017-11-13 07:16:12,972 [main] INFO com.test.automation.UIAutomation.uiActions.HomePage - subElement:
2017-11-13 07:16:12,991 [main] INFO com.test.automation.UIAutomation.uiActions.HomePage - subElement:
2017-11-13 07:16:13,013 [main] INFO com.test.automation.UIAutomation.uiActions.HomePage - subElement:
2017-11-13 07:16:13,033 [main] INFO com.test.automation.UIAutomation.uiActions.HomePage - subElement:
2017-11-13 07:16:13,053 [main] INFO com.test.automation.UIAutomation.uiActions.HomePage - subElement:
2017-11-13 07:16:13,072 [main] INFO com.test.automation.UIAutomation.uiActions.HomePage - subElement:
2017-11-13 07:16:13,093 [main] INFO com.test.automation.UIAutomation.uiActions.HomePage - subElement:Requirement List
2017-11-13 07:16:13,114 [main] INFO com.test.automation.UIAutomation.uiActions.HomePage - subElement:New Requirement
2017-11-13 07:16:15,000 [main] INFO com.test.automation.UIAutomation.testBase.TestBase - excel path:D:\Java_Project\UIAutomation\resources\excel\TestData.xlsx
2017-11-13 07:16:15,399 [main] INFO com.test.automation.UIAutomation.uiActions.NewRequirement - job code entered in textbox
2017-11-13 07:16:15,490 [main] INFO com.test.automation.UIAutomation.uiActions.NewRequirement - no such element: Unable to locate element: {"method":"xpath","selector":".//*[@id='tabReqDetails']/div/div[1]/div[2]/div[2]/div/a"}
  (Session info: chrome=61.0.3163.100)
  (Driver info: chromedriver=2.29.461591 (62ebf098771772160f391d75e589dc567915b233),platform=Windows NT 6.1.7601 SP1 x86_64) (WARNING: The server did not provide any stacktrace information)
Command duration or timeout: 0 milliseconds
For documentation on this error, please visit: http://seleniumhq.org/exceptions/no_such_element.html
Build info: version: '3.5.3', revision: 'a88d25fe6b', time: '2017-08-29T12:42:44.417Z'
System info: host: 'RIPLBRD50', ip: '192.168.1.169', os.name: 'Windows 7', os.arch: 'amd64', os.version: '6.1', java.version: '1.8.0_111'
Driver info: org.openqa.selenium.chrome.ChromeDriver
Capabilities [{applicationCacheEnabled=false, rotatable=false, mobileEmulationEnabled=false, networkConnectionEnabled=false, chrome={chromedriverVersion=2.29.461591 (62ebf098771772160f391d75e589dc567915b233), userDataDir=C:\Users\YOGESH~1\AppData\Local\Temp\scoped_dir6396_855}, takesHeapSnapshot=true, pageLoadStrategy=normal, unhandledPromptBehavior=, databaseEnabled=false, handlesAlerts=true, hasTouchScreen=false, version=61.0.3163.100, platform=XP, browserConnectionEnabled=false, nativeEvents=true, acceptSslCerts=true, locationContextEnabled=true, webStorageEnabled=true, browserName=chrome, takesScreenshot=true, javascriptEnabled=true, platformName=XP, cssSelectorsEnabled=true, unexpectedAlertBehaviour=}]
Session ID: b5d0dd72f208a789a30230bc534542f3
*** Element info: {Using=xpath, value=.//*[@id='tabReqDetails']/div/div[1]/div[2]/div[2]/div/a}
2017-11-13 07:16:15,674 [main] INFO com.test.automation.UIAutomation.uiActions.NewRequirement - Entered Addressline1 in textbox
2017-11-13 07:16:15,696 [main] INFO com.test.automation.UIAutomation.config.ElementLoad - no such element: Unable to locate element: {"method":"xpath","selector":"//select[@id='drpState']"}
  (Session info: chrome=61.0.3163.100)
  (Driver info: chromedriver=2.29.461591 (62ebf098771772160f391d75e589dc567915b233),platform=Windows NT 6.1.7601 SP1 x86_64) (WARNING: The server did not provide any stacktrace information)
Command duration or timeout: 0 milliseconds
For documentation on this error, please visit: http://seleniumhq.org/exceptions/no_such_element.html
Build info: version: '3.5.3', revision: 'a88d25fe6b', time: '2017-08-29T12:42:44.417Z'
System info: host: 'RIPLBRD50', ip: '192.168.1.169', os.name: 'Windows 7', os.arch: 'amd64', os.version: '6.1', java.version: '1.8.0_111'
Driver info: org.openqa.selenium.chrome.ChromeDriver
Capabilities [{applicationCacheEnabled=false, rotatable=false, mobileEmulationEnabled=false, networkConnectionEnabled=false, chrome={chromedriverVersion=2.29.461591 (62ebf098771772160f391d75e589dc567915b233), userDataDir=C:\Users\YOGESH~1\AppData\Local\Temp\scoped_dir6396_855}, takesHeapSnapshot=true, pageLoadStrategy=normal, unhandledPromptBehavior=, databaseEnabled=false, handlesAlerts=true, hasTouchScreen=false, version=61.0.3163.100, platform=XP, browserConnectionEnabled=false, nativeEvents=true, acceptSslCerts=true, locationContextEnabled=true, webStorageEnabled=true, browserName=chrome, takesScreenshot=true, javascriptEnabled=true, platformName=XP, cssSelectorsEnabled=true, unexpectedAlertBehaviour=}]
Session ID: b5d0dd72f208a789a30230bc534542f3
*** Element info: {Using=xpath, value=//select[@id='drpState']}
2017-11-13 07:16:15,697 [main] INFO com.test.automation.UIAutomation.uiActions.NewRequirement - null
2017-11-13 07:16:15,718 [main] INFO com.test.automation.UIAutomation.config.ElementLoad - no such element: Unable to locate element: {"method":"xpath","selector":"//select[@id='drpsReqManager']"}
  (Session info: chrome=61.0.3163.100)
  (Driver info: chromedriver=2.29.461591 (62ebf098771772160f391d75e589dc567915b233),platform=Windows NT 6.1.7601 SP1 x86_64) (WARNING: The server did not provide any stacktrace information)
Command duration or timeout: 0 milliseconds
For documentation on this error, please visit: http://seleniumhq.org/exceptions/no_such_element.html
Build info: version: '3.5.3', revision: 'a88d25fe6b', time: '2017-08-29T12:42:44.417Z'
System info: host: 'RIPLBRD50', ip: '192.168.1.169', os.name: 'Windows 7', os.arch: 'amd64', os.version: '6.1', java.version: '1.8.0_111'
Driver info: org.openqa.selenium.chrome.ChromeDriver
Capabilities [{applicationCacheEnabled=false, rotatable=false, mobileEmulationEnabled=false, networkConnectionEnabled=false, chrome={chromedriverVersion=2.29.461591 (62ebf098771772160f391d75e589dc567915b233), userDataDir=C:\Users\YOGESH~1\AppData\Local\Temp\scoped_dir6396_855}, takesHeapSnapshot=true, pageLoadStrategy=normal, unhandledPromptBehavior=, databaseEnabled=false, handlesAlerts=true, hasTouchScreen=false, version=61.0.3163.100, platform=XP, browserConnectionEnabled=false, nativeEvents=true, acceptSslCerts=true, locationContextEnabled=true, webStorageEnabled=true, browserName=chrome, takesScreenshot=true, javascriptEnabled=true, platformName=XP, cssSelectorsEnabled=true, unexpectedAlertBehaviour=}]
Session ID: b5d0dd72f208a789a30230bc534542f3
*** Element info: {Using=xpath, value=//select[@id='drpsReqManager']}
2017-11-13 07:16:15,719 [main] INFO com.test.automation.UIAutomation.uiActions.NewRequirement - null
2017-11-13 07:17:15,924 [main] INFO com.test.automation.UIAutomation.uiActions.NewRequirement - Expected condition failed: waiting for visibility of [[ChromeDriver: chrome on XP (b5d0dd72f208a789a30230bc534542f3)] -> xpath: //INPUT[@id='IsRCApproved']] (tried for 60 second(s) with 500 MILLISECONDS interval)
Build info: version: '3.5.3', revision: 'a88d25fe6b', time: '2017-08-29T12:42:44.417Z'
System info: host: 'RIPLBRD50', ip: '192.168.1.169', os.name: 'Windows 7', os.arch: 'amd64', os.version: '6.1', java.version: '1.8.0_111'
Driver info: org.openqa.selenium.chrome.ChromeDriver
Capabilities [{applicationCacheEnabled=false, rotatable=false, mobileEmulationEnabled=false, networkConnectionEnabled=false, chrome={chromedriverVersion=2.29.461591 (62ebf098771772160f391d75e589dc567915b233), userDataDir=C:\Users\YOGESH~1\AppData\Local\Temp\scoped_dir6396_855}, takesHeapSnapshot=true, pageLoadStrategy=normal, unhandledPromptBehavior=, databaseEnabled=false, handlesAlerts=true, hasTouchScreen=false, version=61.0.3163.100, platform=XP, browserConnectionEnabled=false, nativeEvents=true, acceptSslCerts=true, locationContextEnabled=true, webStorageEnabled=true, browserName=chrome, takesScreenshot=true, javascriptEnabled=true, platformName=XP, cssSelectorsEnabled=true, unexpectedAlertBehaviour=}]
Session ID: b5d0dd72f208a789a30230bc534542f3
2017-11-13 07:17:16,129 [main] INFO com.test.automation.UIAutomation.uiActions.NewRequirement - select Category status:Admin
2017-11-13 07:17:16,917 [main] INFO com.test.automation.UIAutomation.uiActions.NewRequirement - select Client in textbox:
2017-11-13 07:17:17,048 [main] INFO com.test.automation.UIAutomation.uiActions.NewRequirement - Entered ClientBillRate in textbox:10
2017-11-13 07:17:17,184 [main] INFO com.test.automation.UIAutomation.uiActions.NewRequirement - Entered CandidatePayRate in textbox:10
2017-11-13 07:17:17,441 [main] INFO com.test.automation.UIAutomation.uiActions.NewRequirement - Entered RateType in textbox:Monthly
2017-11-13 07:17:17,534 [main] INFO com.test.automation.UIAutomation.uiActions.NewRequirement - VMSManager click on it
2017-11-13 07:17:17,579 [main] INFO com.test.automation.UIAutomation.uiActions.NewRequirement - vms:-- Select --
2017-11-13 07:17:17,692 [main] INFO com.test.automation.UIAutomation.uiActions.NewRequirement - cleared in textbox
2017-11-13 07:17:18,069 [main] INFO com.test.automation.UIAutomation.uiActions.NewRequirement - Entered JobDescription in textbox
2017-11-13 07:17:18,072 [main] INFO com.test.automation.UIAutomation.uiActions.NewRequirement - Return to main frame
2017-11-13 07:17:18,340 [main] INFO com.test.automation.UIAutomation.uiActions.NewRequirement - Entered MandatorySkill1 in textbox
2017-11-13 07:17:18,572 [main] INFO com.test.automation.UIAutomation.uiActions.NewRequirement - Entered MandatorySkill2 in textbox
2017-11-13 07:17:18,818 [main] INFO com.test.automation.UIAutomation.uiActions.NewRequirement - Entered MandatorySkill3 in textbox
2017-11-13 07:17:19,109 [main] INFO com.test.automation.UIAutomation.uiActions.NewRequirement - Entered MandatorySkill4 in textbox
2017-11-13 07:17:19,296 [main] INFO com.test.automation.UIAutomation.uiActions.NewRequirement - Entered SubjectLine in textbox
2017-11-13 07:17:19,299 [main] INFO com.test.automation.UIAutomation.tests.NewRequirementTest - RegisterDetailsTestData skipped methods
2017-11-13 07:17:19,303 [main] INFO com.test.automation.UIAutomation.tests.NewRequirementTest - RegisterDetailsTestData skipped methods
2017-11-13 07:17:19,305 [main] INFO com.test.automation.UIAutomation.tests.NewRequirementTest - RegisterDetailsTestData skipped methods
2017-11-13 07:17:19,307 [main] INFO com.test.automation.UIAutomation.tests.NewRequirementTest - RegisterDetailsTestData skipped methods
2017-11-13 07:17:19,309 [main] INFO com.test.automation.UIAutomation.tests.NewRequirementTest - RegisterDetailsTestData skipped methods
2017-11-13 07:17:19,311 [main] INFO com.test.automation.UIAutomation.tests.NewRequirementTest - RegisterDetailsTestData skipped methods
2017-11-13 07:17:19,313 [main] INFO com.test.automation.UIAutomation.tests.NewRequirementTest - RegisterDetailsTestData skipped methods
2017-11-13 07:17:19,315 [main] INFO com.test.automation.UIAutomation.tests.NewRequirementTest - RegisterDetailsTestData skipped methods
2017-11-13 07:17:19,327 [main] INFO com.test.automation.UIAutomation.tests.NewRequirementTest - RegisterDetailsTestData skipped methods
2017-11-13 07:17:19,421 [main] INFO com.test.automation.UIAutomation.tests.NewRequirementTest - unknown error: Element is not clickable at point (1767, -778)
  (Session info: chrome=61.0.3163.100)
  (Driver info: chromedriver=2.29.461591 (62ebf098771772160f391d75e589dc567915b233),platform=Windows NT 6.1.7601 SP1 x86_64) (WARNING: The server did not provide any stacktrace information)
Command duration or timeout: 0 milliseconds
Build info: version: '3.5.3', revision: 'a88d25fe6b', time: '2017-08-29T12:42:44.417Z'
System info: host: 'RIPLBRD50', ip: '192.168.1.169', os.name: 'Windows 7', os.arch: 'amd64', os.version: '6.1', java.version: '1.8.0_111'
Driver info: org.openqa.selenium.chrome.ChromeDriver
Capabilities [{applicationCacheEnabled=false, rotatable=false, mobileEmulationEnabled=false, networkConnectionEnabled=false, chrome={chromedriverVersion=2.29.461591 (62ebf098771772160f391d75e589dc567915b233), userDataDir=C:\Users\YOGESH~1\AppData\Local\Temp\scoped_dir6396_855}, takesHeapSnapshot=true, pageLoadStrategy=normal, unhandledPromptBehavior=, databaseEnabled=false, handlesAlerts=true, hasTouchScreen=false, version=61.0.3163.100, platform=XP, browserConnectionEnabled=false, nativeEvents=true, acceptSslCerts=true, locationContextEnabled=true, webStorageEnabled=true, browserName=chrome, takesScreenshot=true, javascriptEnabled=true, platformName=XP, cssSelectorsEnabled=true, unexpectedAlertBehaviour=}]
Session ID: b5d0dd72f208a789a30230bc534542f3
2017-11-13 07:17:19,454 [main] INFO com.test.automation.UIAutomation.testBase.TestBase - **********AfterSuite Close Browser**********
2017-11-15 04:17:04,208 [main] INFO com.test.automation.UIAutomation.testBase.TestBase - chrome browser
2017-11-15 04:17:04,240 [main] INFO com.test.automation.UIAutomation.testBase.TestBase - creating object of chromeand URL of: http://demo.sourcepros.com/
2017-11-15 04:17:04,240 [main] INFO com.test.automation.UIAutomation.testBase.TestBase - open url succssfully
2017-11-15 04:17:04,241 [main] INFO com.test.automation.UIAutomation.testBase.TestBase - http://demo.sourcepros.com/
2017-11-15 04:17:04,252 [main] INFO com.test.automation.UIAutomation.testBase.TestBase - excel path:D:\Java_Project\UIAutomation\resources\excel\TestData.xlsx
2017-11-15 04:17:04,909 [TestNGInvoker-verifiyLoginWithDifferentRecords()] INFO com.test.automation.UIAutomation.tests.VerifiyLoginWithDifferentRecords - **********starting test**********
2017-11-15 04:17:04,912 [TestNGInvoker-verifiyLoginWithDifferentRecords()] INFO com.test.automation.UIAutomation.tests.VerifiyLoginWithDifferentRecords - try to login with username:yogeshsolanki@rangam.com and passwordrangam@123
2017-11-15 04:17:05,136 [TestNGInvoker-verifiyLoginWithDifferentRecords()] INFO com.test.automation.UIAutomation.uiActions.LoginPage - [[ChromeDriver: chrome on XP (dbf690d36e12385e9851551aaba6d48b)] -> xpath: //input[@id='UserName']]
2017-11-15 04:17:05,255 [TestNGInvoker-verifiyLoginWithDifferentRecords()] INFO com.test.automation.UIAutomation.uiActions.LoginPage - [[ChromeDriver: chrome on XP (dbf690d36e12385e9851551aaba6d48b)] -> xpath: //input[@id='Password']]
2017-11-15 04:17:05,538 [TestNGInvoker-verifiyLoginWithDifferentRecords()] INFO com.test.automation.UIAutomation.uiActions.LoginPage - jsb:SignIn button clicked[[ChromeDriver: chrome on XP (dbf690d36e12385e9851551aaba6d48b)] -> xpath: //input[@id='btnsubmit']]
2017-11-15 04:17:05,572 [TestNGInvoker-verifiyLoginWithDifferentRecords()] INFO com.test.automation.UIAutomation.uiActions.LoginPage - welcomestring:Proxy element for: DefaultElementLocator 'By.xpath: //*[@id='userProfile']/div[4]/a/span[1]'
2017-11-15 04:17:20,709 [main] INFO com.test.automation.UIAutomation.testBase.TestBase - D:\Java_Project\UIAutomation\Output\FAILURE_verifiyLoginWithDifferentRecords_15_11_2017_04_17_19.png
2017-11-15 04:17:20,719 [main] INFO com.test.automation.UIAutomation.testBase.TestBase - image pathD:\Java_Project\UIAutomation\Output\FAILURE_verifiyLoginWithDifferentRecords_15_11_2017_04_17_19.png
2017-11-15 04:17:20,720 [main] INFO com.test.automation.UIAutomation.testBase.TestBase - Take screenshot completed
2017-11-15 04:17:20,987 [TestNGInvoker-verifiyLoginWithDifferentRecords()] INFO com.test.automation.UIAutomation.tests.VerifiyLoginWithDifferentRecords - **********starting test**********
2017-11-15 04:17:20,988 [TestNGInvoker-verifiyLoginWithDifferentRecords()] INFO com.test.automation.UIAutomation.tests.VerifiyLoginWithDifferentRecords - try to login with username:xyz@rangam.com and passwordwtc@2017
2017-11-15 04:17:21,136 [TestNGInvoker-verifiyLoginWithDifferentRecords()] INFO com.test.automation.UIAutomation.uiActions.LoginPage - [[ChromeDriver: chrome on XP (dbf690d36e12385e9851551aaba6d48b)] -> xpath: //input[@id='UserName']]
2017-11-15 04:17:21,251 [TestNGInvoker-verifiyLoginWithDifferentRecords()] INFO com.test.automation.UIAutomation.uiActions.LoginPage - [[ChromeDriver: chrome on XP (dbf690d36e12385e9851551aaba6d48b)] -> xpath: //input[@id='Password']]
2017-11-15 04:17:21,429 [TestNGInvoker-verifiyLoginWithDifferentRecords()] INFO com.test.automation.UIAutomation.uiActions.LoginPage - jsb:SignIn button clicked[[ChromeDriver: chrome on XP (dbf690d36e12385e9851551aaba6d48b)] -> xpath: //input[@id='btnsubmit']]
2017-11-15 04:17:21,445 [TestNGInvoker-verifiyLoginWithDifferentRecords()] INFO com.test.automation.UIAutomation.uiActions.LoginPage - welcomestring:Proxy element for: DefaultElementLocator 'By.xpath: //*[@id='userProfile']/div[4]/a/span[1]'
2017-11-15 04:17:36,795 [main] INFO com.test.automation.UIAutomation.testBase.TestBase - D:\Java_Project\UIAutomation\Output\FAILURE_verifiyLoginWithDifferentRecords_15_11_2017_04_17_35.png
2017-11-15 04:17:36,827 [main] INFO com.test.automation.UIAutomation.testBase.TestBase - image pathD:\Java_Project\UIAutomation\Output\FAILURE_verifiyLoginWithDifferentRecords_15_11_2017_04_17_35.png
2017-11-15 04:17:36,827 [main] INFO com.test.automation.UIAutomation.testBase.TestBase - Take screenshot completed
2017-11-15 04:17:36,859 [TestNGInvoker-verifiyLoginWithDifferentRecords()] INFO com.test.automation.UIAutomation.tests.VerifiyLoginWithDifferentRecords - verifiyLoginWithDifferentRecords method skipped
2017-11-15 04:17:37,208 [main] INFO com.test.automation.UIAutomation.testBase.TestBase - D:\Java_Project\UIAutomation\Output\SKIPPED_verifiyLoginWithDifferentRecords_15_11_2017_04_17_36.png
2017-11-15 04:17:37,245 [main] INFO com.test.automation.UIAutomation.testBase.TestBase - image pathD:\Java_Project\UIAutomation\Output\SKIPPED_verifiyLoginWithDifferentRecords_15_11_2017_04_17_36.png
2017-11-15 04:17:37,245 [main] INFO com.test.automation.UIAutomation.testBase.TestBase - Take screenshot completed
2017-11-15 04:17:37,273 [TestNGInvoker-verifiyLoginWithDifferentRecords()] INFO com.test.automation.UIAutomation.tests.VerifiyLoginWithDifferentRecords - verifiyLoginWithDifferentRecords method skipped
2017-11-15 04:17:37,615 [main] INFO com.test.automation.UIAutomation.testBase.TestBase - D:\Java_Project\UIAutomation\Output\SKIPPED_verifiyLoginWithDifferentRecords_15_11_2017_04_17_37.png
2017-11-15 04:17:37,638 [main] INFO com.test.automation.UIAutomation.testBase.TestBase - image pathD:\Java_Project\UIAutomation\Output\SKIPPED_verifiyLoginWithDifferentRecords_15_11_2017_04_17_37.png
2017-11-15 04:17:37,638 [main] INFO com.test.automation.UIAutomation.testBase.TestBase - Take screenshot completed
2017-11-15 04:17:37,663 [TestNGInvoker-verifiyLoginWithDifferentRecords()] INFO com.test.automation.UIAutomation.tests.VerifiyLoginWithDifferentRecords - verifiyLoginWithDifferentRecords method skipped
2017-11-15 04:17:37,998 [main] INFO com.test.automation.UIAutomation.testBase.TestBase - D:\Java_Project\UIAutomation\Output\SKIPPED_verifiyLoginWithDifferentRecords_15_11_2017_04_17_37.png
2017-11-15 04:17:37,999 [main] INFO com.test.automation.UIAutomation.testBase.TestBase - image pathD:\Java_Project\UIAutomation\Output\SKIPPED_verifiyLoginWithDifferentRecords_15_11_2017_04_17_37.png
2017-11-15 04:17:37,999 [main] INFO com.test.automation.UIAutomation.testBase.TestBase - Take screenshot completed
2017-11-15 04:17:38,024 [TestNGInvoker-verifiyLoginWithDifferentRecords()] INFO com.test.automation.UIAutomation.tests.VerifiyLoginWithDifferentRecords - verifiyLoginWithDifferentRecords method skipped
2017-11-15 04:17:38,379 [main] INFO com.test.automation.UIAutomation.testBase.TestBase - D:\Java_Project\UIAutomation\Output\SKIPPED_verifiyLoginWithDifferentRecords_15_11_2017_04_17_38.png
2017-11-15 04:17:38,381 [main] INFO com.test.automation.UIAutomation.testBase.TestBase - image pathD:\Java_Project\UIAutomation\Output\SKIPPED_verifiyLoginWithDifferentRecords_15_11_2017_04_17_38.png
2017-11-15 04:17:38,381 [main] INFO com.test.automation.UIAutomation.testBase.TestBase - Take screenshot completed
2017-11-15 04:17:38,406 [TestNGInvoker-verifiyLoginWithDifferentRecords()] INFO com.test.automation.UIAutomation.tests.VerifiyLoginWithDifferentRecords - verifiyLoginWithDifferentRecords method skipped
2017-11-15 04:17:38,786 [main] INFO com.test.automation.UIAutomation.testBase.TestBase - D:\Java_Project\UIAutomation\Output\SKIPPED_verifiyLoginWithDifferentRecords_15_11_2017_04_17_38.png
2017-11-15 04:17:38,787 [main] INFO com.test.automation.UIAutomation.testBase.TestBase - image pathD:\Java_Project\UIAutomation\Output\SKIPPED_verifiyLoginWithDifferentRecords_15_11_2017_04_17_38.png
2017-11-15 04:17:38,787 [main] INFO com.test.automation.UIAutomation.testBase.TestBase - Take screenshot completed
2017-11-15 04:17:40,464 [main] INFO com.test.automation.UIAutomation.customListener.Listener - mail moniter method called
2017-11-15 04:17:40,466 [main] INFO com.test.automation.UIAutomation.testBase.TestBase - **********AfterSuite Close Browser**********
2017-11-15 04:17:45,256 [main] INFO com.test.automation.UIAutomation.testBase.TestBase - chrome browser
2017-11-15 04:17:45,257 [main] INFO com.test.automation.UIAutomation.testBase.TestBase - creating object of chromeand URL of: http://demo.sourcepros.com/
2017-11-15 04:17:45,257 [main] INFO com.test.automation.UIAutomation.testBase.TestBase - open url succssfully
2017-11-15 04:17:45,258 [main] INFO com.test.automation.UIAutomation.testBase.TestBase - http://demo.sourcepros.com/
2017-11-15 04:17:45,260 [main] INFO com.test.automation.UIAutomation.testBase.TestBase - excel path:D:\Java_Project\UIAutomation\resources\excel\TestData.xlsx
2017-11-15 04:17:45,335 [main] INFO com.test.automation.UIAutomation.tests.NewRequirementTest - **********starting login test**********
2017-11-15 04:17:45,535 [main] INFO com.test.automation.UIAutomation.uiActions.LoginPage - [[ChromeDriver: chrome on XP (d8b491262c67190c091a265809981ffd)] -> xpath: //input[@id='UserName']]
2017-11-15 04:17:45,656 [main] INFO com.test.automation.UIAutomation.uiActions.LoginPage - [[ChromeDriver: chrome on XP (d8b491262c67190c091a265809981ffd)] -> xpath: //input[@id='Password']]
2017-11-15 04:17:53,574 [main] INFO com.test.automation.UIAutomation.uiActions.LoginPage - jsb:SignIn button clicked[[ChromeDriver: chrome on XP (d8b491262c67190c091a265809981ffd)] -> xpath: //input[@id='btnsubmit']]
2017-11-15 04:17:53,598 [main] INFO com.test.automation.UIAutomation.uiActions.LoginPage - welcomestring:[[ChromeDriver: chrome on XP (d8b491262c67190c091a265809981ffd)] -> xpath: //*[@id='userProfile']/div[4]/a/span[1]]
2017-11-15 04:17:53,634 [main] INFO com.test.automation.UIAutomation.testBase.TestBase - element is present:[[ChromeDriver: chrome on XP (d8b491262c67190c091a265809981ffd)] -> xpath: //*[@id='userProfile']/div[4]/a/span[1]]
2017-11-15 04:17:53,651 [main] INFO com.test.automation.UIAutomation.tests.NewRequirementTest - Enter username and password
2017-11-15 04:17:54,134 [main] INFO com.test.automation.UIAutomation.testBase.TestBase - D:\Java_Project\UIAutomation\Output\SUCCESS_login_15_11_2017_04_17_53.png
2017-11-15 04:17:54,246 [main] INFO com.test.automation.UIAutomation.testBase.TestBase - image pathD:\Java_Project\UIAutomation\Output\SUCCESS_login_15_11_2017_04_17_53.png
2017-11-15 04:17:54,246 [main] INFO com.test.automation.UIAutomation.testBase.TestBase - Take screenshot completed
2017-11-15 04:17:54,341 [main] INFO com.test.automation.UIAutomation.tests.NewRequirementTest - verifiy Login With Different Records method skipped
2017-11-15 04:17:54,710 [main] INFO com.test.automation.UIAutomation.testBase.TestBase - D:\Java_Project\UIAutomation\Output\SKIPPED_login_15_11_2017_04_17_54.png
2017-11-15 04:17:54,712 [main] INFO com.test.automation.UIAutomation.testBase.TestBase - image pathD:\Java_Project\UIAutomation\Output\SKIPPED_login_15_11_2017_04_17_54.png
2017-11-15 04:17:54,712 [main] INFO com.test.automation.UIAutomation.testBase.TestBase - Take screenshot completed
2017-11-15 04:17:54,765 [main] INFO com.test.automation.UIAutomation.config.ElementLoad - [[[ChromeDriver: chrome on XP (d8b491262c67190c091a265809981ffd)] -> xpath: //*[@id="header"]/div/div/ul/li/a], [[ChromeDriver: chrome on XP (d8b491262c67190c091a265809981ffd)] -> xpath: //*[@id="header"]/div/div/ul/li/a], [[ChromeDriver: chrome on XP (d8b491262c67190c091a265809981ffd)] -> xpath: //*[@id="header"]/div/div/ul/li/a], [[ChromeDriver: chrome on XP (d8b491262c67190c091a265809981ffd)] -> xpath: //*[@id="header"]/div/div/ul/li/a], [[ChromeDriver: chrome on XP (d8b491262c67190c091a265809981ffd)] -> xpath: //*[@id="header"]/div/div/ul/li/a], [[ChromeDriver: chrome on XP (d8b491262c67190c091a265809981ffd)] -> xpath: //*[@id="header"]/div/div/ul/li/a], [[ChromeDriver: chrome on XP (d8b491262c67190c091a265809981ffd)] -> xpath: //*[@id="header"]/div/div/ul/li/a], [[ChromeDriver: chrome on XP (d8b491262c67190c091a265809981ffd)] -> xpath: //*[@id="header"]/div/div/ul/li/a], [[ChromeDriver: chrome on XP (d8b491262c67190c091a265809981ffd)] -> xpath: //*[@id="header"]/div/div/ul/li/a], [[ChromeDriver: chrome on XP (d8b491262c67190c091a265809981ffd)] -> xpath: //*[@id="header"]/div/div/ul/li/a], [[ChromeDriver: chrome on XP (d8b491262c67190c091a265809981ffd)] -> xpath: //*[@id="header"]/div/div/ul/li/a], [[ChromeDriver: chrome on XP (d8b491262c67190c091a265809981ffd)] -> xpath: //*[@id="header"]/div/div/ul/li/a], [[ChromeDriver: chrome on XP (d8b491262c67190c091a265809981ffd)] -> xpath: //*[@id="header"]/div/div/ul/li/a], [[ChromeDriver: chrome on XP (d8b491262c67190c091a265809981ffd)] -> xpath: //*[@id="header"]/div/div/ul/li/a], [[ChromeDriver: chrome on XP (d8b491262c67190c091a265809981ffd)] -> xpath: //*[@id="header"]/div/div/ul/li/a], [[ChromeDriver: chrome on XP (d8b491262c67190c091a265809981ffd)] -> xpath: //*[@id="header"]/div/div/ul/li/a], [[ChromeDriver: chrome on XP (d8b491262c67190c091a265809981ffd)] -> xpath: //*[@id="header"]/div/div/ul/li/a]]
2017-11-15 04:17:54,921 [main] INFO com.test.automation.UIAutomation.config.ElementLoad - [[[ChromeDriver: chrome on XP (d8b491262c67190c091a265809981ffd)] -> xpath: //*[@id="header"]/div/div/ul/li/ul/li/a], [[ChromeDriver: chrome on XP (d8b491262c67190c091a265809981ffd)] -> xpath: //*[@id="header"]/div/div/ul/li/ul/li/a], [[ChromeDriver: chrome on XP (d8b491262c67190c091a265809981ffd)] -> xpath: //*[@id="header"]/div/div/ul/li/ul/li/a], [[ChromeDriver: chrome on XP (d8b491262c67190c091a265809981ffd)] -> xpath: //*[@id="header"]/div/div/ul/li/ul/li/a], [[ChromeDriver: chrome on XP (d8b491262c67190c091a265809981ffd)] -> xpath: //*[@id="header"]/div/div/ul/li/ul/li/a], [[ChromeDriver: chrome on XP (d8b491262c67190c091a265809981ffd)] -> xpath: //*[@id="header"]/div/div/ul/li/ul/li/a], [[ChromeDriver: chrome on XP (d8b491262c67190c091a265809981ffd)] -> xpath: //*[@id="header"]/div/div/ul/li/ul/li/a], [[ChromeDriver: chrome on XP (d8b491262c67190c091a265809981ffd)] -> xpath: //*[@id="header"]/div/div/ul/li/ul/li/a], [[ChromeDriver: chrome on XP (d8b491262c67190c091a265809981ffd)] -> xpath: //*[@id="header"]/div/div/ul/li/ul/li/a], [[ChromeDriver: chrome on XP (d8b491262c67190c091a265809981ffd)] -> xpath: //*[@id="header"]/div/div/ul/li/ul/li/a], [[ChromeDriver: chrome on XP (d8b491262c67190c091a265809981ffd)] -> xpath: //*[@id="header"]/div/div/ul/li/ul/li/a], [[ChromeDriver: chrome on XP (d8b491262c67190c091a265809981ffd)] -> xpath: //*[@id="header"]/div/div/ul/li/ul/li/a], [[ChromeDriver: chrome on XP (d8b491262c67190c091a265809981ffd)] -> xpath: //*[@id="header"]/div/div/ul/li/ul/li/a], [[ChromeDriver: chrome on XP (d8b491262c67190c091a265809981ffd)] -> xpath: //*[@id="header"]/div/div/ul/li/ul/li/a], [[ChromeDriver: chrome on XP (d8b491262c67190c091a265809981ffd)] -> xpath: //*[@id="header"]/div/div/ul/li/ul/li/a], [[ChromeDriver: chrome on XP (d8b491262c67190c091a265809981ffd)] -> xpath: //*[@id="header"]/div/div/ul/li/ul/li/a], [[ChromeDriver: chrome on XP (d8b491262c67190c091a265809981ffd)] -> xpath: //*[@id="header"]/div/div/ul/li/ul/li/a], [[ChromeDriver: chrome on XP (d8b491262c67190c091a265809981ffd)] -> xpath: //*[@id="header"]/div/div/ul/li/ul/li/a], [[ChromeDriver: chrome on XP (d8b491262c67190c091a265809981ffd)] -> xpath: //*[@id="header"]/div/div/ul/li/ul/li/a], [[ChromeDriver: chrome on XP (d8b491262c67190c091a265809981ffd)] -> xpath: //*[@id="header"]/div/div/ul/li/ul/li/a], [[ChromeDriver: chrome on XP (d8b491262c67190c091a265809981ffd)] -> xpath: //*[@id="header"]/div/div/ul/li/ul/li/a], [[ChromeDriver: chrome on XP (d8b491262c67190c091a265809981ffd)] -> xpath: //*[@id="header"]/div/div/ul/li/ul/li/a], [[ChromeDriver: chrome on XP (d8b491262c67190c091a265809981ffd)] -> xpath: //*[@id="header"]/div/div/ul/li/ul/li/a], [[ChromeDriver: chrome on XP (d8b491262c67190c091a265809981ffd)] -> xpath: //*[@id="header"]/div/div/ul/li/ul/li/a], [[ChromeDriver: chrome on XP (d8b491262c67190c091a265809981ffd)] -> xpath: //*[@id="header"]/div/div/ul/li/ul/li/a], [[ChromeDriver: chrome on XP (d8b491262c67190c091a265809981ffd)] -> xpath: //*[@id="header"]/div/div/ul/li/ul/li/a], [[ChromeDriver: chrome on XP (d8b491262c67190c091a265809981ffd)] -> xpath: //*[@id="header"]/div/div/ul/li/ul/li/a], [[ChromeDriver: chrome on XP (d8b491262c67190c091a265809981ffd)] -> xpath: //*[@id="header"]/div/div/ul/li/ul/li/a], [[ChromeDriver: chrome on XP (d8b491262c67190c091a265809981ffd)] -> xpath: //*[@id="header"]/div/div/ul/li/ul/li/a], [[ChromeDriver: chrome on XP (d8b491262c67190c091a265809981ffd)] -> xpath: //*[@id="header"]/div/div/ul/li/ul/li/a], [[ChromeDriver: chrome on XP (d8b491262c67190c091a265809981ffd)] -> xpath: //*[@id="header"]/div/div/ul/li/ul/li/a], [[ChromeDriver: chrome on XP (d8b491262c67190c091a265809981ffd)] -> xpath: //*[@id="header"]/div/div/ul/li/ul/li/a], [[ChromeDriver: chrome on XP (d8b491262c67190c091a265809981ffd)] -> xpath: //*[@id="header"]/div/div/ul/li/ul/li/a], [[ChromeDriver: chrome on XP (d8b491262c67190c091a265809981ffd)] -> xpath: //*[@id="header"]/div/div/ul/li/ul/li/a], [[ChromeDriver: chrome on XP (d8b491262c67190c091a265809981ffd)] -> xpath: //*[@id="header"]/div/div/ul/li/ul/li/a], [[ChromeDriver: chrome on XP (d8b491262c67190c091a265809981ffd)] -> xpath: //*[@id="header"]/div/div/ul/li/ul/li/a], [[ChromeDriver: chrome on XP (d8b491262c67190c091a265809981ffd)] -> xpath: //*[@id="header"]/div/div/ul/li/ul/li/a], [[ChromeDriver: chrome on XP (d8b491262c67190c091a265809981ffd)] -> xpath: //*[@id="header"]/div/div/ul/li/ul/li/a], [[ChromeDriver: chrome on XP (d8b491262c67190c091a265809981ffd)] -> xpath: //*[@id="header"]/div/div/ul/li/ul/li/a], [[ChromeDriver: chrome on XP (d8b491262c67190c091a265809981ffd)] -> xpath: //*[@id="header"]/div/div/ul/li/ul/li/a], [[ChromeDriver: chrome on XP (d8b491262c67190c091a265809981ffd)] -> xpath: //*[@id="header"]/div/div/ul/li/ul/li/a], [[ChromeDriver: chrome on XP (d8b491262c67190c091a265809981ffd)] -> xpath: //*[@id="header"]/div/div/ul/li/ul/li/a]]
2017-11-15 04:17:54,922 [main] INFO com.test.automation.UIAutomation.uiActions.HomePage - AllHeaderMenuslinks:17
2017-11-15 04:17:54,945 [main] INFO com.test.automation.UIAutomation.uiActions.HomePage - subElement:
2017-11-15 04:17:54,964 [main] INFO com.test.automation.UIAutomation.uiActions.HomePage - subElement:
2017-11-15 04:17:54,983 [main] INFO com.test.automation.UIAutomation.uiActions.HomePage - subElement:
2017-11-15 04:17:55,005 [main] INFO com.test.automation.UIAutomation.uiActions.HomePage - subElement:
2017-11-15 04:17:55,026 [main] INFO com.test.automation.UIAutomation.uiActions.HomePage - subElement:
2017-11-15 04:17:55,045 [main] INFO com.test.automation.UIAutomation.uiActions.HomePage - subElement:
2017-11-15 04:17:55,065 [main] INFO com.test.automation.UIAutomation.uiActions.HomePage - subElement:
2017-11-15 04:17:55,085 [main] INFO com.test.automation.UIAutomation.uiActions.HomePage - subElement:Requirement List
2017-11-15 04:17:55,106 [main] INFO com.test.automation.UIAutomation.uiActions.HomePage - subElement:New Requirement
2017-11-15 04:17:57,412 [main] INFO com.test.automation.UIAutomation.testBase.TestBase - D:\Java_Project\UIAutomation\Output\SUCCESS_SelectHeader_15_11_2017_04_17_57.png
2017-11-15 04:17:57,413 [main] INFO com.test.automation.UIAutomation.testBase.TestBase - image pathD:\Java_Project\UIAutomation\Output\SUCCESS_SelectHeader_15_11_2017_04_17_57.png
2017-11-15 04:17:57,413 [main] INFO com.test.automation.UIAutomation.testBase.TestBase - Take screenshot completed
2017-11-15 04:17:57,434 [main] INFO com.test.automation.UIAutomation.testBase.TestBase - excel path:D:\Java_Project\UIAutomation\resources\excel\TestData.xlsx
2017-11-15 04:17:57,838 [main] INFO com.test.automation.UIAutomation.uiActions.NewRequirement - job code entered in textbox
2017-11-15 04:17:57,920 [main] INFO com.test.automation.UIAutomation.uiActions.NewRequirement - no such element: Unable to locate element: {"method":"xpath","selector":".//*[@id='tabReqDetails']/div/div[1]/div[2]/div[2]/div/a"}
  (Session info: chrome=61.0.3163.100)
  (Driver info: chromedriver=2.29.461591 (62ebf098771772160f391d75e589dc567915b233),platform=Windows NT 6.1.7601 SP1 x86_64) (WARNING: The server did not provide any stacktrace information)
Command duration or timeout: 0 milliseconds
For documentation on this error, please visit: http://seleniumhq.org/exceptions/no_such_element.html
Build info: version: '3.5.3', revision: 'a88d25fe6b', time: '2017-08-29T12:42:44.417Z'
System info: host: 'RIPLBRD50', ip: '192.168.1.169', os.name: 'Windows 7', os.arch: 'amd64', os.version: '6.1', java.version: '1.8.0_111'
Driver info: org.openqa.selenium.chrome.ChromeDriver
Capabilities [{applicationCacheEnabled=false, rotatable=false, mobileEmulationEnabled=false, networkConnectionEnabled=false, chrome={chromedriverVersion=2.29.461591 (62ebf098771772160f391d75e589dc567915b233), userDataDir=C:\Users\YOGESH~1\AppData\Local\Temp\scoped_dir7748_20002}, takesHeapSnapshot=true, pageLoadStrategy=normal, unhandledPromptBehavior=, databaseEnabled=false, handlesAlerts=true, hasTouchScreen=false, version=61.0.3163.100, platform=XP, browserConnectionEnabled=false, nativeEvents=true, acceptSslCerts=true, locationContextEnabled=true, webStorageEnabled=true, browserName=chrome, takesScreenshot=true, javascriptEnabled=true, platformName=XP, cssSelectorsEnabled=true, unexpectedAlertBehaviour=}]
Session ID: d8b491262c67190c091a265809981ffd
*** Element info: {Using=xpath, value=.//*[@id='tabReqDetails']/div/div[1]/div[2]/div[2]/div/a}
2017-11-15 04:17:58,112 [main] INFO com.test.automation.UIAutomation.uiActions.NewRequirement - Entered Addressline1 in textbox
2017-11-15 04:17:58,132 [main] INFO com.test.automation.UIAutomation.config.ElementLoad - no such element: Unable to locate element: {"method":"xpath","selector":"//select[@id='drpState']"}
  (Session info: chrome=61.0.3163.100)
  (Driver info: chromedriver=2.29.461591 (62ebf098771772160f391d75e589dc567915b233),platform=Windows NT 6.1.7601 SP1 x86_64) (WARNING: The server did not provide any stacktrace information)
Command duration or timeout: 0 milliseconds
For documentation on this error, please visit: http://seleniumhq.org/exceptions/no_such_element.html
Build info: version: '3.5.3', revision: 'a88d25fe6b', time: '2017-08-29T12:42:44.417Z'
System info: host: 'RIPLBRD50', ip: '192.168.1.169', os.name: 'Windows 7', os.arch: 'amd64', os.version: '6.1', java.version: '1.8.0_111'
Driver info: org.openqa.selenium.chrome.ChromeDriver
Capabilities [{applicationCacheEnabled=false, rotatable=false, mobileEmulationEnabled=false, networkConnectionEnabled=false, chrome={chromedriverVersion=2.29.461591 (62ebf098771772160f391d75e589dc567915b233), userDataDir=C:\Users\YOGESH~1\AppData\Local\Temp\scoped_dir7748_20002}, takesHeapSnapshot=true, pageLoadStrategy=normal, unhandledPromptBehavior=, databaseEnabled=false, handlesAlerts=true, hasTouchScreen=false, version=61.0.3163.100, platform=XP, browserConnectionEnabled=false, nativeEvents=true, acceptSslCerts=true, locationContextEnabled=true, webStorageEnabled=true, browserName=chrome, takesScreenshot=true, javascriptEnabled=true, platformName=XP, cssSelectorsEnabled=true, unexpectedAlertBehaviour=}]
Session ID: d8b491262c67190c091a265809981ffd
*** Element info: {Using=xpath, value=//select[@id='drpState']}
2017-11-15 04:17:58,134 [main] INFO com.test.automation.UIAutomation.uiActions.NewRequirement - null
2017-11-15 04:17:58,155 [main] INFO com.test.automation.UIAutomation.config.ElementLoad - no such element: Unable to locate element: {"method":"xpath","selector":"//select[@id='drpsReqManager']"}
  (Session info: chrome=61.0.3163.100)
  (Driver info: chromedriver=2.29.461591 (62ebf098771772160f391d75e589dc567915b233),platform=Windows NT 6.1.7601 SP1 x86_64) (WARNING: The server did not provide any stacktrace information)
Command duration or timeout: 0 milliseconds
For documentation on this error, please visit: http://seleniumhq.org/exceptions/no_such_element.html
Build info: version: '3.5.3', revision: 'a88d25fe6b', time: '2017-08-29T12:42:44.417Z'
System info: host: 'RIPLBRD50', ip: '192.168.1.169', os.name: 'Windows 7', os.arch: 'amd64', os.version: '6.1', java.version: '1.8.0_111'
Driver info: org.openqa.selenium.chrome.ChromeDriver
Capabilities [{applicationCacheEnabled=false, rotatable=false, mobileEmulationEnabled=false, networkConnectionEnabled=false, chrome={chromedriverVersion=2.29.461591 (62ebf098771772160f391d75e589dc567915b233), userDataDir=C:\Users\YOGESH~1\AppData\Local\Temp\scoped_dir7748_20002}, takesHeapSnapshot=true, pageLoadStrategy=normal, unhandledPromptBehavior=, databaseEnabled=false, handlesAlerts=true, hasTouchScreen=false, version=61.0.3163.100, platform=XP, browserConnectionEnabled=false, nativeEvents=true, acceptSslCerts=true, locationContextEnabled=true, webStorageEnabled=true, browserName=chrome, takesScreenshot=true, javascriptEnabled=true, platformName=XP, cssSelectorsEnabled=true, unexpectedAlertBehaviour=}]
Session ID: d8b491262c67190c091a265809981ffd
*** Element info: {Using=xpath, value=//select[@id='drpsReqManager']}
2017-11-15 04:17:58,156 [main] INFO com.test.automation.UIAutomation.uiActions.NewRequirement - null
2017-11-15 04:18:58,284 [main] INFO com.test.automation.UIAutomation.uiActions.NewRequirement - Expected condition failed: waiting for visibility of [[ChromeDriver: chrome on XP (d8b491262c67190c091a265809981ffd)] -> xpath: //INPUT[@id='IsRCApproved']] (tried for 60 second(s) with 500 MILLISECONDS interval)
Build info: version: '3.5.3', revision: 'a88d25fe6b', time: '2017-08-29T12:42:44.417Z'
System info: host: 'RIPLBRD50', ip: '192.168.1.169', os.name: 'Windows 7', os.arch: 'amd64', os.version: '6.1', java.version: '1.8.0_111'
Driver info: org.openqa.selenium.chrome.ChromeDriver
Capabilities [{applicationCacheEnabled=false, rotatable=false, mobileEmulationEnabled=false, networkConnectionEnabled=false, chrome={chromedriverVersion=2.29.461591 (62ebf098771772160f391d75e589dc567915b233), userDataDir=C:\Users\YOGESH~1\AppData\Local\Temp\scoped_dir7748_20002}, takesHeapSnapshot=true, pageLoadStrategy=normal, unhandledPromptBehavior=, databaseEnabled=false, handlesAlerts=true, hasTouchScreen=false, version=61.0.3163.100, platform=XP, browserConnectionEnabled=false, nativeEvents=true, acceptSslCerts=true, locationContextEnabled=true, webStorageEnabled=true, browserName=chrome, takesScreenshot=true, javascriptEnabled=true, platformName=XP, cssSelectorsEnabled=true, unexpectedAlertBehaviour=}]
Session ID: d8b491262c67190c091a265809981ffd
2017-11-15 04:18:58,492 [main] INFO com.test.automation.UIAutomation.uiActions.NewRequirement - select Category status:Admin
2017-11-15 04:18:59,242 [main] INFO com.test.automation.UIAutomation.uiActions.NewRequirement - select Client in textbox:
2017-11-15 04:18:59,371 [main] INFO com.test.automation.UIAutomation.uiActions.NewRequirement - Entered ClientBillRate in textbox:10
2017-11-15 04:18:59,505 [main] INFO com.test.automation.UIAutomation.uiActions.NewRequirement - Entered CandidatePayRate in textbox:10
2017-11-15 04:18:59,773 [main] INFO com.test.automation.UIAutomation.uiActions.NewRequirement - Entered RateType in textbox:Monthly
2017-11-15 04:18:59,866 [main] INFO com.test.automation.UIAutomation.uiActions.NewRequirement - VMSManager click on it
2017-11-15 04:18:59,911 [main] INFO com.test.automation.UIAutomation.uiActions.NewRequirement - vms:-- Select --
2017-11-15 04:18:59,975 [main] INFO com.test.automation.UIAutomation.uiActions.NewRequirement - cleared in textbox
2017-11-15 04:19:00,384 [main] INFO com.test.automation.UIAutomation.uiActions.NewRequirement - Entered JobDescription in textbox
2017-11-15 04:19:00,387 [main] INFO com.test.automation.UIAutomation.uiActions.NewRequirement - Return to main frame
2017-11-15 04:19:00,664 [main] INFO com.test.automation.UIAutomation.uiActions.NewRequirement - Entered MandatorySkill1 in textbox
2017-11-15 04:19:00,896 [main] INFO com.test.automation.UIAutomation.uiActions.NewRequirement - Entered MandatorySkill2 in textbox
2017-11-15 04:19:01,141 [main] INFO com.test.automation.UIAutomation.uiActions.NewRequirement - Entered MandatorySkill3 in textbox
2017-11-15 04:19:01,436 [main] INFO com.test.automation.UIAutomation.uiActions.NewRequirement - Entered MandatorySkill4 in textbox
2017-11-15 04:19:01,633 [main] INFO com.test.automation.UIAutomation.uiActions.NewRequirement - Entered SubjectLine in textbox
2017-11-15 04:19:02,015 [main] INFO com.test.automation.UIAutomation.testBase.TestBase - D:\Java_Project\UIAutomation\Output\SUCCESS_fillRequirement_15_11_2017_04_19_01.png
2017-11-15 04:19:02,016 [main] INFO com.test.automation.UIAutomation.testBase.TestBase - image pathD:\Java_Project\UIAutomation\Output\SUCCESS_fillRequirement_15_11_2017_04_19_01.png
2017-11-15 04:19:02,016 [main] INFO com.test.automation.UIAutomation.testBase.TestBase - Take screenshot completed
2017-11-15 04:19:02,039 [main] INFO com.test.automation.UIAutomation.tests.NewRequirementTest - RegisterDetailsTestData skipped methods
2017-11-15 04:19:02,391 [main] INFO com.test.automation.UIAutomation.testBase.TestBase - D:\Java_Project\UIAutomation\Output\SKIPPED_fillRequirement_15_11_2017_04_19_02.png
2017-11-15 04:19:02,417 [main] INFO com.test.automation.UIAutomation.testBase.TestBase - image pathD:\Java_Project\UIAutomation\Output\SKIPPED_fillRequirement_15_11_2017_04_19_02.png
2017-11-15 04:19:02,417 [main] INFO com.test.automation.UIAutomation.testBase.TestBase - Take screenshot completed
2017-11-15 04:19:02,439 [main] INFO com.test.automation.UIAutomation.tests.NewRequirementTest - RegisterDetailsTestData skipped methods
2017-11-15 04:19:02,779 [main] INFO com.test.automation.UIAutomation.testBase.TestBase - D:\Java_Project\UIAutomation\Output\SKIPPED_fillRequirement_15_11_2017_04_19_02.png
2017-11-15 04:19:02,780 [main] INFO com.test.automation.UIAutomation.testBase.TestBase - image pathD:\Java_Project\UIAutomation\Output\SKIPPED_fillRequirement_15_11_2017_04_19_02.png
2017-11-15 04:19:02,781 [main] INFO com.test.automation.UIAutomation.testBase.TestBase - Take screenshot completed
2017-11-15 04:19:02,801 [main] INFO com.test.automation.UIAutomation.tests.NewRequirementTest - RegisterDetailsTestData skipped methods
2017-11-15 04:19:03,119 [main] INFO com.test.automation.UIAutomation.testBase.TestBase - D:\Java_Project\UIAutomation\Output\SKIPPED_fillRequirement_15_11_2017_04_19_02.png
2017-11-15 04:19:03,120 [main] INFO com.test.automation.UIAutomation.testBase.TestBase - image pathD:\Java_Project\UIAutomation\Output\SKIPPED_fillRequirement_15_11_2017_04_19_02.png
2017-11-15 04:19:03,120 [main] INFO com.test.automation.UIAutomation.testBase.TestBase - Take screenshot completed
2017-11-15 04:19:03,141 [main] INFO com.test.automation.UIAutomation.tests.NewRequirementTest - RegisterDetailsTestData skipped methods
2017-11-15 04:19:03,460 [main] INFO com.test.automation.UIAutomation.testBase.TestBase - D:\Java_Project\UIAutomation\Output\SKIPPED_fillRequirement_15_11_2017_04_19_03.png
2017-11-15 04:19:03,461 [main] INFO com.test.automation.UIAutomation.testBase.TestBase - image pathD:\Java_Project\UIAutomation\Output\SKIPPED_fillRequirement_15_11_2017_04_19_03.png
2017-11-15 04:19:03,461 [main] INFO com.test.automation.UIAutomation.testBase.TestBase - Take screenshot completed
2017-11-15 04:19:03,482 [main] INFO com.test.automation.UIAutomation.tests.NewRequirementTest - RegisterDetailsTestData skipped methods
2017-11-15 04:19:03,805 [main] INFO com.test.automation.UIAutomation.testBase.TestBase - D:\Java_Project\UIAutomation\Output\SKIPPED_fillRequirement_15_11_2017_04_19_03.png
2017-11-15 04:19:03,806 [main] INFO com.test.automation.UIAutomation.testBase.TestBase - image pathD:\Java_Project\UIAutomation\Output\SKIPPED_fillRequirement_15_11_2017_04_19_03.png
2017-11-15 04:19:03,806 [main] INFO com.test.automation.UIAutomation.testBase.TestBase - Take screenshot completed
2017-11-15 04:19:03,827 [main] INFO com.test.automation.UIAutomation.tests.NewRequirementTest - RegisterDetailsTestData skipped methods
2017-11-15 04:19:04,154 [main] INFO com.test.automation.UIAutomation.testBase.TestBase - D:\Java_Project\UIAutomation\Output\SKIPPED_fillRequirement_15_11_2017_04_19_03.png
2017-11-15 04:19:04,156 [main] INFO com.test.automation.UIAutomation.testBase.TestBase - image pathD:\Java_Project\UIAutomation\Output\SKIPPED_fillRequirement_15_11_2017_04_19_03.png
2017-11-15 04:19:04,156 [main] INFO com.test.automation.UIAutomation.testBase.TestBase - Take screenshot completed
2017-11-15 04:19:04,176 [main] INFO com.test.automation.UIAutomation.tests.NewRequirementTest - RegisterDetailsTestData skipped methods
2017-11-15 04:19:04,494 [main] INFO com.test.automation.UIAutomation.testBase.TestBase - D:\Java_Project\UIAutomation\Output\SKIPPED_fillRequirement_15_11_2017_04_19_04.png
2017-11-15 04:19:04,495 [main] INFO com.test.automation.UIAutomation.testBase.TestBase - image pathD:\Java_Project\UIAutomation\Output\SKIPPED_fillRequirement_15_11_2017_04_19_04.png
2017-11-15 04:19:04,495 [main] INFO com.test.automation.UIAutomation.testBase.TestBase - Take screenshot completed
2017-11-15 04:19:04,515 [main] INFO com.test.automation.UIAutomation.tests.NewRequirementTest - RegisterDetailsTestData skipped methods
2017-11-15 04:19:04,837 [main] INFO com.test.automation.UIAutomation.testBase.TestBase - D:\Java_Project\UIAutomation\Output\SKIPPED_fillRequirement_15_11_2017_04_19_04.png
2017-11-15 04:19:04,838 [main] INFO com.test.automation.UIAutomation.testBase.TestBase - image pathD:\Java_Project\UIAutomation\Output\SKIPPED_fillRequirement_15_11_2017_04_19_04.png
2017-11-15 04:19:04,838 [main] INFO com.test.automation.UIAutomation.testBase.TestBase - Take screenshot completed
2017-11-15 04:19:04,857 [main] INFO com.test.automation.UIAutomation.tests.NewRequirementTest - RegisterDetailsTestData skipped methods
2017-11-15 04:19:05,184 [main] INFO com.test.automation.UIAutomation.testBase.TestBase - D:\Java_Project\UIAutomation\Output\SKIPPED_fillRequirement_15_11_2017_04_19_04.png
2017-11-15 04:19:05,185 [main] INFO com.test.automation.UIAutomation.testBase.TestBase - image pathD:\Java_Project\UIAutomation\Output\SKIPPED_fillRequirement_15_11_2017_04_19_04.png
2017-11-15 04:19:05,185 [main] INFO com.test.automation.UIAutomation.testBase.TestBase - Take screenshot completed
2017-11-15 04:19:05,572 [main] INFO com.test.automation.UIAutomation.testBase.TestBase - D:\Java_Project\UIAutomation\Output\SKIPPED_fillOtheLocation_15_11_2017_04_19_05.png
2017-11-15 04:19:05,573 [main] INFO com.test.automation.UIAutomation.testBase.TestBase - image pathD:\Java_Project\UIAutomation\Output\SKIPPED_fillOtheLocation_15_11_2017_04_19_05.png
2017-11-15 04:19:05,573 [main] INFO com.test.automation.UIAutomation.testBase.TestBase - Take screenshot completed
2017-11-15 04:19:05,683 [main] INFO com.test.automation.UIAutomation.tests.NewRequirementTest - unknown error: Element is not clickable at point (1767, -778)
  (Session info: chrome=61.0.3163.100)
  (Driver info: chromedriver=2.29.461591 (62ebf098771772160f391d75e589dc567915b233),platform=Windows NT 6.1.7601 SP1 x86_64) (WARNING: The server did not provide any stacktrace information)
Command duration or timeout: 0 milliseconds
Build info: version: '3.5.3', revision: 'a88d25fe6b', time: '2017-08-29T12:42:44.417Z'
System info: host: 'RIPLBRD50', ip: '192.168.1.169', os.name: 'Windows 7', os.arch: 'amd64', os.version: '6.1', java.version: '1.8.0_111'
Driver info: org.openqa.selenium.chrome.ChromeDriver
Capabilities [{applicationCacheEnabled=false, rotatable=false, mobileEmulationEnabled=false, networkConnectionEnabled=false, chrome={chromedriverVersion=2.29.461591 (62ebf098771772160f391d75e589dc567915b233), userDataDir=C:\Users\YOGESH~1\AppData\Local\Temp\scoped_dir7748_20002}, takesHeapSnapshot=true, pageLoadStrategy=normal, unhandledPromptBehavior=, databaseEnabled=false, handlesAlerts=true, hasTouchScreen=false, version=61.0.3163.100, platform=XP, browserConnectionEnabled=false, nativeEvents=true, acceptSslCerts=true, locationContextEnabled=true, webStorageEnabled=true, browserName=chrome, takesScreenshot=true, javascriptEnabled=true, platformName=XP, cssSelectorsEnabled=true, unexpectedAlertBehaviour=}]
Session ID: d8b491262c67190c091a265809981ffd
2017-11-15 04:19:06,007 [main] INFO com.test.automation.UIAutomation.testBase.TestBase - D:\Java_Project\UIAutomation\Output\SUCCESS_logout_15_11_2017_04_19_05.png
2017-11-15 04:19:06,024 [main] INFO com.test.automation.UIAutomation.testBase.TestBase - image pathD:\Java_Project\UIAutomation\Output\SUCCESS_logout_15_11_2017_04_19_05.png
2017-11-15 04:19:06,025 [main] INFO com.test.automation.UIAutomation.testBase.TestBase - Take screenshot completed
2017-11-15 04:19:07,595 [main] INFO com.test.automation.UIAutomation.customListener.Listener - mail moniter method called
2017-11-15 04:19:07,596 [main] INFO com.test.automation.UIAutomation.testBase.TestBase - **********AfterSuite Close Browser**********
2017-11-15 04:19:12,628 [main] INFO com.test.automation.UIAutomation.testBase.TestBase - chrome browser
2017-11-15 04:19:12,628 [main] INFO com.test.automation.UIAutomation.testBase.TestBase - creating object of chromeand URL of: http://demo.sourcepros.com/
2017-11-15 04:19:12,629 [main] INFO com.test.automation.UIAutomation.testBase.TestBase - open url succssfully
2017-11-15 04:19:12,629 [main] INFO com.test.automation.UIAutomation.testBase.TestBase - http://demo.sourcepros.com/
2017-11-15 04:19:12,630 [main] INFO com.test.automation.UIAutomation.testBase.TestBase - excel path:D:\Java_Project\UIAutomation\resources\excel\TestData.xlsx
2017-11-15 04:19:12,685 [main] INFO com.test.automation.UIAutomation.tests.UpdateRegisterdetailsTest - **********starting test**********
2017-11-15 04:19:12,880 [main] INFO com.test.automation.UIAutomation.uiActions.LoginPage - [[ChromeDriver: chrome on XP (397b2408e8f7a22091f30c44f538caae)] -> xpath: //input[@id='UserName']]
2017-11-15 04:19:13,001 [main] INFO com.test.automation.UIAutomation.uiActions.LoginPage - [[ChromeDriver: chrome on XP (397b2408e8f7a22091f30c44f538caae)] -> xpath: //input[@id='Password']]
2017-11-15 04:19:17,901 [main] INFO com.test.automation.UIAutomation.uiActions.LoginPage - jsb:SignIn button clicked[[ChromeDriver: chrome on XP (397b2408e8f7a22091f30c44f538caae)] -> xpath: //input[@id='btnsubmit']]
2017-11-15 04:19:17,921 [main] INFO com.test.automation.UIAutomation.uiActions.LoginPage - welcomestring:[[ChromeDriver: chrome on XP (397b2408e8f7a22091f30c44f538caae)] -> xpath: //*[@id='userProfile']/div[4]/a/span[1]]
2017-11-15 04:19:17,955 [main] INFO com.test.automation.UIAutomation.testBase.TestBase - element is present:[[ChromeDriver: chrome on XP (397b2408e8f7a22091f30c44f538caae)] -> xpath: //*[@id='userProfile']/div[4]/a/span[1]]
2017-11-15 04:19:17,970 [main] INFO com.test.automation.UIAutomation.tests.UpdateRegisterdetailsTest - Enter username and password
2017-11-15 04:19:18,363 [main] INFO com.test.automation.UIAutomation.testBase.TestBase - D:\Java_Project\UIAutomation\Output\SUCCESS_login_15_11_2017_04_19_17.png
2017-11-15 04:19:18,383 [main] INFO com.test.automation.UIAutomation.testBase.TestBase - image pathD:\Java_Project\UIAutomation\Output\SUCCESS_login_15_11_2017_04_19_17.png
2017-11-15 04:19:18,384 [main] INFO com.test.automation.UIAutomation.testBase.TestBase - Take screenshot completed
2017-11-15 04:19:18,403 [main] INFO com.test.automation.UIAutomation.tests.UpdateRegisterdetailsTest - verifiyLoginWithDifferentRecords method skipped
2017-11-15 04:19:18,747 [main] INFO com.test.automation.UIAutomation.testBase.TestBase - D:\Java_Project\UIAutomation\Output\SKIPPED_login_15_11_2017_04_19_18.png
2017-11-15 04:19:18,748 [main] INFO com.test.automation.UIAutomation.testBase.TestBase - image pathD:\Java_Project\UIAutomation\Output\SKIPPED_login_15_11_2017_04_19_18.png
2017-11-15 04:19:18,748 [main] INFO com.test.automation.UIAutomation.testBase.TestBase - Take screenshot completed
2017-11-15 04:19:18,791 [main] INFO com.test.automation.UIAutomation.config.ElementLoad - [[[ChromeDriver: chrome on XP (397b2408e8f7a22091f30c44f538caae)] -> xpath: //*[@id="header"]/div/div/ul/li/a], [[ChromeDriver: chrome on XP (397b2408e8f7a22091f30c44f538caae)] -> xpath: //*[@id="header"]/div/div/ul/li/a], [[ChromeDriver: chrome on XP (397b2408e8f7a22091f30c44f538caae)] -> xpath: //*[@id="header"]/div/div/ul/li/a], [[ChromeDriver: chrome on XP (397b2408e8f7a22091f30c44f538caae)] -> xpath: //*[@id="header"]/div/div/ul/li/a], [[ChromeDriver: chrome on XP (397b2408e8f7a22091f30c44f538caae)] -> xpath: //*[@id="header"]/div/div/ul/li/a], [[ChromeDriver: chrome on XP (397b2408e8f7a22091f30c44f538caae)] -> xpath: //*[@id="header"]/div/div/ul/li/a], [[ChromeDriver: chrome on XP (397b2408e8f7a22091f30c44f538caae)] -> xpath: //*[@id="header"]/div/div/ul/li/a], [[ChromeDriver: chrome on XP (397b2408e8f7a22091f30c44f538caae)] -> xpath: //*[@id="header"]/div/div/ul/li/a], [[ChromeDriver: chrome on XP (397b2408e8f7a22091f30c44f538caae)] -> xpath: //*[@id="header"]/div/div/ul/li/a], [[ChromeDriver: chrome on XP (397b2408e8f7a22091f30c44f538caae)] -> xpath: //*[@id="header"]/div/div/ul/li/a], [[ChromeDriver: chrome on XP (397b2408e8f7a22091f30c44f538caae)] -> xpath: //*[@id="header"]/div/div/ul/li/a], [[ChromeDriver: chrome on XP (397b2408e8f7a22091f30c44f538caae)] -> xpath: //*[@id="header"]/div/div/ul/li/a], [[ChromeDriver: chrome on XP (397b2408e8f7a22091f30c44f538caae)] -> xpath: //*[@id="header"]/div/div/ul/li/a], [[ChromeDriver: chrome on XP (397b2408e8f7a22091f30c44f538caae)] -> xpath: //*[@id="header"]/div/div/ul/li/a], [[ChromeDriver: chrome on XP (397b2408e8f7a22091f30c44f538caae)] -> xpath: //*[@id="header"]/div/div/ul/li/a], [[ChromeDriver: chrome on XP (397b2408e8f7a22091f30c44f538caae)] -> xpath: //*[@id="header"]/div/div/ul/li/a], [[ChromeDriver: chrome on XP (397b2408e8f7a22091f30c44f538caae)] -> xpath: //*[@id="header"]/div/div/ul/li/a]]
2017-11-15 04:19:18,943 [main] INFO com.test.automation.UIAutomation.config.ElementLoad - [[[ChromeDriver: chrome on XP (397b2408e8f7a22091f30c44f538caae)] -> xpath: //*[@id="header"]/div/div/ul/li/ul/li/a], [[ChromeDriver: chrome on XP (397b2408e8f7a22091f30c44f538caae)] -> xpath: //*[@id="header"]/div/div/ul/li/ul/li/a], [[ChromeDriver: chrome on XP (397b2408e8f7a22091f30c44f538caae)] -> xpath: //*[@id="header"]/div/div/ul/li/ul/li/a], [[ChromeDriver: chrome on XP (397b2408e8f7a22091f30c44f538caae)] -> xpath: //*[@id="header"]/div/div/ul/li/ul/li/a], [[ChromeDriver: chrome on XP (397b2408e8f7a22091f30c44f538caae)] -> xpath: //*[@id="header"]/div/div/ul/li/ul/li/a], [[ChromeDriver: chrome on XP (397b2408e8f7a22091f30c44f538caae)] -> xpath: //*[@id="header"]/div/div/ul/li/ul/li/a], [[ChromeDriver: chrome on XP (397b2408e8f7a22091f30c44f538caae)] -> xpath: //*[@id="header"]/div/div/ul/li/ul/li/a], [[ChromeDriver: chrome on XP (397b2408e8f7a22091f30c44f538caae)] -> xpath: //*[@id="header"]/div/div/ul/li/ul/li/a], [[ChromeDriver: chrome on XP (397b2408e8f7a22091f30c44f538caae)] -> xpath: //*[@id="header"]/div/div/ul/li/ul/li/a], [[ChromeDriver: chrome on XP (397b2408e8f7a22091f30c44f538caae)] -> xpath: //*[@id="header"]/div/div/ul/li/ul/li/a], [[ChromeDriver: chrome on XP (397b2408e8f7a22091f30c44f538caae)] -> xpath: //*[@id="header"]/div/div/ul/li/ul/li/a], [[ChromeDriver: chrome on XP (397b2408e8f7a22091f30c44f538caae)] -> xpath: //*[@id="header"]/div/div/ul/li/ul/li/a], [[ChromeDriver: chrome on XP (397b2408e8f7a22091f30c44f538caae)] -> xpath: //*[@id="header"]/div/div/ul/li/ul/li/a], [[ChromeDriver: chrome on XP (397b2408e8f7a22091f30c44f538caae)] -> xpath: //*[@id="header"]/div/div/ul/li/ul/li/a], [[ChromeDriver: chrome on XP (397b2408e8f7a22091f30c44f538caae)] -> xpath: //*[@id="header"]/div/div/ul/li/ul/li/a], [[ChromeDriver: chrome on XP (397b2408e8f7a22091f30c44f538caae)] -> xpath: //*[@id="header"]/div/div/ul/li/ul/li/a], [[ChromeDriver: chrome on XP (397b2408e8f7a22091f30c44f538caae)] -> xpath: //*[@id="header"]/div/div/ul/li/ul/li/a], [[ChromeDriver: chrome on XP (397b2408e8f7a22091f30c44f538caae)] -> xpath: //*[@id="header"]/div/div/ul/li/ul/li/a], [[ChromeDriver: chrome on XP (397b2408e8f7a22091f30c44f538caae)] -> xpath: //*[@id="header"]/div/div/ul/li/ul/li/a], [[ChromeDriver: chrome on XP (397b2408e8f7a22091f30c44f538caae)] -> xpath: //*[@id="header"]/div/div/ul/li/ul/li/a], [[ChromeDriver: chrome on XP (397b2408e8f7a22091f30c44f538caae)] -> xpath: //*[@id="header"]/div/div/ul/li/ul/li/a], [[ChromeDriver: chrome on XP (397b2408e8f7a22091f30c44f538caae)] -> xpath: //*[@id="header"]/div/div/ul/li/ul/li/a], [[ChromeDriver: chrome on XP (397b2408e8f7a22091f30c44f538caae)] -> xpath: //*[@id="header"]/div/div/ul/li/ul/li/a], [[ChromeDriver: chrome on XP (397b2408e8f7a22091f30c44f538caae)] -> xpath: //*[@id="header"]/div/div/ul/li/ul/li/a], [[ChromeDriver: chrome on XP (397b2408e8f7a22091f30c44f538caae)] -> xpath: //*[@id="header"]/div/div/ul/li/ul/li/a], [[ChromeDriver: chrome on XP (397b2408e8f7a22091f30c44f538caae)] -> xpath: //*[@id="header"]/div/div/ul/li/ul/li/a], [[ChromeDriver: chrome on XP (397b2408e8f7a22091f30c44f538caae)] -> xpath: //*[@id="header"]/div/div/ul/li/ul/li/a], [[ChromeDriver: chrome on XP (397b2408e8f7a22091f30c44f538caae)] -> xpath: //*[@id="header"]/div/div/ul/li/ul/li/a], [[ChromeDriver: chrome on XP (397b2408e8f7a22091f30c44f538caae)] -> xpath: //*[@id="header"]/div/div/ul/li/ul/li/a], [[ChromeDriver: chrome on XP (397b2408e8f7a22091f30c44f538caae)] -> xpath: //*[@id="header"]/div/div/ul/li/ul/li/a], [[ChromeDriver: chrome on XP (397b2408e8f7a22091f30c44f538caae)] -> xpath: //*[@id="header"]/div/div/ul/li/ul/li/a], [[ChromeDriver: chrome on XP (397b2408e8f7a22091f30c44f538caae)] -> xpath: //*[@id="header"]/div/div/ul/li/ul/li/a], [[ChromeDriver: chrome on XP (397b2408e8f7a22091f30c44f538caae)] -> xpath: //*[@id="header"]/div/div/ul/li/ul/li/a], [[ChromeDriver: chrome on XP (397b2408e8f7a22091f30c44f538caae)] -> xpath: //*[@id="header"]/div/div/ul/li/ul/li/a], [[ChromeDriver: chrome on XP (397b2408e8f7a22091f30c44f538caae)] -> xpath: //*[@id="header"]/div/div/ul/li/ul/li/a], [[ChromeDriver: chrome on XP (397b2408e8f7a22091f30c44f538caae)] -> xpath: //*[@id="header"]/div/div/ul/li/ul/li/a], [[ChromeDriver: chrome on XP (397b2408e8f7a22091f30c44f538caae)] -> xpath: //*[@id="header"]/div/div/ul/li/ul/li/a], [[ChromeDriver: chrome on XP (397b2408e8f7a22091f30c44f538caae)] -> xpath: //*[@id="header"]/div/div/ul/li/ul/li/a], [[ChromeDriver: chrome on XP (397b2408e8f7a22091f30c44f538caae)] -> xpath: //*[@id="header"]/div/div/ul/li/ul/li/a], [[ChromeDriver: chrome on XP (397b2408e8f7a22091f30c44f538caae)] -> xpath: //*[@id="header"]/div/div/ul/li/ul/li/a], [[ChromeDriver: chrome on XP (397b2408e8f7a22091f30c44f538caae)] -> xpath: //*[@id="header"]/div/div/ul/li/ul/li/a], [[ChromeDriver: chrome on XP (397b2408e8f7a22091f30c44f538caae)] -> xpath: //*[@id="header"]/div/div/ul/li/ul/li/a]]
2017-11-15 04:19:18,944 [main] INFO com.test.automation.UIAutomation.uiActions.HomePage - AllHeaderMenuslinks:17
2017-11-15 04:19:18,964 [main] INFO com.test.automation.UIAutomation.uiActions.HomePage - subElement:
2017-11-15 04:19:18,983 [main] INFO com.test.automation.UIAutomation.uiActions.HomePage - subElement:
2017-11-15 04:19:19,001 [main] INFO com.test.automation.UIAutomation.uiActions.HomePage - subElement:
2017-11-15 04:19:19,020 [main] INFO com.test.automation.UIAutomation.uiActions.HomePage - subElement:
2017-11-15 04:19:19,042 [main] INFO com.test.automation.UIAutomation.uiActions.HomePage - subElement:
2017-11-15 04:19:19,067 [main] INFO com.test.automation.UIAutomation.uiActions.HomePage - subElement:
2017-11-15 04:19:19,085 [main] INFO com.test.automation.UIAutomation.uiActions.HomePage - subElement:
2017-11-15 04:19:19,105 [main] INFO com.test.automation.UIAutomation.uiActions.HomePage - subElement:Requirement List
2017-11-15 04:19:24,714 [main] INFO com.test.automation.UIAutomation.testBase.TestBase - D:\Java_Project\UIAutomation\Output\SUCCESS_SelectHeader_15_11_2017_04_19_24.png
2017-11-15 04:19:24,726 [main] INFO com.test.automation.UIAutomation.testBase.TestBase - image pathD:\Java_Project\UIAutomation\Output\SUCCESS_SelectHeader_15_11_2017_04_19_24.png
2017-11-15 04:19:24,726 [main] INFO com.test.automation.UIAutomation.testBase.TestBase - Take screenshot completed
2017-11-15 04:19:29,801 [main] INFO com.test.automation.UIAutomation.testBase.TestBase - D:\Java_Project\UIAutomation\Output\SUCCESS_selectPriority_15_11_2017_04_19_29.png
2017-11-15 04:19:29,803 [main] INFO com.test.automation.UIAutomation.testBase.TestBase - image pathD:\Java_Project\UIAutomation\Output\SUCCESS_selectPriority_15_11_2017_04_19_29.png
2017-11-15 04:19:29,803 [main] INFO com.test.automation.UIAutomation.testBase.TestBase - Take screenshot completed
2017-11-15 04:19:29,843 [main] INFO com.test.automation.UIAutomation.config.ElementLoad - [[[ChromeDriver: chrome on XP (397b2408e8f7a22091f30c44f538caae)] -> xpath: //*[@id="maildiv"]/form/div/ul/li/div/div/div/div/div/h4/a], [[ChromeDriver: chrome on XP (397b2408e8f7a22091f30c44f538caae)] -> xpath: //*[@id="maildiv"]/form/div/ul/li/div/div/div/div/div/h4/a], [[ChromeDriver: chrome on XP (397b2408e8f7a22091f30c44f538caae)] -> xpath: //*[@id="maildiv"]/form/div/ul/li/div/div/div/div/div/h4/a], [[ChromeDriver: chrome on XP (397b2408e8f7a22091f30c44f538caae)] -> xpath: //*[@id="maildiv"]/form/div/ul/li/div/div/div/div/div/h4/a], [[ChromeDriver: chrome on XP (397b2408e8f7a22091f30c44f538caae)] -> xpath: //*[@id="maildiv"]/form/div/ul/li/div/div/div/div/div/h4/a], [[ChromeDriver: chrome on XP (397b2408e8f7a22091f30c44f538caae)] -> xpath: //*[@id="maildiv"]/form/div/ul/li/div/div/div/div/div/h4/a], [[ChromeDriver: chrome on XP (397b2408e8f7a22091f30c44f538caae)] -> xpath: //*[@id="maildiv"]/form/div/ul/li/div/div/div/div/div/h4/a], [[ChromeDriver: chrome on XP (397b2408e8f7a22091f30c44f538caae)] -> xpath: //*[@id="maildiv"]/form/div/ul/li/div/div/div/div/div/h4/a], [[ChromeDriver: chrome on XP (397b2408e8f7a22091f30c44f538caae)] -> xpath: //*[@id="maildiv"]/form/div/ul/li/div/div/div/div/div/h4/a], [[ChromeDriver: chrome on XP (397b2408e8f7a22091f30c44f538caae)] -> xpath: //*[@id="maildiv"]/form/div/ul/li/div/div/div/div/div/h4/a], [[ChromeDriver: chrome on XP (397b2408e8f7a22091f30c44f538caae)] -> xpath: //*[@id="maildiv"]/form/div/ul/li/div/div/div/div/div/h4/a], [[ChromeDriver: chrome on XP (397b2408e8f7a22091f30c44f538caae)] -> xpath: //*[@id="maildiv"]/form/div/ul/li/div/div/div/div/div/h4/a], [[ChromeDriver: chrome on XP (397b2408e8f7a22091f30c44f538caae)] -> xpath: //*[@id="maildiv"]/form/div/ul/li/div/div/div/div/div/h4/a], [[ChromeDriver: chrome on XP (397b2408e8f7a22091f30c44f538caae)] -> xpath: //*[@id="maildiv"]/form/div/ul/li/div/div/div/div/div/h4/a], [[ChromeDriver: chrome on XP (397b2408e8f7a22091f30c44f538caae)] -> xpath: //*[@id="maildiv"]/form/div/ul/li/div/div/div/div/div/h4/a], [[ChromeDriver: chrome on XP (397b2408e8f7a22091f30c44f538caae)] -> xpath: //*[@id="maildiv"]/form/div/ul/li/div/div/div/div/div/h4/a], [[ChromeDriver: chrome on XP (397b2408e8f7a22091f30c44f538caae)] -> xpath: //*[@id="maildiv"]/form/div/ul/li/div/div/div/div/div/h4/a], [[ChromeDriver: chrome on XP (397b2408e8f7a22091f30c44f538caae)] -> xpath: //*[@id="maildiv"]/form/div/ul/li/div/div/div/div/div/h4/a], [[ChromeDriver: chrome on XP (397b2408e8f7a22091f30c44f538caae)] -> xpath: //*[@id="maildiv"]/form/div/ul/li/div/div/div/div/div/h4/a], [[ChromeDriver: chrome on XP (397b2408e8f7a22091f30c44f538caae)] -> xpath: //*[@id="maildiv"]/form/div/ul/li/div/div/div/div/div/h4/a]]
2017-11-15 04:19:29,851 [main] INFO com.test.automation.UIAutomation.uiActions.HomePage - colors:color
2017-11-15 04:19:29,851 [main] INFO com.test.automation.UIAutomation.uiActions.HomePage - color not found
2017-11-15 04:19:29,851 [main] INFO com.test.automation.UIAutomation.uiActions.HomePage - colors: rgb(255, 0, 0);
2017-11-15 04:19:29,851 [main] INFO com.test.automation.UIAutomation.uiActions.HomePage - color not found
2017-11-15 04:19:29,858 [main] INFO com.test.automation.UIAutomation.uiActions.HomePage - colors:color
2017-11-15 04:19:29,859 [main] INFO com.test.automation.UIAutomation.uiActions.HomePage - color not found
2017-11-15 04:19:29,859 [main] INFO com.test.automation.UIAutomation.uiActions.HomePage - colors: rgb(232, 69, 181);
2017-11-15 04:19:29,859 [main] INFO com.test.automation.UIAutomation.uiActions.HomePage - pink color
2017-11-15 04:19:29,861 [main] INFO com.test.automation.UIAutomation.uiActions.HomePage - winHandleBefore: CDwindow-d162b064-9e49-4bf1-bdb8-a62b8538624d
2017-11-15 04:19:29,953 [main] INFO com.test.automation.UIAutomation.uiActions.HomePage - winHandle: CDwindow-d162b064-9e49-4bf1-bdb8-a62b8538624d
2017-11-15 04:19:29,991 [main] INFO com.test.automation.UIAutomation.uiActions.HomePage - winHandle: CDwindow-0df12048-9298-49be-acc2-828d230465cc
2017-11-15 04:19:29,994 [main] INFO com.test.automation.UIAutomation.uiActions.HomePage -  currnt winHandle: CDwindow-0df12048-9298-49be-acc2-828d230465cc
2017-11-15 04:19:31,176 [main] INFO com.test.automation.UIAutomation.uiActions.HomePage - Title:Requirement Details
2017-11-15 04:19:31,244 [main] INFO com.test.automation.UIAutomation.config.ElementLoad - [[[ChromeDriver: chrome on XP (397b2408e8f7a22091f30c44f538caae)] -> xpath: .//*[@id='requirementform']/div[3]/div[4]/div/ul/li], [[ChromeDriver: chrome on XP (397b2408e8f7a22091f30c44f538caae)] -> xpath: .//*[@id='requirementform']/div[3]/div[4]/div/ul/li], [[ChromeDriver: chrome on XP (397b2408e8f7a22091f30c44f538caae)] -> xpath: .//*[@id='requirementform']/div[3]/div[4]/div/ul/li], [[ChromeDriver: chrome on XP (397b2408e8f7a22091f30c44f538caae)] -> xpath: .//*[@id='requirementform']/div[3]/div[4]/div/ul/li], [[ChromeDriver: chrome on XP (397b2408e8f7a22091f30c44f538caae)] -> xpath: .//*[@id='requirementform']/div[3]/div[4]/div/ul/li]]
2017-11-15 04:19:31,269 [main] INFO com.test.automation.UIAutomation.config.ElementLoad - [[[ChromeDriver: chrome on XP (397b2408e8f7a22091f30c44f538caae)] -> xpath: .//*[@id='requirementform']/div[3]/div[4]/div/ul/li], [[ChromeDriver: chrome on XP (397b2408e8f7a22091f30c44f538caae)] -> xpath: .//*[@id='requirementform']/div[3]/div[4]/div/ul/li], [[ChromeDriver: chrome on XP (397b2408e8f7a22091f30c44f538caae)] -> xpath: .//*[@id='requirementform']/div[3]/div[4]/div/ul/li], [[ChromeDriver: chrome on XP (397b2408e8f7a22091f30c44f538caae)] -> xpath: .//*[@id='requirementform']/div[3]/div[4]/div/ul/li], [[ChromeDriver: chrome on XP (397b2408e8f7a22091f30c44f538caae)] -> xpath: .//*[@id='requirementform']/div[3]/div[4]/div/ul/li]]
2017-11-15 04:19:31,292 [main] INFO com.test.automation.UIAutomation.uiActions.RequirementDetailsPage - tabTitle:Requirement Details
2017-11-15 04:19:31,320 [main] INFO com.test.automation.UIAutomation.config.ElementLoad - [[[ChromeDriver: chrome on XP (397b2408e8f7a22091f30c44f538caae)] -> xpath: .//*[@id='requirementform']/div[3]/div[4]/div/ul/li], [[ChromeDriver: chrome on XP (397b2408e8f7a22091f30c44f538caae)] -> xpath: .//*[@id='requirementform']/div[3]/div[4]/div/ul/li], [[ChromeDriver: chrome on XP (397b2408e8f7a22091f30c44f538caae)] -> xpath: .//*[@id='requirementform']/div[3]/div[4]/div/ul/li], [[ChromeDriver: chrome on XP (397b2408e8f7a22091f30c44f538caae)] -> xpath: .//*[@id='requirementform']/div[3]/div[4]/div/ul/li], [[ChromeDriver: chrome on XP (397b2408e8f7a22091f30c44f538caae)] -> xpath: .//*[@id='requirementform']/div[3]/div[4]/div/ul/li]]
2017-11-15 04:19:31,340 [main] INFO com.test.automation.UIAutomation.uiActions.RequirementDetailsPage - Web url: http://demo.sourcepros.com/Requirement/Details/46052
2017-11-15 04:19:37,314 [main] INFO com.test.automation.UIAutomation.config.ElementLoad - [[[ChromeDriver: chrome on XP (397b2408e8f7a22091f30c44f538caae)] -> xpath: .//*[@id='requirementform']/div[3]/div[4]/div/ul/li], [[ChromeDriver: chrome on XP (397b2408e8f7a22091f30c44f538caae)] -> xpath: .//*[@id='requirementform']/div[3]/div[4]/div/ul/li], [[ChromeDriver: chrome on XP (397b2408e8f7a22091f30c44f538caae)] -> xpath: .//*[@id='requirementform']/div[3]/div[4]/div/ul/li], [[ChromeDriver: chrome on XP (397b2408e8f7a22091f30c44f538caae)] -> xpath: .//*[@id='requirementform']/div[3]/div[4]/div/ul/li], [[ChromeDriver: chrome on XP (397b2408e8f7a22091f30c44f538caae)] -> xpath: .//*[@id='requirementform']/div[3]/div[4]/div/ul/li]]
2017-11-15 04:19:37,728 [main] INFO com.test.automation.UIAutomation.uiActions.RequirementDetailsPage - job code entered in textbox
2017-11-15 04:19:37,811 [main] INFO com.test.automation.UIAutomation.uiActions.RequirementDetailsPage - no such element: Unable to locate element: {"method":"xpath","selector":"//*[@id='tabReqDetails']/div/div[1]/div[2]/div[3]/div/a"}
  (Session info: chrome=61.0.3163.100)
  (Driver info: chromedriver=2.29.461591 (62ebf098771772160f391d75e589dc567915b233),platform=Windows NT 6.1.7601 SP1 x86_64) (WARNING: The server did not provide any stacktrace information)
Command duration or timeout: 0 milliseconds
For documentation on this error, please visit: http://seleniumhq.org/exceptions/no_such_element.html
Build info: version: '3.5.3', revision: 'a88d25fe6b', time: '2017-08-29T12:42:44.417Z'
System info: host: 'RIPLBRD50', ip: '192.168.1.169', os.name: 'Windows 7', os.arch: 'amd64', os.version: '6.1', java.version: '1.8.0_111'
Driver info: org.openqa.selenium.chrome.ChromeDriver
Capabilities [{applicationCacheEnabled=false, rotatable=false, mobileEmulationEnabled=false, networkConnectionEnabled=false, chrome={chromedriverVersion=2.29.461591 (62ebf098771772160f391d75e589dc567915b233), userDataDir=C:\Users\YOGESH~1\AppData\Local\Temp\scoped_dir5340_18218}, takesHeapSnapshot=true, pageLoadStrategy=normal, unhandledPromptBehavior=, databaseEnabled=false, handlesAlerts=true, hasTouchScreen=false, version=61.0.3163.100, platform=XP, browserConnectionEnabled=false, nativeEvents=true, acceptSslCerts=true, locationContextEnabled=true, webStorageEnabled=true, browserName=chrome, takesScreenshot=true, javascriptEnabled=true, platformName=XP, cssSelectorsEnabled=true, unexpectedAlertBehaviour=}]
Session ID: 397b2408e8f7a22091f30c44f538caae
*** Element info: {Using=xpath, value=//*[@id='tabReqDetails']/div/div[1]/div[2]/div[3]/div/a}
2017-11-15 04:19:37,986 [main] INFO com.test.automation.UIAutomation.uiActions.RequirementDetailsPage - Entered Addressline1 in textbox
2017-11-15 04:19:38,008 [main] INFO com.test.automation.UIAutomation.config.ElementLoad - no such element: Unable to locate element: {"method":"xpath","selector":"//select[@id='drpState']"}
  (Session info: chrome=61.0.3163.100)
  (Driver info: chromedriver=2.29.461591 (62ebf098771772160f391d75e589dc567915b233),platform=Windows NT 6.1.7601 SP1 x86_64) (WARNING: The server did not provide any stacktrace information)
Command duration or timeout: 0 milliseconds
For documentation on this error, please visit: http://seleniumhq.org/exceptions/no_such_element.html
Build info: version: '3.5.3', revision: 'a88d25fe6b', time: '2017-08-29T12:42:44.417Z'
System info: host: 'RIPLBRD50', ip: '192.168.1.169', os.name: 'Windows 7', os.arch: 'amd64', os.version: '6.1', java.version: '1.8.0_111'
Driver info: org.openqa.selenium.chrome.ChromeDriver
Capabilities [{applicationCacheEnabled=false, rotatable=false, mobileEmulationEnabled=false, networkConnectionEnabled=false, chrome={chromedriverVersion=2.29.461591 (62ebf098771772160f391d75e589dc567915b233), userDataDir=C:\Users\YOGESH~1\AppData\Local\Temp\scoped_dir5340_18218}, takesHeapSnapshot=true, pageLoadStrategy=normal, unhandledPromptBehavior=, databaseEnabled=false, handlesAlerts=true, hasTouchScreen=false, version=61.0.3163.100, platform=XP, browserConnectionEnabled=false, nativeEvents=true, acceptSslCerts=true, locationContextEnabled=true, webStorageEnabled=true, browserName=chrome, takesScreenshot=true, javascriptEnabled=true, platformName=XP, cssSelectorsEnabled=true, unexpectedAlertBehaviour=}]
Session ID: 397b2408e8f7a22091f30c44f538caae
*** Element info: {Using=xpath, value=//select[@id='drpState']}
2017-11-15 04:19:38,009 [main] INFO com.test.automation.UIAutomation.uiActions.RequirementDetailsPage - null
2017-11-15 04:19:38,029 [main] INFO com.test.automation.UIAutomation.config.ElementLoad - no such element: Unable to locate element: {"method":"xpath","selector":"//select[@id='drpsReqManager']"}
  (Session info: chrome=61.0.3163.100)
  (Driver info: chromedriver=2.29.461591 (62ebf098771772160f391d75e589dc567915b233),platform=Windows NT 6.1.7601 SP1 x86_64) (WARNING: The server did not provide any stacktrace information)
Command duration or timeout: 0 milliseconds
For documentation on this error, please visit: http://seleniumhq.org/exceptions/no_such_element.html
Build info: version: '3.5.3', revision: 'a88d25fe6b', time: '2017-08-29T12:42:44.417Z'
System info: host: 'RIPLBRD50', ip: '192.168.1.169', os.name: 'Windows 7', os.arch: 'amd64', os.version: '6.1', java.version: '1.8.0_111'
Driver info: org.openqa.selenium.chrome.ChromeDriver
Capabilities [{applicationCacheEnabled=false, rotatable=false, mobileEmulationEnabled=false, networkConnectionEnabled=false, chrome={chromedriverVersion=2.29.461591 (62ebf098771772160f391d75e589dc567915b233), userDataDir=C:\Users\YOGESH~1\AppData\Local\Temp\scoped_dir5340_18218}, takesHeapSnapshot=true, pageLoadStrategy=normal, unhandledPromptBehavior=, databaseEnabled=false, handlesAlerts=true, hasTouchScreen=false, version=61.0.3163.100, platform=XP, browserConnectionEnabled=false, nativeEvents=true, acceptSslCerts=true, locationContextEnabled=true, webStorageEnabled=true, browserName=chrome, takesScreenshot=true, javascriptEnabled=true, platformName=XP, cssSelectorsEnabled=true, unexpectedAlertBehaviour=}]
Session ID: 397b2408e8f7a22091f30c44f538caae
*** Element info: {Using=xpath, value=//select[@id='drpsReqManager']}
2017-11-15 04:19:38,030 [main] INFO com.test.automation.UIAutomation.uiActions.RequirementDetailsPage - null
2017-11-15 04:20:38,160 [main] INFO com.test.automation.UIAutomation.uiActions.RequirementDetailsPage - Expected condition failed: waiting for visibility of [[ChromeDriver: chrome on XP (397b2408e8f7a22091f30c44f538caae)] -> xpath: //INPUT[@id='IsRCApproved']] (tried for 60 second(s) with 500 MILLISECONDS interval)
Build info: version: '3.5.3', revision: 'a88d25fe6b', time: '2017-08-29T12:42:44.417Z'
System info: host: 'RIPLBRD50', ip: '192.168.1.169', os.name: 'Windows 7', os.arch: 'amd64', os.version: '6.1', java.version: '1.8.0_111'
Driver info: org.openqa.selenium.chrome.ChromeDriver
Capabilities [{applicationCacheEnabled=false, rotatable=false, mobileEmulationEnabled=false, networkConnectionEnabled=false, chrome={chromedriverVersion=2.29.461591 (62ebf098771772160f391d75e589dc567915b233), userDataDir=C:\Users\YOGESH~1\AppData\Local\Temp\scoped_dir5340_18218}, takesHeapSnapshot=true, pageLoadStrategy=normal, unhandledPromptBehavior=, databaseEnabled=false, handlesAlerts=true, hasTouchScreen=false, version=61.0.3163.100, platform=XP, browserConnectionEnabled=false, nativeEvents=true, acceptSslCerts=true, locationContextEnabled=true, webStorageEnabled=true, browserName=chrome, takesScreenshot=true, javascriptEnabled=true, platformName=XP, cssSelectorsEnabled=true, unexpectedAlertBehaviour=}]
Session ID: 397b2408e8f7a22091f30c44f538caae
2017-11-15 04:20:38,379 [main] INFO com.test.automation.UIAutomation.uiActions.RequirementDetailsPage - select Category status:Admin
2017-11-15 04:20:38,970 [main] INFO com.test.automation.UIAutomation.uiActions.RequirementDetailsPage - select Client in textbox:
2017-11-15 04:20:39,156 [main] INFO com.test.automation.UIAutomation.uiActions.RequirementDetailsPage - Entered ClientBillRate in textbox:10.54
2017-11-15 04:20:39,338 [main] INFO com.test.automation.UIAutomation.uiActions.RequirementDetailsPage - Entered CandidatePayRate in textbox:10.54
2017-11-15 04:20:39,621 [main] INFO com.test.automation.UIAutomation.uiActions.RequirementDetailsPage - Entered RateType in textbox:Monthly
2017-11-15 04:20:39,719 [main] INFO com.test.automation.UIAutomation.uiActions.RequirementDetailsPage - VMSManager click on it
2017-11-15 04:20:39,775 [main] INFO com.test.automation.UIAutomation.uiActions.RequirementDetailsPage - vms:-- Select --
2017-11-15 04:20:39,806 [main] INFO com.test.automation.UIAutomation.uiActions.RequirementDetailsPage - vms:Accounts Payable contact info -Kendra Allbright
2017-11-15 04:20:39,839 [main] INFO com.test.automation.UIAutomation.uiActions.RequirementDetailsPage - vms:Chantal Truong
2017-11-15 04:20:39,876 [main] INFO com.test.automation.UIAutomation.uiActions.RequirementDetailsPage - vms:Christina Mason
2017-11-15 04:20:39,910 [main] INFO com.test.automation.UIAutomation.uiActions.RequirementDetailsPage - vms:Christopher Moore
2017-11-15 04:20:39,951 [main] INFO com.test.automation.UIAutomation.uiActions.RequirementDetailsPage - vms:Dawn Poole
2017-11-15 04:20:39,979 [main] INFO com.test.automation.UIAutomation.uiActions.RequirementDetailsPage - vms:Erika Decena
2017-11-15 04:20:40,008 [main] INFO com.test.automation.UIAutomation.uiActions.RequirementDetailsPage - vms:Erin Ketchum
2017-11-15 04:20:40,037 [main] INFO com.test.automation.UIAutomation.uiActions.RequirementDetailsPage - vms:Gary Weller
2017-11-15 04:20:40,066 [main] INFO com.test.automation.UIAutomation.uiActions.RequirementDetailsPage - vms:Goodare, Dara L
2017-11-15 04:20:40,094 [main] INFO com.test.automation.UIAutomation.uiActions.RequirementDetailsPage - vms:Jill Knapp
2017-11-15 04:20:40,123 [main] INFO com.test.automation.UIAutomation.uiActions.RequirementDetailsPage - vms:Lisa M. Hernandez
2017-11-15 04:20:40,153 [main] INFO com.test.automation.UIAutomation.uiActions.RequirementDetailsPage - vms:Lisa N Barrows
2017-11-15 04:20:40,182 [main] INFO com.test.automation.UIAutomation.uiActions.RequirementDetailsPage - vms:Mara Mueller
2017-11-15 04:20:40,210 [main] INFO com.test.automation.UIAutomation.uiActions.RequirementDetailsPage - vms:Michael Ling
2017-11-15 04:20:40,239 [main] INFO com.test.automation.UIAutomation.uiActions.RequirementDetailsPage - vms:Misty Wadkins
2017-11-15 04:20:40,269 [main] INFO com.test.automation.UIAutomation.uiActions.RequirementDetailsPage - vms:Myrla Macaraeg
2017-11-15 04:20:40,302 [main] INFO com.test.automation.UIAutomation.uiActions.RequirementDetailsPage - vms:Teresa Wik
2017-11-15 04:20:40,363 [main] INFO com.test.automation.UIAutomation.uiActions.RequirementDetailsPage - cleared in textbox
2017-11-15 04:20:40,428 [main] INFO com.test.automation.UIAutomation.uiActions.RequirementDetailsPage - unknown error: Element is not clickable at point (945, 1279)
  (Session info: chrome=61.0.3163.100)
  (Driver info: chromedriver=2.29.461591 (62ebf098771772160f391d75e589dc567915b233),platform=Windows NT 6.1.7601 SP1 x86_64) (WARNING: The server did not provide any stacktrace information)
Command duration or timeout: 0 milliseconds
Build info: version: '3.5.3', revision: 'a88d25fe6b', time: '2017-08-29T12:42:44.417Z'
System info: host: 'RIPLBRD50', ip: '192.168.1.169', os.name: 'Windows 7', os.arch: 'amd64', os.version: '6.1', java.version: '1.8.0_111'
Driver info: org.openqa.selenium.chrome.ChromeDriver
Capabilities [{applicationCacheEnabled=false, rotatable=false, mobileEmulationEnabled=false, networkConnectionEnabled=false, chrome={chromedriverVersion=2.29.461591 (62ebf098771772160f391d75e589dc567915b233), userDataDir=C:\Users\YOGESH~1\AppData\Local\Temp\scoped_dir5340_18218}, takesHeapSnapshot=true, pageLoadStrategy=normal, unhandledPromptBehavior=, databaseEnabled=false, handlesAlerts=true, hasTouchScreen=false, version=61.0.3163.100, platform=XP, browserConnectionEnabled=false, nativeEvents=true, acceptSslCerts=true, locationContextEnabled=true, webStorageEnabled=true, browserName=chrome, takesScreenshot=true, javascriptEnabled=true, platformName=XP, cssSelectorsEnabled=true, unexpectedAlertBehaviour=}]
Session ID: 397b2408e8f7a22091f30c44f538caae
2017-11-15 04:20:40,460 [main] INFO com.test.automation.UIAutomation.config.ElementLoad - no such element: Unable to locate element: {"method":"xpath","selector":"//INPUT[@id='MandatorySkill1']"}
  (Session info: chrome=61.0.3163.100)
  (Driver info: chromedriver=2.29.461591 (62ebf098771772160f391d75e589dc567915b233),platform=Windows NT 6.1.7601 SP1 x86_64) (WARNING: The server did not provide any stacktrace information)
Command duration or timeout: 0 milliseconds
For documentation on this error, please visit: http://seleniumhq.org/exceptions/no_such_element.html
Build info: version: '3.5.3', revision: 'a88d25fe6b', time: '2017-08-29T12:42:44.417Z'
System info: host: 'RIPLBRD50', ip: '192.168.1.169', os.name: 'Windows 7', os.arch: 'amd64', os.version: '6.1', java.version: '1.8.0_111'
Driver info: org.openqa.selenium.chrome.ChromeDriver
Capabilities [{applicationCacheEnabled=false, rotatable=false, mobileEmulationEnabled=false, networkConnectionEnabled=false, chrome={chromedriverVersion=2.29.461591 (62ebf098771772160f391d75e589dc567915b233), userDataDir=C:\Users\YOGESH~1\AppData\Local\Temp\scoped_dir5340_18218}, takesHeapSnapshot=true, pageLoadStrategy=normal, unhandledPromptBehavior=, databaseEnabled=false, handlesAlerts=true, hasTouchScreen=false, version=61.0.3163.100, platform=XP, browserConnectionEnabled=false, nativeEvents=true, acceptSslCerts=true, locationContextEnabled=true, webStorageEnabled=true, browserName=chrome, takesScreenshot=true, javascriptEnabled=true, platformName=XP, cssSelectorsEnabled=true, unexpectedAlertBehaviour=}]
Session ID: 397b2408e8f7a22091f30c44f538caae
*** Element info: {Using=xpath, value=//INPUT[@id='MandatorySkill1']}
2017-11-15 04:20:40,462 [main] INFO com.test.automation.UIAutomation.uiActions.RequirementDetailsPage - null
2017-11-15 04:20:40,463 [main] INFO com.test.automation.UIAutomation.uiActions.RequirementDetailsPage - fillAllRequirementInformation() 
2017-11-15 04:20:40,481 [main] INFO com.test.automation.UIAutomation.config.ElementLoad - []
2017-11-15 04:20:45,530 [main] INFO com.test.automation.UIAutomation.uiActions.HomePage - colors:color
2017-11-15 04:20:45,530 [main] INFO com.test.automation.UIAutomation.uiActions.HomePage - color not found
2017-11-15 04:20:45,530 [main] INFO com.test.automation.UIAutomation.uiActions.HomePage - colors: rgb(232, 69, 181);
2017-11-15 04:20:45,530 [main] INFO com.test.automation.UIAutomation.uiActions.HomePage - pink color
2017-11-15 04:20:45,533 [main] INFO com.test.automation.UIAutomation.uiActions.HomePage - winHandleBefore: CDwindow-d162b064-9e49-4bf1-bdb8-a62b8538624d
2017-11-15 04:20:45,623 [main] INFO com.test.automation.UIAutomation.uiActions.HomePage - winHandle: CDwindow-d162b064-9e49-4bf1-bdb8-a62b8538624d
2017-11-15 04:20:45,641 [main] INFO com.test.automation.UIAutomation.uiActions.HomePage - winHandle: CDwindow-43c1e8b0-f95e-4dbe-8abd-c6d0afb897db
2017-11-15 04:20:45,651 [main] INFO com.test.automation.UIAutomation.uiActions.HomePage - winHandle: CDwindow-6318c062-4671-4063-bb1f-247f1026effb
2017-11-15 04:20:45,653 [main] INFO com.test.automation.UIAutomation.uiActions.HomePage -  currnt winHandle: CDwindow-6318c062-4671-4063-bb1f-247f1026effb
2017-11-15 04:20:46,774 [main] INFO com.test.automation.UIAutomation.uiActions.HomePage - Title:Requirement Details
2017-11-15 04:20:46,800 [main] INFO com.test.automation.UIAutomation.config.ElementLoad - [[[ChromeDriver: chrome on XP (397b2408e8f7a22091f30c44f538caae)] -> xpath: .//*[@id='requirementform']/div[3]/div[4]/div/ul/li], [[ChromeDriver: chrome on XP (397b2408e8f7a22091f30c44f538caae)] -> xpath: .//*[@id='requirementform']/div[3]/div[4]/div/ul/li], [[ChromeDriver: chrome on XP (397b2408e8f7a22091f30c44f538caae)] -> xpath: .//*[@id='requirementform']/div[3]/div[4]/div/ul/li], [[ChromeDriver: chrome on XP (397b2408e8f7a22091f30c44f538caae)] -> xpath: .//*[@id='requirementform']/div[3]/div[4]/div/ul/li], [[ChromeDriver: chrome on XP (397b2408e8f7a22091f30c44f538caae)] -> xpath: .//*[@id='requirementform']/div[3]/div[4]/div/ul/li]]
2017-11-15 04:20:46,811 [main] INFO com.test.automation.UIAutomation.config.ElementLoad - [[[ChromeDriver: chrome on XP (397b2408e8f7a22091f30c44f538caae)] -> xpath: .//*[@id='requirementform']/div[3]/div[4]/div/ul/li], [[ChromeDriver: chrome on XP (397b2408e8f7a22091f30c44f538caae)] -> xpath: .//*[@id='requirementform']/div[3]/div[4]/div/ul/li], [[ChromeDriver: chrome on XP (397b2408e8f7a22091f30c44f538caae)] -> xpath: .//*[@id='requirementform']/div[3]/div[4]/div/ul/li], [[ChromeDriver: chrome on XP (397b2408e8f7a22091f30c44f538caae)] -> xpath: .//*[@id='requirementform']/div[3]/div[4]/div/ul/li], [[ChromeDriver: chrome on XP (397b2408e8f7a22091f30c44f538caae)] -> xpath: .//*[@id='requirementform']/div[3]/div[4]/div/ul/li]]
2017-11-15 04:20:46,831 [main] INFO com.test.automation.UIAutomation.uiActions.RequirementDetailsPage - tabTitle:Requirement Details
2017-11-15 04:20:46,840 [main] INFO com.test.automation.UIAutomation.config.ElementLoad - [[[ChromeDriver: chrome on XP (397b2408e8f7a22091f30c44f538caae)] -> xpath: .//*[@id='requirementform']/div[3]/div[4]/div/ul/li], [[ChromeDriver: chrome on XP (397b2408e8f7a22091f30c44f538caae)] -> xpath: .//*[@id='requirementform']/div[3]/div[4]/div/ul/li], [[ChromeDriver: chrome on XP (397b2408e8f7a22091f30c44f538caae)] -> xpath: .//*[@id='requirementform']/div[3]/div[4]/div/ul/li], [[ChromeDriver: chrome on XP (397b2408e8f7a22091f30c44f538caae)] -> xpath: .//*[@id='requirementform']/div[3]/div[4]/div/ul/li], [[ChromeDriver: chrome on XP (397b2408e8f7a22091f30c44f538caae)] -> xpath: .//*[@id='requirementform']/div[3]/div[4]/div/ul/li]]
2017-11-15 04:20:46,853 [main] INFO com.test.automation.UIAutomation.uiActions.RequirementDetailsPage - Web url: http://demo.sourcepros.com/Requirement/Details/46051
2017-11-15 04:20:46,863 [main] INFO com.test.automation.UIAutomation.config.ElementLoad - [[[ChromeDriver: chrome on XP (397b2408e8f7a22091f30c44f538caae)] -> xpath: .//*[@id='requirementform']/div[3]/div[4]/div/ul/li], [[ChromeDriver: chrome on XP (397b2408e8f7a22091f30c44f538caae)] -> xpath: .//*[@id='requirementform']/div[3]/div[4]/div/ul/li], [[ChromeDriver: chrome on XP (397b2408e8f7a22091f30c44f538caae)] -> xpath: .//*[@id='requirementform']/div[3]/div[4]/div/ul/li], [[ChromeDriver: chrome on XP (397b2408e8f7a22091f30c44f538caae)] -> xpath: .//*[@id='requirementform']/div[3]/div[4]/div/ul/li], [[ChromeDriver: chrome on XP (397b2408e8f7a22091f30c44f538caae)] -> xpath: .//*[@id='requirementform']/div[3]/div[4]/div/ul/li]]
2017-11-15 04:20:47,340 [main] INFO com.test.automation.UIAutomation.uiActions.RequirementDetailsPage - job code entered in textbox
2017-11-15 04:20:47,423 [main] INFO com.test.automation.UIAutomation.uiActions.RequirementDetailsPage - no such element: Unable to locate element: {"method":"xpath","selector":"//*[@id='tabReqDetails']/div/div[1]/div[2]/div[3]/div/a"}
  (Session info: chrome=61.0.3163.100)
  (Driver info: chromedriver=2.29.461591 (62ebf098771772160f391d75e589dc567915b233),platform=Windows NT 6.1.7601 SP1 x86_64) (WARNING: The server did not provide any stacktrace information)
Command duration or timeout: 0 milliseconds
For documentation on this error, please visit: http://seleniumhq.org/exceptions/no_such_element.html
Build info: version: '3.5.3', revision: 'a88d25fe6b', time: '2017-08-29T12:42:44.417Z'
System info: host: 'RIPLBRD50', ip: '192.168.1.169', os.name: 'Windows 7', os.arch: 'amd64', os.version: '6.1', java.version: '1.8.0_111'
Driver info: org.openqa.selenium.chrome.ChromeDriver
Capabilities [{applicationCacheEnabled=false, rotatable=false, mobileEmulationEnabled=false, networkConnectionEnabled=false, chrome={chromedriverVersion=2.29.461591 (62ebf098771772160f391d75e589dc567915b233), userDataDir=C:\Users\YOGESH~1\AppData\Local\Temp\scoped_dir5340_18218}, takesHeapSnapshot=true, pageLoadStrategy=normal, unhandledPromptBehavior=, databaseEnabled=false, handlesAlerts=true, hasTouchScreen=false, version=61.0.3163.100, platform=XP, browserConnectionEnabled=false, nativeEvents=true, acceptSslCerts=true, locationContextEnabled=true, webStorageEnabled=true, browserName=chrome, takesScreenshot=true, javascriptEnabled=true, platformName=XP, cssSelectorsEnabled=true, unexpectedAlertBehaviour=}]
Session ID: 397b2408e8f7a22091f30c44f538caae
*** Element info: {Using=xpath, value=//*[@id='tabReqDetails']/div/div[1]/div[2]/div[3]/div/a}
2017-11-15 04:20:47,646 [main] INFO com.test.automation.UIAutomation.uiActions.RequirementDetailsPage - Entered Addressline1 in textbox
2017-11-15 04:20:47,665 [main] INFO com.test.automation.UIAutomation.config.ElementLoad - no such element: Unable to locate element: {"method":"xpath","selector":"//select[@id='drpState']"}
  (Session info: chrome=61.0.3163.100)
  (Driver info: chromedriver=2.29.461591 (62ebf098771772160f391d75e589dc567915b233),platform=Windows NT 6.1.7601 SP1 x86_64) (WARNING: The server did not provide any stacktrace information)
Command duration or timeout: 0 milliseconds
For documentation on this error, please visit: http://seleniumhq.org/exceptions/no_such_element.html
Build info: version: '3.5.3', revision: 'a88d25fe6b', time: '2017-08-29T12:42:44.417Z'
System info: host: 'RIPLBRD50', ip: '192.168.1.169', os.name: 'Windows 7', os.arch: 'amd64', os.version: '6.1', java.version: '1.8.0_111'
Driver info: org.openqa.selenium.chrome.ChromeDriver
Capabilities [{applicationCacheEnabled=false, rotatable=false, mobileEmulationEnabled=false, networkConnectionEnabled=false, chrome={chromedriverVersion=2.29.461591 (62ebf098771772160f391d75e589dc567915b233), userDataDir=C:\Users\YOGESH~1\AppData\Local\Temp\scoped_dir5340_18218}, takesHeapSnapshot=true, pageLoadStrategy=normal, unhandledPromptBehavior=, databaseEnabled=false, handlesAlerts=true, hasTouchScreen=false, version=61.0.3163.100, platform=XP, browserConnectionEnabled=false, nativeEvents=true, acceptSslCerts=true, locationContextEnabled=true, webStorageEnabled=true, browserName=chrome, takesScreenshot=true, javascriptEnabled=true, platformName=XP, cssSelectorsEnabled=true, unexpectedAlertBehaviour=}]
Session ID: 397b2408e8f7a22091f30c44f538caae
*** Element info: {Using=xpath, value=//select[@id='drpState']}
2017-11-15 04:20:47,666 [main] INFO com.test.automation.UIAutomation.uiActions.RequirementDetailsPage - null
2017-11-15 04:20:47,686 [main] INFO com.test.automation.UIAutomation.config.ElementLoad - no such element: Unable to locate element: {"method":"xpath","selector":"//select[@id='drpsReqManager']"}
  (Session info: chrome=61.0.3163.100)
  (Driver info: chromedriver=2.29.461591 (62ebf098771772160f391d75e589dc567915b233),platform=Windows NT 6.1.7601 SP1 x86_64) (WARNING: The server did not provide any stacktrace information)
Command duration or timeout: 0 milliseconds
For documentation on this error, please visit: http://seleniumhq.org/exceptions/no_such_element.html
Build info: version: '3.5.3', revision: 'a88d25fe6b', time: '2017-08-29T12:42:44.417Z'
System info: host: 'RIPLBRD50', ip: '192.168.1.169', os.name: 'Windows 7', os.arch: 'amd64', os.version: '6.1', java.version: '1.8.0_111'
Driver info: org.openqa.selenium.chrome.ChromeDriver
Capabilities [{applicationCacheEnabled=false, rotatable=false, mobileEmulationEnabled=false, networkConnectionEnabled=false, chrome={chromedriverVersion=2.29.461591 (62ebf098771772160f391d75e589dc567915b233), userDataDir=C:\Users\YOGESH~1\AppData\Local\Temp\scoped_dir5340_18218}, takesHeapSnapshot=true, pageLoadStrategy=normal, unhandledPromptBehavior=, databaseEnabled=false, handlesAlerts=true, hasTouchScreen=false, version=61.0.3163.100, platform=XP, browserConnectionEnabled=false, nativeEvents=true, acceptSslCerts=true, locationContextEnabled=true, webStorageEnabled=true, browserName=chrome, takesScreenshot=true, javascriptEnabled=true, platformName=XP, cssSelectorsEnabled=true, unexpectedAlertBehaviour=}]
Session ID: 397b2408e8f7a22091f30c44f538caae
*** Element info: {Using=xpath, value=//select[@id='drpsReqManager']}
2017-11-15 04:20:47,687 [main] INFO com.test.automation.UIAutomation.uiActions.RequirementDetailsPage - null
2017-11-15 04:21:48,184 [main] INFO com.test.automation.UIAutomation.uiActions.RequirementDetailsPage - Expected condition failed: waiting for visibility of [[ChromeDriver: chrome on XP (397b2408e8f7a22091f30c44f538caae)] -> xpath: //INPUT[@id='IsRCApproved']] (tried for 60 second(s) with 500 MILLISECONDS interval)
Build info: version: '3.5.3', revision: 'a88d25fe6b', time: '2017-08-29T12:42:44.417Z'
System info: host: 'RIPLBRD50', ip: '192.168.1.169', os.name: 'Windows 7', os.arch: 'amd64', os.version: '6.1', java.version: '1.8.0_111'
Driver info: org.openqa.selenium.chrome.ChromeDriver
Capabilities [{applicationCacheEnabled=false, rotatable=false, mobileEmulationEnabled=false, networkConnectionEnabled=false, chrome={chromedriverVersion=2.29.461591 (62ebf098771772160f391d75e589dc567915b233), userDataDir=C:\Users\YOGESH~1\AppData\Local\Temp\scoped_dir5340_18218}, takesHeapSnapshot=true, pageLoadStrategy=normal, unhandledPromptBehavior=, databaseEnabled=false, handlesAlerts=true, hasTouchScreen=false, version=61.0.3163.100, platform=XP, browserConnectionEnabled=false, nativeEvents=true, acceptSslCerts=true, locationContextEnabled=true, webStorageEnabled=true, browserName=chrome, takesScreenshot=true, javascriptEnabled=true, platformName=XP, cssSelectorsEnabled=true, unexpectedAlertBehaviour=}]
Session ID: 397b2408e8f7a22091f30c44f538caae
2017-11-15 04:21:48,413 [main] INFO com.test.automation.UIAutomation.uiActions.RequirementDetailsPage - select Category status:Admin
2017-11-15 04:21:49,259 [main] INFO com.test.automation.UIAutomation.uiActions.RequirementDetailsPage - select Client in textbox:
2017-11-15 04:21:49,476 [main] INFO com.test.automation.UIAutomation.uiActions.RequirementDetailsPage - Entered ClientBillRate in textbox:10.54
2017-11-15 04:21:49,696 [main] INFO com.test.automation.UIAutomation.uiActions.RequirementDetailsPage - Entered CandidatePayRate in textbox:10.54
2017-11-15 04:21:49,951 [main] INFO com.test.automation.UIAutomation.uiActions.RequirementDetailsPage - Entered RateType in textbox:Monthly
2017-11-15 04:21:50,051 [main] INFO com.test.automation.UIAutomation.uiActions.RequirementDetailsPage - VMSManager click on it
2017-11-15 04:21:50,097 [main] INFO com.test.automation.UIAutomation.uiActions.RequirementDetailsPage - vms:-- Select --
2017-11-15 04:21:50,130 [main] INFO com.test.automation.UIAutomation.uiActions.RequirementDetailsPage - vms:Annette Lach
2017-11-15 04:21:50,159 [main] INFO com.test.automation.UIAutomation.uiActions.RequirementDetailsPage - vms:Jared Hersh - 100 Research Drive Worcester, MA 01605
2017-11-15 04:21:50,188 [main] INFO com.test.automation.UIAutomation.uiActions.RequirementDetailsPage - vms:Mary Block
2017-11-15 04:21:50,218 [main] INFO com.test.automation.UIAutomation.uiActions.RequirementDetailsPage - vms:Megan Glass
2017-11-15 04:21:50,252 [main] INFO com.test.automation.UIAutomation.uiActions.RequirementDetailsPage - vms:Sandy Michaud
2017-11-15 04:21:50,318 [main] INFO com.test.automation.UIAutomation.config.ElementLoad - no such element: Unable to locate element: {"method":"xpath","selector":"//*[@id="tinymce"]/p"}
  (Session info: chrome=61.0.3163.100)
  (Driver info: chromedriver=2.29.461591 (62ebf098771772160f391d75e589dc567915b233),platform=Windows NT 6.1.7601 SP1 x86_64) (WARNING: The server did not provide any stacktrace information)
Command duration or timeout: 0 milliseconds
For documentation on this error, please visit: http://seleniumhq.org/exceptions/no_such_element.html
Build info: version: '3.5.3', revision: 'a88d25fe6b', time: '2017-08-29T12:42:44.417Z'
System info: host: 'RIPLBRD50', ip: '192.168.1.169', os.name: 'Windows 7', os.arch: 'amd64', os.version: '6.1', java.version: '1.8.0_111'
Driver info: org.openqa.selenium.chrome.ChromeDriver
Capabilities [{applicationCacheEnabled=false, rotatable=false, mobileEmulationEnabled=false, networkConnectionEnabled=false, chrome={chromedriverVersion=2.29.461591 (62ebf098771772160f391d75e589dc567915b233), userDataDir=C:\Users\YOGESH~1\AppData\Local\Temp\scoped_dir5340_18218}, takesHeapSnapshot=true, pageLoadStrategy=normal, unhandledPromptBehavior=, databaseEnabled=false, handlesAlerts=true, hasTouchScreen=false, version=61.0.3163.100, platform=XP, browserConnectionEnabled=false, nativeEvents=true, acceptSslCerts=true, locationContextEnabled=true, webStorageEnabled=true, browserName=chrome, takesScreenshot=true, javascriptEnabled=true, platformName=XP, cssSelectorsEnabled=true, unexpectedAlertBehaviour=}]
Session ID: 397b2408e8f7a22091f30c44f538caae
*** Element info: {Using=xpath, value=//*[@id="tinymce"]/p}
2017-11-15 04:21:50,319 [main] INFO com.test.automation.UIAutomation.uiActions.RequirementDetailsPage - cleared in textbox
2017-11-15 04:21:50,319 [main] INFO com.test.automation.UIAutomation.uiActions.RequirementDetailsPage - Must provide a location for a move action.
2017-11-15 04:21:50,340 [main] INFO com.test.automation.UIAutomation.config.ElementLoad - no such element: Unable to locate element: {"method":"xpath","selector":"//INPUT[@id='MandatorySkill1']"}
  (Session info: chrome=61.0.3163.100)
  (Driver info: chromedriver=2.29.461591 (62ebf098771772160f391d75e589dc567915b233),platform=Windows NT 6.1.7601 SP1 x86_64) (WARNING: The server did not provide any stacktrace information)
Command duration or timeout: 0 milliseconds
For documentation on this error, please visit: http://seleniumhq.org/exceptions/no_such_element.html
Build info: version: '3.5.3', revision: 'a88d25fe6b', time: '2017-08-29T12:42:44.417Z'
System info: host: 'RIPLBRD50', ip: '192.168.1.169', os.name: 'Windows 7', os.arch: 'amd64', os.version: '6.1', java.version: '1.8.0_111'
Driver info: org.openqa.selenium.chrome.ChromeDriver
Capabilities [{applicationCacheEnabled=false, rotatable=false, mobileEmulationEnabled=false, networkConnectionEnabled=false, chrome={chromedriverVersion=2.29.461591 (62ebf098771772160f391d75e589dc567915b233), userDataDir=C:\Users\YOGESH~1\AppData\Local\Temp\scoped_dir5340_18218}, takesHeapSnapshot=true, pageLoadStrategy=normal, unhandledPromptBehavior=, databaseEnabled=false, handlesAlerts=true, hasTouchScreen=false, version=61.0.3163.100, platform=XP, browserConnectionEnabled=false, nativeEvents=true, acceptSslCerts=true, locationContextEnabled=true, webStorageEnabled=true, browserName=chrome, takesScreenshot=true, javascriptEnabled=true, platformName=XP, cssSelectorsEnabled=true, unexpectedAlertBehaviour=}]
Session ID: 397b2408e8f7a22091f30c44f538caae
*** Element info: {Using=xpath, value=//INPUT[@id='MandatorySkill1']}
2017-11-15 04:21:50,344 [main] INFO com.test.automation.UIAutomation.uiActions.RequirementDetailsPage - null
2017-11-15 04:21:50,345 [main] INFO com.test.automation.UIAutomation.uiActions.RequirementDetailsPage - fillAllRequirementInformation() 
2017-11-15 04:21:50,362 [main] INFO com.test.automation.UIAutomation.config.ElementLoad - []
2017-11-15 04:21:55,423 [main] INFO com.test.automation.UIAutomation.uiActions.HomePage - colors:color
2017-11-15 04:21:55,423 [main] INFO com.test.automation.UIAutomation.uiActions.HomePage - color not found
2017-11-15 04:21:55,423 [main] INFO com.test.automation.UIAutomation.uiActions.HomePage - colors: rgb(232, 69, 181);
2017-11-15 04:21:55,423 [main] INFO com.test.automation.UIAutomation.uiActions.HomePage - pink color
2017-11-15 04:21:55,426 [main] INFO com.test.automation.UIAutomation.uiActions.HomePage - winHandleBefore: CDwindow-d162b064-9e49-4bf1-bdb8-a62b8538624d
2017-11-15 04:21:55,519 [main] INFO com.test.automation.UIAutomation.uiActions.HomePage - winHandle: CDwindow-d162b064-9e49-4bf1-bdb8-a62b8538624d
2017-11-15 04:21:55,535 [main] INFO com.test.automation.UIAutomation.uiActions.HomePage - winHandle: CDwindow-43c1e8b0-f95e-4dbe-8abd-c6d0afb897db
2017-11-15 04:21:55,548 [main] INFO com.test.automation.UIAutomation.uiActions.HomePage - winHandle: CDwindow-29a424d3-efd6-4cd5-8205-24407382a34a
2017-11-15 04:21:55,550 [main] INFO com.test.automation.UIAutomation.uiActions.HomePage -  currnt winHandle: CDwindow-29a424d3-efd6-4cd5-8205-24407382a34a
2017-11-15 04:21:57,285 [main] INFO com.test.automation.UIAutomation.uiActions.HomePage - Title:Requirement Details
2017-11-15 04:21:57,303 [main] INFO com.test.automation.UIAutomation.config.ElementLoad - [[[ChromeDriver: chrome on XP (397b2408e8f7a22091f30c44f538caae)] -> xpath: .//*[@id='requirementform']/div[3]/div[4]/div/ul/li], [[ChromeDriver: chrome on XP (397b2408e8f7a22091f30c44f538caae)] -> xpath: .//*[@id='requirementform']/div[3]/div[4]/div/ul/li], [[ChromeDriver: chrome on XP (397b2408e8f7a22091f30c44f538caae)] -> xpath: .//*[@id='requirementform']/div[3]/div[4]/div/ul/li], [[ChromeDriver: chrome on XP (397b2408e8f7a22091f30c44f538caae)] -> xpath: .//*[@id='requirementform']/div[3]/div[4]/div/ul/li], [[ChromeDriver: chrome on XP (397b2408e8f7a22091f30c44f538caae)] -> xpath: .//*[@id='requirementform']/div[3]/div[4]/div/ul/li]]
2017-11-15 04:21:57,327 [main] INFO com.test.automation.UIAutomation.config.ElementLoad - [[[ChromeDriver: chrome on XP (397b2408e8f7a22091f30c44f538caae)] -> xpath: .//*[@id='requirementform']/div[3]/div[4]/div/ul/li], [[ChromeDriver: chrome on XP (397b2408e8f7a22091f30c44f538caae)] -> xpath: .//*[@id='requirementform']/div[3]/div[4]/div/ul/li], [[ChromeDriver: chrome on XP (397b2408e8f7a22091f30c44f538caae)] -> xpath: .//*[@id='requirementform']/div[3]/div[4]/div/ul/li], [[ChromeDriver: chrome on XP (397b2408e8f7a22091f30c44f538caae)] -> xpath: .//*[@id='requirementform']/div[3]/div[4]/div/ul/li], [[ChromeDriver: chrome on XP (397b2408e8f7a22091f30c44f538caae)] -> xpath: .//*[@id='requirementform']/div[3]/div[4]/div/ul/li]]
2017-11-15 04:21:57,349 [main] INFO com.test.automation.UIAutomation.uiActions.RequirementDetailsPage - tabTitle:Requirement Details
2017-11-15 04:21:57,361 [main] INFO com.test.automation.UIAutomation.config.ElementLoad - [[[ChromeDriver: chrome on XP (397b2408e8f7a22091f30c44f538caae)] -> xpath: .//*[@id='requirementform']/div[3]/div[4]/div/ul/li], [[ChromeDriver: chrome on XP (397b2408e8f7a22091f30c44f538caae)] -> xpath: .//*[@id='requirementform']/div[3]/div[4]/div/ul/li], [[ChromeDriver: chrome on XP (397b2408e8f7a22091f30c44f538caae)] -> xpath: .//*[@id='requirementform']/div[3]/div[4]/div/ul/li], [[ChromeDriver: chrome on XP (397b2408e8f7a22091f30c44f538caae)] -> xpath: .//*[@id='requirementform']/div[3]/div[4]/div/ul/li], [[ChromeDriver: chrome on XP (397b2408e8f7a22091f30c44f538caae)] -> xpath: .//*[@id='requirementform']/div[3]/div[4]/div/ul/li]]
2017-11-15 04:21:57,380 [main] INFO com.test.automation.UIAutomation.uiActions.RequirementDetailsPage - Web url: http://demo.sourcepros.com/Requirement/Details/46049
2017-11-15 04:21:57,392 [main] INFO com.test.automation.UIAutomation.config.ElementLoad - [[[ChromeDriver: chrome on XP (397b2408e8f7a22091f30c44f538caae)] -> xpath: .//*[@id='requirementform']/div[3]/div[4]/div/ul/li], [[ChromeDriver: chrome on XP (397b2408e8f7a22091f30c44f538caae)] -> xpath: .//*[@id='requirementform']/div[3]/div[4]/div/ul/li], [[ChromeDriver: chrome on XP (397b2408e8f7a22091f30c44f538caae)] -> xpath: .//*[@id='requirementform']/div[3]/div[4]/div/ul/li], [[ChromeDriver: chrome on XP (397b2408e8f7a22091f30c44f538caae)] -> xpath: .//*[@id='requirementform']/div[3]/div[4]/div/ul/li], [[ChromeDriver: chrome on XP (397b2408e8f7a22091f30c44f538caae)] -> xpath: .//*[@id='requirementform']/div[3]/div[4]/div/ul/li]]
2017-11-15 04:21:57,876 [main] INFO com.test.automation.UIAutomation.uiActions.RequirementDetailsPage - job code entered in textbox
2017-11-15 04:21:57,963 [main] INFO com.test.automation.UIAutomation.uiActions.RequirementDetailsPage - no such element: Unable to locate element: {"method":"xpath","selector":"//*[@id='tabReqDetails']/div/div[1]/div[2]/div[3]/div/a"}
  (Session info: chrome=61.0.3163.100)
  (Driver info: chromedriver=2.29.461591 (62ebf098771772160f391d75e589dc567915b233),platform=Windows NT 6.1.7601 SP1 x86_64) (WARNING: The server did not provide any stacktrace information)
Command duration or timeout: 0 milliseconds
For documentation on this error, please visit: http://seleniumhq.org/exceptions/no_such_element.html
Build info: version: '3.5.3', revision: 'a88d25fe6b', time: '2017-08-29T12:42:44.417Z'
System info: host: 'RIPLBRD50', ip: '192.168.1.169', os.name: 'Windows 7', os.arch: 'amd64', os.version: '6.1', java.version: '1.8.0_111'
Driver info: org.openqa.selenium.chrome.ChromeDriver
Capabilities [{applicationCacheEnabled=false, rotatable=false, mobileEmulationEnabled=false, networkConnectionEnabled=false, chrome={chromedriverVersion=2.29.461591 (62ebf098771772160f391d75e589dc567915b233), userDataDir=C:\Users\YOGESH~1\AppData\Local\Temp\scoped_dir5340_18218}, takesHeapSnapshot=true, pageLoadStrategy=normal, unhandledPromptBehavior=, databaseEnabled=false, handlesAlerts=true, hasTouchScreen=false, version=61.0.3163.100, platform=XP, browserConnectionEnabled=false, nativeEvents=true, acceptSslCerts=true, locationContextEnabled=true, webStorageEnabled=true, browserName=chrome, takesScreenshot=true, javascriptEnabled=true, platformName=XP, cssSelectorsEnabled=true, unexpectedAlertBehaviour=}]
Session ID: 397b2408e8f7a22091f30c44f538caae
*** Element info: {Using=xpath, value=//*[@id='tabReqDetails']/div/div[1]/div[2]/div[3]/div/a}
2017-11-15 04:21:58,164 [main] INFO com.test.automation.UIAutomation.uiActions.RequirementDetailsPage - Entered Addressline1 in textbox
2017-11-15 04:21:58,184 [main] INFO com.test.automation.UIAutomation.config.ElementLoad - no such element: Unable to locate element: {"method":"xpath","selector":"//select[@id='drpState']"}
  (Session info: chrome=61.0.3163.100)
  (Driver info: chromedriver=2.29.461591 (62ebf098771772160f391d75e589dc567915b233),platform=Windows NT 6.1.7601 SP1 x86_64) (WARNING: The server did not provide any stacktrace information)
Command duration or timeout: 0 milliseconds
For documentation on this error, please visit: http://seleniumhq.org/exceptions/no_such_element.html
Build info: version: '3.5.3', revision: 'a88d25fe6b', time: '2017-08-29T12:42:44.417Z'
System info: host: 'RIPLBRD50', ip: '192.168.1.169', os.name: 'Windows 7', os.arch: 'amd64', os.version: '6.1', java.version: '1.8.0_111'
Driver info: org.openqa.selenium.chrome.ChromeDriver
Capabilities [{applicationCacheEnabled=false, rotatable=false, mobileEmulationEnabled=false, networkConnectionEnabled=false, chrome={chromedriverVersion=2.29.461591 (62ebf098771772160f391d75e589dc567915b233), userDataDir=C:\Users\YOGESH~1\AppData\Local\Temp\scoped_dir5340_18218}, takesHeapSnapshot=true, pageLoadStrategy=normal, unhandledPromptBehavior=, databaseEnabled=false, handlesAlerts=true, hasTouchScreen=false, version=61.0.3163.100, platform=XP, browserConnectionEnabled=false, nativeEvents=true, acceptSslCerts=true, locationContextEnabled=true, webStorageEnabled=true, browserName=chrome, takesScreenshot=true, javascriptEnabled=true, platformName=XP, cssSelectorsEnabled=true, unexpectedAlertBehaviour=}]
Session ID: 397b2408e8f7a22091f30c44f538caae
*** Element info: {Using=xpath, value=//select[@id='drpState']}
2017-11-15 04:21:58,185 [main] INFO com.test.automation.UIAutomation.uiActions.RequirementDetailsPage - null
2017-11-15 04:21:58,206 [main] INFO com.test.automation.UIAutomation.config.ElementLoad - no such element: Unable to locate element: {"method":"xpath","selector":"//select[@id='drpsReqManager']"}
  (Session info: chrome=61.0.3163.100)
  (Driver info: chromedriver=2.29.461591 (62ebf098771772160f391d75e589dc567915b233),platform=Windows NT 6.1.7601 SP1 x86_64) (WARNING: The server did not provide any stacktrace information)
Command duration or timeout: 0 milliseconds
For documentation on this error, please visit: http://seleniumhq.org/exceptions/no_such_element.html
Build info: version: '3.5.3', revision: 'a88d25fe6b', time: '2017-08-29T12:42:44.417Z'
System info: host: 'RIPLBRD50', ip: '192.168.1.169', os.name: 'Windows 7', os.arch: 'amd64', os.version: '6.1', java.version: '1.8.0_111'
Driver info: org.openqa.selenium.chrome.ChromeDriver
Capabilities [{applicationCacheEnabled=false, rotatable=false, mobileEmulationEnabled=false, networkConnectionEnabled=false, chrome={chromedriverVersion=2.29.461591 (62ebf098771772160f391d75e589dc567915b233), userDataDir=C:\Users\YOGESH~1\AppData\Local\Temp\scoped_dir5340_18218}, takesHeapSnapshot=true, pageLoadStrategy=normal, unhandledPromptBehavior=, databaseEnabled=false, handlesAlerts=true, hasTouchScreen=false, version=61.0.3163.100, platform=XP, browserConnectionEnabled=false, nativeEvents=true, acceptSslCerts=true, locationContextEnabled=true, webStorageEnabled=true, browserName=chrome, takesScreenshot=true, javascriptEnabled=true, platformName=XP, cssSelectorsEnabled=true, unexpectedAlertBehaviour=}]
Session ID: 397b2408e8f7a22091f30c44f538caae
*** Element info: {Using=xpath, value=//select[@id='drpsReqManager']}
2017-11-15 04:21:58,207 [main] INFO com.test.automation.UIAutomation.uiActions.RequirementDetailsPage - null
2017-11-15 04:22:58,274 [main] INFO com.test.automation.UIAutomation.uiActions.RequirementDetailsPage - Expected condition failed: waiting for visibility of [[ChromeDriver: chrome on XP (397b2408e8f7a22091f30c44f538caae)] -> xpath: //INPUT[@id='IsRCApproved']] (tried for 60 second(s) with 500 MILLISECONDS interval)
Build info: version: '3.5.3', revision: 'a88d25fe6b', time: '2017-08-29T12:42:44.417Z'
System info: host: 'RIPLBRD50', ip: '192.168.1.169', os.name: 'Windows 7', os.arch: 'amd64', os.version: '6.1', java.version: '1.8.0_111'
Driver info: org.openqa.selenium.chrome.ChromeDriver
Capabilities [{applicationCacheEnabled=false, rotatable=false, mobileEmulationEnabled=false, networkConnectionEnabled=false, chrome={chromedriverVersion=2.29.461591 (62ebf098771772160f391d75e589dc567915b233), userDataDir=C:\Users\YOGESH~1\AppData\Local\Temp\scoped_dir5340_18218}, takesHeapSnapshot=true, pageLoadStrategy=normal, unhandledPromptBehavior=, databaseEnabled=false, handlesAlerts=true, hasTouchScreen=false, version=61.0.3163.100, platform=XP, browserConnectionEnabled=false, nativeEvents=true, acceptSslCerts=true, locationContextEnabled=true, webStorageEnabled=true, browserName=chrome, takesScreenshot=true, javascriptEnabled=true, platformName=XP, cssSelectorsEnabled=true, unexpectedAlertBehaviour=}]
Session ID: 397b2408e8f7a22091f30c44f538caae
2017-11-15 04:22:58,511 [main] INFO com.test.automation.UIAutomation.uiActions.RequirementDetailsPage - select Category status:Admin
2017-11-15 04:22:59,112 [main] INFO com.test.automation.UIAutomation.uiActions.RequirementDetailsPage - select Client in textbox:
2017-11-15 04:22:59,304 [main] INFO com.test.automation.UIAutomation.uiActions.RequirementDetailsPage - Entered ClientBillRate in textbox:10.54
2017-11-15 04:22:59,492 [main] INFO com.test.automation.UIAutomation.uiActions.RequirementDetailsPage - Entered CandidatePayRate in textbox:10.54
2017-11-15 04:22:59,752 [main] INFO com.test.automation.UIAutomation.uiActions.RequirementDetailsPage - Entered RateType in textbox:Monthly
2017-11-15 04:22:59,892 [main] INFO com.test.automation.UIAutomation.uiActions.RequirementDetailsPage - VMSManager click on it
2017-11-15 04:22:59,977 [main] INFO com.test.automation.UIAutomation.uiActions.RequirementDetailsPage - vms:-- Select --
2017-11-15 04:23:00,018 [main] INFO com.test.automation.UIAutomation.uiActions.RequirementDetailsPage - vms:E-Mail Address
2017-11-15 04:23:00,068 [main] INFO com.test.automation.UIAutomation.uiActions.RequirementDetailsPage - vms:BARRY MITTELMANN
2017-11-15 04:23:00,096 [main] INFO com.test.automation.UIAutomation.uiActions.RequirementDetailsPage - vms:Madelyn Atlas Email Address
2017-11-15 04:23:00,125 [main] INFO com.test.automation.UIAutomation.uiActions.RequirementDetailsPage - vms:Mark Polyak Email Address
2017-11-15 04:23:00,153 [main] INFO com.test.automation.UIAutomation.uiActions.RequirementDetailsPage - vms:Mark Polyak Email Address
2017-11-15 04:23:00,181 [main] INFO com.test.automation.UIAutomation.uiActions.RequirementDetailsPage - vms:Email
2017-11-15 04:23:00,209 [main] INFO com.test.automation.UIAutomation.uiActions.RequirementDetailsPage - vms:BARRY MITTELMANN
2017-11-15 04:23:00,238 [main] INFO com.test.automation.UIAutomation.uiActions.RequirementDetailsPage - vms:Alex Linetskiy Phone
2017-11-15 04:23:00,267 [main] INFO com.test.automation.UIAutomation.uiActions.RequirementDetailsPage - vms:Hazel Harber Phone
2017-11-15 04:23:00,295 [main] INFO com.test.automation.UIAutomation.uiActions.RequirementDetailsPage - vms:Mark Polyak
2017-11-15 04:23:00,324 [main] INFO com.test.automation.UIAutomation.uiActions.RequirementDetailsPage - vms:Alexander Gonzalez
2017-11-15 04:23:00,361 [main] INFO com.test.automation.UIAutomation.uiActions.RequirementDetailsPage - vms:Claudia Castro
2017-11-15 04:23:00,390 [main] INFO com.test.automation.UIAutomation.uiActions.RequirementDetailsPage - vms:Elizabeth ODonnell
2017-11-15 04:23:00,420 [main] INFO com.test.automation.UIAutomation.uiActions.RequirementDetailsPage - vms:Madelyn Atlas
2017-11-15 04:23:00,451 [main] INFO com.test.automation.UIAutomation.uiActions.RequirementDetailsPage - vms:Maria Gomez
2017-11-15 04:23:00,480 [main] INFO com.test.automation.UIAutomation.uiActions.RequirementDetailsPage - vms:Mark Polyak
2017-11-15 04:23:00,515 [main] INFO com.test.automation.UIAutomation.uiActions.RequirementDetailsPage - vms:_ Alexander Gonzalez__
2017-11-15 04:23:00,543 [main] INFO com.test.automation.UIAutomation.uiActions.RequirementDetailsPage - vms:_____BARRY MITTELMMANN__ E-mail bmittelmann@dsny.nyc.gov Phone No.
2017-11-15 04:23:00,575 [main] INFO com.test.automation.UIAutomation.uiActions.RequirementDetailsPage - vms:___John K. Bernabe
2017-11-15 04:23:00,603 [main] INFO com.test.automation.UIAutomation.uiActions.RequirementDetailsPage - vms:___John K. Bernabe_______
2017-11-15 04:23:00,632 [main] INFO com.test.automation.UIAutomation.uiActions.RequirementDetailsPage - vms:___Morvette Merchant
2017-11-15 04:23:00,660 [main] INFO com.test.automation.UIAutomation.uiActions.RequirementDetailsPage - vms:___Stephen Stamo____________
2017-11-15 04:23:00,689 [main] INFO com.test.automation.UIAutomation.uiActions.RequirementDetailsPage - vms:_Alexander Gonzalez__
2017-11-15 04:23:00,719 [main] INFO com.test.automation.UIAutomation.uiActions.RequirementDetailsPage - vms:_Angie Adams___________
2017-11-15 04:23:00,751 [main] INFO com.test.automation.UIAutomation.uiActions.RequirementDetailsPage - vms:_Douglas Tiburcio_
2017-11-15 04:23:00,781 [main] INFO com.test.automation.UIAutomation.uiActions.RequirementDetailsPage - vms:_Michelle Miao________
2017-11-15 04:23:00,817 [main] INFO com.test.automation.UIAutomation.uiActions.RequirementDetailsPage - vms:_Michelle Miao_________
2017-11-15 04:23:00,846 [main] INFO com.test.automation.UIAutomation.uiActions.RequirementDetailsPage - vms:Alex Linetskiy Alternate
2017-11-15 04:23:00,877 [main] INFO com.test.automation.UIAutomation.uiActions.RequirementDetailsPage - vms:Alexander Gonzalez E-mail
2017-11-15 04:23:00,911 [main] INFO com.test.automation.UIAutomation.uiActions.RequirementDetailsPage - vms:Alexander Gonzalez
2017-11-15 04:23:00,945 [main] INFO com.test.automation.UIAutomation.uiActions.RequirementDetailsPage - vms:Alexander Gonzalez E-mail
2017-11-15 04:23:00,985 [main] INFO com.test.automation.UIAutomation.uiActions.RequirementDetailsPage - vms:ALTHEA SAMUELS
2017-11-15 04:23:01,015 [main] INFO com.test.automation.UIAutomation.uiActions.RequirementDetailsPage - vms:Amanda Lawrence
2017-11-15 04:23:01,044 [main] INFO com.test.automation.UIAutomation.uiActions.RequirementDetailsPage - vms:Angelique Zayas
2017-11-15 04:23:01,073 [main] INFO com.test.automation.UIAutomation.uiActions.RequirementDetailsPage - vms:Angie Adams
2017-11-15 04:23:01,102 [main] INFO com.test.automation.UIAutomation.uiActions.RequirementDetailsPage - vms:Anthony Ilesamni
2017-11-15 04:23:01,132 [main] INFO com.test.automation.UIAutomation.uiActions.RequirementDetailsPage - vms:Anthony Ilesamni E-mail
2017-11-15 04:23:01,164 [main] INFO com.test.automation.UIAutomation.uiActions.RequirementDetailsPage - vms:Anthony Ilesanmi
2017-11-15 04:23:01,193 [main] INFO com.test.automation.UIAutomation.uiActions.RequirementDetailsPage - vms:Anthony Ilesanmi
2017-11-15 04:23:01,221 [main] INFO com.test.automation.UIAutomation.uiActions.RequirementDetailsPage - vms:Anthony Ilesanmi E-mail
2017-11-15 04:23:01,251 [main] INFO com.test.automation.UIAutomation.uiActions.RequirementDetailsPage - vms:Barbara Markowitz, ACCO
2017-11-15 04:23:01,279 [main] INFO com.test.automation.UIAutomation.uiActions.RequirementDetailsPage - vms:BARRY MITTELMANN
2017-11-15 04:23:01,308 [main] INFO com.test.automation.UIAutomation.uiActions.RequirementDetailsPage - vms:BARRY MITTELMANN bmittelmann@dsny.nyc.gov Phone No.
2017-11-15 04:23:01,341 [main] INFO com.test.automation.UIAutomation.uiActions.RequirementDetailsPage - vms:BARRY MITTELMANN
2017-11-15 04:23:01,370 [main] INFO com.test.automation.UIAutomation.uiActions.RequirementDetailsPage - vms:bmittelmann@dsny.nyc.gov Phone No.
2017-11-15 04:23:01,399 [main] INFO com.test.automation.UIAutomation.uiActions.RequirementDetailsPage - vms:Brad McGrath
2017-11-15 04:23:01,429 [main] INFO com.test.automation.UIAutomation.uiActions.RequirementDetailsPage - vms:Camella Fairweather
2017-11-15 04:23:01,459 [main] INFO com.test.automation.UIAutomation.uiActions.RequirementDetailsPage - vms:Camella Fairweather
2017-11-15 04:23:01,490 [main] INFO com.test.automation.UIAutomation.uiActions.RequirementDetailsPage - vms:Cassandra Stevens
2017-11-15 04:23:01,519 [main] INFO com.test.automation.UIAutomation.uiActions.RequirementDetailsPage - vms:Chuma Uwechia
2017-11-15 04:23:01,549 [main] INFO com.test.automation.UIAutomation.uiActions.RequirementDetailsPage - vms:Chuma Uwechia_______
2017-11-15 04:23:01,579 [main] INFO com.test.automation.UIAutomation.uiActions.RequirementDetailsPage - vms:Claudia Castro
2017-11-15 04:23:01,608 [main] INFO com.test.automation.UIAutomation.uiActions.RequirementDetailsPage - vms:Dana Cantelmi
2017-11-15 04:23:01,637 [main] INFO com.test.automation.UIAutomation.uiActions.RequirementDetailsPage - vms:Daphne Harris
2017-11-15 04:23:01,676 [main] INFO com.test.automation.UIAutomation.uiActions.RequirementDetailsPage - vms:Dawn Fitzpatrick
2017-11-15 04:23:01,708 [main] INFO com.test.automation.UIAutomation.uiActions.RequirementDetailsPage - vms:Dinoska Linares
2017-11-15 04:23:01,738 [main] INFO com.test.automation.UIAutomation.uiActions.RequirementDetailsPage - vms:Doreen Allan
2017-11-15 04:23:01,769 [main] INFO com.test.automation.UIAutomation.uiActions.RequirementDetailsPage - vms:Douglas Tiburcio
2017-11-15 04:23:01,801 [main] INFO com.test.automation.UIAutomation.uiActions.RequirementDetailsPage - vms:Douglas Tiburcio
2017-11-15 04:23:01,832 [main] INFO com.test.automation.UIAutomation.uiActions.RequirementDetailsPage - vms:Edward Woda
2017-11-15 04:23:01,863 [main] INFO com.test.automation.UIAutomation.uiActions.RequirementDetailsPage - vms:Gino Gioia
2017-11-15 04:23:01,893 [main] INFO com.test.automation.UIAutomation.uiActions.RequirementDetailsPage - vms:Hazel Harber Phone
2017-11-15 04:23:01,924 [main] INFO com.test.automation.UIAutomation.uiActions.RequirementDetailsPage - vms:Jean Kirk
2017-11-15 04:23:01,958 [main] INFO com.test.automation.UIAutomation.uiActions.RequirementDetailsPage - vms:Jean Kirk & Gino Gioia
2017-11-15 04:23:01,992 [main] INFO com.test.automation.UIAutomation.uiActions.RequirementDetailsPage - vms:Jeff Clark Email
2017-11-15 04:23:02,027 [main] INFO com.test.automation.UIAutomation.uiActions.RequirementDetailsPage - vms:Jeffrey Clark
2017-11-15 04:23:02,066 [main] INFO com.test.automation.UIAutomation.uiActions.RequirementDetailsPage - vms:Jeffrey Clark Email
2017-11-15 04:23:02,098 [main] INFO com.test.automation.UIAutomation.uiActions.RequirementDetailsPage - vms:Jerry Augustin
2017-11-15 04:23:02,127 [main] INFO com.test.automation.UIAutomation.uiActions.RequirementDetailsPage - vms:John K. Bernabe
2017-11-15 04:23:02,155 [main] INFO com.test.automation.UIAutomation.uiActions.RequirementDetailsPage - vms:John K. Bernabe
2017-11-15 04:23:02,186 [main] INFO com.test.automation.UIAutomation.uiActions.RequirementDetailsPage - vms:Joyce Heller
2017-11-15 04:23:02,214 [main] INFO com.test.automation.UIAutomation.uiActions.RequirementDetailsPage - vms:Ken OBrien
2017-11-15 04:23:02,243 [main] INFO com.test.automation.UIAutomation.uiActions.RequirementDetailsPage - vms:Lenore OKeefe
2017-11-15 04:23:02,270 [main] INFO com.test.automation.UIAutomation.uiActions.RequirementDetailsPage - vms:Lorna Mondesir
2017-11-15 04:23:02,298 [main] INFO com.test.automation.UIAutomation.uiActions.RequirementDetailsPage - vms:Madelyn Atlas
2017-11-15 04:23:02,326 [main] INFO com.test.automation.UIAutomation.uiActions.RequirementDetailsPage - vms:Maria Gomez
2017-11-15 04:23:02,353 [main] INFO com.test.automation.UIAutomation.uiActions.RequirementDetailsPage - vms:Maria Gomez
2017-11-15 04:23:02,382 [main] INFO com.test.automation.UIAutomation.uiActions.RequirementDetailsPage - vms:Mark Polyak
2017-11-15 04:23:02,410 [main] INFO com.test.automation.UIAutomation.uiActions.RequirementDetailsPage - vms:Mark Polyak
2017-11-15 04:23:02,441 [main] INFO com.test.automation.UIAutomation.uiActions.RequirementDetailsPage - vms:Mary Keating, Contracting Officer
2017-11-15 04:23:02,469 [main] INFO com.test.automation.UIAutomation.uiActions.RequirementDetailsPage - vms:Mary Keating,Contracting Officer
2017-11-15 04:23:02,498 [main] INFO com.test.automation.UIAutomation.uiActions.RequirementDetailsPage - vms:Michael Owen
2017-11-15 04:23:02,528 [main] INFO com.test.automation.UIAutomation.uiActions.RequirementDetailsPage - vms:Michael Wright
2017-11-15 04:23:02,556 [main] INFO com.test.automation.UIAutomation.uiActions.RequirementDetailsPage - vms:Morvette Merchant
2017-11-15 04:23:02,584 [main] INFO com.test.automation.UIAutomation.uiActions.RequirementDetailsPage - vms:Mr. Jean Blanc
2017-11-15 04:23:02,612 [main] INFO com.test.automation.UIAutomation.uiActions.RequirementDetailsPage - vms:Mr. Mark Polyak
2017-11-15 04:23:02,639 [main] INFO com.test.automation.UIAutomation.uiActions.RequirementDetailsPage - vms:Natasha Bartley
2017-11-15 04:23:02,668 [main] INFO com.test.automation.UIAutomation.uiActions.RequirementDetailsPage - vms:Natasha Bartley
2017-11-15 04:23:02,697 [main] INFO com.test.automation.UIAutomation.uiActions.RequirementDetailsPage - vms:Natasha Bartley
2017-11-15 04:23:02,726 [main] INFO com.test.automation.UIAutomation.uiActions.RequirementDetailsPage - vms:Nick Rozza
2017-11-15 04:23:02,755 [main] INFO com.test.automation.UIAutomation.uiActions.RequirementDetailsPage - vms:Ozgur Manuka
2017-11-15 04:23:02,791 [main] INFO com.test.automation.UIAutomation.uiActions.RequirementDetailsPage - vms:Pamela DiStefano
2017-11-15 04:23:02,820 [main] INFO com.test.automation.UIAutomation.uiActions.RequirementDetailsPage - vms:Pavel Rusinov
2017-11-15 04:23:02,848 [main] INFO com.test.automation.UIAutomation.uiActions.RequirementDetailsPage - vms:Rachel Pauley Phone
2017-11-15 04:23:02,879 [main] INFO com.test.automation.UIAutomation.uiActions.RequirementDetailsPage - vms:Raymond Vazquez
2017-11-15 04:23:02,909 [main] INFO com.test.automation.UIAutomation.uiActions.RequirementDetailsPage - vms:Renise Ferguson
2017-11-15 04:23:02,937 [main] INFO com.test.automation.UIAutomation.uiActions.RequirementDetailsPage - vms:Renise Ferguson
2017-11-15 04:23:02,965 [main] INFO com.test.automation.UIAutomation.uiActions.RequirementDetailsPage - vms:Roman Gofman E-mail
2017-11-15 04:23:02,993 [main] INFO com.test.automation.UIAutomation.uiActions.RequirementDetailsPage - vms:SUMBAL TARIQ stariq@dsny.nyc.gov Phone No.
2017-11-15 04:23:03,020 [main] INFO com.test.automation.UIAutomation.uiActions.RequirementDetailsPage - vms:Tia Pierce
2017-11-15 04:23:03,048 [main] INFO com.test.automation.UIAutomation.uiActions.RequirementDetailsPage - vms:Victor Emenanjor
2017-11-15 04:23:03,078 [main] INFO com.test.automation.UIAutomation.uiActions.RequirementDetailsPage - vms:Acevedo, Miriam
2017-11-15 04:23:03,111 [main] INFO com.test.automation.UIAutomation.uiActions.RequirementDetailsPage - vms:Ahmad Zeb
2017-11-15 04:23:03,139 [main] INFO com.test.automation.UIAutomation.uiActions.RequirementDetailsPage - vms:Ajay Bajwa
2017-11-15 04:23:03,168 [main] INFO com.test.automation.UIAutomation.uiActions.RequirementDetailsPage - vms:Albert Caracoly
2017-11-15 04:23:03,197 [main] INFO com.test.automation.UIAutomation.uiActions.RequirementDetailsPage - vms:Alex Linetskiy
2017-11-15 04:23:03,226 [main] INFO com.test.automation.UIAutomation.uiActions.RequirementDetailsPage - vms:Alexander Gonzalez
2017-11-15 04:23:03,254 [main] INFO com.test.automation.UIAutomation.uiActions.RequirementDetailsPage - vms:Allegra Diaz
2017-11-15 04:23:03,283 [main] INFO com.test.automation.UIAutomation.uiActions.RequirementDetailsPage - vms:Althea Samuels
2017-11-15 04:23:03,311 [main] INFO com.test.automation.UIAutomation.uiActions.RequirementDetailsPage - vms:Barry Mittelmann
2017-11-15 04:23:03,340 [main] INFO com.test.automation.UIAutomation.uiActions.RequirementDetailsPage - vms:Bhageerathi Mahadevan
2017-11-15 04:23:03,368 [main] INFO com.test.automation.UIAutomation.uiActions.RequirementDetailsPage - vms:Bhavna Mahadev
2017-11-15 04:23:03,402 [main] INFO com.test.automation.UIAutomation.uiActions.RequirementDetailsPage - vms:Brad McGrath
2017-11-15 04:23:03,431 [main] INFO com.test.automation.UIAutomation.uiActions.RequirementDetailsPage - vms:Brent Schimke
2017-11-15 04:23:03,459 [main] INFO com.test.automation.UIAutomation.uiActions.RequirementDetailsPage - vms:Brian Charkowick and Gary Kellman
2017-11-15 04:23:03,487 [main] INFO com.test.automation.UIAutomation.uiActions.RequirementDetailsPage - vms:Brian Genzmann
2017-11-15 04:23:03,516 [main] INFO com.test.automation.UIAutomation.uiActions.RequirementDetailsPage - vms:Carl Abraham
2017-11-15 04:23:03,545 [main] INFO com.test.automation.UIAutomation.uiActions.RequirementDetailsPage - vms:Carmen Rodriguez
2017-11-15 04:23:03,575 [main] INFO com.test.automation.UIAutomation.uiActions.RequirementDetailsPage - vms:Carolyn Olson
2017-11-15 04:23:03,607 [main] INFO com.test.automation.UIAutomation.uiActions.RequirementDetailsPage - vms:Cassandra Stevens
2017-11-15 04:23:03,634 [main] INFO com.test.automation.UIAutomation.uiActions.RequirementDetailsPage - vms:Chassidi Miner
2017-11-15 04:23:03,662 [main] INFO com.test.automation.UIAutomation.uiActions.RequirementDetailsPage - vms:Christopher ZIc
2017-11-15 04:23:03,695 [main] INFO com.test.automation.UIAutomation.uiActions.RequirementDetailsPage - vms:Cindy Chen
2017-11-15 04:23:03,724 [main] INFO com.test.automation.UIAutomation.uiActions.RequirementDetailsPage - vms:Cynthia La Greca
2017-11-15 04:23:03,753 [main] INFO com.test.automation.UIAutomation.uiActions.RequirementDetailsPage - vms:Dave Albro
2017-11-15 04:23:03,782 [main] INFO com.test.automation.UIAutomation.uiActions.RequirementDetailsPage - vms:Diaz, Allegra
2017-11-15 04:23:03,811 [main] INFO com.test.automation.UIAutomation.uiActions.RequirementDetailsPage - vms:Dimitrios Antonakis
2017-11-15 04:23:03,840 [main] INFO com.test.automation.UIAutomation.uiActions.RequirementDetailsPage - vms:Don Davis
2017-11-15 04:23:03,869 [main] INFO com.test.automation.UIAutomation.uiActions.RequirementDetailsPage - vms:Doron Pinchas
2017-11-15 04:23:03,899 [main] INFO com.test.automation.UIAutomation.uiActions.RequirementDetailsPage - vms:Douglas Tiburcio
2017-11-15 04:23:03,929 [main] INFO com.test.automation.UIAutomation.uiActions.RequirementDetailsPage - vms:Fiona Low
2017-11-15 04:23:03,957 [main] INFO com.test.automation.UIAutomation.uiActions.RequirementDetailsPage - vms:Firoz Shaikh
2017-11-15 04:23:03,987 [main] INFO com.test.automation.UIAutomation.uiActions.RequirementDetailsPage - vms:Gaitri Bissessar
2017-11-15 04:23:04,018 [main] INFO com.test.automation.UIAutomation.uiActions.RequirementDetailsPage - vms:Gino Gioia
2017-11-15 04:23:04,051 [main] INFO com.test.automation.UIAutomation.uiActions.RequirementDetailsPage - vms:Gratia Sajish
2017-11-15 04:23:04,080 [main] INFO com.test.automation.UIAutomation.uiActions.RequirementDetailsPage - vms:Hazel Harber
2017-11-15 04:23:04,110 [main] INFO com.test.automation.UIAutomation.uiActions.RequirementDetailsPage - vms:Ian Espanol
2017-11-15 04:23:04,141 [main] INFO com.test.automation.UIAutomation.uiActions.RequirementDetailsPage - vms:Ivy Pacheco
2017-11-15 04:23:04,171 [main] INFO com.test.automation.UIAutomation.uiActions.RequirementDetailsPage - vms:James Wu
2017-11-15 04:23:04,200 [main] INFO com.test.automation.UIAutomation.uiActions.RequirementDetailsPage - vms:Jean Blanc
2017-11-15 04:23:04,229 [main] INFO com.test.automation.UIAutomation.uiActions.RequirementDetailsPage - vms:Jean Kirk
2017-11-15 04:23:04,263 [main] INFO com.test.automation.UIAutomation.uiActions.RequirementDetailsPage - vms:Jeannette Chilcott
2017-11-15 04:23:04,297 [main] INFO com.test.automation.UIAutomation.uiActions.RequirementDetailsPage - vms:Jeff Grunwald
2017-11-15 04:23:04,328 [main] INFO com.test.automation.UIAutomation.uiActions.RequirementDetailsPage - vms:Jeffrey Clark
2017-11-15 04:23:04,367 [main] INFO com.test.automation.UIAutomation.uiActions.RequirementDetailsPage - vms:Joan Lipton
2017-11-15 04:23:04,395 [main] INFO com.test.automation.UIAutomation.uiActions.RequirementDetailsPage - vms:Joanna Weiss
2017-11-15 04:23:04,424 [main] INFO com.test.automation.UIAutomation.uiActions.RequirementDetailsPage - vms:Karen Allen
2017-11-15 04:23:04,452 [main] INFO com.test.automation.UIAutomation.uiActions.RequirementDetailsPage - vms:Karina Mendoza
2017-11-15 04:23:04,481 [main] INFO com.test.automation.UIAutomation.uiActions.RequirementDetailsPage - vms:Kevantae Idlett
2017-11-15 04:23:04,510 [main] INFO com.test.automation.UIAutomation.uiActions.RequirementDetailsPage - vms:Kimara Andre
2017-11-15 04:23:04,539 [main] INFO com.test.automation.UIAutomation.uiActions.RequirementDetailsPage - vms:Lindsay Senter
2017-11-15 04:23:04,568 [main] INFO com.test.automation.UIAutomation.uiActions.RequirementDetailsPage - vms:Maria Gomez
2017-11-15 04:23:04,598 [main] INFO com.test.automation.UIAutomation.uiActions.RequirementDetailsPage - vms:Mark Polyak
2017-11-15 04:23:04,627 [main] INFO com.test.automation.UIAutomation.uiActions.RequirementDetailsPage - vms:Mark Polyak
2017-11-15 04:23:04,656 [main] INFO com.test.automation.UIAutomation.uiActions.RequirementDetailsPage - vms:Martin Evans
2017-11-15 04:23:04,685 [main] INFO com.test.automation.UIAutomation.uiActions.RequirementDetailsPage - vms:Mary Keating
2017-11-15 04:23:04,714 [main] INFO com.test.automation.UIAutomation.uiActions.RequirementDetailsPage - vms:Mary Keating
2017-11-15 04:23:04,748 [main] INFO com.test.automation.UIAutomation.uiActions.RequirementDetailsPage - vms:Maurizio Mogavero
2017-11-15 04:23:04,778 [main] INFO com.test.automation.UIAutomation.uiActions.RequirementDetailsPage - vms:Mikulas Sikorjak III
2017-11-15 04:23:04,807 [main] INFO com.test.automation.UIAutomation.uiActions.RequirementDetailsPage - vms:Navi Grewal
2017-11-15 04:23:04,837 [main] INFO com.test.automation.UIAutomation.uiActions.RequirementDetailsPage - vms:Nicole Johnson
2017-11-15 04:23:04,865 [main] INFO com.test.automation.UIAutomation.uiActions.RequirementDetailsPage - vms:Nicole Stephens
2017-11-15 04:23:04,895 [main] INFO com.test.automation.UIAutomation.uiActions.RequirementDetailsPage - vms:Nisha Nair
2017-11-15 04:23:04,924 [main] INFO com.test.automation.UIAutomation.uiActions.RequirementDetailsPage - vms:Ozgur Manuka
2017-11-15 04:23:04,953 [main] INFO com.test.automation.UIAutomation.uiActions.RequirementDetailsPage - vms:Pamela DiStefano
2017-11-15 04:23:04,983 [main] INFO com.test.automation.UIAutomation.uiActions.RequirementDetailsPage - vms:Pamela DiStefano
2017-11-15 04:23:05,014 [main] INFO com.test.automation.UIAutomation.uiActions.RequirementDetailsPage - vms:Paul Cackler
2017-11-15 04:23:05,049 [main] INFO com.test.automation.UIAutomation.uiActions.RequirementDetailsPage - vms:Pavel Rusinov
2017-11-15 04:23:05,087 [main] INFO com.test.automation.UIAutomation.uiActions.RequirementDetailsPage - vms:Pavel Rusinov
2017-11-15 04:23:05,118 [main] INFO com.test.automation.UIAutomation.uiActions.RequirementDetailsPage - vms:Praveen Katepally
2017-11-15 04:23:05,148 [main] INFO com.test.automation.UIAutomation.uiActions.RequirementDetailsPage - vms:Puja Anand
2017-11-15 04:23:05,179 [main] INFO com.test.automation.UIAutomation.uiActions.RequirementDetailsPage - vms:Rachel Pauley
2017-11-15 04:23:05,209 [main] INFO com.test.automation.UIAutomation.uiActions.RequirementDetailsPage - vms:Raquel de los Reyes
2017-11-15 04:23:05,239 [main] INFO com.test.automation.UIAutomation.uiActions.RequirementDetailsPage - vms:Robert Levey
2017-11-15 04:23:05,269 [main] INFO com.test.automation.UIAutomation.uiActions.RequirementDetailsPage - vms:Ron Bauer
2017-11-15 04:23:05,298 [main] INFO com.test.automation.UIAutomation.uiActions.RequirementDetailsPage - vms:Sam Cheung
2017-11-15 04:23:05,328 [main] INFO com.test.automation.UIAutomation.uiActions.RequirementDetailsPage - vms:Santosh Muttin
2017-11-15 04:23:05,358 [main] INFO com.test.automation.UIAutomation.uiActions.RequirementDetailsPage - vms:Scott Liu
2017-11-15 04:23:05,387 [main] INFO com.test.automation.UIAutomation.uiActions.RequirementDetailsPage - vms:Scott Liu
2017-11-15 04:23:05,422 [main] INFO com.test.automation.UIAutomation.uiActions.RequirementDetailsPage - vms:Scott Liu / Xin Wei
2017-11-15 04:23:05,452 [main] INFO com.test.automation.UIAutomation.uiActions.RequirementDetailsPage - vms:Scott Webber
2017-11-15 04:23:05,481 [main] INFO com.test.automation.UIAutomation.uiActions.RequirementDetailsPage - vms:Senthilnathan Vedaiyan
2017-11-15 04:23:05,511 [main] INFO com.test.automation.UIAutomation.uiActions.RequirementDetailsPage - vms:Sezema J. Douglas
2017-11-15 04:23:05,541 [main] INFO com.test.automation.UIAutomation.uiActions.RequirementDetailsPage - vms:Sezema J. Douglas
2017-11-15 04:23:05,571 [main] INFO com.test.automation.UIAutomation.uiActions.RequirementDetailsPage - vms:Sonny Ly
2017-11-15 04:23:05,601 [main] INFO com.test.automation.UIAutomation.uiActions.RequirementDetailsPage - vms:Stacey Powell
2017-11-15 04:23:05,632 [main] INFO com.test.automation.UIAutomation.uiActions.RequirementDetailsPage - vms:Stacy Wu
2017-11-15 04:23:05,662 [main] INFO com.test.automation.UIAutomation.uiActions.RequirementDetailsPage - vms:Sudhir Tauro
2017-11-15 04:23:05,692 [main] INFO com.test.automation.UIAutomation.uiActions.RequirementDetailsPage - vms:Suzanne Horton
2017-11-15 04:23:05,727 [main] INFO com.test.automation.UIAutomation.uiActions.RequirementDetailsPage - vms:Tawfik, Amani (HPD)
2017-11-15 04:23:05,757 [main] INFO com.test.automation.UIAutomation.uiActions.RequirementDetailsPage - vms:Terriann Bianchino
2017-11-15 04:23:05,788 [main] INFO com.test.automation.UIAutomation.uiActions.RequirementDetailsPage - vms:Toufik Zigha
2017-11-15 04:23:05,817 [main] INFO com.test.automation.UIAutomation.uiActions.RequirementDetailsPage - vms:Valerie Swanson
2017-11-15 04:23:05,847 [main] INFO com.test.automation.UIAutomation.uiActions.RequirementDetailsPage - vms:Victoria Pisarevskiy
2017-11-15 04:23:05,877 [main] INFO com.test.automation.UIAutomation.uiActions.RequirementDetailsPage - vms:Vidhya Shanmugam
2017-11-15 04:23:05,907 [main] INFO com.test.automation.UIAutomation.uiActions.RequirementDetailsPage - vms:VIk
2017-11-15 04:23:05,937 [main] INFO com.test.automation.UIAutomation.uiActions.RequirementDetailsPage - vms:Vikram Saireddy
2017-11-15 04:23:05,967 [main] INFO com.test.automation.UIAutomation.uiActions.RequirementDetailsPage - vms:Yolanda Spence
2017-11-15 04:23:06,024 [main] INFO com.test.automation.UIAutomation.uiActions.RequirementDetailsPage - cleared in textbox
2017-11-15 04:23:06,358 [main] INFO com.test.automation.UIAutomation.uiActions.RequirementDetailsPage - Entered JobDescription in textbox
2017-11-15 04:23:06,360 [main] INFO com.test.automation.UIAutomation.uiActions.RequirementDetailsPage - Return to main frame
2017-11-15 04:23:06,665 [main] INFO com.test.automation.UIAutomation.uiActions.RequirementDetailsPage - Entered MandatorySkill1 in textbox
2017-11-15 04:23:06,906 [main] INFO com.test.automation.UIAutomation.uiActions.RequirementDetailsPage - Entered MandatorySkill2 in textbox
2017-11-15 04:23:07,078 [main] INFO com.test.automation.UIAutomation.uiActions.RequirementDetailsPage - Entered MandatorySkill3 in textbox
2017-11-15 04:23:07,374 [main] INFO com.test.automation.UIAutomation.uiActions.RequirementDetailsPage - Entered MandatorySkill4 in textbox
2017-11-15 04:23:07,694 [main] INFO com.test.automation.UIAutomation.uiActions.RequirementDetailsPage - Entered SubjectLine in textbox
2017-11-15 04:23:07,694 [main] INFO com.test.automation.UIAutomation.uiActions.RequirementDetailsPage - fillAllRequirementInformation() 
2017-11-15 04:23:07,716 [main] INFO com.test.automation.UIAutomation.config.ElementLoad - [[[ChromeDriver: chrome on XP (397b2408e8f7a22091f30c44f538caae)] -> xpath: .//*[@id='requirementform']/div[3]/div[4]/div/ul/li], [[ChromeDriver: chrome on XP (397b2408e8f7a22091f30c44f538caae)] -> xpath: .//*[@id='requirementform']/div[3]/div[4]/div/ul/li], [[ChromeDriver: chrome on XP (397b2408e8f7a22091f30c44f538caae)] -> xpath: .//*[@id='requirementform']/div[3]/div[4]/div/ul/li], [[ChromeDriver: chrome on XP (397b2408e8f7a22091f30c44f538caae)] -> xpath: .//*[@id='requirementform']/div[3]/div[4]/div/ul/li], [[ChromeDriver: chrome on XP (397b2408e8f7a22091f30c44f538caae)] -> xpath: .//*[@id='requirementform']/div[3]/div[4]/div/ul/li]]
2017-11-15 04:23:07,727 [main] INFO com.test.automation.UIAutomation.config.ElementLoad - [[[ChromeDriver: chrome on XP (397b2408e8f7a22091f30c44f538caae)] -> xpath: .//*[@id='requirementform']/div[3]/div[4]/div/ul/li], [[ChromeDriver: chrome on XP (397b2408e8f7a22091f30c44f538caae)] -> xpath: .//*[@id='requirementform']/div[3]/div[4]/div/ul/li], [[ChromeDriver: chrome on XP (397b2408e8f7a22091f30c44f538caae)] -> xpath: .//*[@id='requirementform']/div[3]/div[4]/div/ul/li], [[ChromeDriver: chrome on XP (397b2408e8f7a22091f30c44f538caae)] -> xpath: .//*[@id='requirementform']/div[3]/div[4]/div/ul/li], [[ChromeDriver: chrome on XP (397b2408e8f7a22091f30c44f538caae)] -> xpath: .//*[@id='requirementform']/div[3]/div[4]/div/ul/li]]
2017-11-15 04:23:07,749 [main] INFO com.test.automation.UIAutomation.uiActions.RequirementDetailsPage - tabTitle:Other Location
2017-11-15 04:23:07,766 [main] INFO com.test.automation.UIAutomation.config.ElementLoad - [[[ChromeDriver: chrome on XP (397b2408e8f7a22091f30c44f538caae)] -> xpath: .//*[@id='requirementform']/div[3]/div[4]/div/ul/li], [[ChromeDriver: chrome on XP (397b2408e8f7a22091f30c44f538caae)] -> xpath: .//*[@id='requirementform']/div[3]/div[4]/div/ul/li], [[ChromeDriver: chrome on XP (397b2408e8f7a22091f30c44f538caae)] -> xpath: .//*[@id='requirementform']/div[3]/div[4]/div/ul/li], [[ChromeDriver: chrome on XP (397b2408e8f7a22091f30c44f538caae)] -> xpath: .//*[@id='requirementform']/div[3]/div[4]/div/ul/li], [[ChromeDriver: chrome on XP (397b2408e8f7a22091f30c44f538caae)] -> xpath: .//*[@id='requirementform']/div[3]/div[4]/div/ul/li]]
2017-11-15 04:23:07,805 [main] INFO com.test.automation.UIAutomation.config.ElementLoad - [[[ChromeDriver: chrome on XP (397b2408e8f7a22091f30c44f538caae)] -> xpath: .//*[@id='requirementform']/div[3]/div[4]/div/ul/li], [[ChromeDriver: chrome on XP (397b2408e8f7a22091f30c44f538caae)] -> xpath: .//*[@id='requirementform']/div[3]/div[4]/div/ul/li], [[ChromeDriver: chrome on XP (397b2408e8f7a22091f30c44f538caae)] -> xpath: .//*[@id='requirementform']/div[3]/div[4]/div/ul/li], [[ChromeDriver: chrome on XP (397b2408e8f7a22091f30c44f538caae)] -> xpath: .//*[@id='requirementform']/div[3]/div[4]/div/ul/li], [[ChromeDriver: chrome on XP (397b2408e8f7a22091f30c44f538caae)] -> xpath: .//*[@id='requirementform']/div[3]/div[4]/div/ul/li]]
2017-11-15 04:23:07,831 [main] INFO com.test.automation.UIAutomation.config.ElementLoad - [[[ChromeDriver: chrome on XP (397b2408e8f7a22091f30c44f538caae)] -> xpath: .//*[@id='requirementform']/div[3]/div[4]/div/ul/li], [[ChromeDriver: chrome on XP (397b2408e8f7a22091f30c44f538caae)] -> xpath: .//*[@id='requirementform']/div[3]/div[4]/div/ul/li], [[ChromeDriver: chrome on XP (397b2408e8f7a22091f30c44f538caae)] -> xpath: .//*[@id='requirementform']/div[3]/div[4]/div/ul/li], [[ChromeDriver: chrome on XP (397b2408e8f7a22091f30c44f538caae)] -> xpath: .//*[@id='requirementform']/div[3]/div[4]/div/ul/li], [[ChromeDriver: chrome on XP (397b2408e8f7a22091f30c44f538caae)] -> xpath: .//*[@id='requirementform']/div[3]/div[4]/div/ul/li]]
2017-11-15 04:23:07,854 [main] INFO com.test.automation.UIAutomation.uiActions.RequirementDetailsPage - tabTitle:Marketing Notes
2017-11-15 04:23:07,865 [main] INFO com.test.automation.UIAutomation.config.ElementLoad - [[[ChromeDriver: chrome on XP (397b2408e8f7a22091f30c44f538caae)] -> xpath: .//*[@id='requirementform']/div[3]/div[4]/div/ul/li], [[ChromeDriver: chrome on XP (397b2408e8f7a22091f30c44f538caae)] -> xpath: .//*[@id='requirementform']/div[3]/div[4]/div/ul/li], [[ChromeDriver: chrome on XP (397b2408e8f7a22091f30c44f538caae)] -> xpath: .//*[@id='requirementform']/div[3]/div[4]/div/ul/li], [[ChromeDriver: chrome on XP (397b2408e8f7a22091f30c44f538caae)] -> xpath: .//*[@id='requirementform']/div[3]/div[4]/div/ul/li], [[ChromeDriver: chrome on XP (397b2408e8f7a22091f30c44f538caae)] -> xpath: .//*[@id='requirementform']/div[3]/div[4]/div/ul/li]]
2017-11-15 04:23:07,883 [main] INFO com.test.automation.UIAutomation.config.ElementLoad - [[[ChromeDriver: chrome on XP (397b2408e8f7a22091f30c44f538caae)] -> xpath: .//*[@id='requirementform']/div[3]/div[4]/div/ul/li], [[ChromeDriver: chrome on XP (397b2408e8f7a22091f30c44f538caae)] -> xpath: .//*[@id='requirementform']/div[3]/div[4]/div/ul/li], [[ChromeDriver: chrome on XP (397b2408e8f7a22091f30c44f538caae)] -> xpath: .//*[@id='requirementform']/div[3]/div[4]/div/ul/li], [[ChromeDriver: chrome on XP (397b2408e8f7a22091f30c44f538caae)] -> xpath: .//*[@id='requirementform']/div[3]/div[4]/div/ul/li], [[ChromeDriver: chrome on XP (397b2408e8f7a22091f30c44f538caae)] -> xpath: .//*[@id='requirementform']/div[3]/div[4]/div/ul/li]]
2017-11-15 04:23:07,898 [main] INFO com.test.automation.UIAutomation.config.ElementLoad - [[[ChromeDriver: chrome on XP (397b2408e8f7a22091f30c44f538caae)] -> xpath: .//*[@id='requirementform']/div[3]/div[4]/div/ul/li], [[ChromeDriver: chrome on XP (397b2408e8f7a22091f30c44f538caae)] -> xpath: .//*[@id='requirementform']/div[3]/div[4]/div/ul/li], [[ChromeDriver: chrome on XP (397b2408e8f7a22091f30c44f538caae)] -> xpath: .//*[@id='requirementform']/div[3]/div[4]/div/ul/li], [[ChromeDriver: chrome on XP (397b2408e8f7a22091f30c44f538caae)] -> xpath: .//*[@id='requirementform']/div[3]/div[4]/div/ul/li], [[ChromeDriver: chrome on XP (397b2408e8f7a22091f30c44f538caae)] -> xpath: .//*[@id='requirementform']/div[3]/div[4]/div/ul/li]]
2017-11-15 04:23:07,918 [main] INFO com.test.automation.UIAutomation.uiActions.RequirementDetailsPage - tabTitle:Actual Requirement
2017-11-15 04:23:07,929 [main] INFO com.test.automation.UIAutomation.config.ElementLoad - [[[ChromeDriver: chrome on XP (397b2408e8f7a22091f30c44f538caae)] -> xpath: .//*[@id='requirementform']/div[3]/div[4]/div/ul/li], [[ChromeDriver: chrome on XP (397b2408e8f7a22091f30c44f538caae)] -> xpath: .//*[@id='requirementform']/div[3]/div[4]/div/ul/li], [[ChromeDriver: chrome on XP (397b2408e8f7a22091f30c44f538caae)] -> xpath: .//*[@id='requirementform']/div[3]/div[4]/div/ul/li], [[ChromeDriver: chrome on XP (397b2408e8f7a22091f30c44f538caae)] -> xpath: .//*[@id='requirementform']/div[3]/div[4]/div/ul/li], [[ChromeDriver: chrome on XP (397b2408e8f7a22091f30c44f538caae)] -> xpath: .//*[@id='requirementform']/div[3]/div[4]/div/ul/li]]
2017-11-15 04:23:07,948 [main] INFO com.test.automation.UIAutomation.config.ElementLoad - [[[ChromeDriver: chrome on XP (397b2408e8f7a22091f30c44f538caae)] -> xpath: .//*[@id='requirementform']/div[3]/div[4]/div/ul/li], [[ChromeDriver: chrome on XP (397b2408e8f7a22091f30c44f538caae)] -> xpath: .//*[@id='requirementform']/div[3]/div[4]/div/ul/li], [[ChromeDriver: chrome on XP (397b2408e8f7a22091f30c44f538caae)] -> xpath: .//*[@id='requirementform']/div[3]/div[4]/div/ul/li], [[ChromeDriver: chrome on XP (397b2408e8f7a22091f30c44f538caae)] -> xpath: .//*[@id='requirementform']/div[3]/div[4]/div/ul/li], [[ChromeDriver: chrome on XP (397b2408e8f7a22091f30c44f538caae)] -> xpath: .//*[@id='requirementform']/div[3]/div[4]/div/ul/li]]
2017-11-15 04:23:07,960 [main] INFO com.test.automation.UIAutomation.config.ElementLoad - [[[ChromeDriver: chrome on XP (397b2408e8f7a22091f30c44f538caae)] -> xpath: .//*[@id='requirementform']/div[3]/div[4]/div/ul/li], [[ChromeDriver: chrome on XP (397b2408e8f7a22091f30c44f538caae)] -> xpath: .//*[@id='requirementform']/div[3]/div[4]/div/ul/li], [[ChromeDriver: chrome on XP (397b2408e8f7a22091f30c44f538caae)] -> xpath: .//*[@id='requirementform']/div[3]/div[4]/div/ul/li], [[ChromeDriver: chrome on XP (397b2408e8f7a22091f30c44f538caae)] -> xpath: .//*[@id='requirementform']/div[3]/div[4]/div/ul/li], [[ChromeDriver: chrome on XP (397b2408e8f7a22091f30c44f538caae)] -> xpath: .//*[@id='requirementform']/div[3]/div[4]/div/ul/li]]
2017-11-15 04:23:07,980 [main] INFO com.test.automation.UIAutomation.uiActions.RequirementDetailsPage - tabTitle:Additional Info
2017-11-15 04:23:07,990 [main] INFO com.test.automation.UIAutomation.config.ElementLoad - [[[ChromeDriver: chrome on XP (397b2408e8f7a22091f30c44f538caae)] -> xpath: .//*[@id='requirementform']/div[3]/div[4]/div/ul/li], [[ChromeDriver: chrome on XP (397b2408e8f7a22091f30c44f538caae)] -> xpath: .//*[@id='requirementform']/div[3]/div[4]/div/ul/li], [[ChromeDriver: chrome on XP (397b2408e8f7a22091f30c44f538caae)] -> xpath: .//*[@id='requirementform']/div[3]/div[4]/div/ul/li], [[ChromeDriver: chrome on XP (397b2408e8f7a22091f30c44f538caae)] -> xpath: .//*[@id='requirementform']/div[3]/div[4]/div/ul/li], [[ChromeDriver: chrome on XP (397b2408e8f7a22091f30c44f538caae)] -> xpath: .//*[@id='requirementform']/div[3]/div[4]/div/ul/li]]
2017-11-15 04:23:08,009 [main] INFO com.test.automation.UIAutomation.config.ElementLoad - [[[ChromeDriver: chrome on XP (397b2408e8f7a22091f30c44f538caae)] -> xpath: .//*[@id='requirementform']/div[3]/div[4]/div/ul/li], [[ChromeDriver: chrome on XP (397b2408e8f7a22091f30c44f538caae)] -> xpath: .//*[@id='requirementform']/div[3]/div[4]/div/ul/li], [[ChromeDriver: chrome on XP (397b2408e8f7a22091f30c44f538caae)] -> xpath: .//*[@id='requirementform']/div[3]/div[4]/div/ul/li], [[ChromeDriver: chrome on XP (397b2408e8f7a22091f30c44f538caae)] -> xpath: .//*[@id='requirementform']/div[3]/div[4]/div/ul/li], [[ChromeDriver: chrome on XP (397b2408e8f7a22091f30c44f538caae)] -> xpath: .//*[@id='requirementform']/div[3]/div[4]/div/ul/li]]
2017-11-15 04:23:13,170 [main] INFO com.test.automation.UIAutomation.uiActions.HomePage - colors:color
2017-11-15 04:23:13,171 [main] INFO com.test.automation.UIAutomation.uiActions.HomePage - color not found
2017-11-15 04:23:13,171 [main] INFO com.test.automation.UIAutomation.uiActions.HomePage - colors: rgb(232, 69, 181);
2017-11-15 04:23:13,171 [main] INFO com.test.automation.UIAutomation.uiActions.HomePage - pink color
2017-11-15 04:23:13,173 [main] INFO com.test.automation.UIAutomation.uiActions.HomePage - winHandleBefore: CDwindow-d162b064-9e49-4bf1-bdb8-a62b8538624d
2017-11-15 04:23:13,275 [main] INFO com.test.automation.UIAutomation.uiActions.HomePage - winHandle: CDwindow-d162b064-9e49-4bf1-bdb8-a62b8538624d
2017-11-15 04:23:13,293 [main] INFO com.test.automation.UIAutomation.uiActions.HomePage - winHandle: CDwindow-43c1e8b0-f95e-4dbe-8abd-c6d0afb897db
2017-11-15 04:23:13,305 [main] INFO com.test.automation.UIAutomation.uiActions.HomePage - winHandle: CDwindow-4c78c614-57f3-45d1-a156-1a22863fb6f5
2017-11-15 04:23:13,307 [main] INFO com.test.automation.UIAutomation.uiActions.HomePage -  currnt winHandle: CDwindow-4c78c614-57f3-45d1-a156-1a22863fb6f5
2017-11-15 04:23:14,749 [main] INFO com.test.automation.UIAutomation.uiActions.HomePage - Title:Requirement Details
2017-11-15 04:23:14,768 [main] INFO com.test.automation.UIAutomation.config.ElementLoad - [[[ChromeDriver: chrome on XP (397b2408e8f7a22091f30c44f538caae)] -> xpath: .//*[@id='requirementform']/div[3]/div[4]/div/ul/li], [[ChromeDriver: chrome on XP (397b2408e8f7a22091f30c44f538caae)] -> xpath: .//*[@id='requirementform']/div[3]/div[4]/div/ul/li], [[ChromeDriver: chrome on XP (397b2408e8f7a22091f30c44f538caae)] -> xpath: .//*[@id='requirementform']/div[3]/div[4]/div/ul/li], [[ChromeDriver: chrome on XP (397b2408e8f7a22091f30c44f538caae)] -> xpath: .//*[@id='requirementform']/div[3]/div[4]/div/ul/li], [[ChromeDriver: chrome on XP (397b2408e8f7a22091f30c44f538caae)] -> xpath: .//*[@id='requirementform']/div[3]/div[4]/div/ul/li]]
2017-11-15 04:23:14,790 [main] INFO com.test.automation.UIAutomation.config.ElementLoad - [[[ChromeDriver: chrome on XP (397b2408e8f7a22091f30c44f538caae)] -> xpath: .//*[@id='requirementform']/div[3]/div[4]/div/ul/li], [[ChromeDriver: chrome on XP (397b2408e8f7a22091f30c44f538caae)] -> xpath: .//*[@id='requirementform']/div[3]/div[4]/div/ul/li], [[ChromeDriver: chrome on XP (397b2408e8f7a22091f30c44f538caae)] -> xpath: .//*[@id='requirementform']/div[3]/div[4]/div/ul/li], [[ChromeDriver: chrome on XP (397b2408e8f7a22091f30c44f538caae)] -> xpath: .//*[@id='requirementform']/div[3]/div[4]/div/ul/li], [[ChromeDriver: chrome on XP (397b2408e8f7a22091f30c44f538caae)] -> xpath: .//*[@id='requirementform']/div[3]/div[4]/div/ul/li]]
2017-11-15 04:23:14,818 [main] INFO com.test.automation.UIAutomation.uiActions.RequirementDetailsPage - tabTitle:Requirement Details
2017-11-15 04:23:14,831 [main] INFO com.test.automation.UIAutomation.config.ElementLoad - [[[ChromeDriver: chrome on XP (397b2408e8f7a22091f30c44f538caae)] -> xpath: .//*[@id='requirementform']/div[3]/div[4]/div/ul/li], [[ChromeDriver: chrome on XP (397b2408e8f7a22091f30c44f538caae)] -> xpath: .//*[@id='requirementform']/div[3]/div[4]/div/ul/li], [[ChromeDriver: chrome on XP (397b2408e8f7a22091f30c44f538caae)] -> xpath: .//*[@id='requirementform']/div[3]/div[4]/div/ul/li], [[ChromeDriver: chrome on XP (397b2408e8f7a22091f30c44f538caae)] -> xpath: .//*[@id='requirementform']/div[3]/div[4]/div/ul/li], [[ChromeDriver: chrome on XP (397b2408e8f7a22091f30c44f538caae)] -> xpath: .//*[@id='requirementform']/div[3]/div[4]/div/ul/li]]
2017-11-15 04:23:14,862 [main] INFO com.test.automation.UIAutomation.uiActions.RequirementDetailsPage - Web url: http://demo.sourcepros.com/Requirement/Details/46040
2017-11-15 04:23:14,879 [main] INFO com.test.automation.UIAutomation.config.ElementLoad - [[[ChromeDriver: chrome on XP (397b2408e8f7a22091f30c44f538caae)] -> xpath: .//*[@id='requirementform']/div[3]/div[4]/div/ul/li], [[ChromeDriver: chrome on XP (397b2408e8f7a22091f30c44f538caae)] -> xpath: .//*[@id='requirementform']/div[3]/div[4]/div/ul/li], [[ChromeDriver: chrome on XP (397b2408e8f7a22091f30c44f538caae)] -> xpath: .//*[@id='requirementform']/div[3]/div[4]/div/ul/li], [[ChromeDriver: chrome on XP (397b2408e8f7a22091f30c44f538caae)] -> xpath: .//*[@id='requirementform']/div[3]/div[4]/div/ul/li], [[ChromeDriver: chrome on XP (397b2408e8f7a22091f30c44f538caae)] -> xpath: .//*[@id='requirementform']/div[3]/div[4]/div/ul/li]]
2017-11-15 04:23:15,373 [main] INFO com.test.automation.UIAutomation.uiActions.RequirementDetailsPage - job code entered in textbox
2017-11-15 04:23:15,464 [main] INFO com.test.automation.UIAutomation.uiActions.RequirementDetailsPage - no such element: Unable to locate element: {"method":"xpath","selector":"//*[@id='tabReqDetails']/div/div[1]/div[2]/div[3]/div/a"}
  (Session info: chrome=61.0.3163.100)
  (Driver info: chromedriver=2.29.461591 (62ebf098771772160f391d75e589dc567915b233),platform=Windows NT 6.1.7601 SP1 x86_64) (WARNING: The server did not provide any stacktrace information)
Command duration or timeout: 0 milliseconds
For documentation on this error, please visit: http://seleniumhq.org/exceptions/no_such_element.html
Build info: version: '3.5.3', revision: 'a88d25fe6b', time: '2017-08-29T12:42:44.417Z'
System info: host: 'RIPLBRD50', ip: '192.168.1.169', os.name: 'Windows 7', os.arch: 'amd64', os.version: '6.1', java.version: '1.8.0_111'
Driver info: org.openqa.selenium.chrome.ChromeDriver
Capabilities [{applicationCacheEnabled=false, rotatable=false, mobileEmulationEnabled=false, networkConnectionEnabled=false, chrome={chromedriverVersion=2.29.461591 (62ebf098771772160f391d75e589dc567915b233), userDataDir=C:\Users\YOGESH~1\AppData\Local\Temp\scoped_dir5340_18218}, takesHeapSnapshot=true, pageLoadStrategy=normal, unhandledPromptBehavior=, databaseEnabled=false, handlesAlerts=true, hasTouchScreen=false, version=61.0.3163.100, platform=XP, browserConnectionEnabled=false, nativeEvents=true, acceptSslCerts=true, locationContextEnabled=true, webStorageEnabled=true, browserName=chrome, takesScreenshot=true, javascriptEnabled=true, platformName=XP, cssSelectorsEnabled=true, unexpectedAlertBehaviour=}]
Session ID: 397b2408e8f7a22091f30c44f538caae
*** Element info: {Using=xpath, value=//*[@id='tabReqDetails']/div/div[1]/div[2]/div[3]/div/a}
2017-11-15 04:23:15,693 [main] INFO com.test.automation.UIAutomation.uiActions.RequirementDetailsPage - Entered Addressline1 in textbox
2017-11-15 04:23:15,715 [main] INFO com.test.automation.UIAutomation.config.ElementLoad - no such element: Unable to locate element: {"method":"xpath","selector":"//select[@id='drpState']"}
  (Session info: chrome=61.0.3163.100)
  (Driver info: chromedriver=2.29.461591 (62ebf098771772160f391d75e589dc567915b233),platform=Windows NT 6.1.7601 SP1 x86_64) (WARNING: The server did not provide any stacktrace information)
Command duration or timeout: 0 milliseconds
For documentation on this error, please visit: http://seleniumhq.org/exceptions/no_such_element.html
Build info: version: '3.5.3', revision: 'a88d25fe6b', time: '2017-08-29T12:42:44.417Z'
System info: host: 'RIPLBRD50', ip: '192.168.1.169', os.name: 'Windows 7', os.arch: 'amd64', os.version: '6.1', java.version: '1.8.0_111'
Driver info: org.openqa.selenium.chrome.ChromeDriver
Capabilities [{applicationCacheEnabled=false, rotatable=false, mobileEmulationEnabled=false, networkConnectionEnabled=false, chrome={chromedriverVersion=2.29.461591 (62ebf098771772160f391d75e589dc567915b233), userDataDir=C:\Users\YOGESH~1\AppData\Local\Temp\scoped_dir5340_18218}, takesHeapSnapshot=true, pageLoadStrategy=normal, unhandledPromptBehavior=, databaseEnabled=false, handlesAlerts=true, hasTouchScreen=false, version=61.0.3163.100, platform=XP, browserConnectionEnabled=false, nativeEvents=true, acceptSslCerts=true, locationContextEnabled=true, webStorageEnabled=true, browserName=chrome, takesScreenshot=true, javascriptEnabled=true, platformName=XP, cssSelectorsEnabled=true, unexpectedAlertBehaviour=}]
Session ID: 397b2408e8f7a22091f30c44f538caae
*** Element info: {Using=xpath, value=//select[@id='drpState']}
2017-11-15 04:23:15,719 [main] INFO com.test.automation.UIAutomation.uiActions.RequirementDetailsPage - null
2017-11-15 04:23:15,753 [main] INFO com.test.automation.UIAutomation.config.ElementLoad - no such element: Unable to locate element: {"method":"xpath","selector":"//select[@id='drpsReqManager']"}
  (Session info: chrome=61.0.3163.100)
  (Driver info: chromedriver=2.29.461591 (62ebf098771772160f391d75e589dc567915b233),platform=Windows NT 6.1.7601 SP1 x86_64) (WARNING: The server did not provide any stacktrace information)
Command duration or timeout: 0 milliseconds
For documentation on this error, please visit: http://seleniumhq.org/exceptions/no_such_element.html
Build info: version: '3.5.3', revision: 'a88d25fe6b', time: '2017-08-29T12:42:44.417Z'
System info: host: 'RIPLBRD50', ip: '192.168.1.169', os.name: 'Windows 7', os.arch: 'amd64', os.version: '6.1', java.version: '1.8.0_111'
Driver info: org.openqa.selenium.chrome.ChromeDriver
Capabilities [{applicationCacheEnabled=false, rotatable=false, mobileEmulationEnabled=false, networkConnectionEnabled=false, chrome={chromedriverVersion=2.29.461591 (62ebf098771772160f391d75e589dc567915b233), userDataDir=C:\Users\YOGESH~1\AppData\Local\Temp\scoped_dir5340_18218}, takesHeapSnapshot=true, pageLoadStrategy=normal, unhandledPromptBehavior=, databaseEnabled=false, handlesAlerts=true, hasTouchScreen=false, version=61.0.3163.100, platform=XP, browserConnectionEnabled=false, nativeEvents=true, acceptSslCerts=true, locationContextEnabled=true, webStorageEnabled=true, browserName=chrome, takesScreenshot=true, javascriptEnabled=true, platformName=XP, cssSelectorsEnabled=true, unexpectedAlertBehaviour=}]
Session ID: 397b2408e8f7a22091f30c44f538caae
*** Element info: {Using=xpath, value=//select[@id='drpsReqManager']}
2017-11-15 04:23:15,754 [main] INFO com.test.automation.UIAutomation.uiActions.RequirementDetailsPage - null
2017-11-15 06:10:22,624 [main] INFO com.test.automation.UIAutomation.testBase.TestBase - chrome browser
2017-11-15 06:10:22,628 [main] INFO com.test.automation.UIAutomation.testBase.TestBase - creating object of chromeand URL of: http://demo.sourcepros.com/
2017-11-15 06:10:22,628 [main] INFO com.test.automation.UIAutomation.testBase.TestBase - open url succssfully
2017-11-15 06:10:22,629 [main] INFO com.test.automation.UIAutomation.testBase.TestBase - http://demo.sourcepros.com/
2017-11-15 06:10:22,635 [main] INFO com.test.automation.UIAutomation.testBase.TestBase - excel path:D:\Java_Project\UIAutomation\resources\excel\TestData.xlsx
2017-11-15 06:10:23,815 [TestNGInvoker-verifiyLoginWithDifferentRecords()] INFO com.test.automation.UIAutomation.tests.VerifiyLoginWithDifferentRecords - **********starting test**********
2017-11-15 06:10:23,820 [TestNGInvoker-verifiyLoginWithDifferentRecords()] INFO com.test.automation.UIAutomation.tests.VerifiyLoginWithDifferentRecords - try to login with username:yogeshsolanki@rangam.com and passwordrangam@123
2017-11-15 06:10:24,025 [TestNGInvoker-verifiyLoginWithDifferentRecords()] INFO com.test.automation.UIAutomation.uiActions.LoginPage - [[ChromeDriver: chrome on XP (848a79276a87d3075aadc704f7636f03)] -> xpath: //input[@id='UserName']]
2017-11-15 06:10:24,143 [TestNGInvoker-verifiyLoginWithDifferentRecords()] INFO com.test.automation.UIAutomation.uiActions.LoginPage - [[ChromeDriver: chrome on XP (848a79276a87d3075aadc704f7636f03)] -> xpath: //input[@id='Password']]
2017-11-15 06:10:24,549 [TestNGInvoker-verifiyLoginWithDifferentRecords()] INFO com.test.automation.UIAutomation.uiActions.LoginPage - jsb:SignIn button clicked[[ChromeDriver: chrome on XP (848a79276a87d3075aadc704f7636f03)] -> xpath: //input[@id='btnsubmit']]
2017-11-15 06:10:24,605 [TestNGInvoker-verifiyLoginWithDifferentRecords()] INFO com.test.automation.UIAutomation.uiActions.LoginPage - welcomestring:Proxy element for: DefaultElementLocator 'By.xpath: //*[@id='userProfile']/div[4]/a/span[1]'
2017-11-15 06:10:38,844 [TestNGInvoker-verifiyLoginWithDifferentRecords()] INFO com.test.automation.UIAutomation.tests.VerifiyLoginWithDifferentRecords - **********starting test**********
2017-11-15 06:10:38,844 [TestNGInvoker-verifiyLoginWithDifferentRecords()] INFO com.test.automation.UIAutomation.tests.VerifiyLoginWithDifferentRecords - try to login with username:xyz@rangam.com and passwordwtc@2017
2017-11-15 06:10:38,979 [TestNGInvoker-verifiyLoginWithDifferentRecords()] INFO com.test.automation.UIAutomation.uiActions.LoginPage - [[ChromeDriver: chrome on XP (848a79276a87d3075aadc704f7636f03)] -> xpath: //input[@id='UserName']]
2017-11-15 06:10:39,091 [TestNGInvoker-verifiyLoginWithDifferentRecords()] INFO com.test.automation.UIAutomation.uiActions.LoginPage - [[ChromeDriver: chrome on XP (848a79276a87d3075aadc704f7636f03)] -> xpath: //input[@id='Password']]
2017-11-15 06:10:39,491 [TestNGInvoker-verifiyLoginWithDifferentRecords()] INFO com.test.automation.UIAutomation.uiActions.LoginPage - jsb:SignIn button clicked[[ChromeDriver: chrome on XP (848a79276a87d3075aadc704f7636f03)] -> xpath: //input[@id='btnsubmit']]
2017-11-15 06:10:39,520 [TestNGInvoker-verifiyLoginWithDifferentRecords()] INFO com.test.automation.UIAutomation.uiActions.LoginPage - welcomestring:Proxy element for: DefaultElementLocator 'By.xpath: //*[@id='userProfile']/div[4]/a/span[1]'
2017-11-15 06:10:53,514 [TestNGInvoker-verifiyLoginWithDifferentRecords()] INFO com.test.automation.UIAutomation.tests.VerifiyLoginWithDifferentRecords - verifiyLoginWithDifferentRecords method skipped
2017-11-15 06:10:53,520 [TestNGInvoker-verifiyLoginWithDifferentRecords()] INFO com.test.automation.UIAutomation.tests.VerifiyLoginWithDifferentRecords - verifiyLoginWithDifferentRecords method skipped
2017-11-15 06:10:53,525 [TestNGInvoker-verifiyLoginWithDifferentRecords()] INFO com.test.automation.UIAutomation.tests.VerifiyLoginWithDifferentRecords - verifiyLoginWithDifferentRecords method skipped
2017-11-15 06:10:53,530 [TestNGInvoker-verifiyLoginWithDifferentRecords()] INFO com.test.automation.UIAutomation.tests.VerifiyLoginWithDifferentRecords - verifiyLoginWithDifferentRecords method skipped
2017-11-15 06:10:53,537 [TestNGInvoker-verifiyLoginWithDifferentRecords()] INFO com.test.automation.UIAutomation.tests.VerifiyLoginWithDifferentRecords - verifiyLoginWithDifferentRecords method skipped
2017-11-15 06:10:53,628 [main] INFO com.test.automation.UIAutomation.testBase.TestBase - **********AfterSuite Close Browser**********
2017-11-15 07:57:10,090 [main] INFO com.test.automation.UIAutomation.testBase.TestBase - chrome browser
2017-11-15 07:57:10,097 [main] INFO com.test.automation.UIAutomation.testBase.TestBase - creating object of chromeand URL of: http://demo.sourcepros.com/
2017-11-15 07:57:10,098 [main] INFO com.test.automation.UIAutomation.testBase.TestBase - open url succssfully
2017-11-15 07:57:10,098 [main] INFO com.test.automation.UIAutomation.testBase.TestBase - http://demo.sourcepros.com/
2017-11-15 07:57:10,107 [main] INFO com.test.automation.UIAutomation.testBase.TestBase - excel path:D:\Java_Project\UIAutomation\resources\excel\TestData.xlsx
2017-11-15 07:57:10,717 [TestNGInvoker-verifiyLoginWithDifferentRecords()] INFO com.test.automation.UIAutomation.tests.VerifiyLoginWithDifferentRecords - **********starting test**********
2017-11-15 07:57:10,720 [TestNGInvoker-verifiyLoginWithDifferentRecords()] INFO com.test.automation.UIAutomation.tests.VerifiyLoginWithDifferentRecords - try to login with username:yogeshsolanki@rangam.com and passwordrangam@123
2017-11-15 07:57:10,899 [TestNGInvoker-verifiyLoginWithDifferentRecords()] INFO com.test.automation.UIAutomation.uiActions.LoginPage - [[ChromeDriver: chrome on XP (6e2a07e27664216110891a003c3588c4)] -> xpath: //input[@id='UserName']]
2017-11-15 07:57:11,007 [TestNGInvoker-verifiyLoginWithDifferentRecords()] INFO com.test.automation.UIAutomation.uiActions.LoginPage - [[ChromeDriver: chrome on XP (6e2a07e27664216110891a003c3588c4)] -> xpath: //input[@id='Password']]
2017-11-15 07:57:11,282 [TestNGInvoker-verifiyLoginWithDifferentRecords()] INFO com.test.automation.UIAutomation.uiActions.LoginPage - jsb:SignIn button clicked[[ChromeDriver: chrome on XP (6e2a07e27664216110891a003c3588c4)] -> xpath: //input[@id='btnsubmit']]
2017-11-15 07:57:11,310 [TestNGInvoker-verifiyLoginWithDifferentRecords()] INFO com.test.automation.UIAutomation.uiActions.LoginPage - welcomestring:Proxy element for: DefaultElementLocator 'By.xpath: //*[@id='userProfile']/div[4]/a/span[1]'
2017-11-15 07:57:26,088 [main] INFO com.test.automation.UIAutomation.testBase.TestBase - D:\Java_Project\UIAutomation\Output\FAILURE_verifiyLoginWithDifferentRecords_15_11_2017_07_57_25.png
2017-11-15 07:57:26,137 [main] INFO com.test.automation.UIAutomation.testBase.TestBase - image pathD:\Java_Project\UIAutomation\Output\FAILURE_verifiyLoginWithDifferentRecords_15_11_2017_07_57_25.png
2017-11-15 07:57:26,138 [main] INFO com.test.automation.UIAutomation.testBase.TestBase - Take screenshot completed
2017-11-15 07:57:28,208 [main] INFO com.test.automation.UIAutomation.customListener.Listener - mail moniter method called
2017-11-15 07:57:28,211 [main] INFO com.test.automation.UIAutomation.testBase.TestBase - **********AfterSuite Close Browser**********
