<?xml version="1.0" encoding="UTF-8"?>
<!-- Generated by org.testng.reporters.JUnitXMLReporter -->
<testsuite hostname="RIPLBRD50" ignored="0" name="Test" tests="5" failures="0" timestamp="27 Nov 2017 10:25:24 GMT" time="807.894" errors="0">
  <testcase name="login" time="5.147" classname="com.test.automation.UIAutomation.tests.UpdateRegisterdetailsTest"/>
  <testcase name="login" time="0.001" classname="com.test.automation.UIAutomation.tests.UpdateRegisterdetailsTest">
    <skipped/>
  </testcase> <!-- login -->
  <testcase name="SelectHeader" time="5.177" classname="com.test.automation.UIAutomation.tests.UpdateRegisterdetailsTest"/>
  <testcase name="selectPriority" time="7.791" classname="com.test.automation.UIAutomation.tests.UpdateRegisterdetailsTest"/>
  <testcase name="selectColorByPriority" time="780.563" classname="com.test.automation.UIAutomation.tests.UpdateRegisterdetailsTest"/>
</testsuite> <!-- Test -->
