<?xml version="1.0" encoding="UTF-8"?>
<!-- Generated by org.testng.reporters.JUnitXMLReporter -->
<testsuite hostname="RIPLBRD50" ignored="0" name="Test" tests="5" failures="0" timestamp="25 Oct 2017 11:32:22 GMT" time="117.28" errors="0">
  <testcase name="login" time="0.002" classname="com.test.automation.UIAutomation.tests.UpdateRegisterdetailsTest">
    <skipped/>
  </testcase> <!-- login -->
  <testcase name="login" time="2.882" classname="com.test.automation.UIAutomation.tests.UpdateRegisterdetailsTest"/>
  <testcase name="SelectHeader" time="2.452" classname="com.test.automation.UIAutomation.tests.UpdateRegisterdetailsTest"/>
  <testcase name="selectPriority" time="2.376" classname="com.test.automation.UIAutomation.tests.UpdateRegisterdetailsTest"/>
  <testcase name="selectColorByPriority" time="102.886" classname="com.test.automation.UIAutomation.tests.UpdateRegisterdetailsTest"/>
</testsuite> <!-- Test -->
