<?xml version="1.0" encoding="UTF-8"?>
<!-- Generated by org.testng.reporters.JUnitXMLReporter -->
<testsuite hostname="RIPLBRD50" ignored="0" name="TC001_VerifyRegistration" tests="7" failures="2" timestamp="27 Nov 2017 10:10:27 GMT" time="39.899" errors="0">
  <testcase name="verifiyLoginWithDifferentRecords" time="15.008" classname="com.test.automation.UIAutomation.tests.VerifiyLoginWithDifferentRecords">
    <failure type="org.testng.internal.thread.ThreadTimeoutException" message="Method com.test.automation.UIAutomation.tests.VerifiyLoginWithDifferentRecords.verifiyLoginWithDifferentRecords() didn&amp;apos;t finish within the time-out 15000">
      <![CDATA[org.testng.internal.thread.ThreadTimeoutException: Method com.test.automation.UIAutomation.tests.VerifiyLoginWithDifferentRecords.verifiyLoginWithDifferentRecords() didn't finish within the time-out 15000
	at java.lang.Throwable.printStackTrace(Throwable.java:643)
	at java.lang.Throwable.printStackTrace(Throwable.java:634)
	at com.test.automation.UIAutomation.uiActions.LoginPage.loginToApplication(LoginPage.java:70)
	at com.test.automation.UIAutomation.tests.VerifiyLoginWithDifferentRecords.verifiyLoginWithDifferentRecords(VerifiyLoginWithDifferentRecords.java:66)
	at java.util.concurrent.Executors$RunnableAdapter.call(Executors.java:511)
	at java.util.concurrent.FutureTask.run(FutureTask.java:266)
	at java.util.concurrent.ThreadPoolExecutor.runWorker(ThreadPoolExecutor.java:1142)
	at java.util.concurrent.ThreadPoolExecutor$Worker.run(ThreadPoolExecutor.java:617)
	at java.lang.Thread.run(Thread.java:745)
... Removed 7 stack frames]]>
    </failure>
  </testcase> <!-- verifiyLoginWithDifferentRecords -->
  <testcase name="verifiyLoginWithDifferentRecords" time="15.002" classname="com.test.automation.UIAutomation.tests.VerifiyLoginWithDifferentRecords">
    <failure type="org.testng.internal.thread.ThreadTimeoutException" message="Method com.test.automation.UIAutomation.tests.VerifiyLoginWithDifferentRecords.verifiyLoginWithDifferentRecords() didn&amp;apos;t finish within the time-out 15000">
      <![CDATA[org.testng.internal.thread.ThreadTimeoutException: Method com.test.automation.UIAutomation.tests.VerifiyLoginWithDifferentRecords.verifiyLoginWithDifferentRecords() didn't finish within the time-out 15000
	at java.lang.Thread.sleep(Native Method)
	at org.openqa.selenium.support.ui.Sleeper$1.sleep(Sleeper.java:29)
	at org.openqa.selenium.support.ui.FluentWait.until(FluentWait.java:236)
	at com.test.automation.UIAutomation.testBase.TestBase.waitForVisitibilty(TestBase.java:270)
	at com.test.automation.UIAutomation.testBase.TestBase.isElementPresent(TestBase.java:298)
	at com.test.automation.UIAutomation.uiActions.LoginPage.loginToApplication(LoginPage.java:66)
	at com.test.automation.UIAutomation.tests.VerifiyLoginWithDifferentRecords.verifiyLoginWithDifferentRecords(VerifiyLoginWithDifferentRecords.java:66)
	at java.util.concurrent.Executors$RunnableAdapter.call(Executors.java:511)
	at java.util.concurrent.FutureTask.run(FutureTask.java:266)
	at java.util.concurrent.ThreadPoolExecutor.runWorker(ThreadPoolExecutor.java:1142)
	at java.util.concurrent.ThreadPoolExecutor$Worker.run(ThreadPoolExecutor.java:617)
	at java.lang.Thread.run(Thread.java:745)
... Removed 7 stack frames]]>
    </failure>
  </testcase> <!-- verifiyLoginWithDifferentRecords -->
  <testcase name="verifiyLoginWithDifferentRecords" time="0.005" classname="com.test.automation.UIAutomation.tests.VerifiyLoginWithDifferentRecords">
    <skipped/>
  </testcase> <!-- verifiyLoginWithDifferentRecords -->
  <testcase name="verifiyLoginWithDifferentRecords" time="0.002" classname="com.test.automation.UIAutomation.tests.VerifiyLoginWithDifferentRecords">
    <skipped/>
  </testcase> <!-- verifiyLoginWithDifferentRecords -->
  <testcase name="verifiyLoginWithDifferentRecords" time="0.001" classname="com.test.automation.UIAutomation.tests.VerifiyLoginWithDifferentRecords">
    <skipped/>
  </testcase> <!-- verifiyLoginWithDifferentRecords -->
  <testcase name="verifiyLoginWithDifferentRecords" time="0.003" classname="com.test.automation.UIAutomation.tests.VerifiyLoginWithDifferentRecords">
    <skipped/>
  </testcase> <!-- verifiyLoginWithDifferentRecords -->
  <testcase name="verifiyLoginWithDifferentRecords" time="0.002" classname="com.test.automation.UIAutomation.tests.VerifiyLoginWithDifferentRecords">
    <skipped/>
  </testcase> <!-- verifiyLoginWithDifferentRecords -->
</testsuite> <!-- TC001_VerifyRegistration -->
