<?xml version="1.0" encoding="UTF-8"?>
<!-- Generated by org.testng.reporters.JUnitXMLReporter -->
<testsuite hostname="RIPLBRD50" ignored="0" name="TC001_VerifyRegistration" tests="1" failures="1" timestamp="15 Nov 2017 12:57:26 GMT" time="34.329" errors="0">
  <testcase name="verifiyLoginWithDifferentRecords" time="15.512" classname="com.test.automation.UIAutomation.tests.VerifiyLoginWithDifferentRecords">
    <failure type="java.lang.NumberFormatException" message="null">
      <![CDATA[java.lang.NumberFormatException: null
	at java.lang.Integer.parseInt(Integer.java:542)
	at java.lang.Integer.parseInt(Integer.java:615)
	at com.test.automation.UIAutomation.customListener.Retry.retry(Retry.java:14)
... Removed 21 stack frames]]>
    </failure>
  </testcase> <!-- verifiyLoginWithDifferentRecords -->
</testsuite> <!-- TC001_VerifyRegistration -->
