<?xml version="1.0" encoding="UTF-8"?>
<!-- Generated by org.testng.reporters.JUnitXMLReporter -->
<testsuite hostname="RIPLBRD50" ignored="0" name="Test" tests="15" failures="0" timestamp="25 Oct 2017 11:30:23 GMT" time="17.222" errors="0">
  <testcase name="login" time="0.003" classname="com.test.automation.UIAutomation.tests.NewRequirementTest">
    <skipped/>
  </testcase> <!-- login -->
  <testcase name="login" time="3.031" classname="com.test.automation.UIAutomation.tests.NewRequirementTest"/>
  <testcase name="SelectHeader" time="2.385" classname="com.test.automation.UIAutomation.tests.NewRequirementTest"/>
  <testcase name="fillRequirement" time="1.72" classname="com.test.automation.UIAutomation.tests.NewRequirementTest"/>
  <testcase name="fillRequirement" time="0.001" classname="com.test.automation.UIAutomation.tests.NewRequirementTest">
    <skipped/>
  </testcase> <!-- fillRequirement -->
  <testcase name="fillRequirement" time="0.002" classname="com.test.automation.UIAutomation.tests.NewRequirementTest">
    <skipped/>
  </testcase> <!-- fillRequirement -->
  <testcase name="fillRequirement" time="0.001" classname="com.test.automation.UIAutomation.tests.NewRequirementTest">
    <skipped/>
  </testcase> <!-- fillRequirement -->
  <testcase name="fillRequirement" time="0.001" classname="com.test.automation.UIAutomation.tests.NewRequirementTest">
    <skipped/>
  </testcase> <!-- fillRequirement -->
  <testcase name="fillRequirement" time="0.001" classname="com.test.automation.UIAutomation.tests.NewRequirementTest">
    <skipped/>
  </testcase> <!-- fillRequirement -->
  <testcase name="fillRequirement" time="0.002" classname="com.test.automation.UIAutomation.tests.NewRequirementTest">
    <skipped/>
  </testcase> <!-- fillRequirement -->
  <testcase name="fillRequirement" time="0.001" classname="com.test.automation.UIAutomation.tests.NewRequirementTest">
    <skipped/>
  </testcase> <!-- fillRequirement -->
  <testcase name="fillRequirement" time="0.001" classname="com.test.automation.UIAutomation.tests.NewRequirementTest">
    <skipped/>
  </testcase> <!-- fillRequirement -->
  <testcase name="fillRequirement" time="0.001" classname="com.test.automation.UIAutomation.tests.NewRequirementTest">
    <skipped/>
  </testcase> <!-- fillRequirement -->
  <testcase name="fillOtheLocation" time="0.0" classname="com.test.automation.UIAutomation.tests.NewRequirementTest">
    <skipped/>
  </testcase> <!-- fillOtheLocation -->
  <testcase name="logout" time="0.24" classname="com.test.automation.UIAutomation.tests.NewRequirementTest"/>
</testsuite> <!-- Test -->
