<?xml version="1.0" encoding="UTF-8"?>
<!-- Generated by org.testng.reporters.JUnitXMLReporter -->
<testsuite hostname="RIPLBRD50" ignored="0" name="Test" tests="15" failures="0" timestamp="27 Nov 2017 10:11:53 GMT" time="84.412" errors="0">
  <testcase name="login" time="5.309" classname="com.test.automation.UIAutomation.tests.NewRequirementTest"/>
  <testcase name="login" time="0.001" classname="com.test.automation.UIAutomation.tests.NewRequirementTest">
    <skipped/>
  </testcase> <!-- login -->
  <testcase name="SelectHeader" time="2.598" classname="com.test.automation.UIAutomation.tests.NewRequirementTest"/>
  <testcase name="fillRequirement" time="64.142" classname="com.test.automation.UIAutomation.tests.NewRequirementTest"/>
  <testcase name="fillRequirement" time="0.001" classname="com.test.automation.UIAutomation.tests.NewRequirementTest">
    <skipped/>
  </testcase> <!-- fillRequirement -->
  <testcase name="fillRequirement" time="0.001" classname="com.test.automation.UIAutomation.tests.NewRequirementTest">
    <skipped/>
  </testcase> <!-- fillRequirement -->
  <testcase name="fillRequirement" time="0.003" classname="com.test.automation.UIAutomation.tests.NewRequirementTest">
    <skipped/>
  </testcase> <!-- fillRequirement -->
  <testcase name="fillRequirement" time="0.002" classname="com.test.automation.UIAutomation.tests.NewRequirementTest">
    <skipped/>
  </testcase> <!-- fillRequirement -->
  <testcase name="fillRequirement" time="0.001" classname="com.test.automation.UIAutomation.tests.NewRequirementTest">
    <skipped/>
  </testcase> <!-- fillRequirement -->
  <testcase name="fillRequirement" time="0.001" classname="com.test.automation.UIAutomation.tests.NewRequirementTest">
    <skipped/>
  </testcase> <!-- fillRequirement -->
  <testcase name="fillRequirement" time="0.001" classname="com.test.automation.UIAutomation.tests.NewRequirementTest">
    <skipped/>
  </testcase> <!-- fillRequirement -->
  <testcase name="fillRequirement" time="0.001" classname="com.test.automation.UIAutomation.tests.NewRequirementTest">
    <skipped/>
  </testcase> <!-- fillRequirement -->
  <testcase name="fillRequirement" time="0.001" classname="com.test.automation.UIAutomation.tests.NewRequirementTest">
    <skipped/>
  </testcase> <!-- fillRequirement -->
  <testcase name="fillOtheLocation" time="0.0" classname="com.test.automation.UIAutomation.tests.NewRequirementTest">
    <skipped/>
  </testcase> <!-- fillOtheLocation -->
  <testcase name="logout" time="0.504" classname="com.test.automation.UIAutomation.tests.NewRequirementTest"/>
</testsuite> <!-- Test -->
