<?xml version="1.0" encoding="UTF-8"?>
<testng-results skipped="0" failed="1" ignored="0" total="1" passed="0">
  <reporter-output>
    <line>
      <![CDATA[<a href='D:\Java_Project\UIAutomation\Output\FAILURE_verifiyLoginWithDifferentRecords_15_11_2017_07_57_25.png'> <img src='D:\Java_Project\UIAutomation\Output\FAILURE_verifiyLoginWithDifferentRecords_15_11_2017_07_57_25.png' height='100' width='100'/> </a>]]>
    </line>
  </reporter-output>
  <suite name="LoginWithDifferentRecords Suite" duration-ms="34329" started-at="2017-11-15T12:56:52Z" finished-at="2017-11-15T12:57:26Z">
    <groups>
    </groups>
    <test name="TC001_VerifyRegistration" duration-ms="34329" started-at="2017-11-15T12:56:52Z" finished-at="2017-11-15T12:57:26Z">
      <class name="com.test.automation.UIAutomation.tests.VerifiyLoginWithDifferentRecords">
        <test-method status="PASS" signature="setUp()[pri:0, instance:com.test.automation.UIAutomation.tests.VerifiyLoginWithDifferentRecords@212bf671]" name="setUp" is-config="true" duration-ms="10" started-at="2017-11-15T07:56:52Z" finished-at="2017-11-15T07:56:52Z">
          <reporter-output>
          </reporter-output>
        </test-method> <!-- setUp -->
        <test-method status="PASS" signature="setUp1()[pri:0, instance:com.test.automation.UIAutomation.tests.VerifiyLoginWithDifferentRecords@212bf671]" name="setUp1" is-config="true" duration-ms="18021" started-at="2017-11-15T07:56:52Z" finished-at="2017-11-15T07:57:10Z">
          <reporter-output>
          </reporter-output>
        </test-method> <!-- setUp1 -->
        <test-method status="FAIL" signature="verifiyLoginWithDifferentRecords(java.lang.String, java.lang.String, java.lang.String)[pri:0, instance:com.test.automation.UIAutomation.tests.VerifiyLoginWithDifferentRecords@212bf671]" name="verifiyLoginWithDifferentRecords" duration-ms="15512" started-at="2017-11-15T07:57:10Z" data-provider="loginData" finished-at="2017-11-15T07:57:25Z">
          <exception class="java.lang.NumberFormatException">
            <message>
              <![CDATA[null]]>
            </message>
            <full-stacktrace>
              <![CDATA[java.lang.NumberFormatException: null
	at java.lang.Integer.parseInt(Integer.java:542)
	at java.lang.Integer.parseInt(Integer.java:615)
	at com.test.automation.UIAutomation.customListener.Retry.retry(Retry.java:14)
	at org.testng.internal.Invoker.handleInvocationResults(Invoker.java:1409)
	at org.testng.internal.Invoker.invokeMethod(Invoker.java:684)
	at org.testng.internal.Invoker.invokeTestMethod(Invoker.java:851)
	at org.testng.internal.Invoker.invokeTestMethods(Invoker.java:1177)
	at org.testng.internal.TestMethodWorker.invokeTestMethods(TestMethodWorker.java:129)
	at org.testng.internal.TestMethodWorker.run(TestMethodWorker.java:112)
	at org.testng.TestRunner.privateRun(TestRunner.java:756)
	at org.testng.TestRunner.run(TestRunner.java:610)
	at org.testng.SuiteRunner.runTest(SuiteRunner.java:387)
	at org.testng.SuiteRunner.runSequentially(SuiteRunner.java:382)
	at org.testng.SuiteRunner.privateRun(SuiteRunner.java:340)
	at org.testng.SuiteRunner.run(SuiteRunner.java:289)
	at org.testng.SuiteRunnerWorker.runSuite(SuiteRunnerWorker.java:52)
	at org.testng.SuiteRunnerWorker.run(SuiteRunnerWorker.java:86)
	at org.testng.TestNG.runSuitesSequentially(TestNG.java:1293)
	at org.testng.TestNG.runSuitesLocally(TestNG.java:1218)
	at org.testng.TestNG.runSuites(TestNG.java:1133)
	at org.testng.TestNG.run(TestNG.java:1104)
	at org.testng.remote.AbstractRemoteTestNG.run(AbstractRemoteTestNG.java:126)
	at org.testng.remote.RemoteTestNG.initAndRun(RemoteTestNG.java:152)
	at org.testng.remote.RemoteTestNG.main(RemoteTestNG.java:57)
]]>
            </full-stacktrace>
          </exception> <!-- java.lang.NumberFormatException -->
          <reporter-output>
          </reporter-output>
        </test-method> <!-- verifiyLoginWithDifferentRecords -->
        <test-method status="PASS" signature="close()[pri:0, instance:com.test.automation.UIAutomation.tests.VerifiyLoginWithDifferentRecords@212bf671]" name="close" is-config="true" duration-ms="569" started-at="2017-11-15T07:57:28Z" finished-at="2017-11-15T07:57:28Z">
          <reporter-output>
          </reporter-output>
        </test-method> <!-- close -->
      </class> <!-- com.test.automation.UIAutomation.tests.VerifiyLoginWithDifferentRecords -->
    </test> <!-- TC001_VerifyRegistration -->
  </suite> <!-- LoginWithDifferentRecords Suite -->
</testng-results>
